mkdir results
OpenMP is enabled.
Number of threads = 8
app_name: shock_tube_strong_shock
Using algorithm: GSPH
use2ndOrderGSPH: 0
forceCorrection: 0
Warning: cannot read unitConfig "./units.json", using defaults.
write results/00000.dat
Initialization complete. Particle count=664
loop: 1, time: 0.000300593, dt: 0.000300593, num: 664
write results/00001.dat
loop: 2, time: 0.000611791, dt: 0.000311199, num: 664
write results/00002.dat
loop: 3, time: 0.00092299, dt: 0.000311199, num: 664
write results/00003.dat
loop: 4, time: 0.00123419, dt: 0.000311199, num: 664
write results/00004.dat
loop: 5, time: 0.00154539, dt: 0.000311199, num: 664
write results/00005.dat
loop: 6, time: 0.00185659, dt: 0.000311199, num: 664
write results/00006.dat
loop: 7, time: 0.00216779, dt: 0.000311199, num: 664
write results/00007.dat
loop: 8, time: 0.00247898, dt: 0.000311199, num: 664
write results/00008.dat
loop: 9, time: 0.00279018, dt: 0.000311199, num: 664
write results/00009.dat
loop: 10, time: 0.00310138, dt: 0.000311199, num: 664
write results/00010.dat
loop: 11, time: 0.00341258, dt: 0.000311199, num: 664
write results/00011.dat
loop: 12, time: 0.00372378, dt: 0.000311199, num: 664
write results/00012.dat
loop: 13, time: 0.00403154, dt: 0.000307761, num: 664
write results/00013.dat
loop: 14, time: 0.00432355, dt: 0.000292008, num: 664
write results/00014.dat
loop: 15, time: 0.0046045, dt: 0.000280952, num: 664
write results/00015.dat
loop: 16, time: 0.00487149, dt: 0.000266991, num: 664
write results/00016.dat
loop: 17, time: 0.00512854, dt: 0.000257051, num: 664
write results/00017.dat
loop: 18, time: 0.00537519, dt: 0.000246642, num: 664
write results/00018.dat
loop: 19, time: 0.00561792, dt: 0.000242739, num: 664
write results/00019.dat
loop: 20, time: 0.00585212, dt: 0.000234193, num: 664
write results/00020.dat
loop: 21, time: 0.00607878, dt: 0.000226659, num: 664
write results/00021.dat
loop: 22, time: 0.00630398, dt: 0.000225204, num: 664
write results/00022.dat
loop: 23, time: 0.00652352, dt: 0.000219537, num: 664
write results/00023.dat
loop: 24, time: 0.00674028, dt: 0.000216762, num: 664
write results/00024.dat
loop: 25, time: 0.00695183, dt: 0.00021155, num: 664
write results/00025.dat
loop: 26, time: 0.00716337, dt: 0.000211537, num: 664
write results/00026.dat
loop: 27, time: 0.00737008, dt: 0.000206718, num: 664
write results/00027.dat
loop: 28, time: 0.00757909, dt: 0.000209007, num: 664
write results/00028.dat
loop: 29, time: 0.00778372, dt: 0.000204629, num: 664
write results/00029.dat
loop: 30, time: 0.00799022, dt: 0.000206495, num: 664
write results/00030.dat
loop: 31, time: 0.00819519, dt: 0.000204978, num: 664
write results/00031.dat
loop: 32, time: 0.00839714, dt: 0.000201945, num: 664
write results/00032.dat
loop: 33, time: 0.00860207, dt: 0.000204927, num: 664
write results/00033.dat
loop: 34, time: 0.00880675, dt: 0.000204681, num: 664
write results/00034.dat
loop: 35, time: 0.0090095, dt: 0.00020275, num: 664
write results/00035.dat
loop: 36, time: 0.00921556, dt: 0.000206059, num: 664
write results/00036.dat
loop: 37, time: 0.00942251, dt: 0.000206949, num: 664
write results/00037.dat
loop: 38, time: 0.00962855, dt: 0.000206047, num: 664
write results/00038.dat
loop: 39, time: 0.00983378, dt: 0.000205223, num: 664
write results/00039.dat
loop: 40, time: 0.0100439, dt: 0.000210159, num: 664
write results/00040.dat
loop: 41, time: 0.010255, dt: 0.000211077, num: 664
write results/00041.dat
loop: 42, time: 0.0104657, dt: 0.00021072, num: 664
write results/00042.dat
loop: 43, time: 0.0106764, dt: 0.000210672, num: 664
write results/00043.dat
loop: 44, time: 0.0108873, dt: 0.000210865, num: 664
write results/00044.dat
loop: 45, time: 0.0110985, dt: 0.000211205, num: 664
write results/00045.dat
loop: 46, time: 0.0113101, dt: 0.000211649, num: 664
write results/00046.dat
loop: 47, time: 0.0115278, dt: 0.000217669, num: 664
write results/00047.dat
loop: 48, time: 0.0117458, dt: 0.00021805, num: 664
write results/00048.dat
loop: 49, time: 0.0119643, dt: 0.000218497, num: 664
write results/00049.dat
loop: 50, time: 0.0121833, dt: 0.000218943, num: 664
write results/00050.dat
loop: 51, time: 0.0124026, dt: 0.000219364, num: 664
write results/00051.dat
loop: 52, time: 0.0126224, dt: 0.00021974, num: 664
write results/00052.dat
loop: 53, time: 0.0128424, dt: 0.000220064, num: 664
write results/00053.dat
loop: 54, time: 0.0130628, dt: 0.000220332, num: 664
write results/00054.dat
loop: 55, time: 0.0132833, dt: 0.000220544, num: 664
write results/00055.dat
loop: 56, time: 0.013504, dt: 0.000220704, num: 664
write results/00056.dat
loop: 57, time: 0.0137248, dt: 0.000220812, num: 664
write results/00057.dat
loop: 58, time: 0.0139457, dt: 0.000220871, num: 664
write results/00058.dat
loop: 59, time: 0.0141666, dt: 0.000220883, num: 664
write results/00059.dat
loop: 60, time: 0.0143874, dt: 0.000220852, num: 664
write results/00060.dat
loop: 61, time: 0.0146082, dt: 0.000220784, num: 664
write results/00061.dat
loop: 62, time: 0.0148331, dt: 0.000224829, num: 664
write results/00062.dat
loop: 63, time: 0.0150576, dt: 0.000224542, num: 664
write results/00063.dat
loop: 64, time: 0.0152818, dt: 0.000224242, num: 664
write results/00064.dat
loop: 65, time: 0.0155058, dt: 0.000223915, num: 664
write results/00065.dat
loop: 66, time: 0.0157293, dt: 0.000223574, num: 664
write results/00066.dat
loop: 67, time: 0.0159526, dt: 0.000223227, num: 664
write results/00067.dat
loop: 68, time: 0.0161754, dt: 0.000222878, num: 664
write results/00068.dat
loop: 69, time: 0.016398, dt: 0.000222534, num: 664
write results/00069.dat
loop: 70, time: 0.0166245, dt: 0.000226542, num: 664
write results/00070.dat
loop: 71, time: 0.0168505, dt: 0.000226013, num: 664
write results/00071.dat
loop: 72, time: 0.017076, dt: 0.000225499, num: 664
write results/00072.dat
loop: 73, time: 0.017301, dt: 0.00022498, num: 664
write results/00073.dat
loop: 74, time: 0.0175255, dt: 0.000224469, num: 664
write results/00074.dat
loop: 75, time: 0.0177494, dt: 0.000223972, num: 664
write results/00075.dat
loop: 76, time: 0.0179729, dt: 0.000223493, num: 664
write results/00076.dat
loop: 77, time: 0.018196, dt: 0.000223039, num: 664
write results/00077.dat
loop: 78, time: 0.0184229, dt: 0.000226945, num: 664
write results/00078.dat
loop: 79, time: 0.0186492, dt: 0.000226315, num: 664
write results/00079.dat
loop: 80, time: 0.018875, dt: 0.000225716, num: 664
write results/00080.dat
loop: 81, time: 0.0191001, dt: 0.000225128, num: 664
write results/00081.dat
loop: 82, time: 0.0193246, dt: 0.000224559, num: 664
write results/00082.dat
loop: 83, time: 0.0195487, dt: 0.000224013, num: 664
write results/00083.dat
loop: 84, time: 0.0197721, dt: 0.000223494, num: 664
write results/00084.dat
loop: 85, time: 0.0199996, dt: 0.000227487, num: 664
write results/00085.dat
loop: 86, time: 0.0202264, dt: 0.000226802, num: 664
write results/00086.dat
loop: 87, time: 0.0204526, dt: 0.000226153, num: 664
write results/00087.dat
loop: 88, time: 0.0206781, dt: 0.000225517, num: 664
write results/00088.dat
loop: 89, time: 0.020903, dt: 0.000224905, num: 664
write results/00089.dat
loop: 90, time: 0.0211273, dt: 0.000224317, num: 664
write results/00090.dat
loop: 91, time: 0.0213511, dt: 0.00022376, num: 664
write results/00091.dat
loop: 92, time: 0.0215789, dt: 0.000227825, num: 664
write results/00092.dat
loop: 93, time: 0.021806, dt: 0.000227114, num: 664
write results/00093.dat
loop: 94, time: 0.0220325, dt: 0.00022644, num: 664
write results/00094.dat
loop: 95, time: 0.0222582, dt: 0.000225779, num: 664
write results/00095.dat
loop: 96, time: 0.0224834, dt: 0.000225143, num: 664
write results/00096.dat
loop: 97, time: 0.0227079, dt: 0.000224532, num: 664
write results/00097.dat
loop: 98, time: 0.0229319, dt: 0.000223951, num: 664
write results/00098.dat
loop: 99, time: 0.0231553, dt: 0.000223403, num: 664
write results/00099.dat
loop: 100, time: 0.0233826, dt: 0.000227305, num: 664
write results/00100.dat
loop: 101, time: 0.0236092, dt: 0.000226604, num: 664
write results/00101.dat
loop: 102, time: 0.0238351, dt: 0.000225943, num: 664
write results/00102.dat
loop: 103, time: 0.0240604, dt: 0.000225299, num: 664
write results/00103.dat
loop: 104, time: 0.0242851, dt: 0.000224682, num: 664
write results/00104.dat
loop: 105, time: 0.0245092, dt: 0.000224093, num: 664
write results/00105.dat
loop: 106, time: 0.0247327, dt: 0.000223535, num: 664
write results/00106.dat
loop: 107, time: 0.0249603, dt: 0.000227537, num: 664
write results/00107.dat
loop: 108, time: 0.0251871, dt: 0.00022684, num: 664
write results/00108.dat
loop: 109, time: 0.0254133, dt: 0.000226178, num: 664
write results/00109.dat
loop: 110, time: 0.0256388, dt: 0.000225533, num: 664
write results/00110.dat
loop: 111, time: 0.0258637, dt: 0.000224913, num: 664
write results/00111.dat
loop: 112, time: 0.0260881, dt: 0.000224318, num: 664
write results/00112.dat
loop: 113, time: 0.0263118, dt: 0.000223752, num: 664
write results/00113.dat
loop: 114, time: 0.0265397, dt: 0.000227885, num: 664
write results/00114.dat
loop: 115, time: 0.0267669, dt: 0.000227191, num: 664
write results/00115.dat
loop: 116, time: 0.0269934, dt: 0.000226531, num: 664
write results/00116.dat
loop: 117, time: 0.0272193, dt: 0.000225884, num: 664
write results/00117.dat
loop: 118, time: 0.0274446, dt: 0.000225259, num: 664
write results/00118.dat
loop: 119, time: 0.0276692, dt: 0.000224656, num: 664
write results/00119.dat
loop: 120, time: 0.0278933, dt: 0.000224081, num: 664
write results/00120.dat
loop: 121, time: 0.0281168, dt: 0.000223534, num: 664
write results/00121.dat
loop: 122, time: 0.0283444, dt: 0.000227588, num: 664
write results/00122.dat
loop: 123, time: 0.0285713, dt: 0.000226909, num: 664
write results/00123.dat
loop: 124, time: 0.0287976, dt: 0.000226264, num: 664
write results/00124.dat
loop: 125, time: 0.0290232, dt: 0.000225633, num: 664
write results/00125.dat
loop: 126, time: 0.0292483, dt: 0.000225024, num: 664
write results/00126.dat
loop: 127, time: 0.0294727, dt: 0.000224438, num: 664
write results/00127.dat
loop: 128, time: 0.0296966, dt: 0.000223878, num: 664
write results/00128.dat
loop: 129, time: 0.0299199, dt: 0.000223348, num: 664
write results/00129.dat
loop: 130, time: 0.0301472, dt: 0.000227319, num: 664
write results/00130.dat
loop: 131, time: 0.0303739, dt: 0.000226652, num: 664
write results/00131.dat
loop: 132, time: 0.0305999, dt: 0.000226019, num: 664
write results/00132.dat
loop: 133, time: 0.0308253, dt: 0.0002254, num: 664
write results/00133.dat
loop: 134, time: 0.0310501, dt: 0.000224803, num: 664
write results/00134.dat
loop: 135, time: 0.0312743, dt: 0.00022423, num: 664
write results/00135.dat
loop: 136, time: 0.031498, dt: 0.000223684, num: 664
write results/00136.dat
loop: 137, time: 0.0317258, dt: 0.000227806, num: 664
write results/00137.dat
loop: 138, time: 0.031953, dt: 0.000227132, num: 664
write results/00138.dat
loop: 139, time: 0.0321795, dt: 0.00022649, num: 664
write results/00139.dat
loop: 140, time: 0.0324053, dt: 0.000225859, num: 664
write results/00140.dat
loop: 141, time: 0.0326306, dt: 0.000225248, num: 664
write results/00141.dat
loop: 142, time: 0.0328552, dt: 0.000224658, num: 664
write results/00142.dat
loop: 143, time: 0.0330793, dt: 0.000224093, num: 664
write results/00143.dat
loop: 144, time: 0.0333029, dt: 0.000223557, num: 664
write results/00144.dat
loop: 145, time: 0.0335305, dt: 0.000227611, num: 664
write results/00145.dat
loop: 146, time: 0.0337574, dt: 0.000226941, num: 664
write results/00146.dat
loop: 147, time: 0.0339837, dt: 0.000226304, num: 664
write results/00147.dat
loop: 148, time: 0.0342094, dt: 0.00022568, num: 664
write results/00148.dat
loop: 149, time: 0.0344345, dt: 0.000225076, num: 664
write results/00149.dat
loop: 150, time: 0.034659, dt: 0.000224494, num: 664
write results/00150.dat
loop: 151, time: 0.0348829, dt: 0.000223938, num: 664
write results/00151.dat
loop: 152, time: 0.0351063, dt: 0.000223411, num: 664
write results/00152.dat
loop: 153, time: 0.0353337, dt: 0.000227387, num: 664
write results/00153.dat
loop: 154, time: 0.0355604, dt: 0.000226722, num: 664
write results/00154.dat
loop: 155, time: 0.0357865, dt: 0.00022609, num: 664
write results/00155.dat
loop: 156, time: 0.036012, dt: 0.000225472, num: 664
write results/00156.dat
loop: 157, time: 0.0362369, dt: 0.000224876, num: 664
write results/00157.dat
loop: 158, time: 0.0364612, dt: 0.000224303, num: 664
write results/00158.dat
loop: 159, time: 0.0366849, dt: 0.000223758, num: 664
write results/00159.dat
loop: 160, time: 0.0369128, dt: 0.000227884, num: 664
write results/00160.dat
loop: 161, time: 0.03714, dt: 0.00022721, num: 664
write results/00161.dat
loop: 162, time: 0.0373666, dt: 0.000226567, num: 664
write results/00162.dat
loop: 163, time: 0.0375925, dt: 0.000225936, num: 664
write results/00163.dat
loop: 164, time: 0.0378178, dt: 0.000225323, num: 664
write results/00164.dat
loop: 165, time: 0.0380426, dt: 0.000224733, num: 664
write results/00165.dat
loop: 166, time: 0.0382667, dt: 0.000224166, num: 664
write results/00166.dat
loop: 167, time: 0.0384904, dt: 0.000223628, num: 664
write results/00167.dat
loop: 168, time: 0.0387181, dt: 0.000227687, num: 664
write results/00168.dat
loop: 169, time: 0.0389451, dt: 0.000227017, num: 664
write results/00169.dat
loop: 170, time: 0.0391715, dt: 0.000226378, num: 664
write results/00170.dat
loop: 171, time: 0.0393972, dt: 0.000225753, num: 664
write results/00171.dat
loop: 172, time: 0.0396224, dt: 0.000225147, num: 664
write results/00172.dat
loop: 173, time: 0.0398469, dt: 0.000224564, num: 664
write results/00173.dat
loop: 174, time: 0.0400709, dt: 0.000224007, num: 664
write results/00174.dat
loop: 175, time: 0.0402944, dt: 0.000223478, num: 664
write results/00175.dat
loop: 176, time: 0.0405219, dt: 0.000227459, num: 664
write results/00176.dat
loop: 177, time: 0.0407487, dt: 0.000226793, num: 664
write results/00177.dat
loop: 178, time: 0.0409748, dt: 0.00022616, num: 664
write results/00178.dat
loop: 179, time: 0.0412004, dt: 0.000225541, num: 664
write results/00179.dat
loop: 180, time: 0.0414253, dt: 0.000224943, num: 664
write results/00180.dat
loop: 181, time: 0.0416497, dt: 0.00022437, num: 664
write results/00181.dat
loop: 182, time: 0.0418735, dt: 0.000223823, num: 664
write results/00182.dat
loop: 183, time: 0.0421015, dt: 0.000227954, num: 664
write results/00183.dat
loop: 184, time: 0.0423287, dt: 0.000227279, num: 664
write results/00184.dat
loop: 185, time: 0.0425554, dt: 0.000226635, num: 664
write results/00185.dat
loop: 186, time: 0.0427814, dt: 0.000226003, num: 664
write results/00186.dat
loop: 187, time: 0.0430068, dt: 0.00022539, num: 664
write results/00187.dat
loop: 188, time: 0.0432316, dt: 0.000224798, num: 664
write results/00188.dat
loop: 189, time: 0.0434558, dt: 0.000224231, num: 664
write results/00189.dat
loop: 190, time: 0.0436795, dt: 0.000223692, num: 664
write results/00190.dat
loop: 191, time: 0.0439072, dt: 0.000227756, num: 664
write results/00191.dat
loop: 192, time: 0.0441343, dt: 0.000227085, num: 664
write results/00192.dat
loop: 193, time: 0.0443608, dt: 0.000226445, num: 664
write results/00193.dat
loop: 194, time: 0.0445866, dt: 0.000225819, num: 664
write results/00194.dat
loop: 195, time: 0.0448118, dt: 0.000225212, num: 664
write results/00195.dat
loop: 196, time: 0.0450364, dt: 0.000224628, num: 664
write results/00196.dat
loop: 197, time: 0.0452605, dt: 0.000224069, num: 664
write results/00197.dat
loop: 198, time: 0.045484, dt: 0.00022354, num: 664
write results/00198.dat
loop: 199, time: 0.0457116, dt: 0.000227526, num: 664
write results/00199.dat
loop: 200, time: 0.0459384, dt: 0.00022686, num: 664
write results/00200.dat
loop: 201, time: 0.0461646, dt: 0.000226226, num: 664
write results/00201.dat
loop: 202, time: 0.0463903, dt: 0.000225606, num: 664
write results/00202.dat
loop: 203, time: 0.0466153, dt: 0.000225007, num: 664
write results/00203.dat
loop: 204, time: 0.0468397, dt: 0.000224432, num: 664
write results/00204.dat
loop: 205, time: 0.0470636, dt: 0.000223884, num: 664
write results/00205.dat
loop: 206, time: 0.0472916, dt: 0.000228021, num: 664
write results/00206.dat
loop: 207, time: 0.0475189, dt: 0.000227345, num: 664
write results/00207.dat
loop: 208, time: 0.0477456, dt: 0.000226701, num: 664
write results/00208.dat
loop: 209, time: 0.0479717, dt: 0.000226067, num: 664
write results/00209.dat
loop: 210, time: 0.0481972, dt: 0.000225452, num: 664
write results/00210.dat
loop: 211, time: 0.048422, dt: 0.000224859, num: 664
write results/00211.dat
loop: 212, time: 0.0486463, dt: 0.000224291, num: 664
write results/00212.dat
loop: 213, time: 0.0488701, dt: 0.00022375, num: 664
write results/00213.dat
loop: 214, time: 0.0490979, dt: 0.000227821, num: 664
write results/00214.dat
loop: 215, time: 0.049325, dt: 0.000227148, num: 664
write results/00215.dat
loop: 216, time: 0.0495515, dt: 0.000226508, num: 664
write results/00216.dat
loop: 217, time: 0.0497774, dt: 0.00022588, num: 664
write results/00217.dat
loop: 218, time: 0.0500027, dt: 0.000225272, num: 664
write results/00218.dat

calculation is finished
calculation time: 2511 ms
