OpenMP is enabled.
Number of threads = 8
app_name: khi
Using algorithm: GSPH
Initialization complete. Particle count=1875
write results/00000.dat
loop: 1, time: 0.00321139, dt: 0.00321139, num: 1875
loop: 2, time: 0.00664282, dt: 0.00343143, num: 1875
loop: 3, time: 0.010141, dt: 0.00349821, num: 1875
loop: 4, time: 0.0137325, dt: 0.00359149, num: 1875
loop: 5, time: 0.0174302, dt: 0.00369764, num: 1875
loop: 6, time: 0.0212438, dt: 0.00381365, num: 1875
loop: 7, time: 0.0251803, dt: 0.00393644, num: 1875
loop: 8, time: 0.0292432, dt: 0.0040629, num: 1875
loop: 9, time: 0.0332167, dt: 0.00397357, num: 1875
loop: 10, time: 0.0372691, dt: 0.00405241, num: 1875
loop: 11, time: 0.0414011, dt: 0.00413199, num: 1875
loop: 12, time: 0.0456141, dt: 0.004213, num: 1875
loop: 13, time: 0.04991, dt: 0.00429584, num: 1875
loop: 14, time: 0.0542897, dt: 0.00437974, num: 1875
loop: 15, time: 0.0586837, dt: 0.00439404, num: 1875
loop: 16, time: 0.0631426, dt: 0.00445888, num: 1875
loop: 17, time: 0.0676579, dt: 0.00451532, num: 1875
loop: 18, time: 0.072221, dt: 0.00456306, num: 1875
loop: 19, time: 0.0768239, dt: 0.00460287, num: 1875
loop: 20, time: 0.0813092, dt: 0.00448534, num: 1875
loop: 21, time: 0.0858074, dt: 0.00449823, num: 1875
loop: 22, time: 0.0903406, dt: 0.00453318, num: 1875
loop: 23, time: 0.0949014, dt: 0.00456078, num: 1875
loop: 24, time: 0.09949, dt: 0.00458856, num: 1875
loop: 25, time: 0.104109, dt: 0.00461918, num: 1875
write results/00001.dat
loop: 26, time: 0.108763, dt: 0.00465435, num: 1875
loop: 27, time: 0.11346, dt: 0.0046965, num: 1875
loop: 28, time: 0.118079, dt: 0.00461914, num: 1875
loop: 29, time: 0.122587, dt: 0.00450758, num: 1875
loop: 30, time: 0.127129, dt: 0.00454225, num: 1875
loop: 31, time: 0.131712, dt: 0.00458259, num: 1875
loop: 32, time: 0.136339, dt: 0.00462728, num: 1875
loop: 33, time: 0.141016, dt: 0.00467684, num: 1875
loop: 34, time: 0.145746, dt: 0.0047302, num: 1875
loop: 35, time: 0.150532, dt: 0.00478569, num: 1875
loop: 36, time: 0.155375, dt: 0.00484344, num: 1875
loop: 37, time: 0.160278, dt: 0.0049027, num: 1875
loop: 38, time: 0.164992, dt: 0.00471449, num: 1875
loop: 39, time: 0.169743, dt: 0.00475079, num: 1875
loop: 40, time: 0.174534, dt: 0.00479139, num: 1875
loop: 41, time: 0.179365, dt: 0.00483104, num: 1875
loop: 42, time: 0.184236, dt: 0.00487067, num: 1875
loop: 43, time: 0.189146, dt: 0.00491015, num: 1875
loop: 44, time: 0.194097, dt: 0.00495057, num: 1875
loop: 45, time: 0.199088, dt: 0.00499086, num: 1875
loop: 46, time: 0.204015, dt: 0.0049272, num: 1875
write results/00002.dat
loop: 47, time: 0.208892, dt: 0.00487746, num: 1875
loop: 48, time: 0.213795, dt: 0.00490272, num: 1875
loop: 49, time: 0.218738, dt: 0.0049429, num: 1875
loop: 50, time: 0.223702, dt: 0.0049636, num: 1875
loop: 51, time: 0.228678, dt: 0.00497687, num: 1875
loop: 52, time: 0.233672, dt: 0.00499345, num: 1875
loop: 53, time: 0.238685, dt: 0.00501337, num: 1875
loop: 54, time: 0.243722, dt: 0.00503649, num: 1875
loop: 55, time: 0.248784, dt: 0.00506256, num: 1875
loop: 56, time: 0.253876, dt: 0.00509127, num: 1875
loop: 57, time: 0.258853, dt: 0.00497751, num: 1875
loop: 58, time: 0.263832, dt: 0.00497873, num: 1875
loop: 59, time: 0.268828, dt: 0.00499635, num: 1875
loop: 60, time: 0.273847, dt: 0.00501904, num: 1875
loop: 61, time: 0.278888, dt: 0.0050404, num: 1875
loop: 62, time: 0.283951, dt: 0.00506324, num: 1875
loop: 63, time: 0.289039, dt: 0.00508821, num: 1875
loop: 64, time: 0.294153, dt: 0.00511384, num: 1875
loop: 65, time: 0.299292, dt: 0.00513919, num: 1875
loop: 66, time: 0.304454, dt: 0.00516155, num: 1875
write results/00003.dat
loop: 67, time: 0.309551, dt: 0.00509756, num: 1875
loop: 68, time: 0.314602, dt: 0.00505052, num: 1875
loop: 69, time: 0.319664, dt: 0.00506259, num: 1875
loop: 70, time: 0.32474, dt: 0.00507562, num: 1875
loop: 71, time: 0.329843, dt: 0.00510333, num: 1875
loop: 72, time: 0.334966, dt: 0.00512321, num: 1875
loop: 73, time: 0.340027, dt: 0.00506069, num: 1875
loop: 74, time: 0.345089, dt: 0.00506197, num: 1875
loop: 75, time: 0.350184, dt: 0.0050945, num: 1875
loop: 76, time: 0.355269, dt: 0.00508507, num: 1875
loop: 77, time: 0.360337, dt: 0.00506844, num: 1875
loop: 78, time: 0.365416, dt: 0.005079, num: 1875
loop: 79, time: 0.370507, dt: 0.00509064, num: 1875
loop: 80, time: 0.37561, dt: 0.00510354, num: 1875
loop: 81, time: 0.380636, dt: 0.00502612, num: 1875
loop: 82, time: 0.385652, dt: 0.00501555, num: 1875
loop: 83, time: 0.390707, dt: 0.00505477, num: 1875
loop: 84, time: 0.395769, dt: 0.00506262, num: 1875
loop: 85, time: 0.400868, dt: 0.00509853, num: 1875
write results/00004.dat
loop: 86, time: 0.405888, dt: 0.00502025, num: 1875
loop: 87, time: 0.410912, dt: 0.0050239, num: 1875
loop: 88, time: 0.415953, dt: 0.00504115, num: 1875
loop: 89, time: 0.421013, dt: 0.0050602, num: 1875
loop: 90, time: 0.426094, dt: 0.00508106, num: 1875
loop: 91, time: 0.431198, dt: 0.00510367, num: 1875
loop: 92, time: 0.436326, dt: 0.00512791, num: 1875
loop: 93, time: 0.44148, dt: 0.00515367, num: 1875
loop: 94, time: 0.44666, dt: 0.00518034, num: 1875
loop: 95, time: 0.451867, dt: 0.00520659, num: 1875
loop: 96, time: 0.456944, dt: 0.00507769, num: 1875
loop: 97, time: 0.462045, dt: 0.00510029, num: 1875
loop: 98, time: 0.467156, dt: 0.00511142, num: 1875
loop: 99, time: 0.47229, dt: 0.00513385, num: 1875
loop: 100, time: 0.477447, dt: 0.00515666, num: 1875
loop: 101, time: 0.482626, dt: 0.00517981, num: 1875
loop: 102, time: 0.48783, dt: 0.00520327, num: 1875
loop: 103, time: 0.493057, dt: 0.00522702, num: 1875
loop: 104, time: 0.498304, dt: 0.00524779, num: 1875
loop: 105, time: 0.503525, dt: 0.00522099, num: 1875
write results/00005.dat
loop: 106, time: 0.508681, dt: 0.00515573, num: 1875
loop: 107, time: 0.513848, dt: 0.00516713, num: 1875
loop: 108, time: 0.51903, dt: 0.00518151, num: 1875
loop: 109, time: 0.524229, dt: 0.00519875, num: 1875
loop: 110, time: 0.529447, dt: 0.00521857, num: 1875
loop: 111, time: 0.534688, dt: 0.00524068, num: 1875
loop: 112, time: 0.539953, dt: 0.00526473, num: 1875
loop: 113, time: 0.545182, dt: 0.0052299, num: 1875
loop: 114, time: 0.550406, dt: 0.00522315, num: 1875
loop: 115, time: 0.555654, dt: 0.00524814, num: 1875
loop: 116, time: 0.560928, dt: 0.00527423, num: 1875
loop: 117, time: 0.566229, dt: 0.0053012, num: 1875
loop: 118, time: 0.571511, dt: 0.00528141, num: 1875
loop: 119, time: 0.576755, dt: 0.00524456, num: 1875
loop: 120, time: 0.581983, dt: 0.00522805, num: 1875
loop: 121, time: 0.587204, dt: 0.00522098, num: 1875
loop: 122, time: 0.592442, dt: 0.00523753, num: 1875
loop: 123, time: 0.597696, dt: 0.00525438, num: 1875
loop: 124, time: 0.602966, dt: 0.00527026, num: 1875
write results/00006.dat
loop: 125, time: 0.608249, dt: 0.0052831, num: 1875
loop: 126, time: 0.613546, dt: 0.00529612, num: 1875
loop: 127, time: 0.618807, dt: 0.0052611, num: 1875
loop: 128, time: 0.624052, dt: 0.0052456, num: 1875
loop: 129, time: 0.629306, dt: 0.00525413, num: 1875
loop: 130, time: 0.634565, dt: 0.00525837, num: 1875
loop: 131, time: 0.639826, dt: 0.00526123, num: 1875
loop: 132, time: 0.645077, dt: 0.0052508, num: 1875
loop: 133, time: 0.650337, dt: 0.00526063, num: 1875
loop: 134, time: 0.65561, dt: 0.00527232, num: 1875
loop: 135, time: 0.660889, dt: 0.0052795, num: 1875
loop: 136, time: 0.666177, dt: 0.00528805, num: 1875
loop: 137, time: 0.671476, dt: 0.00529824, num: 1875
loop: 138, time: 0.676786, dt: 0.0053102, num: 1875
loop: 139, time: 0.682075, dt: 0.00528957, num: 1875
loop: 140, time: 0.687372, dt: 0.00529662, num: 1875
loop: 141, time: 0.692676, dt: 0.00530449, num: 1875
loop: 142, time: 0.697913, dt: 0.00523657, num: 1875
loop: 143, time: 0.703161, dt: 0.00524788, num: 1875
write results/00007.dat
loop: 144, time: 0.708421, dt: 0.00526002, num: 1875
loop: 145, time: 0.713681, dt: 0.00526003, num: 1875
loop: 146, time: 0.718952, dt: 0.00527103, num: 1875
loop: 147, time: 0.724235, dt: 0.00528266, num: 1875
loop: 148, time: 0.72953, dt: 0.00529496, num: 1875
loop: 149, time: 0.734793, dt: 0.00526347, num: 1875
loop: 150, time: 0.740077, dt: 0.00528445, num: 1875
loop: 151, time: 0.745384, dt: 0.00530641, num: 1875
loop: 152, time: 0.750713, dt: 0.00532917, num: 1875
loop: 153, time: 0.756066, dt: 0.00535249, num: 1875
loop: 154, time: 0.761424, dt: 0.00535855, num: 1875
loop: 155, time: 0.766782, dt: 0.00535806, num: 1875
loop: 156, time: 0.772067, dt: 0.00528444, num: 1875
loop: 157, time: 0.777364, dt: 0.00529777, num: 1875
loop: 158, time: 0.782676, dt: 0.00531154, num: 1875
loop: 159, time: 0.788002, dt: 0.00532571, num: 1875
loop: 160, time: 0.793342, dt: 0.00534019, num: 1875
loop: 161, time: 0.798671, dt: 0.0053292, num: 1875
loop: 162, time: 0.80402, dt: 0.00534933, num: 1875
write results/00008.dat
loop: 163, time: 0.809389, dt: 0.0053691, num: 1875
loop: 164, time: 0.814776, dt: 0.00538673, num: 1875
loop: 165, time: 0.820171, dt: 0.00539473, num: 1875
loop: 166, time: 0.825487, dt: 0.00531658, num: 1875
loop: 167, time: 0.830815, dt: 0.00532739, num: 1875
loop: 168, time: 0.836154, dt: 0.00533916, num: 1875
loop: 169, time: 0.841498, dt: 0.005344, num: 1875
loop: 170, time: 0.84686, dt: 0.00536222, num: 1875
loop: 171, time: 0.852241, dt: 0.00538086, num: 1875
loop: 172, time: 0.857557, dt: 0.00531542, num: 1875
loop: 173, time: 0.862886, dt: 0.00532915, num: 1875
loop: 174, time: 0.86823, dt: 0.00534397, num: 1875
loop: 175, time: 0.873589, dt: 0.0053598, num: 1875
loop: 176, time: 0.878966, dt: 0.00537653, num: 1875
loop: 177, time: 0.88436, dt: 0.00539404, num: 1875
loop: 178, time: 0.889706, dt: 0.0053462, num: 1875
loop: 179, time: 0.895071, dt: 0.00536493, num: 1875
loop: 180, time: 0.900455, dt: 0.00538405, num: 1875
write results/00009.dat
loop: 181, time: 0.905859, dt: 0.00540347, num: 1875
loop: 182, time: 0.911282, dt: 0.00542309, num: 1875
loop: 183, time: 0.916725, dt: 0.00544281, num: 1875
loop: 184, time: 0.922167, dt: 0.0054426, num: 1875
loop: 185, time: 0.927547, dt: 0.00537991, num: 1875
loop: 186, time: 0.932937, dt: 0.00538954, num: 1875
loop: 187, time: 0.938337, dt: 0.00540008, num: 1875
loop: 188, time: 0.943748, dt: 0.00541138, num: 1875
loop: 189, time: 0.949171, dt: 0.00542327, num: 1875
loop: 190, time: 0.954558, dt: 0.0053864, num: 1875
loop: 191, time: 0.959951, dt: 0.00539312, num: 1875
loop: 192, time: 0.965351, dt: 0.00540029, num: 1875
loop: 193, time: 0.970759, dt: 0.00540791, num: 1875
loop: 194, time: 0.976175, dt: 0.00541597, num: 1875
loop: 195, time: 0.981599, dt: 0.00542444, num: 1875
loop: 196, time: 0.987033, dt: 0.00543334, num: 1875
loop: 197, time: 0.992476, dt: 0.00544269, num: 1875
loop: 198, time: 0.997928, dt: 0.00545251, num: 1875
loop: 199, time: 1.00339, dt: 0.00546284, num: 1875
write results/00010.dat
loop: 200, time: 1.00876, dt: 0.00536809, num: 1875
loop: 201, time: 1.01414, dt: 0.00537655, num: 1875
loop: 202, time: 1.01952, dt: 0.00538579, num: 1875
loop: 203, time: 1.02492, dt: 0.00539579, num: 1875
loop: 204, time: 1.03032, dt: 0.0054065, num: 1875
loop: 205, time: 1.03574, dt: 0.00541788, num: 1875
loop: 206, time: 1.04115, dt: 0.00540618, num: 1875
loop: 207, time: 1.04657, dt: 0.00541825, num: 1875
loop: 208, time: 1.052, dt: 0.00543049, num: 1875
loop: 209, time: 1.05744, dt: 0.00544288, num: 1875
loop: 210, time: 1.06285, dt: 0.00540688, num: 1875
loop: 211, time: 1.06826, dt: 0.00541883, num: 1875
loop: 212, time: 1.0737, dt: 0.00543171, num: 1875
loop: 213, time: 1.07914, dt: 0.00544551, num: 1875
loop: 214, time: 1.0846, dt: 0.00546019, num: 1875
loop: 215, time: 1.09007, dt: 0.00547214, num: 1875
loop: 216, time: 1.09555, dt: 0.00547669, num: 1875
loop: 217, time: 1.10103, dt: 0.00548209, num: 1875
write results/00011.dat
loop: 218, time: 1.10652, dt: 0.00548832, num: 1875
loop: 219, time: 1.11199, dt: 0.00547228, num: 1875
loop: 220, time: 1.11748, dt: 0.00548259, num: 1875
loop: 221, time: 1.12297, dt: 0.00549301, num: 1875
loop: 222, time: 1.12845, dt: 0.00547921, num: 1875
loop: 223, time: 1.13394, dt: 0.00549053, num: 1875
loop: 224, time: 1.13941, dt: 0.00547329, num: 1875
loop: 225, time: 1.14487, dt: 0.00545302, num: 1875
loop: 226, time: 1.15033, dt: 0.0054649, num: 1875
loop: 227, time: 1.15581, dt: 0.00547671, num: 1875
loop: 228, time: 1.1613, dt: 0.0054885, num: 1875
loop: 229, time: 1.16679, dt: 0.00549484, num: 1875
loop: 230, time: 1.1723, dt: 0.00550909, num: 1875
loop: 231, time: 1.17781, dt: 0.00551372, num: 1875
loop: 232, time: 1.18333, dt: 0.00551785, num: 1875
loop: 233, time: 1.18884, dt: 0.00551027, num: 1875
loop: 234, time: 1.19436, dt: 0.00551538, num: 1875
loop: 235, time: 1.19982, dt: 0.00546042, num: 1875
loop: 236, time: 1.20529, dt: 0.00547348, num: 1875
write results/00012.dat
loop: 237, time: 1.21078, dt: 0.00548707, num: 1875
loop: 238, time: 1.21628, dt: 0.00550114, num: 1875
loop: 239, time: 1.22179, dt: 0.00551562, num: 1875
loop: 240, time: 1.22732, dt: 0.00552407, num: 1875
loop: 241, time: 1.23282, dt: 0.00550486, num: 1875
loop: 242, time: 1.23834, dt: 0.00551349, num: 1875
loop: 243, time: 1.24381, dt: 0.00546947, num: 1875
loop: 244, time: 1.24928, dt: 0.00547535, num: 1875
loop: 245, time: 1.25471, dt: 0.00542389, num: 1875
loop: 246, time: 1.26014, dt: 0.00543827, num: 1875
loop: 247, time: 1.2656, dt: 0.00545339, num: 1875
loop: 248, time: 1.27107, dt: 0.00546915, num: 1875
loop: 249, time: 1.27655, dt: 0.00548542, num: 1875
loop: 250, time: 1.28205, dt: 0.0055021, num: 1875
loop: 251, time: 1.28757, dt: 0.00551907, num: 1875
loop: 252, time: 1.29309, dt: 0.00551921, num: 1875
loop: 253, time: 1.29862, dt: 0.00553112, num: 1875
loop: 254, time: 1.30417, dt: 0.00554321, num: 1875
write results/00013.dat
loop: 255, time: 1.30972, dt: 0.00555119, num: 1875
loop: 256, time: 1.31525, dt: 0.00553472, num: 1875
loop: 257, time: 1.32075, dt: 0.00549949, num: 1875
loop: 258, time: 1.32626, dt: 0.00550986, num: 1875
loop: 259, time: 1.33178, dt: 0.0055208, num: 1875
loop: 260, time: 1.33732, dt: 0.00553231, num: 1875
loop: 261, time: 1.34283, dt: 0.00551998, num: 1875
loop: 262, time: 1.34834, dt: 0.00550939, num: 1875
loop: 263, time: 1.35386, dt: 0.00551543, num: 1875
loop: 264, time: 1.35938, dt: 0.00552182, num: 1875
loop: 265, time: 1.36491, dt: 0.00552856, num: 1875
loop: 266, time: 1.37045, dt: 0.00553568, num: 1875
loop: 267, time: 1.37599, dt: 0.00554322, num: 1875
loop: 268, time: 1.38154, dt: 0.0055512, num: 1875
loop: 269, time: 1.3871, dt: 0.00555965, num: 1875
loop: 270, time: 1.39265, dt: 0.00555474, num: 1875
loop: 271, time: 1.3982, dt: 0.00554064, num: 1875
loop: 272, time: 1.40374, dt: 0.00554758, num: 1875
write results/00014.dat
loop: 273, time: 1.40927, dt: 0.00553018, num: 1875
loop: 274, time: 1.41481, dt: 0.00554066, num: 1875
loop: 275, time: 1.42037, dt: 0.00555153, num: 1875
loop: 276, time: 1.4259, dt: 0.00553397, num: 1875
loop: 277, time: 1.43144, dt: 0.00554568, num: 1875
loop: 278, time: 1.437, dt: 0.00555776, num: 1875
loop: 279, time: 1.44257, dt: 0.0055702, num: 1875
loop: 280, time: 1.44816, dt: 0.00558297, num: 1875
loop: 281, time: 1.45373, dt: 0.00557777, num: 1875
loop: 282, time: 1.45932, dt: 0.00558321, num: 1875
loop: 283, time: 1.46484, dt: 0.0055248, num: 1875
loop: 284, time: 1.47038, dt: 0.00553705, num: 1875
loop: 285, time: 1.47593, dt: 0.00554963, num: 1875
loop: 286, time: 1.48149, dt: 0.00556248, num: 1875
loop: 287, time: 1.48706, dt: 0.00556447, num: 1875
loop: 288, time: 1.49261, dt: 0.00555873, num: 1875
loop: 289, time: 1.49818, dt: 0.00556943, num: 1875
loop: 290, time: 1.50376, dt: 0.00558018, num: 1875
write results/00015.dat
loop: 291, time: 1.50932, dt: 0.00555505, num: 1875
loop: 292, time: 1.51488, dt: 0.00556249, num: 1875
loop: 293, time: 1.52045, dt: 0.00556992, num: 1875
loop: 294, time: 1.52603, dt: 0.00557776, num: 1875
loop: 295, time: 1.53161, dt: 0.00558601, num: 1875
loop: 296, time: 1.53721, dt: 0.0055903, num: 1875
loop: 297, time: 1.54278, dt: 0.00557418, num: 1875
loop: 298, time: 1.54836, dt: 0.00558152, num: 1875
loop: 299, time: 1.55392, dt: 0.00555862, num: 1875
loop: 300, time: 1.55949, dt: 0.00557103, num: 1875
loop: 301, time: 1.56507, dt: 0.0055837, num: 1875
loop: 302, time: 1.57067, dt: 0.00559666, num: 1875
loop: 303, time: 1.57625, dt: 0.0055805, num: 1875
loop: 304, time: 1.58183, dt: 0.00558197, num: 1875
loop: 305, time: 1.58742, dt: 0.00558362, num: 1875
loop: 306, time: 1.593, dt: 0.00558547, num: 1875
loop: 307, time: 1.59859, dt: 0.00558752, num: 1875
loop: 308, time: 1.60418, dt: 0.0055898, num: 1875
write results/00016.dat
loop: 309, time: 1.60977, dt: 0.0055923, num: 1875
loop: 310, time: 1.61537, dt: 0.00559506, num: 1875
loop: 311, time: 1.62097, dt: 0.00559809, num: 1875
loop: 312, time: 1.62657, dt: 0.00560142, num: 1875
loop: 313, time: 1.63217, dt: 0.00560509, num: 1875
loop: 314, time: 1.63778, dt: 0.00560913, num: 1875
loop: 315, time: 1.64339, dt: 0.00561358, num: 1875
loop: 316, time: 1.64901, dt: 0.00561851, num: 1875
loop: 317, time: 1.65461, dt: 0.00559876, num: 1875
loop: 318, time: 1.66022, dt: 0.00560654, num: 1875
loop: 319, time: 1.66583, dt: 0.00561493, num: 1875
loop: 320, time: 1.67146, dt: 0.00562389, num: 1875
loop: 321, time: 1.677, dt: 0.00554125, num: 1875
loop: 322, time: 1.68255, dt: 0.00554991, num: 1875
loop: 323, time: 1.68811, dt: 0.00555942, num: 1875
loop: 324, time: 1.69368, dt: 0.0055698, num: 1875
loop: 325, time: 1.69926, dt: 0.00558101, num: 1875
loop: 326, time: 1.70485, dt: 0.00559304, num: 1875
write results/00017.dat
loop: 327, time: 1.71046, dt: 0.00560583, num: 1875
loop: 328, time: 1.71607, dt: 0.0056128, num: 1875
loop: 329, time: 1.72166, dt: 0.00558659, num: 1875
loop: 330, time: 1.72726, dt: 0.00559964, num: 1875
loop: 331, time: 1.73287, dt: 0.00561365, num: 1875
loop: 332, time: 1.73849, dt: 0.00562163, num: 1875
loop: 333, time: 1.74412, dt: 0.00562404, num: 1875
loop: 334, time: 1.74974, dt: 0.00562654, num: 1875
loop: 335, time: 1.75537, dt: 0.00562912, num: 1875
loop: 336, time: 1.761, dt: 0.00563179, num: 1875
loop: 337, time: 1.76664, dt: 0.00563328, num: 1875
loop: 338, time: 1.77227, dt: 0.00563374, num: 1875
loop: 339, time: 1.7779, dt: 0.0056348, num: 1875
loop: 340, time: 1.78354, dt: 0.00563648, num: 1875
loop: 341, time: 1.78918, dt: 0.00563884, num: 1875
loop: 342, time: 1.79482, dt: 0.0056419, num: 1875
loop: 343, time: 1.80047, dt: 0.00564568, num: 1875
write results/00018.dat
loop: 344, time: 1.80612, dt: 0.00565019, num: 1875
loop: 345, time: 1.81177, dt: 0.00565544, num: 1875
loop: 346, time: 1.8174, dt: 0.00562963, num: 1875
loop: 347, time: 1.82304, dt: 0.00564106, num: 1875
loop: 348, time: 1.8287, dt: 0.00565267, num: 1875
loop: 349, time: 1.83436, dt: 0.00566442, num: 1875
loop: 350, time: 1.84004, dt: 0.00567629, num: 1875
loop: 351, time: 1.84573, dt: 0.00568824, num: 1875
loop: 352, time: 1.8514, dt: 0.0056729, num: 1875
loop: 353, time: 1.85702, dt: 0.00562295, num: 1875
loop: 354, time: 1.86265, dt: 0.00562845, num: 1875
loop: 355, time: 1.86828, dt: 0.00563409, num: 1875
loop: 356, time: 1.87392, dt: 0.00563986, num: 1875
loop: 357, time: 1.87957, dt: 0.00564575, num: 1875
loop: 358, time: 1.88522, dt: 0.00565171, num: 1875
loop: 359, time: 1.89088, dt: 0.00565775, num: 1875
loop: 360, time: 1.89654, dt: 0.00566382, num: 1875
loop: 361, time: 1.90221, dt: 0.00566992, num: 1875
write results/00019.dat
loop: 362, time: 1.90786, dt: 0.00564709, num: 1875
loop: 363, time: 1.91351, dt: 0.00565241, num: 1875
loop: 364, time: 1.91917, dt: 0.00565812, num: 1875
loop: 365, time: 1.92483, dt: 0.00566421, num: 1875
loop: 366, time: 1.93051, dt: 0.00567066, num: 1875
loop: 367, time: 1.93615, dt: 0.00564663, num: 1875
loop: 368, time: 1.9418, dt: 0.00565032, num: 1875
loop: 369, time: 1.94746, dt: 0.00565418, num: 1875
loop: 370, time: 1.95311, dt: 0.00565822, num: 1875
loop: 371, time: 1.95878, dt: 0.00566242, num: 1875
loop: 372, time: 1.96444, dt: 0.00566679, num: 1875
loop: 373, time: 1.97012, dt: 0.00567131, num: 1875
loop: 374, time: 1.97579, dt: 0.00567598, num: 1875
loop: 375, time: 1.98147, dt: 0.00568079, num: 1875
loop: 376, time: 1.98716, dt: 0.00568573, num: 1875
loop: 377, time: 1.99284, dt: 0.00568699, num: 1875
loop: 378, time: 1.99852, dt: 0.00568019, num: 1875
loop: 379, time: 2.00421, dt: 0.00568273, num: 1875
write results/00020.dat
loop: 380, time: 2.00989, dt: 0.00568545, num: 1875
loop: 381, time: 2.01558, dt: 0.00568835, num: 1875
loop: 382, time: 2.02126, dt: 0.0056785, num: 1875
loop: 383, time: 2.02695, dt: 0.00568548, num: 1875
loop: 384, time: 2.03264, dt: 0.00569264, num: 1875
loop: 385, time: 2.03834, dt: 0.00569997, num: 1875
loop: 386, time: 2.04404, dt: 0.00570625, num: 1875
loop: 387, time: 2.04974, dt: 0.00569863, num: 1875
loop: 388, time: 2.05545, dt: 0.00570508, num: 1875
loop: 389, time: 2.06113, dt: 0.00567785, num: 1875
loop: 390, time: 2.06681, dt: 0.00568696, num: 1875
loop: 391, time: 2.07251, dt: 0.00569635, num: 1875
loop: 392, time: 2.07822, dt: 0.00570598, num: 1875
loop: 393, time: 2.08393, dt: 0.00571455, num: 1875
loop: 394, time: 2.08964, dt: 0.00571515, num: 1875
loop: 395, time: 2.09537, dt: 0.00572022, num: 1875
loop: 396, time: 2.10109, dt: 0.00572286, num: 1875
write results/00021.dat
loop: 397, time: 2.10681, dt: 0.00572571, num: 1875
loop: 398, time: 2.11254, dt: 0.00572876, num: 1875
loop: 399, time: 2.11821, dt: 0.00566986, num: 1875
loop: 400, time: 2.12388, dt: 0.00567238, num: 1875
loop: 401, time: 2.12956, dt: 0.0056751, num: 1875
loop: 402, time: 2.13524, dt: 0.00567803, num: 1875
loop: 403, time: 2.14091, dt: 0.00567372, num: 1875
loop: 404, time: 2.14659, dt: 0.00567829, num: 1875
loop: 405, time: 2.15227, dt: 0.00568335, num: 1875
loop: 406, time: 2.15796, dt: 0.00568892, num: 1875
loop: 407, time: 2.16366, dt: 0.00569499, num: 1875
loop: 408, time: 2.16935, dt: 0.00569469, num: 1875
loop: 409, time: 2.17505, dt: 0.00569939, num: 1875
loop: 410, time: 2.18075, dt: 0.00570058, num: 1875
loop: 411, time: 2.18646, dt: 0.00570382, num: 1875
loop: 412, time: 2.19216, dt: 0.00570728, num: 1875
loop: 413, time: 2.19787, dt: 0.00571096, num: 1875
loop: 414, time: 2.20359, dt: 0.00571299, num: 1875
write results/00022.dat
loop: 415, time: 2.2093, dt: 0.00571791, num: 1875
loop: 416, time: 2.21503, dt: 0.00572316, num: 1875
loop: 417, time: 2.22074, dt: 0.0057165, num: 1875
loop: 418, time: 2.22646, dt: 0.00571834, num: 1875
loop: 419, time: 2.23218, dt: 0.0057204, num: 1875
loop: 420, time: 2.23791, dt: 0.00572268, num: 1875
loop: 421, time: 2.24363, dt: 0.00572518, num: 1875
loop: 422, time: 2.24935, dt: 0.00571452, num: 1875
loop: 423, time: 2.25506, dt: 0.00571794, num: 1875
loop: 424, time: 2.26078, dt: 0.00572155, num: 1875
loop: 425, time: 2.26651, dt: 0.00572531, num: 1875
loop: 426, time: 2.27224, dt: 0.00572923, num: 1875
loop: 427, time: 2.27797, dt: 0.00573328, num: 1875
loop: 428, time: 2.28371, dt: 0.00573745, num: 1875
loop: 429, time: 2.28945, dt: 0.00574172, num: 1875
loop: 430, time: 2.29519, dt: 0.00573807, num: 1875
loop: 431, time: 2.30093, dt: 0.00574353, num: 1875
write results/00023.dat
loop: 432, time: 2.30668, dt: 0.00574848, num: 1875
loop: 433, time: 2.31243, dt: 0.00574307, num: 1875
loop: 434, time: 2.31817, dt: 0.00574792, num: 1875
loop: 435, time: 2.32392, dt: 0.00575014, num: 1875
loop: 436, time: 2.32967, dt: 0.00575123, num: 1875
loop: 437, time: 2.33543, dt: 0.00575259, num: 1875
loop: 438, time: 2.34118, dt: 0.00575425, num: 1875
loop: 439, time: 2.34689, dt: 0.00570613, num: 1875
loop: 440, time: 2.3526, dt: 0.00570802, num: 1875
loop: 441, time: 2.35831, dt: 0.00570983, num: 1875
loop: 442, time: 2.36402, dt: 0.00571157, num: 1875
loop: 443, time: 2.36973, dt: 0.00571324, num: 1875
loop: 444, time: 2.37544, dt: 0.00571487, num: 1875
loop: 445, time: 2.38116, dt: 0.00571645, num: 1875
loop: 446, time: 2.38688, dt: 0.00571801, num: 1875
loop: 447, time: 2.3926, dt: 0.00571956, num: 1875
loop: 448, time: 2.39832, dt: 0.0057211, num: 1875
loop: 449, time: 2.40404, dt: 0.00572266, num: 1875
write results/00024.dat
loop: 450, time: 2.40977, dt: 0.00572425, num: 1875
loop: 451, time: 2.41549, dt: 0.00572589, num: 1875
loop: 452, time: 2.42122, dt: 0.00572759, num: 1875
loop: 453, time: 2.42695, dt: 0.00572937, num: 1875
loop: 454, time: 2.43265, dt: 0.00569886, num: 1875
loop: 455, time: 2.43835, dt: 0.00570626, num: 1875
loop: 456, time: 2.44407, dt: 0.00571394, num: 1875
loop: 457, time: 2.44979, dt: 0.0057219, num: 1875
loop: 458, time: 2.45552, dt: 0.00573012, num: 1875
loop: 459, time: 2.46126, dt: 0.00573858, num: 1875
loop: 460, time: 2.46701, dt: 0.00574565, num: 1875
loop: 461, time: 2.47275, dt: 0.00574877, num: 1875
loop: 462, time: 2.47848, dt: 0.00572333, num: 1875
loop: 463, time: 2.48419, dt: 0.00570983, num: 1875
loop: 464, time: 2.4899, dt: 0.00571489, num: 1875
loop: 465, time: 2.49562, dt: 0.00572024, num: 1875
loop: 466, time: 2.50135, dt: 0.00572586, num: 1875
write results/00025.dat
loop: 467, time: 2.50708, dt: 0.00573176, num: 1875
loop: 468, time: 2.51282, dt: 0.00573791, num: 1875
loop: 469, time: 2.51856, dt: 0.0057443, num: 1875
loop: 470, time: 2.52431, dt: 0.00575092, num: 1875
loop: 471, time: 2.53007, dt: 0.00575775, num: 1875
loop: 472, time: 2.53583, dt: 0.00576335, num: 1875
loop: 473, time: 2.5416, dt: 0.00576361, num: 1875
loop: 474, time: 2.54736, dt: 0.00576406, num: 1875
loop: 475, time: 2.55313, dt: 0.00576469, num: 1875
loop: 476, time: 2.55886, dt: 0.00573294, num: 1875
loop: 477, time: 2.56459, dt: 0.00573569, num: 1875
loop: 478, time: 2.57033, dt: 0.00573851, num: 1875
loop: 479, time: 2.57607, dt: 0.00574138, num: 1875
loop: 480, time: 2.58182, dt: 0.00574423, num: 1875
loop: 481, time: 2.58757, dt: 0.00574718, num: 1875
loop: 482, time: 2.59332, dt: 0.00575035, num: 1875
loop: 483, time: 2.59907, dt: 0.00575346, num: 1875
loop: 484, time: 2.60483, dt: 0.00575662, num: 1875
write results/00026.dat
loop: 485, time: 2.61059, dt: 0.00575982, num: 1875
loop: 486, time: 2.61629, dt: 0.00570282, num: 1875
loop: 487, time: 2.62199, dt: 0.00570533, num: 1875
loop: 488, time: 2.6277, dt: 0.00570808, num: 1875
loop: 489, time: 2.63341, dt: 0.00571109, num: 1875
loop: 490, time: 2.63913, dt: 0.00571435, num: 1875
loop: 491, time: 2.64485, dt: 0.00571785, num: 1875
loop: 492, time: 2.65057, dt: 0.00572159, num: 1875
loop: 493, time: 2.65629, dt: 0.00572555, num: 1875
loop: 494, time: 2.66202, dt: 0.00572974, num: 1875
loop: 495, time: 2.66776, dt: 0.00573413, num: 1875
loop: 496, time: 2.6735, dt: 0.00573871, num: 1875
loop: 497, time: 2.67923, dt: 0.00573466, num: 1875
loop: 498, time: 2.68497, dt: 0.00573753, num: 1875
loop: 499, time: 2.69071, dt: 0.00574052, num: 1875
loop: 500, time: 2.69645, dt: 0.00574365, num: 1875
loop: 501, time: 2.70219, dt: 0.0057412, num: 1875
write results/00027.dat
loop: 502, time: 2.7079, dt: 0.0057099, num: 1875
loop: 503, time: 2.71362, dt: 0.00571386, num: 1875
loop: 504, time: 2.71933, dt: 0.00571783, num: 1875
loop: 505, time: 2.72506, dt: 0.00572183, num: 1875
loop: 506, time: 2.73078, dt: 0.00572585, num: 1875
loop: 507, time: 2.73651, dt: 0.00572989, num: 1875
loop: 508, time: 2.74225, dt: 0.00573395, num: 1875
loop: 509, time: 2.74798, dt: 0.00573803, num: 1875
loop: 510, time: 2.75373, dt: 0.00574214, num: 1875
loop: 511, time: 2.75947, dt: 0.00574628, num: 1875
loop: 512, time: 2.76522, dt: 0.00575045, num: 1875
loop: 513, time: 2.77098, dt: 0.00575465, num: 1875
loop: 514, time: 2.77674, dt: 0.00575888, num: 1875
loop: 515, time: 2.7825, dt: 0.00576316, num: 1875
loop: 516, time: 2.78827, dt: 0.00576747, num: 1875
loop: 517, time: 2.79404, dt: 0.00577182, num: 1875
loop: 518, time: 2.79982, dt: 0.00577584, num: 1875
loop: 519, time: 2.80559, dt: 0.00577831, num: 1875
write results/00028.dat
loop: 520, time: 2.81137, dt: 0.00578084, num: 1875
loop: 521, time: 2.81716, dt: 0.0057834, num: 1875
loop: 522, time: 2.82294, dt: 0.00578602, num: 1875
loop: 523, time: 2.82873, dt: 0.0057887, num: 1875
loop: 524, time: 2.83452, dt: 0.00579143, num: 1875
loop: 525, time: 2.84032, dt: 0.00579422, num: 1875
loop: 526, time: 2.84608, dt: 0.00576534, num: 1875
loop: 527, time: 2.85185, dt: 0.00576793, num: 1875
loop: 528, time: 2.85762, dt: 0.00577066, num: 1875
loop: 529, time: 2.8634, dt: 0.00577353, num: 1875
loop: 530, time: 2.86917, dt: 0.00577653, num: 1875
loop: 531, time: 2.87495, dt: 0.00577965, num: 1875
loop: 532, time: 2.88073, dt: 0.00578289, num: 1875
loop: 533, time: 2.88652, dt: 0.00578623, num: 1875
loop: 534, time: 2.89231, dt: 0.00578967, num: 1875
loop: 535, time: 2.8981, dt: 0.00579321, num: 1875
loop: 536, time: 2.90387, dt: 0.00576735, num: 1875
write results/00029.dat
loop: 537, time: 2.90964, dt: 0.005771, num: 1875
loop: 538, time: 2.91542, dt: 0.00577487, num: 1875
loop: 539, time: 2.9212, dt: 0.005779, num: 1875
loop: 540, time: 2.92698, dt: 0.00578339, num: 1875
loop: 541, time: 2.93277, dt: 0.00578806, num: 1875
loop: 542, time: 2.93856, dt: 0.00579302, num: 1875
loop: 543, time: 2.94436, dt: 0.0057983, num: 1875
loop: 544, time: 2.95014, dt: 0.00577637, num: 1875
loop: 545, time: 2.95591, dt: 0.0057775, num: 1875
loop: 546, time: 2.96169, dt: 0.00577877, num: 1875
loop: 547, time: 2.96747, dt: 0.00578018, num: 1875
loop: 548, time: 2.97325, dt: 0.00578174, num: 1875
loop: 549, time: 2.97904, dt: 0.00578344, num: 1875
loop: 550, time: 2.98482, dt: 0.00578529, num: 1875
loop: 551, time: 2.99061, dt: 0.00578729, num: 1875
loop: 552, time: 2.9964, dt: 0.00578943, num: 1875
loop: 553, time: 3.00219, dt: 0.00579173, num: 1875
write results/00030.dat
loop: 554, time: 3.00798, dt: 0.00579038, num: 1875
loop: 555, time: 3.01376, dt: 0.00577567, num: 1875
loop: 556, time: 3.01953, dt: 0.00577801, num: 1875
loop: 557, time: 3.02531, dt: 0.00578053, num: 1875
loop: 558, time: 3.0311, dt: 0.00578324, num: 1875
loop: 559, time: 3.03688, dt: 0.00578612, num: 1875
loop: 560, time: 3.04267, dt: 0.00578918, num: 1875
loop: 561, time: 3.04847, dt: 0.0057924, num: 1875
loop: 562, time: 3.05426, dt: 0.00579579, num: 1875
loop: 563, time: 3.06006, dt: 0.00579934, num: 1875
loop: 564, time: 3.06586, dt: 0.0058029, num: 1875
loop: 565, time: 3.07165, dt: 0.00579067, num: 1875
loop: 566, time: 3.07745, dt: 0.00579528, num: 1875
loop: 567, time: 3.08325, dt: 0.00580008, num: 1875
loop: 568, time: 3.08906, dt: 0.00580507, num: 1875
loop: 569, time: 3.09487, dt: 0.00581024, num: 1875
loop: 570, time: 3.10068, dt: 0.00581424, num: 1875
write results/00031.dat
loop: 571, time: 3.1065, dt: 0.00581566, num: 1875
loop: 572, time: 3.11231, dt: 0.00581717, num: 1875
loop: 573, time: 3.11813, dt: 0.0058188, num: 1875
loop: 574, time: 3.12394, dt: 0.0058114, num: 1875
loop: 575, time: 3.12976, dt: 0.00581518, num: 1875
loop: 576, time: 3.13557, dt: 0.005814, num: 1875
loop: 577, time: 3.14139, dt: 0.0058163, num: 1875
loop: 578, time: 3.14721, dt: 0.00581835, num: 1875
loop: 579, time: 3.15303, dt: 0.00581986, num: 1875
loop: 580, time: 3.15885, dt: 0.00582156, num: 1875
loop: 581, time: 3.16467, dt: 0.00582343, num: 1875
loop: 582, time: 3.1705, dt: 0.00582546, num: 1875
loop: 583, time: 3.17632, dt: 0.00582766, num: 1875
loop: 584, time: 3.18215, dt: 0.00583002, num: 1875
loop: 585, time: 3.18799, dt: 0.00583254, num: 1875
loop: 586, time: 3.19379, dt: 0.00580662, num: 1875
loop: 587, time: 3.1996, dt: 0.00581033, num: 1875
loop: 588, time: 3.20542, dt: 0.00581411, num: 1875
write results/00032.dat
loop: 589, time: 3.21124, dt: 0.00581796, num: 1875
loop: 590, time: 3.21706, dt: 0.00582188, num: 1875
loop: 591, time: 3.22288, dt: 0.00582587, num: 1875
loop: 592, time: 3.22871, dt: 0.00582991, num: 1875
loop: 593, time: 3.23453, dt: 0.00581157, num: 1875
loop: 594, time: 3.24034, dt: 0.0058137, num: 1875
loop: 595, time: 3.24615, dt: 0.00581588, num: 1875
loop: 596, time: 3.25197, dt: 0.00581811, num: 1875
loop: 597, time: 3.25779, dt: 0.00582038, num: 1875
loop: 598, time: 3.26359, dt: 0.00579723, num: 1875
loop: 599, time: 3.26939, dt: 0.00580168, num: 1875
loop: 600, time: 3.2752, dt: 0.00580624, num: 1875
loop: 601, time: 3.28101, dt: 0.0058109, num: 1875
loop: 602, time: 3.28682, dt: 0.00581565, num: 1875
loop: 603, time: 3.29264, dt: 0.00581982, num: 1875
loop: 604, time: 3.29847, dt: 0.00582394, num: 1875
loop: 605, time: 3.3043, dt: 0.00582816, num: 1875
write results/00033.dat
loop: 606, time: 3.31013, dt: 0.00583248, num: 1875
loop: 607, time: 3.31597, dt: 0.00583689, num: 1875
loop: 608, time: 3.32181, dt: 0.0058414, num: 1875
loop: 609, time: 3.32765, dt: 0.00584601, num: 1875
loop: 610, time: 3.33347, dt: 0.00581891, num: 1875
loop: 611, time: 3.33929, dt: 0.00582163, num: 1875
loop: 612, time: 3.34512, dt: 0.00582439, num: 1875
loop: 613, time: 3.35095, dt: 0.00582719, num: 1875
loop: 614, time: 3.35678, dt: 0.00583002, num: 1875
loop: 615, time: 3.36261, dt: 0.00583289, num: 1875
loop: 616, time: 3.36844, dt: 0.00583579, num: 1875
loop: 617, time: 3.37428, dt: 0.00583872, num: 1875
loop: 618, time: 3.38012, dt: 0.00584169, num: 1875
loop: 619, time: 3.38597, dt: 0.00584469, num: 1875
loop: 620, time: 3.39182, dt: 0.00584771, num: 1875
loop: 621, time: 3.39767, dt: 0.00585077, num: 1875
loop: 622, time: 3.40352, dt: 0.00585386, num: 1875
write results/00034.dat
loop: 623, time: 3.40938, dt: 0.00585698, num: 1875
loop: 624, time: 3.41523, dt: 0.00585481, num: 1875
loop: 625, time: 3.42109, dt: 0.00585657, num: 1875
loop: 626, time: 3.42695, dt: 0.00585832, num: 1875
loop: 627, time: 3.43281, dt: 0.00586007, num: 1875
loop: 628, time: 3.43867, dt: 0.00586181, num: 1875
loop: 629, time: 3.44453, dt: 0.00586355, num: 1875
loop: 630, time: 3.4504, dt: 0.0058653, num: 1875
loop: 631, time: 3.45625, dt: 0.00584774, num: 1875
loop: 632, time: 3.4621, dt: 0.00585018, num: 1875
loop: 633, time: 3.46795, dt: 0.00585272, num: 1875
loop: 634, time: 3.47377, dt: 0.00582045, num: 1875
loop: 635, time: 3.47959, dt: 0.00582302, num: 1875
loop: 636, time: 3.48542, dt: 0.00582564, num: 1875
loop: 637, time: 3.49125, dt: 0.0058283, num: 1875
loop: 638, time: 3.49708, dt: 0.00583099, num: 1875
loop: 639, time: 3.50291, dt: 0.00583373, num: 1875
write results/00035.dat
loop: 640, time: 3.50875, dt: 0.00583651, num: 1875
loop: 641, time: 3.51459, dt: 0.00583872, num: 1875
loop: 642, time: 3.52043, dt: 0.0058422, num: 1875
loop: 643, time: 3.52627, dt: 0.00584512, num: 1875
loop: 644, time: 3.53212, dt: 0.00584809, num: 1875
loop: 645, time: 3.53797, dt: 0.00585111, num: 1875
loop: 646, time: 3.54383, dt: 0.00585418, num: 1875
loop: 647, time: 3.54969, dt: 0.0058573, num: 1875
loop: 648, time: 3.55555, dt: 0.00586048, num: 1875
loop: 649, time: 3.56141, dt: 0.00586372, num: 1875
loop: 650, time: 3.56728, dt: 0.00586701, num: 1875
loop: 651, time: 3.57315, dt: 0.00587036, num: 1875
loop: 652, time: 3.579, dt: 0.00584886, num: 1875
loop: 653, time: 3.58485, dt: 0.00585105, num: 1875
loop: 654, time: 3.5907, dt: 0.00585346, num: 1875
loop: 655, time: 3.59652, dt: 0.00581831, num: 1875
loop: 656, time: 3.60234, dt: 0.00582081, num: 1875
write results/00036.dat
loop: 657, time: 3.60816, dt: 0.00582343, num: 1875
loop: 658, time: 3.61399, dt: 0.00582617, num: 1875
loop: 659, time: 3.61982, dt: 0.00582902, num: 1875
loop: 660, time: 3.62565, dt: 0.005832, num: 1875
loop: 661, time: 3.63149, dt: 0.00583509, num: 1875
loop: 662, time: 3.63732, dt: 0.00583829, num: 1875
loop: 663, time: 3.64317, dt: 0.00584161, num: 1875
loop: 664, time: 3.64901, dt: 0.00584504, num: 1875
loop: 665, time: 3.65486, dt: 0.00584858, num: 1875
loop: 666, time: 3.66071, dt: 0.00585222, num: 1875
loop: 667, time: 3.66657, dt: 0.00585597, num: 1875
loop: 668, time: 3.67243, dt: 0.00585982, num: 1875
loop: 669, time: 3.67829, dt: 0.00586377, num: 1875
loop: 670, time: 3.68416, dt: 0.00586666, num: 1875
loop: 671, time: 3.69003, dt: 0.00586948, num: 1875
loop: 672, time: 3.6959, dt: 0.00587238, num: 1875
loop: 673, time: 3.70177, dt: 0.00587536, num: 1875
write results/00037.dat
loop: 674, time: 3.70765, dt: 0.00587841, num: 1875
loop: 675, time: 3.71353, dt: 0.00588156, num: 1875
loop: 676, time: 3.71942, dt: 0.00588478, num: 1875
loop: 677, time: 3.72531, dt: 0.0058881, num: 1875
loop: 678, time: 3.7312, dt: 0.0058915, num: 1875
loop: 679, time: 3.73707, dt: 0.00587134, num: 1875
loop: 680, time: 3.74294, dt: 0.00587473, num: 1875
loop: 681, time: 3.74882, dt: 0.0058782, num: 1875
loop: 682, time: 3.7547, dt: 0.00588173, num: 1875
loop: 683, time: 3.76059, dt: 0.00588533, num: 1875
loop: 684, time: 3.76648, dt: 0.00588899, num: 1875
loop: 685, time: 3.77234, dt: 0.00586548, num: 1875
loop: 686, time: 3.77821, dt: 0.00586894, num: 1875
loop: 687, time: 3.78409, dt: 0.00587246, num: 1875
loop: 688, time: 3.78996, dt: 0.00587604, num: 1875
loop: 689, time: 3.79584, dt: 0.00587931, num: 1875
loop: 690, time: 3.80172, dt: 0.00588245, num: 1875
write results/00038.dat
loop: 691, time: 3.80761, dt: 0.00588563, num: 1875
loop: 692, time: 3.8135, dt: 0.00588887, num: 1875
loop: 693, time: 3.81939, dt: 0.00589216, num: 1875
loop: 694, time: 3.82529, dt: 0.00589549, num: 1875
loop: 695, time: 3.83118, dt: 0.00589887, num: 1875
loop: 696, time: 3.83708, dt: 0.00589704, num: 1875
loop: 697, time: 3.84298, dt: 0.005898, num: 1875
loop: 698, time: 3.84887, dt: 0.0058906, num: 1875
loop: 699, time: 3.85476, dt: 0.00589353, num: 1875
loop: 700, time: 3.86066, dt: 0.00589652, num: 1875
loop: 701, time: 3.86656, dt: 0.00589957, num: 1875
loop: 702, time: 3.87246, dt: 0.00590266, num: 1875
loop: 703, time: 3.87837, dt: 0.00590511, num: 1875
loop: 704, time: 3.88425, dt: 0.00588663, num: 1875
loop: 705, time: 3.89014, dt: 0.00588921, num: 1875
loop: 706, time: 3.89603, dt: 0.00588499, num: 1875
loop: 707, time: 3.90192, dt: 0.0058896, num: 1875
write results/00039.dat
loop: 708, time: 3.90781, dt: 0.00589432, num: 1875
loop: 709, time: 3.91371, dt: 0.00589914, num: 1875
loop: 710, time: 3.91961, dt: 0.00590302, num: 1875
loop: 711, time: 3.92552, dt: 0.00590596, num: 1875
loop: 712, time: 3.9314, dt: 0.00587767, num: 1875
loop: 713, time: 3.93728, dt: 0.00588094, num: 1875
loop: 714, time: 3.94316, dt: 0.00588432, num: 1875
loop: 715, time: 3.94905, dt: 0.00588781, num: 1875
loop: 716, time: 3.95494, dt: 0.00589141, num: 1875
loop: 717, time: 3.96084, dt: 0.0058951, num: 1875
loop: 718, time: 3.96672, dt: 0.00587919, num: 1875
loop: 719, time: 3.9726, dt: 0.00588003, num: 1875
loop: 720, time: 3.97848, dt: 0.00588089, num: 1875
loop: 721, time: 3.98436, dt: 0.00588179, num: 1875
loop: 722, time: 3.99024, dt: 0.00588271, num: 1875
loop: 723, time: 3.99613, dt: 0.00588367, num: 1875
loop: 724, time: 4.00201, dt: 0.00588466, num: 1875
write results/00040.dat
loop: 725, time: 4.0079, dt: 0.00588567, num: 1875
loop: 726, time: 4.01378, dt: 0.00588672, num: 1875
loop: 727, time: 4.01967, dt: 0.00588779, num: 1875
loop: 728, time: 4.02556, dt: 0.00588888, num: 1875
loop: 729, time: 4.03145, dt: 0.00589, num: 1875
loop: 730, time: 4.03734, dt: 0.00589115, num: 1875
loop: 731, time: 4.04323, dt: 0.00589231, num: 1875
loop: 732, time: 4.04913, dt: 0.0058935, num: 1875
loop: 733, time: 4.05502, dt: 0.00589471, num: 1875
loop: 734, time: 4.06092, dt: 0.00589594, num: 1875
loop: 735, time: 4.06681, dt: 0.00589719, num: 1875
loop: 736, time: 4.07271, dt: 0.00589846, num: 1875
loop: 737, time: 4.07861, dt: 0.00589975, num: 1875
loop: 738, time: 4.08451, dt: 0.00590106, num: 1875
loop: 739, time: 4.09042, dt: 0.00590238, num: 1875
loop: 740, time: 4.09632, dt: 0.00590372, num: 1875
loop: 741, time: 4.10222, dt: 0.00590499, num: 1875
write results/00041.dat
loop: 742, time: 4.10813, dt: 0.00590628, num: 1875
loop: 743, time: 4.11404, dt: 0.00590762, num: 1875
loop: 744, time: 4.11995, dt: 0.005909, num: 1875
loop: 745, time: 4.12586, dt: 0.00591043, num: 1875
loop: 746, time: 4.13177, dt: 0.0059119, num: 1875
loop: 747, time: 4.13768, dt: 0.00591342, num: 1875
loop: 748, time: 4.1436, dt: 0.00591493, num: 1875
loop: 749, time: 4.14951, dt: 0.00591639, num: 1875
loop: 750, time: 4.15543, dt: 0.00591786, num: 1875
loop: 751, time: 4.16135, dt: 0.00591934, num: 1875
loop: 752, time: 4.16727, dt: 0.00592084, num: 1875
loop: 753, time: 4.1732, dt: 0.00592235, num: 1875
loop: 754, time: 4.17912, dt: 0.00592388, num: 1875
loop: 755, time: 4.18504, dt: 0.00592541, num: 1875
loop: 756, time: 4.19097, dt: 0.00592696, num: 1875
loop: 757, time: 4.1969, dt: 0.00592853, num: 1875
loop: 758, time: 4.20283, dt: 0.00593012, num: 1875
write results/00042.dat
loop: 759, time: 4.20876, dt: 0.00593122, num: 1875
loop: 760, time: 4.21467, dt: 0.0059083, num: 1875
loop: 761, time: 4.22058, dt: 0.0059119, num: 1875
loop: 762, time: 4.2265, dt: 0.00591558, num: 1875
loop: 763, time: 4.23242, dt: 0.00591932, num: 1875
loop: 764, time: 4.23834, dt: 0.00592314, num: 1875
loop: 765, time: 4.24427, dt: 0.00592703, num: 1875
loop: 766, time: 4.2502, dt: 0.00593098, num: 1875
loop: 767, time: 4.25613, dt: 0.005935, num: 1875
loop: 768, time: 4.26207, dt: 0.00593885, num: 1875
loop: 769, time: 4.26801, dt: 0.0059415, num: 1875
loop: 770, time: 4.27395, dt: 0.00593357, num: 1875
loop: 771, time: 4.27988, dt: 0.0059366, num: 1875
loop: 772, time: 4.28582, dt: 0.00593965, num: 1875
loop: 773, time: 4.29174, dt: 0.0059189, num: 1875
loop: 774, time: 4.29766, dt: 0.00592046, num: 1875
loop: 775, time: 4.30358, dt: 0.00592202, num: 1875
write results/00043.dat
loop: 776, time: 4.30951, dt: 0.00592358, num: 1875
loop: 777, time: 4.31543, dt: 0.00592515, num: 1875
loop: 778, time: 4.32136, dt: 0.00592672, num: 1875
loop: 779, time: 4.32729, dt: 0.00592828, num: 1875
loop: 780, time: 4.33322, dt: 0.00592986, num: 1875
loop: 781, time: 4.33915, dt: 0.00593143, num: 1875
loop: 782, time: 4.34508, dt: 0.005933, num: 1875
loop: 783, time: 4.35102, dt: 0.00593458, num: 1875
loop: 784, time: 4.35695, dt: 0.0059346, num: 1875
loop: 785, time: 4.36289, dt: 0.00593399, num: 1875
loop: 786, time: 4.36882, dt: 0.00593347, num: 1875
loop: 787, time: 4.37475, dt: 0.00593305, num: 1875
loop: 788, time: 4.38068, dt: 0.00593272, num: 1875
loop: 789, time: 4.38662, dt: 0.00593218, num: 1875
loop: 790, time: 4.39255, dt: 0.00593235, num: 1875
loop: 791, time: 4.39848, dt: 0.00593231, num: 1875
loop: 792, time: 4.40439, dt: 0.00590952, num: 1875
write results/00044.dat
loop: 793, time: 4.4103, dt: 0.00591259, num: 1875
loop: 794, time: 4.41622, dt: 0.00591571, num: 1875
loop: 795, time: 4.42213, dt: 0.00590933, num: 1875
loop: 796, time: 4.42803, dt: 0.0059038, num: 1875
loop: 797, time: 4.43394, dt: 0.00590681, num: 1875
loop: 798, time: 4.43985, dt: 0.00590995, num: 1875
loop: 799, time: 4.44576, dt: 0.00591321, num: 1875
loop: 800, time: 4.45166, dt: 0.00589598, num: 1875
loop: 801, time: 4.45756, dt: 0.00589921, num: 1875
loop: 802, time: 4.46346, dt: 0.00590251, num: 1875
loop: 803, time: 4.46937, dt: 0.00590586, num: 1875
loop: 804, time: 4.47528, dt: 0.00590928, num: 1875
loop: 805, time: 4.48119, dt: 0.00591275, num: 1875
loop: 806, time: 4.4871, dt: 0.00591627, num: 1875
loop: 807, time: 4.49302, dt: 0.00591985, num: 1875
loop: 808, time: 4.49895, dt: 0.00592349, num: 1875
loop: 809, time: 4.50487, dt: 0.00592717, num: 1875
write results/00045.dat
loop: 810, time: 4.51081, dt: 0.00593091, num: 1875
loop: 811, time: 4.51674, dt: 0.00593469, num: 1875
loop: 812, time: 4.52268, dt: 0.00593836, num: 1875
loop: 813, time: 4.52862, dt: 0.00594067, num: 1875
loop: 814, time: 4.53456, dt: 0.00594301, num: 1875
loop: 815, time: 4.54044, dt: 0.00587963, num: 1875
loop: 816, time: 4.54632, dt: 0.00588258, num: 1875
loop: 817, time: 4.55221, dt: 0.00588562, num: 1875
loop: 818, time: 4.5581, dt: 0.00588876, num: 1875
loop: 819, time: 4.56399, dt: 0.00589198, num: 1875
loop: 820, time: 4.56989, dt: 0.00589528, num: 1875
loop: 821, time: 4.57578, dt: 0.00589867, num: 1875
loop: 822, time: 4.58169, dt: 0.00590213, num: 1875
loop: 823, time: 4.58759, dt: 0.00590566, num: 1875
loop: 824, time: 4.5935, dt: 0.00590926, num: 1875
loop: 825, time: 4.59941, dt: 0.00591293, num: 1875
loop: 826, time: 4.60533, dt: 0.00591665, num: 1875
write results/00046.dat
loop: 827, time: 4.61125, dt: 0.00592043, num: 1875
loop: 828, time: 4.61718, dt: 0.00592426, num: 1875
loop: 829, time: 4.6231, dt: 0.00592813, num: 1875
loop: 830, time: 4.62904, dt: 0.00593205, num: 1875
loop: 831, time: 4.63497, dt: 0.005936, num: 1875
loop: 832, time: 4.64091, dt: 0.00593998, num: 1875
loop: 833, time: 4.64684, dt: 0.00592544, num: 1875
loop: 834, time: 4.65277, dt: 0.00592735, num: 1875
loop: 835, time: 4.65869, dt: 0.0059293, num: 1875
loop: 836, time: 4.66463, dt: 0.00593129, num: 1875
loop: 837, time: 4.67056, dt: 0.00592965, num: 1875
loop: 838, time: 4.67649, dt: 0.00593317, num: 1875
loop: 839, time: 4.68243, dt: 0.00593671, num: 1875
loop: 840, time: 4.68837, dt: 0.00593974, num: 1875
loop: 841, time: 4.69431, dt: 0.00594196, num: 1875
loop: 842, time: 4.70021, dt: 0.005903, num: 1875
write results/00047.dat
loop: 843, time: 4.70612, dt: 0.00590547, num: 1875
loop: 844, time: 4.71202, dt: 0.00590796, num: 1875
loop: 845, time: 4.71793, dt: 0.00591049, num: 1875
loop: 846, time: 4.72385, dt: 0.00591304, num: 1875
loop: 847, time: 4.72976, dt: 0.00591562, num: 1875
loop: 848, time: 4.73568, dt: 0.00591822, num: 1875
loop: 849, time: 4.7416, dt: 0.00592085, num: 1875
loop: 850, time: 4.74753, dt: 0.00592351, num: 1875
loop: 851, time: 4.75345, dt: 0.00592618, num: 1875
loop: 852, time: 4.75938, dt: 0.00592888, num: 1875
loop: 853, time: 4.76531, dt: 0.0059316, num: 1875
loop: 854, time: 4.77125, dt: 0.00593434, num: 1875
loop: 855, time: 4.77718, dt: 0.00593711, num: 1875
loop: 856, time: 4.78308, dt: 0.00590092, num: 1875
loop: 857, time: 4.78899, dt: 0.00590411, num: 1875
loop: 858, time: 4.7949, dt: 0.00590734, num: 1875
loop: 859, time: 4.80081, dt: 0.0059106, num: 1875
write results/00048.dat
loop: 860, time: 4.80672, dt: 0.00591389, num: 1875
loop: 861, time: 4.81264, dt: 0.00591721, num: 1875
loop: 862, time: 4.81856, dt: 0.00592056, num: 1875
loop: 863, time: 4.82448, dt: 0.00592394, num: 1875
loop: 864, time: 4.83041, dt: 0.00592734, num: 1875
loop: 865, time: 4.83634, dt: 0.00593077, num: 1875
loop: 866, time: 4.84227, dt: 0.00593422, num: 1875
loop: 867, time: 4.84821, dt: 0.00593768, num: 1875
loop: 868, time: 4.85415, dt: 0.00594117, num: 1875
loop: 869, time: 4.86007, dt: 0.0059168, num: 1875
loop: 870, time: 4.86599, dt: 0.00591901, num: 1875
loop: 871, time: 4.87191, dt: 0.00592126, num: 1875
loop: 872, time: 4.87783, dt: 0.00592357, num: 1875
loop: 873, time: 4.88376, dt: 0.00592593, num: 1875
loop: 874, time: 4.88969, dt: 0.00592835, num: 1875
loop: 875, time: 4.89562, dt: 0.00593081, num: 1875
loop: 876, time: 4.90155, dt: 0.00593333, num: 1875
write results/00049.dat
loop: 877, time: 4.90749, dt: 0.0059359, num: 1875
loop: 878, time: 4.91343, dt: 0.00593851, num: 1875
loop: 879, time: 4.91937, dt: 0.00594118, num: 1875
loop: 880, time: 4.92531, dt: 0.00594388, num: 1875
loop: 881, time: 4.93126, dt: 0.00594663, num: 1875
loop: 882, time: 4.93721, dt: 0.00594941, num: 1875
loop: 883, time: 4.94316, dt: 0.00594889, num: 1875
loop: 884, time: 4.9491, dt: 0.00593984, num: 1875
loop: 885, time: 4.95504, dt: 0.00594261, num: 1875
loop: 886, time: 4.96098, dt: 0.00594542, num: 1875
loop: 887, time: 4.96693, dt: 0.00594826, num: 1875
loop: 888, time: 4.97288, dt: 0.00595113, num: 1875
loop: 889, time: 4.97884, dt: 0.00595403, num: 1875
loop: 890, time: 4.98479, dt: 0.00595696, num: 1875
loop: 891, time: 4.99075, dt: 0.00595991, num: 1875
loop: 892, time: 4.99671, dt: 0.00595081, num: 1875
loop: 893, time: 5.00266, dt: 0.00595298, num: 1875
write results/00050.dat
loop: 894, time: 5.00861, dt: 0.00595516, num: 1875
loop: 895, time: 5.01457, dt: 0.00595736, num: 1875
loop: 896, time: 5.02053, dt: 0.00595845, num: 1875
loop: 897, time: 5.02649, dt: 0.00595954, num: 1875
loop: 898, time: 5.03245, dt: 0.00596068, num: 1875
loop: 899, time: 5.03841, dt: 0.00596187, num: 1875
loop: 900, time: 5.04437, dt: 0.00596311, num: 1875
loop: 901, time: 5.05034, dt: 0.00596441, num: 1875
loop: 902, time: 5.0563, dt: 0.00596575, num: 1875
loop: 903, time: 5.06227, dt: 0.00596715, num: 1875
loop: 904, time: 5.06824, dt: 0.00596859, num: 1875
loop: 905, time: 5.07421, dt: 0.0059701, num: 1875
loop: 906, time: 5.08018, dt: 0.00597165, num: 1875
loop: 907, time: 5.08616, dt: 0.00597325, num: 1875
loop: 908, time: 5.09213, dt: 0.00597491, num: 1875
loop: 909, time: 5.09808, dt: 0.0059521, num: 1875
loop: 910, time: 5.10404, dt: 0.00595518, num: 1875
write results/00051.dat
loop: 911, time: 5.11, dt: 0.00595827, num: 1875
loop: 912, time: 5.11596, dt: 0.00596136, num: 1875
loop: 913, time: 5.12192, dt: 0.00596446, num: 1875
loop: 914, time: 5.12789, dt: 0.00596756, num: 1875
loop: 915, time: 5.13386, dt: 0.00597001, num: 1875
loop: 916, time: 5.13982, dt: 0.00595971, num: 1875
loop: 917, time: 5.14578, dt: 0.00596151, num: 1875
loop: 918, time: 5.15174, dt: 0.00596333, num: 1875
loop: 919, time: 5.15769, dt: 0.00594727, num: 1875
loop: 920, time: 5.16364, dt: 0.00594958, num: 1875
loop: 921, time: 5.16959, dt: 0.00595194, num: 1875
loop: 922, time: 5.17555, dt: 0.00595435, num: 1875
loop: 923, time: 5.1815, dt: 0.0059568, num: 1875
loop: 924, time: 5.18746, dt: 0.0059593, num: 1875
loop: 925, time: 5.19343, dt: 0.00596184, num: 1875
loop: 926, time: 5.19939, dt: 0.00596442, num: 1875
loop: 927, time: 5.20536, dt: 0.00596704, num: 1875
write results/00052.dat
loop: 928, time: 5.21133, dt: 0.0059697, num: 1875
loop: 929, time: 5.21729, dt: 0.00596064, num: 1875
loop: 930, time: 5.22325, dt: 0.00596304, num: 1875
loop: 931, time: 5.22922, dt: 0.00596548, num: 1875
loop: 932, time: 5.23518, dt: 0.00596796, num: 1875
loop: 933, time: 5.24115, dt: 0.00597047, num: 1875
loop: 934, time: 5.24713, dt: 0.005973, num: 1875
loop: 935, time: 5.2531, dt: 0.00597557, num: 1875
loop: 936, time: 5.25908, dt: 0.00597817, num: 1875
loop: 937, time: 5.26505, dt: 0.00597439, num: 1875
loop: 938, time: 5.27103, dt: 0.00597708, num: 1875
loop: 939, time: 5.27701, dt: 0.00597978, num: 1875
loop: 940, time: 5.28299, dt: 0.0059825, num: 1875
loop: 941, time: 5.28898, dt: 0.00598522, num: 1875
loop: 942, time: 5.29497, dt: 0.00598796, num: 1875
loop: 943, time: 5.30096, dt: 0.0059907, num: 1875
write results/00053.dat
loop: 944, time: 5.30693, dt: 0.00596696, num: 1875
loop: 945, time: 5.31289, dt: 0.00596907, num: 1875
loop: 946, time: 5.31887, dt: 0.00597116, num: 1875
loop: 947, time: 5.32484, dt: 0.00597326, num: 1875
loop: 948, time: 5.33081, dt: 0.00597534, num: 1875
loop: 949, time: 5.33679, dt: 0.00597742, num: 1875
loop: 950, time: 5.34277, dt: 0.0059795, num: 1875
loop: 951, time: 5.34875, dt: 0.00598156, num: 1875
loop: 952, time: 5.35474, dt: 0.00598361, num: 1875
loop: 953, time: 5.36072, dt: 0.00598565, num: 1875
loop: 954, time: 5.36671, dt: 0.00598768, num: 1875
loop: 955, time: 5.3727, dt: 0.0059897, num: 1875
loop: 956, time: 5.37869, dt: 0.00599171, num: 1875
loop: 957, time: 5.38468, dt: 0.00599371, num: 1875
loop: 958, time: 5.39066, dt: 0.00597642, num: 1875
loop: 959, time: 5.39664, dt: 0.00597918, num: 1875
loop: 960, time: 5.40262, dt: 0.00598197, num: 1875
write results/00054.dat
loop: 961, time: 5.40861, dt: 0.00598477, num: 1875
loop: 962, time: 5.41457, dt: 0.00596489, num: 1875
loop: 963, time: 5.42054, dt: 0.00596696, num: 1875
loop: 964, time: 5.42651, dt: 0.00596905, num: 1875
loop: 965, time: 5.43248, dt: 0.00597118, num: 1875
loop: 966, time: 5.43845, dt: 0.00597333, num: 1875
loop: 967, time: 5.44443, dt: 0.00597551, num: 1875
loop: 968, time: 5.45041, dt: 0.00597771, num: 1875
loop: 969, time: 5.45639, dt: 0.00597993, num: 1875
loop: 970, time: 5.46237, dt: 0.00598218, num: 1875
loop: 971, time: 5.46835, dt: 0.00598445, num: 1875
loop: 972, time: 5.47434, dt: 0.00598673, num: 1875
loop: 973, time: 5.48033, dt: 0.00598904, num: 1875
loop: 974, time: 5.48632, dt: 0.00599137, num: 1875
loop: 975, time: 5.49231, dt: 0.00599371, num: 1875
loop: 976, time: 5.49831, dt: 0.00599607, num: 1875
loop: 977, time: 5.50431, dt: 0.00599845, num: 1875
write results/00055.dat
loop: 978, time: 5.5103, dt: 0.00599119, num: 1875
loop: 979, time: 5.51629, dt: 0.00599117, num: 1875
loop: 980, time: 5.52228, dt: 0.00599306, num: 1875
loop: 981, time: 5.52827, dt: 0.00598518, num: 1875
loop: 982, time: 5.53425, dt: 0.00598543, num: 1875
loop: 983, time: 5.54024, dt: 0.00598568, num: 1875
loop: 984, time: 5.54623, dt: 0.00598593, num: 1875
loop: 985, time: 5.55221, dt: 0.00598618, num: 1875
loop: 986, time: 5.5582, dt: 0.00598643, num: 1875
loop: 987, time: 5.56418, dt: 0.00598669, num: 1875
loop: 988, time: 5.57017, dt: 0.00598694, num: 1875
loop: 989, time: 5.57616, dt: 0.0059872, num: 1875
loop: 990, time: 5.58215, dt: 0.00598746, num: 1875
loop: 991, time: 5.58813, dt: 0.00598772, num: 1875
loop: 992, time: 5.59412, dt: 0.00598798, num: 1875
loop: 993, time: 5.60011, dt: 0.00598825, num: 1875
write results/00056.dat
loop: 994, time: 5.6061, dt: 0.00598853, num: 1875
loop: 995, time: 5.61209, dt: 0.0059888, num: 1875
loop: 996, time: 5.61808, dt: 0.00598908, num: 1875
loop: 997, time: 5.62407, dt: 0.00598937, num: 1875
loop: 998, time: 5.63006, dt: 0.00598966, num: 1875
loop: 999, time: 5.63605, dt: 0.00598996, num: 1875
loop: 1000, time: 5.64204, dt: 0.00599027, num: 1875
loop: 1001, time: 5.64803, dt: 0.00599058, num: 1875
loop: 1002, time: 5.65402, dt: 0.0059909, num: 1875
loop: 1003, time: 5.66001, dt: 0.00599123, num: 1875
loop: 1004, time: 5.666, dt: 0.00599156, num: 1875
loop: 1005, time: 5.67199, dt: 0.00599191, num: 1875
loop: 1006, time: 5.67798, dt: 0.00599226, num: 1875
loop: 1007, time: 5.68398, dt: 0.00599263, num: 1875
loop: 1008, time: 5.68997, dt: 0.005993, num: 1875
loop: 1009, time: 5.69596, dt: 0.00599339, num: 1875
loop: 1010, time: 5.70196, dt: 0.00599379, num: 1875
write results/00057.dat
loop: 1011, time: 5.70795, dt: 0.00599421, num: 1875
loop: 1012, time: 5.71395, dt: 0.00599464, num: 1875
loop: 1013, time: 5.71994, dt: 0.00599508, num: 1875
loop: 1014, time: 5.72594, dt: 0.00599554, num: 1875
loop: 1015, time: 5.73193, dt: 0.00599601, num: 1875
loop: 1016, time: 5.73793, dt: 0.00599651, num: 1875
loop: 1017, time: 5.74393, dt: 0.00599702, num: 1875
loop: 1018, time: 5.74992, dt: 0.00599755, num: 1875
loop: 1019, time: 5.75592, dt: 0.0059981, num: 1875
loop: 1020, time: 5.76192, dt: 0.00599867, num: 1875
loop: 1021, time: 5.76792, dt: 0.00599927, num: 1875
loop: 1022, time: 5.77392, dt: 0.00599988, num: 1875
loop: 1023, time: 5.77992, dt: 0.00600053, num: 1875
loop: 1024, time: 5.78592, dt: 0.0060012, num: 1875
loop: 1025, time: 5.79192, dt: 0.00600189, num: 1875
loop: 1026, time: 5.79793, dt: 0.00600261, num: 1875
loop: 1027, time: 5.80393, dt: 0.00600336, num: 1875
write results/00058.dat
loop: 1028, time: 5.80993, dt: 0.00600415, num: 1875
loop: 1029, time: 5.81594, dt: 0.00600496, num: 1875
loop: 1030, time: 5.82193, dt: 0.00599314, num: 1875
loop: 1031, time: 5.82793, dt: 0.00599528, num: 1875
loop: 1032, time: 5.83392, dt: 0.00599748, num: 1875
loop: 1033, time: 5.83992, dt: 0.00599972, num: 1875
loop: 1034, time: 5.84593, dt: 0.00600202, num: 1875
loop: 1035, time: 5.85193, dt: 0.00600438, num: 1875
loop: 1036, time: 5.85794, dt: 0.00600677, num: 1875
loop: 1037, time: 5.86395, dt: 0.00600922, num: 1875
loop: 1038, time: 5.86996, dt: 0.00601171, num: 1875
loop: 1039, time: 5.87597, dt: 0.00601425, num: 1875
loop: 1040, time: 5.88199, dt: 0.00601618, num: 1875
loop: 1041, time: 5.88801, dt: 0.00601743, num: 1875
loop: 1042, time: 5.89402, dt: 0.00601871, num: 1875
loop: 1043, time: 5.90004, dt: 0.00602004, num: 1875
write results/00059.dat
loop: 1044, time: 5.90607, dt: 0.00602141, num: 1875
loop: 1045, time: 5.91209, dt: 0.00602281, num: 1875
loop: 1046, time: 5.9181, dt: 0.00601069, num: 1875
loop: 1047, time: 5.92411, dt: 0.00601199, num: 1875
loop: 1048, time: 5.93012, dt: 0.00601331, num: 1875
loop: 1049, time: 5.93614, dt: 0.00601466, num: 1875
loop: 1050, time: 5.94216, dt: 0.00601604, num: 1875
loop: 1051, time: 5.94817, dt: 0.00601744, num: 1875
loop: 1052, time: 5.95418, dt: 0.00601175, num: 1875
loop: 1053, time: 5.96019, dt: 0.00600506, num: 1875
loop: 1054, time: 5.9662, dt: 0.00600603, num: 1875
loop: 1055, time: 5.9722, dt: 0.00600701, num: 1875
loop: 1056, time: 5.97821, dt: 0.00600802, num: 1875
loop: 1057, time: 5.98422, dt: 0.00600905, num: 1875
loop: 1058, time: 5.99023, dt: 0.0060101, num: 1875
loop: 1059, time: 5.99624, dt: 0.00601117, num: 1875
loop: 1060, time: 6.00225, dt: 0.00601227, num: 1875
write results/00060.dat
loop: 1061, time: 6.00827, dt: 0.00601338, num: 1875
loop: 1062, time: 6.01428, dt: 0.00601452, num: 1875
loop: 1063, time: 6.0203, dt: 0.00601568, num: 1875
loop: 1064, time: 6.02631, dt: 0.00601685, num: 1875
loop: 1065, time: 6.03233, dt: 0.00601805, num: 1875
loop: 1066, time: 6.03835, dt: 0.00601927, num: 1875
loop: 1067, time: 6.04437, dt: 0.00602051, num: 1875
loop: 1068, time: 6.05039, dt: 0.00602176, num: 1875
loop: 1069, time: 6.05642, dt: 0.00602304, num: 1875
loop: 1070, time: 6.06244, dt: 0.00602433, num: 1875
loop: 1071, time: 6.06847, dt: 0.00602563, num: 1875
loop: 1072, time: 6.07449, dt: 0.00602696, num: 1875
loop: 1073, time: 6.08052, dt: 0.0060283, num: 1875
loop: 1074, time: 6.08655, dt: 0.00602808, num: 1875
loop: 1075, time: 6.09258, dt: 0.00602903, num: 1875
loop: 1076, time: 6.09861, dt: 0.00602999, num: 1875
loop: 1077, time: 6.10464, dt: 0.00603096, num: 1875
write results/00061.dat
loop: 1078, time: 6.11067, dt: 0.00603195, num: 1875
loop: 1079, time: 6.1167, dt: 0.00602458, num: 1875
loop: 1080, time: 6.12272, dt: 0.00602525, num: 1875
loop: 1081, time: 6.12875, dt: 0.00602594, num: 1875
loop: 1082, time: 6.13477, dt: 0.00602665, num: 1875
loop: 1083, time: 6.14079, dt: 0.00601633, num: 1875
loop: 1084, time: 6.14681, dt: 0.00601742, num: 1875
loop: 1085, time: 6.15283, dt: 0.00601852, num: 1875
loop: 1086, time: 6.15885, dt: 0.00601961, num: 1875
loop: 1087, time: 6.16487, dt: 0.00602071, num: 1875
loop: 1088, time: 6.17089, dt: 0.00602182, num: 1875
loop: 1089, time: 6.17691, dt: 0.00602236, num: 1875
loop: 1090, time: 6.18293, dt: 0.00602264, num: 1875
loop: 1091, time: 6.18896, dt: 0.00602292, num: 1875
loop: 1092, time: 6.19498, dt: 0.00602321, num: 1875
loop: 1093, time: 6.201, dt: 0.00602349, num: 1875
write results/00062.dat
loop: 1094, time: 6.20703, dt: 0.00602378, num: 1875
loop: 1095, time: 6.21305, dt: 0.00602407, num: 1875
loop: 1096, time: 6.21908, dt: 0.00602436, num: 1875
loop: 1097, time: 6.2251, dt: 0.00602466, num: 1875
loop: 1098, time: 6.23112, dt: 0.00602496, num: 1875
loop: 1099, time: 6.23715, dt: 0.00602526, num: 1875
loop: 1100, time: 6.24318, dt: 0.00602557, num: 1875
loop: 1101, time: 6.24918, dt: 0.00600853, num: 1875
loop: 1102, time: 6.25519, dt: 0.00600782, num: 1875
loop: 1103, time: 6.2612, dt: 0.00600711, num: 1875
loop: 1104, time: 6.26721, dt: 0.00600639, num: 1875
loop: 1105, time: 6.27321, dt: 0.00600568, num: 1875
loop: 1106, time: 6.27922, dt: 0.00600496, num: 1875
loop: 1107, time: 6.28522, dt: 0.00600424, num: 1875
loop: 1108, time: 6.29122, dt: 0.00600352, num: 1875
loop: 1109, time: 6.29723, dt: 0.00600279, num: 1875
loop: 1110, time: 6.30323, dt: 0.00600207, num: 1875
write results/00063.dat
loop: 1111, time: 6.30923, dt: 0.00600136, num: 1875
loop: 1112, time: 6.31523, dt: 0.00600064, num: 1875
loop: 1113, time: 6.32123, dt: 0.00599993, num: 1875
loop: 1114, time: 6.32723, dt: 0.00599921, num: 1875
loop: 1115, time: 6.33323, dt: 0.00599851, num: 1875
loop: 1116, time: 6.33923, dt: 0.00599781, num: 1875
loop: 1117, time: 6.34522, dt: 0.00599711, num: 1875
loop: 1118, time: 6.35122, dt: 0.00599642, num: 1875
loop: 1119, time: 6.35722, dt: 0.00599574, num: 1875
loop: 1120, time: 6.36321, dt: 0.00599506, num: 1875
loop: 1121, time: 6.3692, dt: 0.0059944, num: 1875
loop: 1122, time: 6.3752, dt: 0.00599374, num: 1875
loop: 1123, time: 6.38119, dt: 0.0059931, num: 1875
loop: 1124, time: 6.38718, dt: 0.00599247, num: 1875
loop: 1125, time: 6.39318, dt: 0.00599185, num: 1875
loop: 1126, time: 6.39917, dt: 0.00599125, num: 1875
loop: 1127, time: 6.40516, dt: 0.00599066, num: 1875
write results/00064.dat
loop: 1128, time: 6.41115, dt: 0.00599009, num: 1875
loop: 1129, time: 6.41714, dt: 0.00598954, num: 1875
loop: 1130, time: 6.42313, dt: 0.00598901, num: 1875
loop: 1131, time: 6.42911, dt: 0.00598849, num: 1875
loop: 1132, time: 6.4351, dt: 0.00598801, num: 1875
loop: 1133, time: 6.44109, dt: 0.00598754, num: 1875
loop: 1134, time: 6.44708, dt: 0.00598711, num: 1875
loop: 1135, time: 6.45306, dt: 0.0059867, num: 1875
loop: 1136, time: 6.45905, dt: 0.00598632, num: 1875
loop: 1137, time: 6.46504, dt: 0.00598597, num: 1875
loop: 1138, time: 6.47102, dt: 0.00598565, num: 1875
loop: 1139, time: 6.47701, dt: 0.00598536, num: 1875
loop: 1140, time: 6.48299, dt: 0.00598512, num: 1875
loop: 1141, time: 6.48898, dt: 0.0059849, num: 1875
loop: 1142, time: 6.49496, dt: 0.00598473, num: 1875
loop: 1143, time: 6.50095, dt: 0.0059846, num: 1875
write results/00065.dat
loop: 1144, time: 6.50693, dt: 0.00598451, num: 1875
loop: 1145, time: 6.51292, dt: 0.00598447, num: 1875
loop: 1146, time: 6.5189, dt: 0.00598447, num: 1875
loop: 1147, time: 6.52488, dt: 0.00598451, num: 1875
loop: 1148, time: 6.53087, dt: 0.00598461, num: 1875
loop: 1149, time: 6.53685, dt: 0.00598475, num: 1875
loop: 1150, time: 6.54284, dt: 0.00598494, num: 1875
loop: 1151, time: 6.54882, dt: 0.00598519, num: 1875
loop: 1152, time: 6.55481, dt: 0.00598549, num: 1875
loop: 1153, time: 6.5608, dt: 0.00598584, num: 1875
loop: 1154, time: 6.56678, dt: 0.00598625, num: 1875
loop: 1155, time: 6.57277, dt: 0.00598671, num: 1875
loop: 1156, time: 6.57876, dt: 0.00598722, num: 1875
loop: 1157, time: 6.58474, dt: 0.00598779, num: 1875
loop: 1158, time: 6.59073, dt: 0.00598842, num: 1875
loop: 1159, time: 6.59672, dt: 0.0059891, num: 1875
loop: 1160, time: 6.60271, dt: 0.00598983, num: 1875
write results/00066.dat
loop: 1161, time: 6.6087, dt: 0.00599062, num: 1875
loop: 1162, time: 6.61469, dt: 0.00599147, num: 1875
loop: 1163, time: 6.62069, dt: 0.00599237, num: 1875
loop: 1164, time: 6.62668, dt: 0.00599332, num: 1875
loop: 1165, time: 6.63267, dt: 0.00599432, num: 1875
loop: 1166, time: 6.63867, dt: 0.00599538, num: 1875
loop: 1167, time: 6.64467, dt: 0.00599648, num: 1875
loop: 1168, time: 6.65066, dt: 0.00599763, num: 1875
loop: 1169, time: 6.65666, dt: 0.00599883, num: 1875
loop: 1170, time: 6.66266, dt: 0.00600008, num: 1875
loop: 1171, time: 6.66866, dt: 0.00600137, num: 1875
loop: 1172, time: 6.67467, dt: 0.0060027, num: 1875
loop: 1173, time: 6.68067, dt: 0.00600407, num: 1875
loop: 1174, time: 6.68668, dt: 0.00600547, num: 1875
loop: 1175, time: 6.69268, dt: 0.00600692, num: 1875
loop: 1176, time: 6.69869, dt: 0.0060084, num: 1875
loop: 1177, time: 6.7047, dt: 0.00600991, num: 1875
write results/00067.dat
loop: 1178, time: 6.71071, dt: 0.00601146, num: 1875
loop: 1179, time: 6.71672, dt: 0.00601303, num: 1875
loop: 1180, time: 6.72274, dt: 0.00601463, num: 1875
loop: 1181, time: 6.72876, dt: 0.00601626, num: 1875
loop: 1182, time: 6.73477, dt: 0.00601791, num: 1875
loop: 1183, time: 6.74079, dt: 0.00601958, num: 1875
loop: 1184, time: 6.74681, dt: 0.00602127, num: 1875
loop: 1185, time: 6.75284, dt: 0.00602298, num: 1875
loop: 1186, time: 6.75886, dt: 0.00602471, num: 1875
loop: 1187, time: 6.76489, dt: 0.00602645, num: 1875
loop: 1188, time: 6.77092, dt: 0.00602821, num: 1875
loop: 1189, time: 6.77695, dt: 0.00602998, num: 1875
loop: 1190, time: 6.78298, dt: 0.00603176, num: 1875
loop: 1191, time: 6.78901, dt: 0.00603356, num: 1875
loop: 1192, time: 6.79505, dt: 0.00603536, num: 1875
loop: 1193, time: 6.80108, dt: 0.00603717, num: 1875
write results/00068.dat
loop: 1194, time: 6.80712, dt: 0.00603899, num: 1875
loop: 1195, time: 6.81316, dt: 0.00604082, num: 1875
loop: 1196, time: 6.81921, dt: 0.00604265, num: 1875
loop: 1197, time: 6.82525, dt: 0.00604448, num: 1875
loop: 1198, time: 6.8313, dt: 0.00604633, num: 1875
loop: 1199, time: 6.83735, dt: 0.00604724, num: 1875
loop: 1200, time: 6.84338, dt: 0.00603521, num: 1875
loop: 1201, time: 6.84942, dt: 0.00603582, num: 1875
loop: 1202, time: 6.85545, dt: 0.00603646, num: 1875
loop: 1203, time: 6.86149, dt: 0.00603711, num: 1875
loop: 1204, time: 6.86753, dt: 0.00603778, num: 1875
loop: 1205, time: 6.87357, dt: 0.00603847, num: 1875
loop: 1206, time: 6.87961, dt: 0.00603918, num: 1875
loop: 1207, time: 6.88565, dt: 0.0060399, num: 1875
loop: 1208, time: 6.89169, dt: 0.00604064, num: 1875
loop: 1209, time: 6.89773, dt: 0.0060414, num: 1875
loop: 1210, time: 6.90377, dt: 0.00604217, num: 1875
write results/00069.dat
loop: 1211, time: 6.90981, dt: 0.00604297, num: 1875
loop: 1212, time: 6.91586, dt: 0.00604377, num: 1875
loop: 1213, time: 6.9219, dt: 0.0060446, num: 1875
loop: 1214, time: 6.92795, dt: 0.00604544, num: 1875
loop: 1215, time: 6.93399, dt: 0.0060463, num: 1875
loop: 1216, time: 6.94004, dt: 0.00604717, num: 1875
loop: 1217, time: 6.94609, dt: 0.00604805, num: 1875
loop: 1218, time: 6.95214, dt: 0.00604895, num: 1875
loop: 1219, time: 6.95819, dt: 0.00604974, num: 1875
loop: 1220, time: 6.96424, dt: 0.00605016, num: 1875
loop: 1221, time: 6.97029, dt: 0.0060506, num: 1875
loop: 1222, time: 6.97634, dt: 0.00605105, num: 1875
loop: 1223, time: 6.98239, dt: 0.00605151, num: 1875
loop: 1224, time: 6.98844, dt: 0.00605198, num: 1875
loop: 1225, time: 6.99445, dt: 0.0060094, num: 1875
loop: 1226, time: 7.00046, dt: 0.00601074, num: 1875
write results/00070.dat
loop: 1227, time: 7.00647, dt: 0.00601209, num: 1875
loop: 1228, time: 7.01249, dt: 0.00601344, num: 1875
loop: 1229, time: 7.0185, dt: 0.00601479, num: 1875
loop: 1230, time: 7.02452, dt: 0.00601615, num: 1875
loop: 1231, time: 7.03054, dt: 0.00601751, num: 1875
loop: 1232, time: 7.03655, dt: 0.00601887, num: 1875
loop: 1233, time: 7.04257, dt: 0.00602023, num: 1875
loop: 1234, time: 7.0486, dt: 0.0060216, num: 1875
loop: 1235, time: 7.05462, dt: 0.00602296, num: 1875
loop: 1236, time: 7.06064, dt: 0.00602432, num: 1875
loop: 1237, time: 7.06667, dt: 0.00602568, num: 1875
loop: 1238, time: 7.0727, dt: 0.00602704, num: 1875
loop: 1239, time: 7.07872, dt: 0.00602839, num: 1875
loop: 1240, time: 7.08475, dt: 0.00602974, num: 1875
loop: 1241, time: 7.09079, dt: 0.00603108, num: 1875
loop: 1242, time: 7.09682, dt: 0.00603242, num: 1875
loop: 1243, time: 7.10285, dt: 0.00603375, num: 1875
write results/00071.dat
loop: 1244, time: 7.10889, dt: 0.00603507, num: 1875
loop: 1245, time: 7.11492, dt: 0.00603638, num: 1875
loop: 1246, time: 7.12096, dt: 0.00603768, num: 1875
loop: 1247, time: 7.127, dt: 0.00603898, num: 1875
loop: 1248, time: 7.13304, dt: 0.00604026, num: 1875
loop: 1249, time: 7.13908, dt: 0.00604154, num: 1875
loop: 1250, time: 7.14512, dt: 0.0060428, num: 1875
loop: 1251, time: 7.15117, dt: 0.00604405, num: 1875
loop: 1252, time: 7.15721, dt: 0.00604528, num: 1875
loop: 1253, time: 7.16326, dt: 0.00604651, num: 1875
loop: 1254, time: 7.16931, dt: 0.00604772, num: 1875
loop: 1255, time: 7.17535, dt: 0.00603706, num: 1875
loop: 1256, time: 7.18138, dt: 0.00603824, num: 1875
loop: 1257, time: 7.18742, dt: 0.00603942, num: 1875
loop: 1258, time: 7.19346, dt: 0.0060406, num: 1875
loop: 1259, time: 7.19951, dt: 0.00604177, num: 1875
loop: 1260, time: 7.20555, dt: 0.00604294, num: 1875
write results/00072.dat
loop: 1261, time: 7.21159, dt: 0.00604411, num: 1875
loop: 1262, time: 7.21764, dt: 0.00604528, num: 1875
loop: 1263, time: 7.22368, dt: 0.00604644, num: 1875
loop: 1264, time: 7.22973, dt: 0.0060476, num: 1875
loop: 1265, time: 7.23578, dt: 0.00604875, num: 1875
loop: 1266, time: 7.24183, dt: 0.0060499, num: 1875
loop: 1267, time: 7.24788, dt: 0.00605104, num: 1875
loop: 1268, time: 7.25393, dt: 0.00605218, num: 1875
loop: 1269, time: 7.25999, dt: 0.00605331, num: 1875
loop: 1270, time: 7.26604, dt: 0.00605444, num: 1875
loop: 1271, time: 7.2721, dt: 0.00605556, num: 1875
loop: 1272, time: 7.27815, dt: 0.00605667, num: 1875
loop: 1273, time: 7.28421, dt: 0.00605777, num: 1875
loop: 1274, time: 7.29027, dt: 0.00605887, num: 1875
loop: 1275, time: 7.29633, dt: 0.00605996, num: 1875
loop: 1276, time: 7.30239, dt: 0.00606104, num: 1875
write results/00073.dat
loop: 1277, time: 7.30845, dt: 0.00606211, num: 1875
loop: 1278, time: 7.31451, dt: 0.00606151, num: 1875
loop: 1279, time: 7.32058, dt: 0.00606201, num: 1875
loop: 1280, time: 7.32664, dt: 0.0060625, num: 1875
loop: 1281, time: 7.3327, dt: 0.00606297, num: 1875
loop: 1282, time: 7.33877, dt: 0.00606344, num: 1875
loop: 1283, time: 7.34483, dt: 0.00606389, num: 1875
loop: 1284, time: 7.35089, dt: 0.00606212, num: 1875
loop: 1285, time: 7.35695, dt: 0.00606285, num: 1875
loop: 1286, time: 7.36302, dt: 0.00606357, num: 1875
loop: 1287, time: 7.36908, dt: 0.00606415, num: 1875
loop: 1288, time: 7.37515, dt: 0.00606462, num: 1875
loop: 1289, time: 7.38121, dt: 0.00606509, num: 1875
loop: 1290, time: 7.38728, dt: 0.00606556, num: 1875
loop: 1291, time: 7.39334, dt: 0.00606602, num: 1875
loop: 1292, time: 7.39941, dt: 0.00606647, num: 1875
loop: 1293, time: 7.40548, dt: 0.00606692, num: 1875
write results/00074.dat
loop: 1294, time: 7.41154, dt: 0.00606737, num: 1875
loop: 1295, time: 7.41761, dt: 0.00606782, num: 1875
loop: 1296, time: 7.42368, dt: 0.00606826, num: 1875
loop: 1297, time: 7.42975, dt: 0.00606667, num: 1875
loop: 1298, time: 7.43581, dt: 0.00606731, num: 1875
loop: 1299, time: 7.44188, dt: 0.00606795, num: 1875
loop: 1300, time: 7.44795, dt: 0.00606858, num: 1875
loop: 1301, time: 7.45401, dt: 0.00605641, num: 1875
loop: 1302, time: 7.46006, dt: 0.00605744, num: 1875
loop: 1303, time: 7.46612, dt: 0.00605846, num: 1875
loop: 1304, time: 7.47218, dt: 0.00605948, num: 1875
loop: 1305, time: 7.47824, dt: 0.00606049, num: 1875
loop: 1306, time: 7.4843, dt: 0.00606149, num: 1875
loop: 1307, time: 7.49037, dt: 0.00606248, num: 1875
loop: 1308, time: 7.49643, dt: 0.00606347, num: 1875
loop: 1309, time: 7.50249, dt: 0.00606446, num: 1875
write results/00075.dat
loop: 1310, time: 7.50856, dt: 0.00606543, num: 1875
loop: 1311, time: 7.51463, dt: 0.0060664, num: 1875
loop: 1312, time: 7.52069, dt: 0.00606736, num: 1875
loop: 1313, time: 7.52676, dt: 0.00606832, num: 1875
loop: 1314, time: 7.53283, dt: 0.00606926, num: 1875
loop: 1315, time: 7.5389, dt: 0.0060702, num: 1875
loop: 1316, time: 7.54497, dt: 0.00607114, num: 1875
loop: 1317, time: 7.55105, dt: 0.00607206, num: 1875
loop: 1318, time: 7.55712, dt: 0.00607297, num: 1875
loop: 1319, time: 7.56319, dt: 0.00607388, num: 1875
loop: 1320, time: 7.56927, dt: 0.00607478, num: 1875
loop: 1321, time: 7.57534, dt: 0.00607567, num: 1875
loop: 1322, time: 7.58142, dt: 0.00607655, num: 1875
loop: 1323, time: 7.5875, dt: 0.00607688, num: 1875
loop: 1324, time: 7.59357, dt: 0.00607718, num: 1875
loop: 1325, time: 7.59965, dt: 0.00607748, num: 1875
loop: 1326, time: 7.60573, dt: 0.00607778, num: 1875
write results/00076.dat
loop: 1327, time: 7.61181, dt: 0.00607808, num: 1875
loop: 1328, time: 7.61788, dt: 0.00607839, num: 1875
loop: 1329, time: 7.62395, dt: 0.00606474, num: 1875
loop: 1330, time: 7.63001, dt: 0.00606539, num: 1875
loop: 1331, time: 7.63608, dt: 0.00606605, num: 1875
loop: 1332, time: 7.64215, dt: 0.00606672, num: 1875
loop: 1333, time: 7.64822, dt: 0.00606739, num: 1875
loop: 1334, time: 7.65428, dt: 0.00606807, num: 1875
loop: 1335, time: 7.66035, dt: 0.00606876, num: 1875
loop: 1336, time: 7.66642, dt: 0.00606945, num: 1875
loop: 1337, time: 7.67249, dt: 0.00607015, num: 1875
loop: 1338, time: 7.67856, dt: 0.00607086, num: 1875
loop: 1339, time: 7.68463, dt: 0.00607157, num: 1875
loop: 1340, time: 7.69071, dt: 0.00607229, num: 1875
loop: 1341, time: 7.69678, dt: 0.00607301, num: 1875
loop: 1342, time: 7.70285, dt: 0.00607374, num: 1875
write results/00077.dat
loop: 1343, time: 7.70893, dt: 0.00607448, num: 1875
loop: 1344, time: 7.71499, dt: 0.00605845, num: 1875
loop: 1345, time: 7.72104, dt: 0.00605894, num: 1875
loop: 1346, time: 7.7271, dt: 0.00605944, num: 1875
loop: 1347, time: 7.73316, dt: 0.00605995, num: 1875
loop: 1348, time: 7.73922, dt: 0.00606046, num: 1875
loop: 1349, time: 7.74529, dt: 0.00606097, num: 1875
loop: 1350, time: 7.75135, dt: 0.00606149, num: 1875
loop: 1351, time: 7.75741, dt: 0.00606202, num: 1875
loop: 1352, time: 7.76347, dt: 0.00606255, num: 1875
loop: 1353, time: 7.76953, dt: 0.00606308, num: 1875
loop: 1354, time: 7.7756, dt: 0.00606362, num: 1875
loop: 1355, time: 7.78166, dt: 0.00606416, num: 1875
loop: 1356, time: 7.78773, dt: 0.00606471, num: 1875
loop: 1357, time: 7.79379, dt: 0.00606526, num: 1875
loop: 1358, time: 7.79986, dt: 0.00606582, num: 1875
loop: 1359, time: 7.80592, dt: 0.00606637, num: 1875
write results/00078.dat
loop: 1360, time: 7.81199, dt: 0.00606424, num: 1875
loop: 1361, time: 7.81805, dt: 0.00606481, num: 1875
loop: 1362, time: 7.82412, dt: 0.00606538, num: 1875
loop: 1363, time: 7.83019, dt: 0.00606595, num: 1875
loop: 1364, time: 7.83625, dt: 0.00606653, num: 1875
loop: 1365, time: 7.84232, dt: 0.00606711, num: 1875
loop: 1366, time: 7.84839, dt: 0.00606769, num: 1875
loop: 1367, time: 7.85445, dt: 0.00606828, num: 1875
loop: 1368, time: 7.86052, dt: 0.00606886, num: 1875
loop: 1369, time: 7.86659, dt: 0.00606945, num: 1875
loop: 1370, time: 7.87266, dt: 0.00607005, num: 1875
loop: 1371, time: 7.87873, dt: 0.00607064, num: 1875
loop: 1372, time: 7.8848, dt: 0.00607124, num: 1875
loop: 1373, time: 7.89088, dt: 0.00607183, num: 1875
loop: 1374, time: 7.89695, dt: 0.00607243, num: 1875
loop: 1375, time: 7.90302, dt: 0.00607303, num: 1875
write results/00079.dat
loop: 1376, time: 7.9091, dt: 0.00607363, num: 1875
loop: 1377, time: 7.91517, dt: 0.00607424, num: 1875
loop: 1378, time: 7.92124, dt: 0.00606606, num: 1875
loop: 1379, time: 7.9273, dt: 0.00606664, num: 1875
loop: 1380, time: 7.93337, dt: 0.00606722, num: 1875
loop: 1381, time: 7.93944, dt: 0.0060678, num: 1875
loop: 1382, time: 7.94551, dt: 0.00606838, num: 1875
loop: 1383, time: 7.95158, dt: 0.00606896, num: 1875
loop: 1384, time: 7.95764, dt: 0.00606954, num: 1875
loop: 1385, time: 7.96371, dt: 0.00607012, num: 1875
loop: 1386, time: 7.96979, dt: 0.0060707, num: 1875
loop: 1387, time: 7.97586, dt: 0.00607127, num: 1875
loop: 1388, time: 7.98193, dt: 0.00607184, num: 1875
loop: 1389, time: 7.988, dt: 0.00607241, num: 1875
loop: 1390, time: 7.99407, dt: 0.00607298, num: 1875
loop: 1391, time: 8.00015, dt: 0.00607353, num: 1875
write results/00080.dat
loop: 1392, time: 8.00622, dt: 0.00607395, num: 1875
loop: 1393, time: 8.0123, dt: 0.00607437, num: 1875
loop: 1394, time: 8.01837, dt: 0.00607479, num: 1875
loop: 1395, time: 8.02445, dt: 0.00607521, num: 1875
loop: 1396, time: 8.03052, dt: 0.00607564, num: 1875
loop: 1397, time: 8.0366, dt: 0.00607606, num: 1875
loop: 1398, time: 8.04267, dt: 0.00607648, num: 1875
loop: 1399, time: 8.04875, dt: 0.00607691, num: 1875
loop: 1400, time: 8.05483, dt: 0.00607733, num: 1875
loop: 1401, time: 8.06091, dt: 0.00607775, num: 1875
loop: 1402, time: 8.06698, dt: 0.00607817, num: 1875
loop: 1403, time: 8.07306, dt: 0.0060786, num: 1875
loop: 1404, time: 8.07914, dt: 0.00607902, num: 1875
loop: 1405, time: 8.08522, dt: 0.00607944, num: 1875
loop: 1406, time: 8.0913, dt: 0.00607987, num: 1875
loop: 1407, time: 8.09738, dt: 0.00608029, num: 1875
loop: 1408, time: 8.10346, dt: 0.00608071, num: 1875
write results/00081.dat
loop: 1409, time: 8.10954, dt: 0.00608114, num: 1875
loop: 1410, time: 8.11562, dt: 0.00608156, num: 1875
loop: 1411, time: 8.12171, dt: 0.00608199, num: 1875
loop: 1412, time: 8.12779, dt: 0.00608241, num: 1875
loop: 1413, time: 8.13387, dt: 0.00608283, num: 1875
loop: 1414, time: 8.13996, dt: 0.00608326, num: 1875
loop: 1415, time: 8.14604, dt: 0.00608368, num: 1875
loop: 1416, time: 8.15212, dt: 0.0060841, num: 1875
loop: 1417, time: 8.15821, dt: 0.00608452, num: 1875
loop: 1418, time: 8.16429, dt: 0.00608495, num: 1875
loop: 1419, time: 8.17038, dt: 0.00608537, num: 1875
loop: 1420, time: 8.17646, dt: 0.00608579, num: 1875
loop: 1421, time: 8.18255, dt: 0.00608621, num: 1875
loop: 1422, time: 8.18864, dt: 0.00608664, num: 1875
loop: 1423, time: 8.19472, dt: 0.00608706, num: 1875
loop: 1424, time: 8.20081, dt: 0.00608748, num: 1875
write results/00082.dat
loop: 1425, time: 8.2069, dt: 0.00608518, num: 1875
loop: 1426, time: 8.21298, dt: 0.00608552, num: 1875
loop: 1427, time: 8.21907, dt: 0.00608587, num: 1875
loop: 1428, time: 8.22515, dt: 0.00608622, num: 1875
loop: 1429, time: 8.23124, dt: 0.00608657, num: 1875
loop: 1430, time: 8.23733, dt: 0.00608691, num: 1875
loop: 1431, time: 8.24341, dt: 0.00608725, num: 1875
loop: 1432, time: 8.2495, dt: 0.0060876, num: 1875
loop: 1433, time: 8.25559, dt: 0.00608794, num: 1875
loop: 1434, time: 8.26168, dt: 0.00608828, num: 1875
loop: 1435, time: 8.26777, dt: 0.00608861, num: 1875
loop: 1436, time: 8.27386, dt: 0.00608895, num: 1875
loop: 1437, time: 8.27995, dt: 0.00608928, num: 1875
loop: 1438, time: 8.28603, dt: 0.00608962, num: 1875
loop: 1439, time: 8.29212, dt: 0.00608995, num: 1875
loop: 1440, time: 8.29822, dt: 0.00609028, num: 1875
loop: 1441, time: 8.30431, dt: 0.0060906, num: 1875
write results/00083.dat
loop: 1442, time: 8.3104, dt: 0.00609093, num: 1875
loop: 1443, time: 8.31649, dt: 0.00609125, num: 1875
loop: 1444, time: 8.32257, dt: 0.00608252, num: 1875
loop: 1445, time: 8.32865, dt: 0.00608306, num: 1875
loop: 1446, time: 8.33474, dt: 0.0060836, num: 1875
loop: 1447, time: 8.34082, dt: 0.00608415, num: 1875
loop: 1448, time: 8.34691, dt: 0.00608469, num: 1875
loop: 1449, time: 8.35299, dt: 0.00608524, num: 1875
loop: 1450, time: 8.35908, dt: 0.00608579, num: 1875
loop: 1451, time: 8.36516, dt: 0.00608634, num: 1875
loop: 1452, time: 8.37125, dt: 0.00608689, num: 1875
loop: 1453, time: 8.37734, dt: 0.00608745, num: 1875
loop: 1454, time: 8.38343, dt: 0.006088, num: 1875
loop: 1455, time: 8.38951, dt: 0.00608855, num: 1875
loop: 1456, time: 8.3956, dt: 0.00608911, num: 1875
loop: 1457, time: 8.40169, dt: 0.00608966, num: 1875
write results/00084.dat
loop: 1458, time: 8.40778, dt: 0.00609022, num: 1875
loop: 1459, time: 8.41387, dt: 0.00609077, num: 1875
loop: 1460, time: 8.41997, dt: 0.00609133, num: 1875
loop: 1461, time: 8.42606, dt: 0.00609188, num: 1875
loop: 1462, time: 8.43215, dt: 0.00609244, num: 1875
loop: 1463, time: 8.43824, dt: 0.00609299, num: 1875
loop: 1464, time: 8.44434, dt: 0.00609355, num: 1875
loop: 1465, time: 8.45043, dt: 0.0060941, num: 1875
loop: 1466, time: 8.45652, dt: 0.00609465, num: 1875
loop: 1467, time: 8.46262, dt: 0.0060952, num: 1875
loop: 1468, time: 8.46872, dt: 0.00609575, num: 1875
loop: 1469, time: 8.47481, dt: 0.00609629, num: 1875
loop: 1470, time: 8.48091, dt: 0.00609684, num: 1875
loop: 1471, time: 8.48701, dt: 0.00609738, num: 1875
loop: 1472, time: 8.4931, dt: 0.00609793, num: 1875
loop: 1473, time: 8.4992, dt: 0.00609847, num: 1875
loop: 1474, time: 8.5053, dt: 0.006099, num: 1875
write results/00085.dat
loop: 1475, time: 8.5114, dt: 0.00609954, num: 1875
loop: 1476, time: 8.5175, dt: 0.00610007, num: 1875
loop: 1477, time: 8.5236, dt: 0.00610061, num: 1875
loop: 1478, time: 8.5297, dt: 0.00610059, num: 1875
loop: 1479, time: 8.5358, dt: 0.00610085, num: 1875
loop: 1480, time: 8.5419, dt: 0.00610111, num: 1875
loop: 1481, time: 8.54801, dt: 0.00610137, num: 1875
loop: 1482, time: 8.55411, dt: 0.00610164, num: 1875
loop: 1483, time: 8.56021, dt: 0.0061019, num: 1875
loop: 1484, time: 8.56631, dt: 0.00610216, num: 1875
loop: 1485, time: 8.57241, dt: 0.00610242, num: 1875
loop: 1486, time: 8.57852, dt: 0.00610269, num: 1875
loop: 1487, time: 8.58462, dt: 0.00610291, num: 1875
loop: 1488, time: 8.59072, dt: 0.00610312, num: 1875
loop: 1489, time: 8.59683, dt: 0.00610332, num: 1875
loop: 1490, time: 8.60293, dt: 0.00610353, num: 1875
write results/00086.dat
loop: 1491, time: 8.60903, dt: 0.00610374, num: 1875
loop: 1492, time: 8.61514, dt: 0.00610394, num: 1875
loop: 1493, time: 8.62124, dt: 0.00610414, num: 1875
loop: 1494, time: 8.62735, dt: 0.00610434, num: 1875
loop: 1495, time: 8.63345, dt: 0.00610454, num: 1875
loop: 1496, time: 8.63956, dt: 0.00610473, num: 1875
loop: 1497, time: 8.64566, dt: 0.00610493, num: 1875
loop: 1498, time: 8.65177, dt: 0.00610512, num: 1875
loop: 1499, time: 8.65787, dt: 0.00610532, num: 1875
loop: 1500, time: 8.66398, dt: 0.00610551, num: 1875
loop: 1501, time: 8.67008, dt: 0.0061057, num: 1875
loop: 1502, time: 8.67619, dt: 0.00610588, num: 1875
loop: 1503, time: 8.68229, dt: 0.00610607, num: 1875
loop: 1504, time: 8.6884, dt: 0.00610626, num: 1875
loop: 1505, time: 8.6945, dt: 0.00610404, num: 1875
loop: 1506, time: 8.70061, dt: 0.00610423, num: 1875
write results/00087.dat
loop: 1507, time: 8.70671, dt: 0.00610441, num: 1875
loop: 1508, time: 8.71282, dt: 0.00610459, num: 1875
loop: 1509, time: 8.71892, dt: 0.00610478, num: 1875
loop: 1510, time: 8.72503, dt: 0.00610496, num: 1875
loop: 1511, time: 8.73113, dt: 0.00610514, num: 1875
loop: 1512, time: 8.73724, dt: 0.00610532, num: 1875
loop: 1513, time: 8.74334, dt: 0.0061055, num: 1875
loop: 1514, time: 8.74945, dt: 0.00610567, num: 1875
loop: 1515, time: 8.75555, dt: 0.00610585, num: 1875
loop: 1516, time: 8.76166, dt: 0.00610603, num: 1875
loop: 1517, time: 8.76777, dt: 0.0061062, num: 1875
loop: 1518, time: 8.77387, dt: 0.00610638, num: 1875
loop: 1519, time: 8.77998, dt: 0.00610655, num: 1875
loop: 1520, time: 8.78609, dt: 0.00610673, num: 1875
loop: 1521, time: 8.79219, dt: 0.0061069, num: 1875
loop: 1522, time: 8.7983, dt: 0.00610707, num: 1875
loop: 1523, time: 8.80441, dt: 0.00610725, num: 1875
write results/00088.dat
loop: 1524, time: 8.81051, dt: 0.00610742, num: 1875
loop: 1525, time: 8.81662, dt: 0.00610759, num: 1875
loop: 1526, time: 8.82273, dt: 0.00610776, num: 1875
loop: 1527, time: 8.82882, dt: 0.00609401, num: 1875
loop: 1528, time: 8.83492, dt: 0.00609425, num: 1875
loop: 1529, time: 8.84101, dt: 0.0060945, num: 1875
loop: 1530, time: 8.84711, dt: 0.00609476, num: 1875
loop: 1531, time: 8.8532, dt: 0.00609503, num: 1875
loop: 1532, time: 8.8593, dt: 0.0060953, num: 1875
loop: 1533, time: 8.86539, dt: 0.00609558, num: 1875
loop: 1534, time: 8.87149, dt: 0.00609586, num: 1875
loop: 1535, time: 8.87759, dt: 0.00609615, num: 1875
loop: 1536, time: 8.88368, dt: 0.00609645, num: 1875
loop: 1537, time: 8.88978, dt: 0.00609675, num: 1875
loop: 1538, time: 8.89588, dt: 0.00609706, num: 1875
loop: 1539, time: 8.90197, dt: 0.00609737, num: 1875
write results/00089.dat
loop: 1540, time: 8.90807, dt: 0.00609769, num: 1875
loop: 1541, time: 8.91417, dt: 0.00609802, num: 1875
loop: 1542, time: 8.92027, dt: 0.00609835, num: 1875
loop: 1543, time: 8.92637, dt: 0.00609868, num: 1875
loop: 1544, time: 8.93247, dt: 0.00609902, num: 1875
loop: 1545, time: 8.93856, dt: 0.00609937, num: 1875
loop: 1546, time: 8.94466, dt: 0.00609972, num: 1875
loop: 1547, time: 8.95076, dt: 0.00610007, num: 1875
loop: 1548, time: 8.95686, dt: 0.00610043, num: 1875
loop: 1549, time: 8.96297, dt: 0.0061008, num: 1875
loop: 1550, time: 8.96907, dt: 0.00610117, num: 1875
loop: 1551, time: 8.97517, dt: 0.00610154, num: 1875
loop: 1552, time: 8.98127, dt: 0.00610192, num: 1875
loop: 1553, time: 8.98737, dt: 0.0061023, num: 1875
loop: 1554, time: 8.99348, dt: 0.00610268, num: 1875
loop: 1555, time: 8.99958, dt: 0.00610307, num: 1875
loop: 1556, time: 9.00568, dt: 0.00610346, num: 1875
write results/00090.dat
loop: 1557, time: 9.01179, dt: 0.00610386, num: 1875
loop: 1558, time: 9.01789, dt: 0.00610426, num: 1875
loop: 1559, time: 9.02399, dt: 0.00610466, num: 1875
loop: 1560, time: 9.0301, dt: 0.00610507, num: 1875
loop: 1561, time: 9.0362, dt: 0.00610547, num: 1875
loop: 1562, time: 9.04231, dt: 0.00610588, num: 1875
loop: 1563, time: 9.04842, dt: 0.0061063, num: 1875
loop: 1564, time: 9.05452, dt: 0.00610671, num: 1875
loop: 1565, time: 9.06063, dt: 0.00610713, num: 1875
loop: 1566, time: 9.06674, dt: 0.00610756, num: 1875
loop: 1567, time: 9.07285, dt: 0.00610798, num: 1875
loop: 1568, time: 9.07894, dt: 0.00609283, num: 1875
loop: 1569, time: 9.08503, dt: 0.00609308, num: 1875
loop: 1570, time: 9.09113, dt: 0.00609333, num: 1875
loop: 1571, time: 9.09722, dt: 0.00609358, num: 1875
loop: 1572, time: 9.10331, dt: 0.00609383, num: 1875
write results/00091.dat
loop: 1573, time: 9.10941, dt: 0.00609407, num: 1875
loop: 1574, time: 9.1155, dt: 0.00609431, num: 1875
loop: 1575, time: 9.1216, dt: 0.00609455, num: 1875
loop: 1576, time: 9.12769, dt: 0.00609479, num: 1875
loop: 1577, time: 9.13379, dt: 0.00609503, num: 1875
loop: 1578, time: 9.13988, dt: 0.00609526, num: 1875
loop: 1579, time: 9.14598, dt: 0.00609549, num: 1875
loop: 1580, time: 9.15207, dt: 0.00609572, num: 1875
loop: 1581, time: 9.15817, dt: 0.00609595, num: 1875
loop: 1582, time: 9.16426, dt: 0.00609618, num: 1875
loop: 1583, time: 9.17036, dt: 0.0060964, num: 1875
loop: 1584, time: 9.17646, dt: 0.00609662, num: 1875
loop: 1585, time: 9.18255, dt: 0.00609684, num: 1875
loop: 1586, time: 9.18865, dt: 0.00609706, num: 1875
loop: 1587, time: 9.19475, dt: 0.00609728, num: 1875
loop: 1588, time: 9.20085, dt: 0.00609749, num: 1875
write results/00092.dat
loop: 1589, time: 9.20694, dt: 0.0060977, num: 1875
loop: 1590, time: 9.21304, dt: 0.00609792, num: 1875
loop: 1591, time: 9.21914, dt: 0.00609813, num: 1875
loop: 1592, time: 9.22524, dt: 0.00609834, num: 1875
loop: 1593, time: 9.23134, dt: 0.00609854, num: 1875
loop: 1594, time: 9.23744, dt: 0.00609875, num: 1875
loop: 1595, time: 9.24353, dt: 0.00609896, num: 1875
loop: 1596, time: 9.24963, dt: 0.00609916, num: 1875
loop: 1597, time: 9.25573, dt: 0.00609936, num: 1875
loop: 1598, time: 9.26183, dt: 0.00609956, num: 1875
loop: 1599, time: 9.26793, dt: 0.00609976, num: 1875
loop: 1600, time: 9.27403, dt: 0.00609996, num: 1875
loop: 1601, time: 9.28013, dt: 0.00610016, num: 1875
loop: 1602, time: 9.28623, dt: 0.00610036, num: 1875
loop: 1603, time: 9.29233, dt: 0.00610056, num: 1875
loop: 1604, time: 9.29843, dt: 0.00610075, num: 1875
loop: 1605, time: 9.30454, dt: 0.00610094, num: 1875
write results/00093.dat
loop: 1606, time: 9.31064, dt: 0.00610114, num: 1875
loop: 1607, time: 9.31674, dt: 0.00610133, num: 1875
loop: 1608, time: 9.32284, dt: 0.00610152, num: 1875
loop: 1609, time: 9.32894, dt: 0.00610171, num: 1875
loop: 1610, time: 9.33504, dt: 0.0061019, num: 1875
loop: 1611, time: 9.34114, dt: 0.00610209, num: 1875
loop: 1612, time: 9.34725, dt: 0.00610228, num: 1875
loop: 1613, time: 9.35335, dt: 0.00610247, num: 1875
loop: 1614, time: 9.35945, dt: 0.00610266, num: 1875
loop: 1615, time: 9.36556, dt: 0.00610284, num: 1875
loop: 1616, time: 9.37166, dt: 0.00610303, num: 1875
loop: 1617, time: 9.37776, dt: 0.00610321, num: 1875
loop: 1618, time: 9.38386, dt: 0.0061034, num: 1875
loop: 1619, time: 9.38997, dt: 0.00610358, num: 1875
loop: 1620, time: 9.39607, dt: 0.00610376, num: 1875
loop: 1621, time: 9.40218, dt: 0.00610394, num: 1875
write results/00094.dat
loop: 1622, time: 9.40828, dt: 0.00610413, num: 1875
loop: 1623, time: 9.41438, dt: 0.00610431, num: 1875
loop: 1624, time: 9.42049, dt: 0.00610448, num: 1875
loop: 1625, time: 9.42659, dt: 0.00610466, num: 1875
loop: 1626, time: 9.4327, dt: 0.00610484, num: 1875
loop: 1627, time: 9.4388, dt: 0.00610502, num: 1875
loop: 1628, time: 9.44491, dt: 0.00610519, num: 1875
loop: 1629, time: 9.45101, dt: 0.00610537, num: 1875
loop: 1630, time: 9.45712, dt: 0.00610554, num: 1875
loop: 1631, time: 9.46323, dt: 0.00610571, num: 1875
loop: 1632, time: 9.46933, dt: 0.00610589, num: 1875
loop: 1633, time: 9.47544, dt: 0.00610606, num: 1875
loop: 1634, time: 9.48154, dt: 0.00610623, num: 1875
loop: 1635, time: 9.48765, dt: 0.00610639, num: 1875
loop: 1636, time: 9.49376, dt: 0.00610656, num: 1875
loop: 1637, time: 9.49986, dt: 0.00610673, num: 1875
loop: 1638, time: 9.50597, dt: 0.00610689, num: 1875
write results/00095.dat
loop: 1639, time: 9.51208, dt: 0.00610706, num: 1875
loop: 1640, time: 9.51818, dt: 0.00610663, num: 1875
loop: 1641, time: 9.52429, dt: 0.00610691, num: 1875
loop: 1642, time: 9.5304, dt: 0.00610719, num: 1875
loop: 1643, time: 9.53651, dt: 0.00610746, num: 1875
loop: 1644, time: 9.54261, dt: 0.00610773, num: 1875
loop: 1645, time: 9.54872, dt: 0.00610761, num: 1875
loop: 1646, time: 9.55483, dt: 0.00610749, num: 1875
loop: 1647, time: 9.56094, dt: 0.00610737, num: 1875
loop: 1648, time: 9.56704, dt: 0.00610725, num: 1875
loop: 1649, time: 9.57315, dt: 0.00610714, num: 1875
loop: 1650, time: 9.57926, dt: 0.00610703, num: 1875
loop: 1651, time: 9.58536, dt: 0.00610693, num: 1875
loop: 1652, time: 9.59147, dt: 0.00610683, num: 1875
loop: 1653, time: 9.59758, dt: 0.00610674, num: 1875
loop: 1654, time: 9.60368, dt: 0.00610665, num: 1875
write results/00096.dat
loop: 1655, time: 9.60978, dt: 0.00610079, num: 1875
loop: 1656, time: 9.61589, dt: 0.00610084, num: 1875
loop: 1657, time: 9.62199, dt: 0.00610089, num: 1875
loop: 1658, time: 9.62809, dt: 0.00610094, num: 1875
loop: 1659, time: 9.63419, dt: 0.00610099, num: 1875
loop: 1660, time: 9.64029, dt: 0.00610104, num: 1875
loop: 1661, time: 9.64639, dt: 0.00610109, num: 1875
loop: 1662, time: 9.65249, dt: 0.00610115, num: 1875
loop: 1663, time: 9.65859, dt: 0.0061012, num: 1875
loop: 1664, time: 9.66469, dt: 0.00610126, num: 1875
loop: 1665, time: 9.6708, dt: 0.00610131, num: 1875
loop: 1666, time: 9.6769, dt: 0.00610137, num: 1875
loop: 1667, time: 9.683, dt: 0.00610143, num: 1875
loop: 1668, time: 9.6891, dt: 0.00610149, num: 1875
loop: 1669, time: 9.6952, dt: 0.00610156, num: 1875
loop: 1670, time: 9.7013, dt: 0.00610162, num: 1875
write results/00097.dat
loop: 1671, time: 9.7074, dt: 0.00610168, num: 1875
loop: 1672, time: 9.71351, dt: 0.00610175, num: 1875
loop: 1673, time: 9.71961, dt: 0.00610182, num: 1875
loop: 1674, time: 9.72571, dt: 0.00610189, num: 1875
loop: 1675, time: 9.73181, dt: 0.00610196, num: 1875
loop: 1676, time: 9.73791, dt: 0.00610203, num: 1875
loop: 1677, time: 9.74402, dt: 0.00610211, num: 1875
loop: 1678, time: 9.75012, dt: 0.00610218, num: 1875
loop: 1679, time: 9.75622, dt: 0.00610226, num: 1875
loop: 1680, time: 9.76232, dt: 0.00610234, num: 1875
loop: 1681, time: 9.76843, dt: 0.00610242, num: 1875
loop: 1682, time: 9.77453, dt: 0.0061025, num: 1875
loop: 1683, time: 9.78063, dt: 0.00610259, num: 1875
loop: 1684, time: 9.78673, dt: 0.00610268, num: 1875
loop: 1685, time: 9.79284, dt: 0.00610276, num: 1875
loop: 1686, time: 9.79894, dt: 0.00610285, num: 1875
loop: 1687, time: 9.80504, dt: 0.00610295, num: 1875
write results/00098.dat
loop: 1688, time: 9.81114, dt: 0.00610304, num: 1875
loop: 1689, time: 9.81725, dt: 0.00610314, num: 1875
loop: 1690, time: 9.82331, dt: 0.00606552, num: 1875
loop: 1691, time: 9.82938, dt: 0.00606572, num: 1875
loop: 1692, time: 9.83545, dt: 0.00606593, num: 1875
loop: 1693, time: 9.84151, dt: 0.00606614, num: 1875
loop: 1694, time: 9.84758, dt: 0.00606637, num: 1875
loop: 1695, time: 9.85364, dt: 0.00606659, num: 1875
loop: 1696, time: 9.85971, dt: 0.00606683, num: 1875
loop: 1697, time: 9.86578, dt: 0.00606707, num: 1875
loop: 1698, time: 9.87185, dt: 0.00606732, num: 1875
loop: 1699, time: 9.87791, dt: 0.00606757, num: 1875
loop: 1700, time: 9.88398, dt: 0.00606784, num: 1875
loop: 1701, time: 9.89005, dt: 0.0060681, num: 1875
loop: 1702, time: 9.89612, dt: 0.00606838, num: 1875
loop: 1703, time: 9.90219, dt: 0.00606866, num: 1875
write results/00099.dat
loop: 1704, time: 9.90825, dt: 0.00606895, num: 1875
loop: 1705, time: 9.91432, dt: 0.00606925, num: 1875
loop: 1706, time: 9.92039, dt: 0.00606955, num: 1875
loop: 1707, time: 9.92646, dt: 0.00606986, num: 1875
loop: 1708, time: 9.93253, dt: 0.00607018, num: 1875
loop: 1709, time: 9.9386, dt: 0.0060705, num: 1875
loop: 1710, time: 9.94468, dt: 0.00607083, num: 1875
loop: 1711, time: 9.95075, dt: 0.00607117, num: 1875
loop: 1712, time: 9.95682, dt: 0.00607151, num: 1875
loop: 1713, time: 9.96289, dt: 0.00607186, num: 1875
loop: 1714, time: 9.96896, dt: 0.00607221, num: 1875
loop: 1715, time: 9.97503, dt: 0.00607258, num: 1875
loop: 1716, time: 9.98111, dt: 0.00607295, num: 1875
loop: 1717, time: 9.98718, dt: 0.00607332, num: 1875
loop: 1718, time: 9.99325, dt: 0.00607371, num: 1875
loop: 1719, time: 9.99933, dt: 0.00607409, num: 1875
loop: 1720, time: 10.0054, dt: 0.00607449, num: 1875
write results/00100.dat

calculation is finished
calculation time: 79119 ms
