mkdir results
OpenMP is enabled.
Number of threads = 8
app_name: khi
Using algorithm: GSPH
Initialization complete. Particle count=1875
write results/00000.dat
loop: 1, time: 0.00321139, dt: 0.00321139, num: 1875
loop: 2, time: 0.0065284, dt: 0.00331701, num: 1875
loop: 3, time: 0.0099512, dt: 0.0034228, num: 1875
loop: 4, time: 0.0134281, dt: 0.00347687, num: 1875
loop: 5, time: 0.0169743, dt: 0.00354627, num: 1875
loop: 6, time: 0.0206008, dt: 0.00362647, num: 1875
loop: 7, time: 0.0243192, dt: 0.00371844, num: 1875
loop: 8, time: 0.0279573, dt: 0.00363801, num: 1875
loop: 9, time: 0.0316497, dt: 0.00369246, num: 1875
loop: 10, time: 0.0354001, dt: 0.00375041, num: 1875
loop: 11, time: 0.0392155, dt: 0.00381538, num: 1875
loop: 12, time: 0.0431068, dt: 0.00389127, num: 1875
loop: 13, time: 0.0470854, dt: 0.00397857, num: 1875
loop: 14, time: 0.0510373, dt: 0.0039519, num: 1875
loop: 15, time: 0.0550624, dt: 0.00402512, num: 1875
loop: 16, time: 0.059159, dt: 0.00409661, num: 1875
loop: 17, time: 0.0633194, dt: 0.00416041, num: 1875
loop: 18, time: 0.0675321, dt: 0.00421275, num: 1875
loop: 19, time: 0.0716685, dt: 0.00413639, num: 1875
loop: 20, time: 0.075857, dt: 0.00418845, num: 1875
loop: 21, time: 0.0800083, dt: 0.00415132, num: 1875
loop: 22, time: 0.0841792, dt: 0.00417092, num: 1875
loop: 23, time: 0.0883663, dt: 0.00418704, num: 1875
loop: 24, time: 0.0925695, dt: 0.00420324, num: 1875
loop: 25, time: 0.096573, dt: 0.00400345, num: 1875
loop: 26, time: 0.100588, dt: 0.00401471, num: 1875
write results/00001.dat
loop: 27, time: 0.10462, dt: 0.00403205, num: 1875
loop: 28, time: 0.10868, dt: 0.00406064, num: 1875
loop: 29, time: 0.112783, dt: 0.00410268, num: 1875
loop: 30, time: 0.116945, dt: 0.00416242, num: 1875
loop: 31, time: 0.121161, dt: 0.00421564, num: 1875
loop: 32, time: 0.125133, dt: 0.00397235, num: 1875
loop: 33, time: 0.129157, dt: 0.00402311, num: 1875
loop: 34, time: 0.13324, dt: 0.00408365, num: 1875
loop: 35, time: 0.137397, dt: 0.00415663, num: 1875
loop: 36, time: 0.141637, dt: 0.00423983, num: 1875
loop: 37, time: 0.145968, dt: 0.00433158, num: 1875
loop: 38, time: 0.150395, dt: 0.00442645, num: 1875
loop: 39, time: 0.154669, dt: 0.00427442, num: 1875
loop: 40, time: 0.158976, dt: 0.00430698, num: 1875
loop: 41, time: 0.163327, dt: 0.00435062, num: 1875
loop: 42, time: 0.167729, dt: 0.00440276, num: 1875
loop: 43, time: 0.172182, dt: 0.00445254, num: 1875
loop: 44, time: 0.176682, dt: 0.00450049, num: 1875
loop: 45, time: 0.18123, dt: 0.00454702, num: 1875
loop: 46, time: 0.185615, dt: 0.00438555, num: 1875
loop: 47, time: 0.190017, dt: 0.00440168, num: 1875
loop: 48, time: 0.194451, dt: 0.0044338, num: 1875
loop: 49, time: 0.198926, dt: 0.00447587, num: 1875
loop: 50, time: 0.20345, dt: 0.00452377, num: 1875
write results/00002.dat
loop: 51, time: 0.208022, dt: 0.00457167, num: 1875
loop: 52, time: 0.212429, dt: 0.00440714, num: 1875
loop: 53, time: 0.216834, dt: 0.00440481, num: 1875
loop: 54, time: 0.221249, dt: 0.00441559, num: 1875
loop: 55, time: 0.22569, dt: 0.00444075, num: 1875
loop: 56, time: 0.230152, dt: 0.00446209, num: 1875
loop: 57, time: 0.234643, dt: 0.00449028, num: 1875
loop: 58, time: 0.239158, dt: 0.00451573, num: 1875
loop: 59, time: 0.243579, dt: 0.00442043, num: 1875
loop: 60, time: 0.247976, dt: 0.00439684, num: 1875
loop: 61, time: 0.25238, dt: 0.0044047, num: 1875
loop: 62, time: 0.256797, dt: 0.00441636, num: 1875
loop: 63, time: 0.261228, dt: 0.00443182, num: 1875
loop: 64, time: 0.265683, dt: 0.00445511, num: 1875
loop: 65, time: 0.270166, dt: 0.00448212, num: 1875
loop: 66, time: 0.2746, dt: 0.00443416, num: 1875
loop: 67, time: 0.27902, dt: 0.00441979, num: 1875
loop: 68, time: 0.283452, dt: 0.00443226, num: 1875
loop: 69, time: 0.287902, dt: 0.00444976, num: 1875
loop: 70, time: 0.292387, dt: 0.00448563, num: 1875
loop: 71, time: 0.296901, dt: 0.00451396, num: 1875
loop: 72, time: 0.301459, dt: 0.00455798, num: 1875
write results/00003.dat
loop: 73, time: 0.306054, dt: 0.00459461, num: 1875
loop: 74, time: 0.310654, dt: 0.00459981, num: 1875
loop: 75, time: 0.315247, dt: 0.00459339, num: 1875
loop: 76, time: 0.319865, dt: 0.00461774, num: 1875
loop: 77, time: 0.324492, dt: 0.0046268, num: 1875
loop: 78, time: 0.329157, dt: 0.00466595, num: 1875
loop: 79, time: 0.333837, dt: 0.0046792, num: 1875
loop: 80, time: 0.338519, dt: 0.00468214, num: 1875
loop: 81, time: 0.343131, dt: 0.00461209, num: 1875
loop: 82, time: 0.34771, dt: 0.00457878, num: 1875
loop: 83, time: 0.352308, dt: 0.00459845, num: 1875
loop: 84, time: 0.356925, dt: 0.00461653, num: 1875
loop: 85, time: 0.36156, dt: 0.0046353, num: 1875
loop: 86, time: 0.366195, dt: 0.00463487, num: 1875
loop: 87, time: 0.370811, dt: 0.00461632, num: 1875
loop: 88, time: 0.375371, dt: 0.00456022, num: 1875
loop: 89, time: 0.379959, dt: 0.00458769, num: 1875
loop: 90, time: 0.384425, dt: 0.00446551, num: 1875
loop: 91, time: 0.388916, dt: 0.00449122, num: 1875
loop: 92, time: 0.39342, dt: 0.00450375, num: 1875
loop: 93, time: 0.397947, dt: 0.00452779, num: 1875
loop: 94, time: 0.402509, dt: 0.00456139, num: 1875
write results/00004.dat
loop: 95, time: 0.407112, dt: 0.00460309, num: 1875
loop: 96, time: 0.411737, dt: 0.00462513, num: 1875
loop: 97, time: 0.416261, dt: 0.00452444, num: 1875
loop: 98, time: 0.420793, dt: 0.00453129, num: 1875
loop: 99, time: 0.425346, dt: 0.00455338, num: 1875
loop: 100, time: 0.429931, dt: 0.00458473, num: 1875
loop: 101, time: 0.434523, dt: 0.00459229, num: 1875
loop: 102, time: 0.439147, dt: 0.00462349, num: 1875
loop: 103, time: 0.443813, dt: 0.00466642, num: 1875
loop: 104, time: 0.448527, dt: 0.0047143, num: 1875
loop: 105, time: 0.453284, dt: 0.00475712, num: 1875
loop: 106, time: 0.457974, dt: 0.00468967, num: 1875
loop: 107, time: 0.462632, dt: 0.00465763, num: 1875
loop: 108, time: 0.467329, dt: 0.00469695, num: 1875
loop: 109, time: 0.472064, dt: 0.00473549, num: 1875
loop: 110, time: 0.476826, dt: 0.00476179, num: 1875
loop: 111, time: 0.481605, dt: 0.00477942, num: 1875
loop: 112, time: 0.486385, dt: 0.00478005, num: 1875
loop: 113, time: 0.491187, dt: 0.0048015, num: 1875
loop: 114, time: 0.495891, dt: 0.00470423, num: 1875
loop: 115, time: 0.500571, dt: 0.00467938, num: 1875
write results/00005.dat
loop: 116, time: 0.505263, dt: 0.00469252, num: 1875
loop: 117, time: 0.50997, dt: 0.00470672, num: 1875
loop: 118, time: 0.514693, dt: 0.00472344, num: 1875
loop: 119, time: 0.519436, dt: 0.00474251, num: 1875
loop: 120, time: 0.524199, dt: 0.0047634, num: 1875
loop: 121, time: 0.528901, dt: 0.00470153, num: 1875
loop: 122, time: 0.533536, dt: 0.00463558, num: 1875
loop: 123, time: 0.538175, dt: 0.00463905, num: 1875
loop: 124, time: 0.542833, dt: 0.00465793, num: 1875
loop: 125, time: 0.547511, dt: 0.0046778, num: 1875
loop: 126, time: 0.552212, dt: 0.0047005, num: 1875
loop: 127, time: 0.556936, dt: 0.00472486, num: 1875
loop: 128, time: 0.561686, dt: 0.00474973, num: 1875
loop: 129, time: 0.566462, dt: 0.00477552, num: 1875
loop: 130, time: 0.571263, dt: 0.00480125, num: 1875
loop: 131, time: 0.575988, dt: 0.00472507, num: 1875
loop: 132, time: 0.580742, dt: 0.00475425, num: 1875
loop: 133, time: 0.585514, dt: 0.00477228, num: 1875
loop: 134, time: 0.590315, dt: 0.00480062, num: 1875
loop: 135, time: 0.595145, dt: 0.00483, num: 1875
loop: 136, time: 0.600004, dt: 0.00485924, num: 1875
write results/00006.dat
loop: 137, time: 0.6048, dt: 0.00479606, num: 1875
loop: 138, time: 0.609602, dt: 0.00480135, num: 1875
loop: 139, time: 0.614406, dt: 0.00480472, num: 1875
loop: 140, time: 0.619215, dt: 0.00480888, num: 1875
loop: 141, time: 0.624005, dt: 0.00478942, num: 1875
loop: 142, time: 0.628803, dt: 0.00479784, num: 1875
loop: 143, time: 0.6336, dt: 0.00479732, num: 1875
loop: 144, time: 0.638378, dt: 0.00477803, num: 1875
loop: 145, time: 0.64316, dt: 0.00478194, num: 1875
loop: 146, time: 0.647839, dt: 0.00467951, num: 1875
loop: 147, time: 0.652533, dt: 0.00469335, num: 1875
loop: 148, time: 0.657245, dt: 0.0047122, num: 1875
loop: 149, time: 0.661927, dt: 0.00468157, num: 1875
loop: 150, time: 0.666622, dt: 0.00469504, num: 1875
loop: 151, time: 0.671313, dt: 0.00469141, num: 1875
loop: 152, time: 0.676028, dt: 0.00471487, num: 1875
loop: 153, time: 0.680709, dt: 0.00468153, num: 1875
loop: 154, time: 0.685403, dt: 0.00469336, num: 1875
loop: 155, time: 0.69009, dt: 0.00468756, num: 1875
loop: 156, time: 0.694815, dt: 0.00472467, num: 1875
loop: 157, time: 0.699576, dt: 0.00476122, num: 1875
loop: 158, time: 0.704372, dt: 0.00479576, num: 1875
write results/00007.dat
loop: 159, time: 0.709179, dt: 0.00480682, num: 1875
loop: 160, time: 0.713863, dt: 0.00468377, num: 1875
loop: 161, time: 0.718583, dt: 0.00472079, num: 1875
loop: 162, time: 0.723345, dt: 0.00476171, num: 1875
loop: 163, time: 0.728151, dt: 0.00480598, num: 1875
loop: 164, time: 0.733, dt: 0.00484879, num: 1875
loop: 165, time: 0.737875, dt: 0.00487502, num: 1875
loop: 166, time: 0.742769, dt: 0.00489388, num: 1875
loop: 167, time: 0.747676, dt: 0.00490695, num: 1875
loop: 168, time: 0.752599, dt: 0.00492326, num: 1875
loop: 169, time: 0.757529, dt: 0.00493037, num: 1875
loop: 170, time: 0.76236, dt: 0.00483103, num: 1875
loop: 171, time: 0.767221, dt: 0.00486021, num: 1875
loop: 172, time: 0.772108, dt: 0.00488767, num: 1875
loop: 173, time: 0.776984, dt: 0.0048756, num: 1875
loop: 174, time: 0.78183, dt: 0.00484618, num: 1875
loop: 175, time: 0.786698, dt: 0.0048682, num: 1875
loop: 176, time: 0.791433, dt: 0.0047349, num: 1875
loop: 177, time: 0.796177, dt: 0.00474383, num: 1875
loop: 178, time: 0.800935, dt: 0.00475847, num: 1875
write results/00008.dat
loop: 179, time: 0.805716, dt: 0.0047809, num: 1875
loop: 180, time: 0.810527, dt: 0.00481112, num: 1875
loop: 181, time: 0.815376, dt: 0.00484898, num: 1875
loop: 182, time: 0.820167, dt: 0.00479023, num: 1875
loop: 183, time: 0.824896, dt: 0.00472914, num: 1875
loop: 184, time: 0.829641, dt: 0.00474482, num: 1875
loop: 185, time: 0.834403, dt: 0.00476235, num: 1875
loop: 186, time: 0.839169, dt: 0.00476589, num: 1875
loop: 187, time: 0.84394, dt: 0.00477143, num: 1875
loop: 188, time: 0.848651, dt: 0.00471073, num: 1875
loop: 189, time: 0.853385, dt: 0.00473378, num: 1875
loop: 190, time: 0.858169, dt: 0.00478449, num: 1875
loop: 191, time: 0.86293, dt: 0.00476058, num: 1875
loop: 192, time: 0.867729, dt: 0.00479945, num: 1875
loop: 193, time: 0.872395, dt: 0.00466572, num: 1875
loop: 194, time: 0.877094, dt: 0.004699, num: 1875
loop: 195, time: 0.881827, dt: 0.0047329, num: 1875
loop: 196, time: 0.886595, dt: 0.00476838, num: 1875
loop: 197, time: 0.891398, dt: 0.00480224, num: 1875
loop: 198, time: 0.896142, dt: 0.00474489, num: 1875
loop: 199, time: 0.900916, dt: 0.00477376, num: 1875
write results/00009.dat
loop: 200, time: 0.905722, dt: 0.00480632, num: 1875
loop: 201, time: 0.910496, dt: 0.00477361, num: 1875
loop: 202, time: 0.915276, dt: 0.00478019, num: 1875
loop: 203, time: 0.920064, dt: 0.00478818, num: 1875
loop: 204, time: 0.924861, dt: 0.00479616, num: 1875
loop: 205, time: 0.929666, dt: 0.00480541, num: 1875
loop: 206, time: 0.934474, dt: 0.00480815, num: 1875
loop: 207, time: 0.9393, dt: 0.00482533, num: 1875
loop: 208, time: 0.944016, dt: 0.00471602, num: 1875
loop: 209, time: 0.948759, dt: 0.0047438, num: 1875
loop: 210, time: 0.953464, dt: 0.00470421, num: 1875
loop: 211, time: 0.958196, dt: 0.00473283, num: 1875
loop: 212, time: 0.962962, dt: 0.00476569, num: 1875
loop: 213, time: 0.967733, dt: 0.00477112, num: 1875
loop: 214, time: 0.972548, dt: 0.00481488, num: 1875
loop: 215, time: 0.97741, dt: 0.00486149, num: 1875
loop: 216, time: 0.982194, dt: 0.00478475, num: 1875
loop: 217, time: 0.987008, dt: 0.00481417, num: 1875
loop: 218, time: 0.991856, dt: 0.00484704, num: 1875
loop: 219, time: 0.996725, dt: 0.00486943, num: 1875
loop: 220, time: 1.00148, dt: 0.00475737, num: 1875
write results/00010.dat
loop: 221, time: 1.00625, dt: 0.00476354, num: 1875
loop: 222, time: 1.01104, dt: 0.00479136, num: 1875
loop: 223, time: 1.01586, dt: 0.0048208, num: 1875
loop: 224, time: 1.02059, dt: 0.00473003, num: 1875
loop: 225, time: 1.02534, dt: 0.00474916, num: 1875
loop: 226, time: 1.03011, dt: 0.00476857, num: 1875
loop: 227, time: 1.0349, dt: 0.00479004, num: 1875
loop: 228, time: 1.03971, dt: 0.00481241, num: 1875
loop: 229, time: 1.04454, dt: 0.00483548, num: 1875
loop: 230, time: 1.0494, dt: 0.00485854, num: 1875
loop: 231, time: 1.05428, dt: 0.00488128, num: 1875
loop: 232, time: 1.05919, dt: 0.00490607, num: 1875
loop: 233, time: 1.06412, dt: 0.00493209, num: 1875
loop: 234, time: 1.06908, dt: 0.00495908, num: 1875
loop: 235, time: 1.07407, dt: 0.00498687, num: 1875
loop: 236, time: 1.07898, dt: 0.00490795, num: 1875
loop: 237, time: 1.08383, dt: 0.00485603, num: 1875
loop: 238, time: 1.0887, dt: 0.00486769, num: 1875
loop: 239, time: 1.09358, dt: 0.00487956, num: 1875
loop: 240, time: 1.09847, dt: 0.0048922, num: 1875
loop: 241, time: 1.10338, dt: 0.00490637, num: 1875
write results/00011.dat
loop: 242, time: 1.1083, dt: 0.00492195, num: 1875
loop: 243, time: 1.11324, dt: 0.00493949, num: 1875
loop: 244, time: 1.11816, dt: 0.00492285, num: 1875
loop: 245, time: 1.12311, dt: 0.0049489, num: 1875
loop: 246, time: 1.12809, dt: 0.00497474, num: 1875
loop: 247, time: 1.13304, dt: 0.00495534, num: 1875
loop: 248, time: 1.13799, dt: 0.00494962, num: 1875
loop: 249, time: 1.1428, dt: 0.00481081, num: 1875
loop: 250, time: 1.14763, dt: 0.00482669, num: 1875
loop: 251, time: 1.15247, dt: 0.00484301, num: 1875
loop: 252, time: 1.15733, dt: 0.00486, num: 1875
loop: 253, time: 1.16221, dt: 0.00487747, num: 1875
loop: 254, time: 1.1671, dt: 0.00489582, num: 1875
loop: 255, time: 1.17202, dt: 0.00491518, num: 1875
loop: 256, time: 1.17696, dt: 0.00493601, num: 1875
loop: 257, time: 1.18191, dt: 0.00495776, num: 1875
loop: 258, time: 1.18687, dt: 0.00496083, num: 1875
loop: 259, time: 1.19178, dt: 0.0049111, num: 1875
loop: 260, time: 1.19669, dt: 0.00490589, num: 1875
loop: 261, time: 1.2016, dt: 0.00491366, num: 1875
write results/00012.dat
loop: 262, time: 1.20651, dt: 0.00490923, num: 1875
loop: 263, time: 1.21142, dt: 0.00490704, num: 1875
loop: 264, time: 1.21633, dt: 0.00490742, num: 1875
loop: 265, time: 1.22124, dt: 0.00491059, num: 1875
loop: 266, time: 1.22616, dt: 0.00491709, num: 1875
loop: 267, time: 1.23108, dt: 0.00492733, num: 1875
loop: 268, time: 1.23602, dt: 0.00494148, num: 1875
loop: 269, time: 1.24098, dt: 0.00495738, num: 1875
loop: 270, time: 1.24596, dt: 0.004977, num: 1875
loop: 271, time: 1.25096, dt: 0.00499924, num: 1875
loop: 272, time: 1.25598, dt: 0.00502443, num: 1875
loop: 273, time: 1.26104, dt: 0.00505285, num: 1875
loop: 274, time: 1.26597, dt: 0.00493182, num: 1875
loop: 275, time: 1.27092, dt: 0.00495263, num: 1875
loop: 276, time: 1.27589, dt: 0.00497461, num: 1875
loop: 277, time: 1.28089, dt: 0.00499851, num: 1875
loop: 278, time: 1.28592, dt: 0.00502277, num: 1875
loop: 279, time: 1.29093, dt: 0.00501713, num: 1875
loop: 280, time: 1.29598, dt: 0.00504677, num: 1875
loop: 281, time: 1.30104, dt: 0.00506075, num: 1875
write results/00013.dat
loop: 282, time: 1.30614, dt: 0.00509455, num: 1875
loop: 283, time: 1.31114, dt: 0.0050088, num: 1875
loop: 284, time: 1.31617, dt: 0.0050291, num: 1875
loop: 285, time: 1.32122, dt: 0.00505004, num: 1875
loop: 286, time: 1.32628, dt: 0.00505689, num: 1875
loop: 287, time: 1.33134, dt: 0.00506175, num: 1875
loop: 288, time: 1.33641, dt: 0.00506613, num: 1875
loop: 289, time: 1.34148, dt: 0.00507006, num: 1875
loop: 290, time: 1.34655, dt: 0.00507396, num: 1875
loop: 291, time: 1.35163, dt: 0.00507833, num: 1875
loop: 292, time: 1.35671, dt: 0.00508316, num: 1875
loop: 293, time: 1.3618, dt: 0.00508849, num: 1875
loop: 294, time: 1.3669, dt: 0.00509461, num: 1875
loop: 295, time: 1.372, dt: 0.00510172, num: 1875
loop: 296, time: 1.37711, dt: 0.00511042, num: 1875
loop: 297, time: 1.38223, dt: 0.00512181, num: 1875
loop: 298, time: 1.3872, dt: 0.00497015, num: 1875
loop: 299, time: 1.39218, dt: 0.00497609, num: 1875
loop: 300, time: 1.39716, dt: 0.00498316, num: 1875
loop: 301, time: 1.40215, dt: 0.0049922, num: 1875
write results/00014.dat
loop: 302, time: 1.40716, dt: 0.00500378, num: 1875
loop: 303, time: 1.41217, dt: 0.00501721, num: 1875
loop: 304, time: 1.41721, dt: 0.00503203, num: 1875
loop: 305, time: 1.42225, dt: 0.00504825, num: 1875
loop: 306, time: 1.42732, dt: 0.00506591, num: 1875
loop: 307, time: 1.4324, dt: 0.00508533, num: 1875
loop: 308, time: 1.4375, dt: 0.00509911, num: 1875
loop: 309, time: 1.4426, dt: 0.00510043, num: 1875
loop: 310, time: 1.44771, dt: 0.0051046, num: 1875
loop: 311, time: 1.45277, dt: 0.00506124, num: 1875
loop: 312, time: 1.45785, dt: 0.00508088, num: 1875
loop: 313, time: 1.46295, dt: 0.00510306, num: 1875
loop: 314, time: 1.46803, dt: 0.00508097, num: 1875
loop: 315, time: 1.47314, dt: 0.0051036, num: 1875
loop: 316, time: 1.47826, dt: 0.00512378, num: 1875
loop: 317, time: 1.48334, dt: 0.0050812, num: 1875
loop: 318, time: 1.48843, dt: 0.00508939, num: 1875
loop: 319, time: 1.49341, dt: 0.00498083, num: 1875
loop: 320, time: 1.4984, dt: 0.00499132, num: 1875
loop: 321, time: 1.50341, dt: 0.00500204, num: 1875
write results/00015.dat
loop: 322, time: 1.50842, dt: 0.00501406, num: 1875
loop: 323, time: 1.51345, dt: 0.00502806, num: 1875
loop: 324, time: 1.51849, dt: 0.00504369, num: 1875
loop: 325, time: 1.52355, dt: 0.00506051, num: 1875
loop: 326, time: 1.52863, dt: 0.0050792, num: 1875
loop: 327, time: 1.53371, dt: 0.00507573, num: 1875
loop: 328, time: 1.53878, dt: 0.0050747, num: 1875
loop: 329, time: 1.54387, dt: 0.00509183, num: 1875
loop: 330, time: 1.54883, dt: 0.00495755, num: 1875
loop: 331, time: 1.55381, dt: 0.00497332, num: 1875
loop: 332, time: 1.5588, dt: 0.00498939, num: 1875
loop: 333, time: 1.5638, dt: 0.00500579, num: 1875
loop: 334, time: 1.56882, dt: 0.00502257, num: 1875
loop: 335, time: 1.57386, dt: 0.00504009, num: 1875
loop: 336, time: 1.57892, dt: 0.00505923, num: 1875
loop: 337, time: 1.584, dt: 0.00508106, num: 1875
loop: 338, time: 1.58911, dt: 0.00510499, num: 1875
loop: 339, time: 1.59424, dt: 0.00513035, num: 1875
loop: 340, time: 1.5994, dt: 0.00515676, num: 1875
loop: 341, time: 1.60458, dt: 0.00518078, num: 1875
write results/00016.dat
loop: 342, time: 1.60974, dt: 0.005165, num: 1875
loop: 343, time: 1.61492, dt: 0.00518304, num: 1875
loop: 344, time: 1.62013, dt: 0.00520131, num: 1875
loop: 345, time: 1.62533, dt: 0.0051999, num: 1875
loop: 346, time: 1.63055, dt: 0.00522859, num: 1875
loop: 347, time: 1.63567, dt: 0.00511245, num: 1875
loop: 348, time: 1.64079, dt: 0.00512339, num: 1875
loop: 349, time: 1.64592, dt: 0.00513453, num: 1875
loop: 350, time: 1.65107, dt: 0.00514647, num: 1875
loop: 351, time: 1.65623, dt: 0.00515918, num: 1875
loop: 352, time: 1.6614, dt: 0.00517238, num: 1875
loop: 353, time: 1.66659, dt: 0.00518713, num: 1875
loop: 354, time: 1.67179, dt: 0.00520158, num: 1875
loop: 355, time: 1.67693, dt: 0.00514121, num: 1875
loop: 356, time: 1.68207, dt: 0.00513747, num: 1875
loop: 357, time: 1.68721, dt: 0.00513602, num: 1875
loop: 358, time: 1.69234, dt: 0.00513712, num: 1875
loop: 359, time: 1.69748, dt: 0.00514072, num: 1875
loop: 360, time: 1.70263, dt: 0.00514801, num: 1875
write results/00017.dat
loop: 361, time: 1.70779, dt: 0.00515826, num: 1875
loop: 362, time: 1.71296, dt: 0.0051717, num: 1875
loop: 363, time: 1.71815, dt: 0.00518836, num: 1875
loop: 364, time: 1.72335, dt: 0.00520179, num: 1875
loop: 365, time: 1.72854, dt: 0.00518765, num: 1875
loop: 366, time: 1.73367, dt: 0.00512658, num: 1875
loop: 367, time: 1.7388, dt: 0.00513631, num: 1875
loop: 368, time: 1.74395, dt: 0.00514889, num: 1875
loop: 369, time: 1.74911, dt: 0.00515423, num: 1875
loop: 370, time: 1.75427, dt: 0.00516013, num: 1875
loop: 371, time: 1.75943, dt: 0.00516658, num: 1875
loop: 372, time: 1.76461, dt: 0.00517353, num: 1875
loop: 373, time: 1.76979, dt: 0.00518108, num: 1875
loop: 374, time: 1.77498, dt: 0.00518843, num: 1875
loop: 375, time: 1.78017, dt: 0.00519695, num: 1875
loop: 376, time: 1.78538, dt: 0.00520602, num: 1875
loop: 377, time: 1.7905, dt: 0.00512138, num: 1875
loop: 378, time: 1.79564, dt: 0.00513892, num: 1875
loop: 379, time: 1.8008, dt: 0.00515635, num: 1875
write results/00018.dat
loop: 380, time: 1.80597, dt: 0.00517384, num: 1875
loop: 381, time: 1.81116, dt: 0.00519055, num: 1875
loop: 382, time: 1.81637, dt: 0.00520714, num: 1875
loop: 383, time: 1.82159, dt: 0.00522419, num: 1875
loop: 384, time: 1.82683, dt: 0.00523872, num: 1875
loop: 385, time: 1.83197, dt: 0.00514346, num: 1875
loop: 386, time: 1.83713, dt: 0.00516011, num: 1875
loop: 387, time: 1.84231, dt: 0.00517799, num: 1875
loop: 388, time: 1.84751, dt: 0.00519766, num: 1875
loop: 389, time: 1.85273, dt: 0.00521919, num: 1875
loop: 390, time: 1.85794, dt: 0.00520819, num: 1875
loop: 391, time: 1.86315, dt: 0.0052139, num: 1875
loop: 392, time: 1.86831, dt: 0.00515576, num: 1875
loop: 393, time: 1.87349, dt: 0.0051851, num: 1875
loop: 394, time: 1.87871, dt: 0.00521569, num: 1875
loop: 395, time: 1.88395, dt: 0.00524459, num: 1875
loop: 396, time: 1.88921, dt: 0.00525516, num: 1875
loop: 397, time: 1.89447, dt: 0.00526558, num: 1875
loop: 398, time: 1.89975, dt: 0.00527526, num: 1875
loop: 399, time: 1.90503, dt: 0.00528219, num: 1875
write results/00019.dat
loop: 400, time: 1.91026, dt: 0.00523258, num: 1875
loop: 401, time: 1.91551, dt: 0.0052434, num: 1875
loop: 402, time: 1.92076, dt: 0.00525472, num: 1875
loop: 403, time: 1.92603, dt: 0.00526611, num: 1875
loop: 404, time: 1.93127, dt: 0.0052433, num: 1875
loop: 405, time: 1.93652, dt: 0.00524767, num: 1875
loop: 406, time: 1.94179, dt: 0.00527459, num: 1875
loop: 407, time: 1.94702, dt: 0.00522979, num: 1875
loop: 408, time: 1.95227, dt: 0.00525237, num: 1875
loop: 409, time: 1.95755, dt: 0.0052756, num: 1875
loop: 410, time: 1.96285, dt: 0.00529981, num: 1875
loop: 411, time: 1.96804, dt: 0.00518981, num: 1875
loop: 412, time: 1.97324, dt: 0.00519641, num: 1875
loop: 413, time: 1.97844, dt: 0.00520362, num: 1875
loop: 414, time: 1.98365, dt: 0.00521192, num: 1875
loop: 415, time: 1.98887, dt: 0.00522124, num: 1875
loop: 416, time: 1.9941, dt: 0.00523164, num: 1875
loop: 417, time: 1.99935, dt: 0.00524344, num: 1875
loop: 418, time: 2.0046, dt: 0.00525652, num: 1875
write results/00020.dat
loop: 419, time: 2.00988, dt: 0.00527112, num: 1875
loop: 420, time: 2.01516, dt: 0.00528713, num: 1875
loop: 421, time: 2.02047, dt: 0.00530453, num: 1875
loop: 422, time: 2.02579, dt: 0.00532304, num: 1875
loop: 423, time: 2.03108, dt: 0.0052885, num: 1875
loop: 424, time: 2.03632, dt: 0.00523755, num: 1875
loop: 425, time: 2.04158, dt: 0.00525959, num: 1875
loop: 426, time: 2.04683, dt: 0.00525812, num: 1875
loop: 427, time: 2.05211, dt: 0.00527502, num: 1875
loop: 428, time: 2.0574, dt: 0.00529339, num: 1875
loop: 429, time: 2.06271, dt: 0.00531271, num: 1875
loop: 430, time: 2.06805, dt: 0.00533222, num: 1875
loop: 431, time: 2.07332, dt: 0.00527671, num: 1875
loop: 432, time: 2.0786, dt: 0.00527936, num: 1875
loop: 433, time: 2.08389, dt: 0.00528343, num: 1875
loop: 434, time: 2.08904, dt: 0.00514871, num: 1875
loop: 435, time: 2.0942, dt: 0.00516736, num: 1875
loop: 436, time: 2.09939, dt: 0.00518781, num: 1875
loop: 437, time: 2.1046, dt: 0.00521091, num: 1875
write results/00021.dat
loop: 438, time: 2.10984, dt: 0.00523621, num: 1875
loop: 439, time: 2.1151, dt: 0.00526353, num: 1875
loop: 440, time: 2.12039, dt: 0.00529245, num: 1875
loop: 441, time: 2.12554, dt: 0.00514384, num: 1875
loop: 442, time: 2.13069, dt: 0.00515581, num: 1875
loop: 443, time: 2.13586, dt: 0.00516951, num: 1875
loop: 444, time: 2.14105, dt: 0.00518568, num: 1875
loop: 445, time: 2.14625, dt: 0.00520398, num: 1875
loop: 446, time: 2.15148, dt: 0.00522466, num: 1875
loop: 447, time: 2.15673, dt: 0.00524887, num: 1875
loop: 448, time: 2.162, dt: 0.00527652, num: 1875
loop: 449, time: 2.16731, dt: 0.00530695, num: 1875
loop: 450, time: 2.17265, dt: 0.00533782, num: 1875
loop: 451, time: 2.17797, dt: 0.0053182, num: 1875
loop: 452, time: 2.18326, dt: 0.00529263, num: 1875
loop: 453, time: 2.18857, dt: 0.00531175, num: 1875
loop: 454, time: 2.1939, dt: 0.00533344, num: 1875
loop: 455, time: 2.19926, dt: 0.00535739, num: 1875
loop: 456, time: 2.20464, dt: 0.00537825, num: 1875
write results/00022.dat
loop: 457, time: 2.21002, dt: 0.00538065, num: 1875
loop: 458, time: 2.2154, dt: 0.00538303, num: 1875
loop: 459, time: 2.22079, dt: 0.00538535, num: 1875
loop: 460, time: 2.22604, dt: 0.00525707, num: 1875
loop: 461, time: 2.23131, dt: 0.00526323, num: 1875
loop: 462, time: 2.23658, dt: 0.00527027, num: 1875
loop: 463, time: 2.24186, dt: 0.00527857, num: 1875
loop: 464, time: 2.24714, dt: 0.00528797, num: 1875
loop: 465, time: 2.25244, dt: 0.00529862, num: 1875
loop: 466, time: 2.25775, dt: 0.00531114, num: 1875
loop: 467, time: 2.26305, dt: 0.00529694, num: 1875
loop: 468, time: 2.26835, dt: 0.00530224, num: 1875
loop: 469, time: 2.27362, dt: 0.00526964, num: 1875
loop: 470, time: 2.27891, dt: 0.00528685, num: 1875
loop: 471, time: 2.28422, dt: 0.00530478, num: 1875
loop: 472, time: 2.2895, dt: 0.00528825, num: 1875
loop: 473, time: 2.2948, dt: 0.0052967, num: 1875
loop: 474, time: 2.30011, dt: 0.00530559, num: 1875
write results/00023.dat
loop: 475, time: 2.30542, dt: 0.00531497, num: 1875
loop: 476, time: 2.31075, dt: 0.00532496, num: 1875
loop: 477, time: 2.31598, dt: 0.00523114, num: 1875
loop: 478, time: 2.32122, dt: 0.00524066, num: 1875
loop: 479, time: 2.32647, dt: 0.00525217, num: 1875
loop: 480, time: 2.33174, dt: 0.00526615, num: 1875
loop: 481, time: 2.33702, dt: 0.00528187, num: 1875
loop: 482, time: 2.34232, dt: 0.00529931, num: 1875
loop: 483, time: 2.34764, dt: 0.00531839, num: 1875
loop: 484, time: 2.35296, dt: 0.00532133, num: 1875
loop: 485, time: 2.3583, dt: 0.00534363, num: 1875
loop: 486, time: 2.36367, dt: 0.00536645, num: 1875
loop: 487, time: 2.36901, dt: 0.00534468, num: 1875
loop: 488, time: 2.37437, dt: 0.00535545, num: 1875
loop: 489, time: 2.37969, dt: 0.00532512, num: 1875
loop: 490, time: 2.38503, dt: 0.005339, num: 1875
loop: 491, time: 2.39038, dt: 0.00535396, num: 1875
loop: 492, time: 2.39574, dt: 0.00535236, num: 1875
loop: 493, time: 2.40109, dt: 0.00534884, num: 1875
write results/00024.dat
loop: 494, time: 2.40644, dt: 0.0053568, num: 1875
loop: 495, time: 2.41181, dt: 0.00536496, num: 1875
loop: 496, time: 2.41717, dt: 0.00535834, num: 1875
loop: 497, time: 2.4225, dt: 0.00533794, num: 1875
loop: 498, time: 2.42785, dt: 0.00534566, num: 1875
loop: 499, time: 2.4332, dt: 0.00535306, num: 1875
loop: 500, time: 2.43856, dt: 0.00536054, num: 1875
loop: 501, time: 2.44393, dt: 0.00536813, num: 1875
loop: 502, time: 2.44931, dt: 0.00537586, num: 1875
loop: 503, time: 2.45469, dt: 0.00538405, num: 1875
loop: 504, time: 2.46008, dt: 0.00539042, num: 1875
loop: 505, time: 2.46548, dt: 0.00539807, num: 1875
loop: 506, time: 2.47089, dt: 0.00540633, num: 1875
loop: 507, time: 2.4763, dt: 0.00541447, num: 1875
loop: 508, time: 2.48172, dt: 0.00542253, num: 1875
loop: 509, time: 2.48712, dt: 0.0053937, num: 1875
loop: 510, time: 2.49253, dt: 0.00541666, num: 1875
loop: 511, time: 2.49788, dt: 0.00534504, num: 1875
loop: 512, time: 2.50323, dt: 0.0053474, num: 1875
write results/00025.dat
loop: 513, time: 2.50858, dt: 0.00535008, num: 1875
loop: 514, time: 2.51392, dt: 0.00534429, num: 1875
loop: 515, time: 2.51924, dt: 0.00532042, num: 1875
loop: 516, time: 2.52457, dt: 0.00533404, num: 1875
loop: 517, time: 2.52991, dt: 0.00533057, num: 1875
loop: 518, time: 2.53525, dt: 0.00534619, num: 1875
loop: 519, time: 2.54061, dt: 0.00535692, num: 1875
loop: 520, time: 2.54596, dt: 0.00535415, num: 1875
loop: 521, time: 2.55132, dt: 0.00535241, num: 1875
loop: 522, time: 2.55667, dt: 0.00535204, num: 1875
loop: 523, time: 2.56202, dt: 0.00535305, num: 1875
loop: 524, time: 2.56738, dt: 0.00535582, num: 1875
loop: 525, time: 2.57274, dt: 0.00535966, num: 1875
loop: 526, time: 2.5781, dt: 0.00536431, num: 1875
loop: 527, time: 2.58347, dt: 0.00536979, num: 1875
loop: 528, time: 2.58885, dt: 0.00537609, num: 1875
loop: 529, time: 2.59423, dt: 0.00538315, num: 1875
loop: 530, time: 2.59962, dt: 0.0053906, num: 1875
loop: 531, time: 2.60502, dt: 0.00539902, num: 1875
write results/00026.dat
loop: 532, time: 2.61043, dt: 0.0054084, num: 1875
loop: 533, time: 2.61585, dt: 0.00541844, num: 1875
loop: 534, time: 2.62127, dt: 0.00542922, num: 1875
loop: 535, time: 2.62665, dt: 0.00537375, num: 1875
loop: 536, time: 2.63204, dt: 0.00539057, num: 1875
loop: 537, time: 2.63745, dt: 0.00540847, num: 1875
loop: 538, time: 2.64288, dt: 0.0054277, num: 1875
loop: 539, time: 2.64827, dt: 0.00539623, num: 1875
loop: 540, time: 2.65364, dt: 0.00536662, num: 1875
loop: 541, time: 2.65902, dt: 0.00538555, num: 1875
loop: 542, time: 2.66441, dt: 0.00539032, num: 1875
loop: 543, time: 2.66981, dt: 0.00540061, num: 1875
loop: 544, time: 2.67523, dt: 0.00541124, num: 1875
loop: 545, time: 2.68065, dt: 0.00542236, num: 1875
loop: 546, time: 2.68604, dt: 0.00539207, num: 1875
loop: 547, time: 2.69144, dt: 0.00540162, num: 1875
loop: 548, time: 2.69685, dt: 0.00541236, num: 1875
loop: 549, time: 2.70224, dt: 0.00538392, num: 1875
write results/00027.dat
loop: 550, time: 2.70758, dt: 0.00533985, num: 1875
loop: 551, time: 2.71293, dt: 0.00535367, num: 1875
loop: 552, time: 2.7183, dt: 0.00536808, num: 1875
loop: 553, time: 2.72368, dt: 0.00538272, num: 1875
loop: 554, time: 2.72908, dt: 0.00539822, num: 1875
loop: 555, time: 2.7345, dt: 0.00541478, num: 1875
loop: 556, time: 2.73993, dt: 0.00543207, num: 1875
loop: 557, time: 2.74537, dt: 0.00544229, num: 1875
loop: 558, time: 2.75082, dt: 0.00544891, num: 1875
loop: 559, time: 2.75618, dt: 0.0053586, num: 1875
loop: 560, time: 2.76154, dt: 0.00535962, num: 1875
loop: 561, time: 2.7669, dt: 0.00536098, num: 1875
loop: 562, time: 2.77226, dt: 0.00536269, num: 1875
loop: 563, time: 2.77763, dt: 0.00536498, num: 1875
loop: 564, time: 2.78299, dt: 0.00536791, num: 1875
loop: 565, time: 2.78836, dt: 0.0053715, num: 1875
loop: 566, time: 2.79374, dt: 0.00537624, num: 1875
loop: 567, time: 2.79912, dt: 0.00538221, num: 1875
loop: 568, time: 2.80451, dt: 0.00538949, num: 1875
write results/00028.dat
loop: 569, time: 2.80991, dt: 0.00539822, num: 1875
loop: 570, time: 2.81532, dt: 0.0054084, num: 1875
loop: 571, time: 2.82074, dt: 0.00541995, num: 1875
loop: 572, time: 2.82617, dt: 0.00543282, num: 1875
loop: 573, time: 2.83162, dt: 0.00544703, num: 1875
loop: 574, time: 2.83708, dt: 0.00546242, num: 1875
loop: 575, time: 2.84256, dt: 0.00547621, num: 1875
loop: 576, time: 2.84804, dt: 0.0054808, num: 1875
loop: 577, time: 2.85352, dt: 0.00548529, num: 1875
loop: 578, time: 2.859, dt: 0.00547481, num: 1875
loop: 579, time: 2.86444, dt: 0.0054362, num: 1875
loop: 580, time: 2.86982, dt: 0.00538863, num: 1875
loop: 581, time: 2.8752, dt: 0.00537829, num: 1875
loop: 582, time: 2.88058, dt: 0.00538194, num: 1875
loop: 583, time: 2.88597, dt: 0.00538594, num: 1875
loop: 584, time: 2.89136, dt: 0.00539049, num: 1875
loop: 585, time: 2.89676, dt: 0.00539567, num: 1875
loop: 586, time: 2.90216, dt: 0.00540096, num: 1875
write results/00029.dat
loop: 587, time: 2.90756, dt: 0.00540641, num: 1875
loop: 588, time: 2.91298, dt: 0.00541202, num: 1875
loop: 589, time: 2.91838, dt: 0.00540677, num: 1875
loop: 590, time: 2.92379, dt: 0.00541259, num: 1875
loop: 591, time: 2.92921, dt: 0.00541947, num: 1875
loop: 592, time: 2.93461, dt: 0.00539405, num: 1875
loop: 593, time: 2.94001, dt: 0.00540177, num: 1875
loop: 594, time: 2.94542, dt: 0.00541004, num: 1875
loop: 595, time: 2.95084, dt: 0.00541803, num: 1875
loop: 596, time: 2.95626, dt: 0.00542421, num: 1875
loop: 597, time: 2.96162, dt: 0.00536153, num: 1875
loop: 598, time: 2.967, dt: 0.00537908, num: 1875
loop: 599, time: 2.9724, dt: 0.00539717, num: 1875
loop: 600, time: 2.97778, dt: 0.00538224, num: 1875
loop: 601, time: 2.98317, dt: 0.00539236, num: 1875
loop: 602, time: 2.98858, dt: 0.00540357, num: 1875
loop: 603, time: 2.99399, dt: 0.00541579, num: 1875
loop: 604, time: 2.99942, dt: 0.00542436, num: 1875
loop: 605, time: 3.00485, dt: 0.0054293, num: 1875
write results/00030.dat
loop: 606, time: 3.01028, dt: 0.00543378, num: 1875
loop: 607, time: 3.01572, dt: 0.00543788, num: 1875
loop: 608, time: 3.02116, dt: 0.00544135, num: 1875
loop: 609, time: 3.02646, dt: 0.00529934, num: 1875
loop: 610, time: 3.03177, dt: 0.00530578, num: 1875
loop: 611, time: 3.03708, dt: 0.005312, num: 1875
loop: 612, time: 3.0424, dt: 0.00531896, num: 1875
loop: 613, time: 3.04772, dt: 0.00532637, num: 1875
loop: 614, time: 3.05306, dt: 0.00533463, num: 1875
loop: 615, time: 3.0584, dt: 0.00534373, num: 1875
loop: 616, time: 3.06376, dt: 0.00535352, num: 1875
loop: 617, time: 3.06912, dt: 0.00536408, num: 1875
loop: 618, time: 3.07449, dt: 0.00537532, num: 1875
loop: 619, time: 3.07988, dt: 0.00538744, num: 1875
loop: 620, time: 3.08528, dt: 0.00540079, num: 1875
loop: 621, time: 3.0907, dt: 0.00541499, num: 1875
loop: 622, time: 3.09613, dt: 0.00542931, num: 1875
loop: 623, time: 3.10157, dt: 0.00544416, num: 1875
write results/00031.dat
loop: 624, time: 3.10694, dt: 0.00537144, num: 1875
loop: 625, time: 3.11232, dt: 0.00538187, num: 1875
loop: 626, time: 3.11772, dt: 0.00539341, num: 1875
loop: 627, time: 3.12312, dt: 0.0054068, num: 1875
loop: 628, time: 3.12854, dt: 0.00541771, num: 1875
loop: 629, time: 3.13397, dt: 0.00542309, num: 1875
loop: 630, time: 3.13939, dt: 0.00542925, num: 1875
loop: 631, time: 3.14483, dt: 0.0054362, num: 1875
loop: 632, time: 3.15027, dt: 0.00544402, num: 1875
loop: 633, time: 3.15573, dt: 0.00545262, num: 1875
loop: 634, time: 3.16118, dt: 0.00544995, num: 1875
loop: 635, time: 3.16656, dt: 0.00538218, num: 1875
loop: 636, time: 3.17195, dt: 0.00538766, num: 1875
loop: 637, time: 3.17734, dt: 0.00539355, num: 1875
loop: 638, time: 3.18274, dt: 0.00540002, num: 1875
loop: 639, time: 3.18815, dt: 0.0054071, num: 1875
loop: 640, time: 3.19353, dt: 0.00537742, num: 1875
loop: 641, time: 3.19891, dt: 0.00538183, num: 1875
loop: 642, time: 3.20429, dt: 0.0053871, num: 1875
write results/00032.dat
loop: 643, time: 3.20969, dt: 0.00539318, num: 1875
loop: 644, time: 3.21509, dt: 0.00540041, num: 1875
loop: 645, time: 3.2205, dt: 0.00540871, num: 1875
loop: 646, time: 3.22592, dt: 0.00541831, num: 1875
loop: 647, time: 3.23134, dt: 0.00542911, num: 1875
loop: 648, time: 3.23679, dt: 0.00544125, num: 1875
loop: 649, time: 3.24224, dt: 0.00545465, num: 1875
loop: 650, time: 3.24771, dt: 0.00546918, num: 1875
loop: 651, time: 3.25319, dt: 0.00548475, num: 1875
loop: 652, time: 3.2586, dt: 0.00540308, num: 1875
loop: 653, time: 3.26401, dt: 0.00541746, num: 1875
loop: 654, time: 3.26945, dt: 0.00543179, num: 1875
loop: 655, time: 3.27489, dt: 0.00544618, num: 1875
loop: 656, time: 3.28035, dt: 0.00546044, num: 1875
loop: 657, time: 3.28574, dt: 0.00538928, num: 1875
loop: 658, time: 3.29113, dt: 0.00538879, num: 1875
loop: 659, time: 3.29652, dt: 0.00538881, num: 1875
loop: 660, time: 3.30185, dt: 0.00533221, num: 1875
write results/00033.dat
loop: 661, time: 3.3072, dt: 0.00534743, num: 1875
loop: 662, time: 3.31256, dt: 0.00536355, num: 1875
loop: 663, time: 3.31794, dt: 0.00537988, num: 1875
loop: 664, time: 3.32334, dt: 0.00539628, num: 1875
loop: 665, time: 3.32875, dt: 0.00541287, num: 1875
loop: 666, time: 3.33418, dt: 0.00542352, num: 1875
loop: 667, time: 3.3396, dt: 0.00542607, num: 1875
loop: 668, time: 3.34504, dt: 0.00543447, num: 1875
loop: 669, time: 3.35048, dt: 0.0054436, num: 1875
loop: 670, time: 3.35593, dt: 0.00545353, num: 1875
loop: 671, time: 3.3614, dt: 0.00546397, num: 1875
loop: 672, time: 3.36683, dt: 0.00543265, num: 1875
loop: 673, time: 3.37228, dt: 0.00545191, num: 1875
loop: 674, time: 3.37775, dt: 0.005472, num: 1875
loop: 675, time: 3.3832, dt: 0.00544603, num: 1875
loop: 676, time: 3.38856, dt: 0.00536402, num: 1875
loop: 677, time: 3.39393, dt: 0.00536592, num: 1875
loop: 678, time: 3.3993, dt: 0.00536805, num: 1875
loop: 679, time: 3.40467, dt: 0.00537071, num: 1875
write results/00034.dat
loop: 680, time: 3.41004, dt: 0.00537369, num: 1875
loop: 681, time: 3.41542, dt: 0.00537698, num: 1875
loop: 682, time: 3.4208, dt: 0.00538075, num: 1875
loop: 683, time: 3.42618, dt: 0.00538508, num: 1875
loop: 684, time: 3.43158, dt: 0.00539006, num: 1875
loop: 685, time: 3.43697, dt: 0.00539571, num: 1875
loop: 686, time: 3.44237, dt: 0.00540212, num: 1875
loop: 687, time: 3.44778, dt: 0.00540941, num: 1875
loop: 688, time: 3.4532, dt: 0.0054174, num: 1875
loop: 689, time: 3.45862, dt: 0.00542036, num: 1875
loop: 690, time: 3.46404, dt: 0.00542401, num: 1875
loop: 691, time: 3.46947, dt: 0.00542875, num: 1875
loop: 692, time: 3.47491, dt: 0.00543588, num: 1875
loop: 693, time: 3.48035, dt: 0.00544397, num: 1875
loop: 694, time: 3.48581, dt: 0.00545285, num: 1875
loop: 695, time: 3.49127, dt: 0.00546266, num: 1875
loop: 696, time: 3.49674, dt: 0.00547314, num: 1875
loop: 697, time: 3.50205, dt: 0.00531029, num: 1875
write results/00035.dat
loop: 698, time: 3.50737, dt: 0.00532056, num: 1875
loop: 699, time: 3.5127, dt: 0.00533107, num: 1875
loop: 700, time: 3.51805, dt: 0.00534184, num: 1875
loop: 701, time: 3.5234, dt: 0.00535252, num: 1875
loop: 702, time: 3.52876, dt: 0.00536386, num: 1875
loop: 703, time: 3.53414, dt: 0.00537485, num: 1875
loop: 704, time: 3.53952, dt: 0.00538547, num: 1875
loop: 705, time: 3.54492, dt: 0.00539558, num: 1875
loop: 706, time: 3.55032, dt: 0.00540592, num: 1875
loop: 707, time: 3.55574, dt: 0.00541667, num: 1875
loop: 708, time: 3.56117, dt: 0.00542796, num: 1875
loop: 709, time: 3.56661, dt: 0.00543904, num: 1875
loop: 710, time: 3.57206, dt: 0.00545017, num: 1875
loop: 711, time: 3.57752, dt: 0.00546203, num: 1875
loop: 712, time: 3.58299, dt: 0.00547132, num: 1875
loop: 713, time: 3.58847, dt: 0.00547716, num: 1875
loop: 714, time: 3.59395, dt: 0.00548365, num: 1875
loop: 715, time: 3.59944, dt: 0.00549071, num: 1875
loop: 716, time: 3.60494, dt: 0.0054983, num: 1875
write results/00036.dat
loop: 717, time: 3.61031, dt: 0.00537451, num: 1875
loop: 718, time: 3.6157, dt: 0.00538659, num: 1875
loop: 719, time: 3.6211, dt: 0.00539899, num: 1875
loop: 720, time: 3.62651, dt: 0.00541208, num: 1875
loop: 721, time: 3.63194, dt: 0.00542565, num: 1875
loop: 722, time: 3.63738, dt: 0.00543957, num: 1875
loop: 723, time: 3.6428, dt: 0.00542617, num: 1875
loop: 724, time: 3.64824, dt: 0.00543923, num: 1875
loop: 725, time: 3.6537, dt: 0.00545268, num: 1875
loop: 726, time: 3.65916, dt: 0.00546661, num: 1875
loop: 727, time: 3.66464, dt: 0.00548097, num: 1875
loop: 728, time: 3.67013, dt: 0.00548697, num: 1875
loop: 729, time: 3.67562, dt: 0.00549245, num: 1875
loop: 730, time: 3.68112, dt: 0.00549821, num: 1875
loop: 731, time: 3.68659, dt: 0.00547061, num: 1875
loop: 732, time: 3.69204, dt: 0.00545101, num: 1875
loop: 733, time: 3.69751, dt: 0.00546365, num: 1875
loop: 734, time: 3.70298, dt: 0.00547665, num: 1875
write results/00037.dat
loop: 735, time: 3.70847, dt: 0.00548997, num: 1875
loop: 736, time: 3.71398, dt: 0.00550367, num: 1875
loop: 737, time: 3.71949, dt: 0.00551739, num: 1875
loop: 738, time: 3.72495, dt: 0.00545182, num: 1875
loop: 739, time: 3.73041, dt: 0.00546336, num: 1875
loop: 740, time: 3.73588, dt: 0.00547546, num: 1875
loop: 741, time: 3.74137, dt: 0.0054881, num: 1875
loop: 742, time: 3.74687, dt: 0.00549566, num: 1875
loop: 743, time: 3.75237, dt: 0.00549761, num: 1875
loop: 744, time: 3.75787, dt: 0.00549923, num: 1875
loop: 745, time: 3.76331, dt: 0.00544603, num: 1875
loop: 746, time: 3.76876, dt: 0.00544817, num: 1875
loop: 747, time: 3.77421, dt: 0.00545062, num: 1875
loop: 748, time: 3.77966, dt: 0.00545321, num: 1875
loop: 749, time: 3.78512, dt: 0.00545633, num: 1875
loop: 750, time: 3.79058, dt: 0.00545997, num: 1875
loop: 751, time: 3.79604, dt: 0.00546388, num: 1875
loop: 752, time: 3.80151, dt: 0.00546821, num: 1875
write results/00038.dat
loop: 753, time: 3.80698, dt: 0.00547292, num: 1875
loop: 754, time: 3.81246, dt: 0.00547802, num: 1875
loop: 755, time: 3.81795, dt: 0.00548368, num: 1875
loop: 756, time: 3.82344, dt: 0.00548993, num: 1875
loop: 757, time: 3.82893, dt: 0.00549703, num: 1875
loop: 758, time: 3.83444, dt: 0.00550554, num: 1875
loop: 759, time: 3.83995, dt: 0.00551128, num: 1875
loop: 760, time: 3.84546, dt: 0.00551399, num: 1875
loop: 761, time: 3.85098, dt: 0.00551696, num: 1875
loop: 762, time: 3.85645, dt: 0.00546638, num: 1875
loop: 763, time: 3.86193, dt: 0.00547846, num: 1875
loop: 764, time: 3.86735, dt: 0.00542324, num: 1875
loop: 765, time: 3.87278, dt: 0.00543256, num: 1875
loop: 766, time: 3.87822, dt: 0.00544219, num: 1875
loop: 767, time: 3.88368, dt: 0.00545242, num: 1875
loop: 768, time: 3.88914, dt: 0.0054634, num: 1875
loop: 769, time: 3.8946, dt: 0.0054622, num: 1875
loop: 770, time: 3.90006, dt: 0.00545949, num: 1875
write results/00039.dat
loop: 771, time: 3.90553, dt: 0.00546694, num: 1875
loop: 772, time: 3.911, dt: 0.00547095, num: 1875
loop: 773, time: 3.91648, dt: 0.00548258, num: 1875
loop: 774, time: 3.92197, dt: 0.0054912, num: 1875
loop: 775, time: 3.92746, dt: 0.00549134, num: 1875
loop: 776, time: 3.93295, dt: 0.00549036, num: 1875
loop: 777, time: 3.93844, dt: 0.00548933, num: 1875
loop: 778, time: 3.94393, dt: 0.00548827, num: 1875
loop: 779, time: 3.94942, dt: 0.00548387, num: 1875
loop: 780, time: 3.95488, dt: 0.00546201, num: 1875
loop: 781, time: 3.96035, dt: 0.00546964, num: 1875
loop: 782, time: 3.96579, dt: 0.00544158, num: 1875
loop: 783, time: 3.97123, dt: 0.0054386, num: 1875
loop: 784, time: 3.97666, dt: 0.00543588, num: 1875
loop: 785, time: 3.9821, dt: 0.00543358, num: 1875
loop: 786, time: 3.98753, dt: 0.00543173, num: 1875
loop: 787, time: 3.99292, dt: 0.0053892, num: 1875
loop: 788, time: 3.99831, dt: 0.00539545, num: 1875
loop: 789, time: 4.00372, dt: 0.0054019, num: 1875
write results/00040.dat
loop: 790, time: 4.00908, dt: 0.0053667, num: 1875
loop: 791, time: 4.01445, dt: 0.00537074, num: 1875
loop: 792, time: 4.01983, dt: 0.00537544, num: 1875
loop: 793, time: 4.02521, dt: 0.00538123, num: 1875
loop: 794, time: 4.0306, dt: 0.00538799, num: 1875
loop: 795, time: 4.03599, dt: 0.00539567, num: 1875
loop: 796, time: 4.0414, dt: 0.0054042, num: 1875
loop: 797, time: 4.04681, dt: 0.00541349, num: 1875
loop: 798, time: 4.05223, dt: 0.0054234, num: 1875
loop: 799, time: 4.05767, dt: 0.00543392, num: 1875
loop: 800, time: 4.06311, dt: 0.00544506, num: 1875
loop: 801, time: 4.06847, dt: 0.00536016, num: 1875
loop: 802, time: 4.07384, dt: 0.00536295, num: 1875
loop: 803, time: 4.0792, dt: 0.00536776, num: 1875
loop: 804, time: 4.08458, dt: 0.0053737, num: 1875
loop: 805, time: 4.08996, dt: 0.00538027, num: 1875
loop: 806, time: 4.09535, dt: 0.00538757, num: 1875
loop: 807, time: 4.10074, dt: 0.00539552, num: 1875
write results/00041.dat
loop: 808, time: 4.10615, dt: 0.00540366, num: 1875
loop: 809, time: 4.11156, dt: 0.00541191, num: 1875
loop: 810, time: 4.11698, dt: 0.00542068, num: 1875
loop: 811, time: 4.12241, dt: 0.00543045, num: 1875
loop: 812, time: 4.12783, dt: 0.00542534, num: 1875
loop: 813, time: 4.13327, dt: 0.00543844, num: 1875
loop: 814, time: 4.13872, dt: 0.00545225, num: 1875
loop: 815, time: 4.14419, dt: 0.00546656, num: 1875
loop: 816, time: 4.14967, dt: 0.00548142, num: 1875
loop: 817, time: 4.15508, dt: 0.00540443, num: 1875
loop: 818, time: 4.16048, dt: 0.00540572, num: 1875
loop: 819, time: 4.16589, dt: 0.00540715, num: 1875
loop: 820, time: 4.1713, dt: 0.00540903, num: 1875
loop: 821, time: 4.17671, dt: 0.00541183, num: 1875
loop: 822, time: 4.18213, dt: 0.00541564, num: 1875
loop: 823, time: 4.18755, dt: 0.00542008, num: 1875
loop: 824, time: 4.19294, dt: 0.0053946, num: 1875
loop: 825, time: 4.19835, dt: 0.00540837, num: 1875
loop: 826, time: 4.20377, dt: 0.00542208, num: 1875
write results/00042.dat
loop: 827, time: 4.20921, dt: 0.0054358, num: 1875
loop: 828, time: 4.21466, dt: 0.00544959, num: 1875
loop: 829, time: 4.22012, dt: 0.00545925, num: 1875
loop: 830, time: 4.22558, dt: 0.00546737, num: 1875
loop: 831, time: 4.23106, dt: 0.00547592, num: 1875
loop: 832, time: 4.23654, dt: 0.0054849, num: 1875
loop: 833, time: 4.24204, dt: 0.00549432, num: 1875
loop: 834, time: 4.24749, dt: 0.00545119, num: 1875
loop: 835, time: 4.25295, dt: 0.00546243, num: 1875
loop: 836, time: 4.25843, dt: 0.00547365, num: 1875
loop: 837, time: 4.26391, dt: 0.00548485, num: 1875
loop: 838, time: 4.26928, dt: 0.00536973, num: 1875
loop: 839, time: 4.27466, dt: 0.00537861, num: 1875
loop: 840, time: 4.28005, dt: 0.00538763, num: 1875
loop: 841, time: 4.28543, dt: 0.00537881, num: 1875
loop: 842, time: 4.29081, dt: 0.00538806, num: 1875
loop: 843, time: 4.29621, dt: 0.00539754, num: 1875
loop: 844, time: 4.30162, dt: 0.00540721, num: 1875
write results/00043.dat
loop: 845, time: 4.30703, dt: 0.00541704, num: 1875
loop: 846, time: 4.31246, dt: 0.005427, num: 1875
loop: 847, time: 4.3179, dt: 0.00543698, num: 1875
loop: 848, time: 4.32335, dt: 0.00544718, num: 1875
loop: 849, time: 4.3288, dt: 0.00545763, num: 1875
loop: 850, time: 4.33427, dt: 0.00546843, num: 1875
loop: 851, time: 4.33975, dt: 0.0054761, num: 1875
loop: 852, time: 4.34521, dt: 0.00546148, num: 1875
loop: 853, time: 4.35068, dt: 0.00546648, num: 1875
loop: 854, time: 4.35614, dt: 0.00546842, num: 1875
loop: 855, time: 4.36162, dt: 0.00547081, num: 1875
loop: 856, time: 4.36709, dt: 0.00547371, num: 1875
loop: 857, time: 4.37253, dt: 0.00544479, num: 1875
loop: 858, time: 4.37799, dt: 0.00545182, num: 1875
loop: 859, time: 4.38344, dt: 0.00545907, num: 1875
loop: 860, time: 4.38891, dt: 0.00546673, num: 1875
loop: 861, time: 4.39439, dt: 0.0054748, num: 1875
loop: 862, time: 4.39983, dt: 0.0054469, num: 1875
loop: 863, time: 4.40529, dt: 0.00545245, num: 1875
write results/00044.dat
loop: 864, time: 4.41073, dt: 0.00544617, num: 1875
loop: 865, time: 4.41619, dt: 0.00545421, num: 1875
loop: 866, time: 4.42165, dt: 0.00546246, num: 1875
loop: 867, time: 4.42712, dt: 0.0054711, num: 1875
loop: 868, time: 4.4326, dt: 0.00548021, num: 1875
loop: 869, time: 4.43809, dt: 0.00548962, num: 1875
loop: 870, time: 4.44359, dt: 0.00549942, num: 1875
loop: 871, time: 4.44907, dt: 0.00547648, num: 1875
loop: 872, time: 4.45455, dt: 0.00548425, num: 1875
loop: 873, time: 4.46004, dt: 0.0054925, num: 1875
loop: 874, time: 4.46554, dt: 0.00550127, num: 1875
loop: 875, time: 4.47105, dt: 0.00551054, num: 1875
loop: 876, time: 4.47657, dt: 0.00551281, num: 1875
loop: 877, time: 4.48203, dt: 0.00546191, num: 1875
loop: 878, time: 4.4875, dt: 0.00547037, num: 1875
loop: 879, time: 4.49298, dt: 0.00547938, num: 1875
loop: 880, time: 4.49847, dt: 0.00548868, num: 1875
loop: 881, time: 4.50397, dt: 0.00549883, num: 1875
write results/00045.dat
loop: 882, time: 4.50947, dt: 0.00550099, num: 1875
loop: 883, time: 4.51497, dt: 0.00550677, num: 1875
loop: 884, time: 4.52049, dt: 0.00551282, num: 1875
loop: 885, time: 4.52601, dt: 0.00551914, num: 1875
loop: 886, time: 4.53153, dt: 0.00552577, num: 1875
loop: 887, time: 4.53701, dt: 0.00547709, num: 1875
loop: 888, time: 4.54249, dt: 0.00547728, num: 1875
loop: 889, time: 4.5479, dt: 0.00541551, num: 1875
loop: 890, time: 4.55333, dt: 0.00542641, num: 1875
loop: 891, time: 4.55877, dt: 0.0054376, num: 1875
loop: 892, time: 4.56421, dt: 0.00544956, num: 1875
loop: 893, time: 4.56968, dt: 0.00546124, num: 1875
loop: 894, time: 4.57515, dt: 0.00547285, num: 1875
loop: 895, time: 4.58063, dt: 0.00548434, num: 1875
loop: 896, time: 4.58613, dt: 0.00549587, num: 1875
loop: 897, time: 4.59164, dt: 0.00550734, num: 1875
loop: 898, time: 4.59713, dt: 0.0054957, num: 1875
loop: 899, time: 4.60264, dt: 0.00550293, num: 1875
write results/00046.dat
loop: 900, time: 4.60807, dt: 0.00543626, num: 1875
loop: 901, time: 4.61352, dt: 0.00544755, num: 1875
loop: 902, time: 4.61898, dt: 0.00545917, num: 1875
loop: 903, time: 4.62445, dt: 0.00547124, num: 1875
loop: 904, time: 4.62993, dt: 0.00548389, num: 1875
loop: 905, time: 4.63543, dt: 0.00549703, num: 1875
loop: 906, time: 4.64094, dt: 0.0055105, num: 1875
loop: 907, time: 4.64646, dt: 0.00552428, num: 1875
loop: 908, time: 4.652, dt: 0.00553101, num: 1875
loop: 909, time: 4.65753, dt: 0.00553733, num: 1875
loop: 910, time: 4.66307, dt: 0.0055375, num: 1875
loop: 911, time: 4.66859, dt: 0.005518, num: 1875
loop: 912, time: 4.67411, dt: 0.00551883, num: 1875
loop: 913, time: 4.67962, dt: 0.00551079, num: 1875
loop: 914, time: 4.68514, dt: 0.00552101, num: 1875
loop: 915, time: 4.69064, dt: 0.00550014, num: 1875
loop: 916, time: 4.69614, dt: 0.00550126, num: 1875
loop: 917, time: 4.70164, dt: 0.0055024, num: 1875
write results/00047.dat
loop: 918, time: 4.70715, dt: 0.0055035, num: 1875
loop: 919, time: 4.71265, dt: 0.00550461, num: 1875
loop: 920, time: 4.71816, dt: 0.00550597, num: 1875
loop: 921, time: 4.72361, dt: 0.00545182, num: 1875
loop: 922, time: 4.72906, dt: 0.00544819, num: 1875
loop: 923, time: 4.7345, dt: 0.00544478, num: 1875
loop: 924, time: 4.73994, dt: 0.0054417, num: 1875
loop: 925, time: 4.74538, dt: 0.00543908, num: 1875
loop: 926, time: 4.75082, dt: 0.00543689, num: 1875
loop: 927, time: 4.75626, dt: 0.00543519, num: 1875
loop: 928, time: 4.76169, dt: 0.00543401, num: 1875
loop: 929, time: 4.76712, dt: 0.00543339, num: 1875
loop: 930, time: 4.77256, dt: 0.00543319, num: 1875
loop: 931, time: 4.77799, dt: 0.00543327, num: 1875
loop: 932, time: 4.78342, dt: 0.00543365, num: 1875
loop: 933, time: 4.78886, dt: 0.00543433, num: 1875
loop: 934, time: 4.79429, dt: 0.00543515, num: 1875
loop: 935, time: 4.79973, dt: 0.00543633, num: 1875
loop: 936, time: 4.80517, dt: 0.00543791, num: 1875
write results/00048.dat
loop: 937, time: 4.81061, dt: 0.00543982, num: 1875
loop: 938, time: 4.81604, dt: 0.0054337, num: 1875
loop: 939, time: 4.82148, dt: 0.00544078, num: 1875
loop: 940, time: 4.82693, dt: 0.0054471, num: 1875
loop: 941, time: 4.83238, dt: 0.00545002, num: 1875
loop: 942, time: 4.83783, dt: 0.00545318, num: 1875
loop: 943, time: 4.84329, dt: 0.00545659, num: 1875
loop: 944, time: 4.84875, dt: 0.00546107, num: 1875
loop: 945, time: 4.85422, dt: 0.00546697, num: 1875
loop: 946, time: 4.85965, dt: 0.00543483, num: 1875
loop: 947, time: 4.86509, dt: 0.00544264, num: 1875
loop: 948, time: 4.87054, dt: 0.00545076, num: 1875
loop: 949, time: 4.876, dt: 0.00545957, num: 1875
loop: 950, time: 4.88147, dt: 0.00546954, num: 1875
loop: 951, time: 4.88695, dt: 0.00547865, num: 1875
loop: 952, time: 4.89244, dt: 0.00548648, num: 1875
loop: 953, time: 4.89785, dt: 0.0054157, num: 1875
loop: 954, time: 4.90328, dt: 0.00542591, num: 1875
write results/00049.dat
loop: 955, time: 4.90872, dt: 0.0054369, num: 1875
loop: 956, time: 4.91416, dt: 0.00544831, num: 1875
loop: 957, time: 4.91963, dt: 0.00546094, num: 1875
loop: 958, time: 4.92505, dt: 0.00542059, num: 1875
loop: 959, time: 4.93047, dt: 0.00542699, num: 1875
loop: 960, time: 4.93591, dt: 0.00543393, num: 1875
loop: 961, time: 4.94135, dt: 0.00544151, num: 1875
loop: 962, time: 4.9468, dt: 0.00544977, num: 1875
loop: 963, time: 4.95224, dt: 0.00544647, num: 1875
loop: 964, time: 4.95769, dt: 0.00544353, num: 1875
loop: 965, time: 4.96313, dt: 0.00544093, num: 1875
loop: 966, time: 4.96857, dt: 0.00543875, num: 1875
loop: 967, time: 4.97401, dt: 0.00543748, num: 1875
loop: 968, time: 4.97944, dt: 0.00543749, num: 1875
loop: 969, time: 4.98488, dt: 0.00543832, num: 1875
loop: 970, time: 4.99032, dt: 0.00543978, num: 1875
loop: 971, time: 4.99576, dt: 0.00544178, num: 1875
loop: 972, time: 5.00121, dt: 0.00544421, num: 1875
write results/00050.dat
loop: 973, time: 5.00665, dt: 0.00544764, num: 1875
loop: 974, time: 5.0121, dt: 0.00544865, num: 1875
loop: 975, time: 5.01755, dt: 0.00544239, num: 1875
loop: 976, time: 5.02298, dt: 0.00543502, num: 1875
loop: 977, time: 5.02841, dt: 0.00542889, num: 1875
loop: 978, time: 5.03383, dt: 0.00542396, num: 1875
loop: 979, time: 5.03925, dt: 0.00542044, num: 1875
loop: 980, time: 5.04467, dt: 0.0054197, num: 1875
loop: 981, time: 5.05009, dt: 0.00542043, num: 1875
loop: 982, time: 5.05552, dt: 0.00542268, num: 1875
loop: 983, time: 5.06094, dt: 0.00542632, num: 1875
loop: 984, time: 5.06637, dt: 0.00543121, num: 1875
loop: 985, time: 5.07181, dt: 0.00543428, num: 1875
loop: 986, time: 5.07725, dt: 0.0054365, num: 1875
loop: 987, time: 5.08268, dt: 0.00543952, num: 1875
loop: 988, time: 5.08813, dt: 0.00544325, num: 1875
loop: 989, time: 5.09358, dt: 0.00544767, num: 1875
loop: 990, time: 5.09903, dt: 0.0054525, num: 1875
loop: 991, time: 5.10449, dt: 0.00545792, num: 1875
write results/00051.dat
loop: 992, time: 5.10995, dt: 0.00546399, num: 1875
loop: 993, time: 5.11542, dt: 0.00547062, num: 1875
loop: 994, time: 5.1209, dt: 0.00547786, num: 1875
loop: 995, time: 5.12627, dt: 0.00536787, num: 1875
loop: 996, time: 5.13165, dt: 0.00538162, num: 1875
loop: 997, time: 5.13704, dt: 0.00539578, num: 1875
loop: 998, time: 5.14245, dt: 0.0054104, num: 1875
loop: 999, time: 5.14788, dt: 0.0054252, num: 1875
loop: 1000, time: 5.15332, dt: 0.00544015, num: 1875
loop: 1001, time: 5.15877, dt: 0.00545524, num: 1875
loop: 1002, time: 5.16425, dt: 0.00547051, num: 1875
loop: 1003, time: 5.16973, dt: 0.00548603, num: 1875
loop: 1004, time: 5.17517, dt: 0.00543915, num: 1875
loop: 1005, time: 5.18056, dt: 0.0053918, num: 1875
loop: 1006, time: 5.18597, dt: 0.00540693, num: 1875
loop: 1007, time: 5.19138, dt: 0.00541483, num: 1875
loop: 1008, time: 5.19681, dt: 0.00542101, num: 1875
loop: 1009, time: 5.20223, dt: 0.00542817, num: 1875
write results/00052.dat
loop: 1010, time: 5.20767, dt: 0.00543627, num: 1875
loop: 1011, time: 5.21311, dt: 0.0054453, num: 1875
loop: 1012, time: 5.21857, dt: 0.00545528, num: 1875
loop: 1013, time: 5.22404, dt: 0.00546622, num: 1875
loop: 1014, time: 5.22951, dt: 0.00547816, num: 1875
loop: 1015, time: 5.23501, dt: 0.00549116, num: 1875
loop: 1016, time: 5.24051, dt: 0.00550529, num: 1875
loop: 1017, time: 5.24603, dt: 0.00552052, num: 1875
loop: 1018, time: 5.25148, dt: 0.00544441, num: 1875
loop: 1019, time: 5.25688, dt: 0.00540296, num: 1875
loop: 1020, time: 5.26229, dt: 0.00540993, num: 1875
loop: 1021, time: 5.26771, dt: 0.00541745, num: 1875
loop: 1022, time: 5.27313, dt: 0.00542554, num: 1875
loop: 1023, time: 5.27857, dt: 0.0054341, num: 1875
loop: 1024, time: 5.28401, dt: 0.00544307, num: 1875
loop: 1025, time: 5.28935, dt: 0.0053375, num: 1875
loop: 1026, time: 5.29469, dt: 0.0053414, num: 1875
loop: 1027, time: 5.30003, dt: 0.00534575, num: 1875
write results/00053.dat
loop: 1028, time: 5.30538, dt: 0.00535099, num: 1875
loop: 1029, time: 5.31074, dt: 0.00535681, num: 1875
loop: 1030, time: 5.3161, dt: 0.00536328, num: 1875
loop: 1031, time: 5.32148, dt: 0.00537039, num: 1875
loop: 1032, time: 5.32685, dt: 0.00537822, num: 1875
loop: 1033, time: 5.33224, dt: 0.00538667, num: 1875
loop: 1034, time: 5.33764, dt: 0.00539589, num: 1875
loop: 1035, time: 5.34304, dt: 0.00540574, num: 1875
loop: 1036, time: 5.34846, dt: 0.00541617, num: 1875
loop: 1037, time: 5.35389, dt: 0.00542722, num: 1875
loop: 1038, time: 5.35932, dt: 0.00543899, num: 1875
loop: 1039, time: 5.36478, dt: 0.00545147, num: 1875
loop: 1040, time: 5.37024, dt: 0.00546225, num: 1875
loop: 1041, time: 5.37571, dt: 0.00546995, num: 1875
loop: 1042, time: 5.38119, dt: 0.00547883, num: 1875
loop: 1043, time: 5.38668, dt: 0.00548859, num: 1875
loop: 1044, time: 5.39217, dt: 0.0054993, num: 1875
loop: 1045, time: 5.39765, dt: 0.00547443, num: 1875
loop: 1046, time: 5.40312, dt: 0.00547166, num: 1875
write results/00054.dat
loop: 1047, time: 5.40851, dt: 0.00538765, num: 1875
loop: 1048, time: 5.41389, dt: 0.00538506, num: 1875
loop: 1049, time: 5.41928, dt: 0.005383, num: 1875
loop: 1050, time: 5.42466, dt: 0.00538162, num: 1875
loop: 1051, time: 5.43004, dt: 0.00538265, num: 1875
loop: 1052, time: 5.43543, dt: 0.00538577, num: 1875
loop: 1053, time: 5.44082, dt: 0.00539051, num: 1875
loop: 1054, time: 5.44621, dt: 0.00539693, num: 1875
loop: 1055, time: 5.45162, dt: 0.005405, num: 1875
loop: 1056, time: 5.45703, dt: 0.00541509, num: 1875
loop: 1057, time: 5.46246, dt: 0.00542698, num: 1875
loop: 1058, time: 5.46787, dt: 0.00540923, num: 1875
loop: 1059, time: 5.47328, dt: 0.00541466, num: 1875
loop: 1060, time: 5.47871, dt: 0.00542096, num: 1875
loop: 1061, time: 5.48413, dt: 0.00542812, num: 1875
loop: 1062, time: 5.48957, dt: 0.00543608, num: 1875
loop: 1063, time: 5.49501, dt: 0.00544478, num: 1875
loop: 1064, time: 5.50047, dt: 0.00545422, num: 1875
write results/00055.dat
loop: 1065, time: 5.50593, dt: 0.00546427, num: 1875
loop: 1066, time: 5.51141, dt: 0.00547534, num: 1875
loop: 1067, time: 5.5169, dt: 0.00548722, num: 1875
loop: 1068, time: 5.5224, dt: 0.00549964, num: 1875
loop: 1069, time: 5.52791, dt: 0.00551235, num: 1875
loop: 1070, time: 5.53343, dt: 0.00552529, num: 1875
loop: 1071, time: 5.53897, dt: 0.00553591, num: 1875
loop: 1072, time: 5.54451, dt: 0.00554092, num: 1875
loop: 1073, time: 5.55004, dt: 0.00553263, num: 1875
loop: 1074, time: 5.55548, dt: 0.00543362, num: 1875
loop: 1075, time: 5.56091, dt: 0.00543503, num: 1875
loop: 1076, time: 5.56635, dt: 0.005437, num: 1875
loop: 1077, time: 5.57179, dt: 0.00543972, num: 1875
loop: 1078, time: 5.57723, dt: 0.00544309, num: 1875
loop: 1079, time: 5.58268, dt: 0.00544708, num: 1875
loop: 1080, time: 5.58813, dt: 0.00545171, num: 1875
loop: 1081, time: 5.59359, dt: 0.00545563, num: 1875
loop: 1082, time: 5.59904, dt: 0.00545972, num: 1875
loop: 1083, time: 5.60451, dt: 0.00546403, num: 1875
write results/00056.dat
loop: 1084, time: 5.60998, dt: 0.00546865, num: 1875
loop: 1085, time: 5.61545, dt: 0.00547359, num: 1875
loop: 1086, time: 5.62093, dt: 0.00547892, num: 1875
loop: 1087, time: 5.62641, dt: 0.00548471, num: 1875
loop: 1088, time: 5.63191, dt: 0.00549101, num: 1875
loop: 1089, time: 5.6374, dt: 0.00549785, num: 1875
loop: 1090, time: 5.64291, dt: 0.00550522, num: 1875
loop: 1091, time: 5.6484, dt: 0.00549587, num: 1875
loop: 1092, time: 5.65391, dt: 0.00550777, num: 1875
loop: 1093, time: 5.65943, dt: 0.00552014, num: 1875
loop: 1094, time: 5.66497, dt: 0.00553287, num: 1875
loop: 1095, time: 5.67048, dt: 0.00551423, num: 1875
loop: 1096, time: 5.676, dt: 0.00552231, num: 1875
loop: 1097, time: 5.68153, dt: 0.00553093, num: 1875
loop: 1098, time: 5.68707, dt: 0.00554016, num: 1875
loop: 1099, time: 5.69262, dt: 0.00554906, num: 1875
loop: 1100, time: 5.69816, dt: 0.00553566, num: 1875
loop: 1101, time: 5.70369, dt: 0.00553393, num: 1875
write results/00057.dat
loop: 1102, time: 5.70923, dt: 0.00553575, num: 1875
loop: 1103, time: 5.71476, dt: 0.00553616, num: 1875
loop: 1104, time: 5.7203, dt: 0.00553688, num: 1875
loop: 1105, time: 5.72584, dt: 0.00553801, num: 1875
loop: 1106, time: 5.73138, dt: 0.0055397, num: 1875
loop: 1107, time: 5.73692, dt: 0.00554009, num: 1875
loop: 1108, time: 5.74246, dt: 0.00553845, num: 1875
loop: 1109, time: 5.74799, dt: 0.005537, num: 1875
loop: 1110, time: 5.75353, dt: 0.00553589, num: 1875
loop: 1111, time: 5.75907, dt: 0.00553551, num: 1875
loop: 1112, time: 5.7646, dt: 0.00553604, num: 1875
loop: 1113, time: 5.77014, dt: 0.00553705, num: 1875
loop: 1114, time: 5.77568, dt: 0.00553872, num: 1875
loop: 1115, time: 5.78122, dt: 0.00554109, num: 1875
loop: 1116, time: 5.78676, dt: 0.00554419, num: 1875
loop: 1117, time: 5.79231, dt: 0.005548, num: 1875
loop: 1118, time: 5.79779, dt: 0.00548381, num: 1875
loop: 1119, time: 5.80328, dt: 0.00549013, num: 1875
write results/00058.dat
loop: 1120, time: 5.80878, dt: 0.00549722, num: 1875
loop: 1121, time: 5.81429, dt: 0.00550535, num: 1875
loop: 1122, time: 5.8198, dt: 0.00551452, num: 1875
loop: 1123, time: 5.82533, dt: 0.0055247, num: 1875
loop: 1124, time: 5.83086, dt: 0.00553594, num: 1875
loop: 1125, time: 5.83641, dt: 0.00554308, num: 1875
loop: 1126, time: 5.84195, dt: 0.005548, num: 1875
loop: 1127, time: 5.84751, dt: 0.00555308, num: 1875
loop: 1128, time: 5.85306, dt: 0.00555828, num: 1875
loop: 1129, time: 5.85854, dt: 0.00547118, num: 1875
loop: 1130, time: 5.86402, dt: 0.00548491, num: 1875
loop: 1131, time: 5.86952, dt: 0.00549922, num: 1875
loop: 1132, time: 5.87503, dt: 0.00551427, num: 1875
loop: 1133, time: 5.88056, dt: 0.00552997, num: 1875
loop: 1134, time: 5.88611, dt: 0.00554622, num: 1875
loop: 1135, time: 5.89167, dt: 0.005563, num: 1875
loop: 1136, time: 5.89725, dt: 0.00558025, num: 1875
loop: 1137, time: 5.90285, dt: 0.00559731, num: 1875
write results/00059.dat
loop: 1138, time: 5.90839, dt: 0.00554093, num: 1875
loop: 1139, time: 5.91394, dt: 0.00554796, num: 1875
loop: 1140, time: 5.91949, dt: 0.00555511, num: 1875
loop: 1141, time: 5.92506, dt: 0.00556269, num: 1875
loop: 1142, time: 5.93063, dt: 0.00557063, num: 1875
loop: 1143, time: 5.9362, dt: 0.00556971, num: 1875
loop: 1144, time: 5.9417, dt: 0.00550232, num: 1875
loop: 1145, time: 5.94721, dt: 0.00550482, num: 1875
loop: 1146, time: 5.95271, dt: 0.00550783, num: 1875
loop: 1147, time: 5.95822, dt: 0.00551131, num: 1875
loop: 1148, time: 5.96374, dt: 0.00551525, num: 1875
loop: 1149, time: 5.96926, dt: 0.00551969, num: 1875
loop: 1150, time: 5.97478, dt: 0.00552459, num: 1875
loop: 1151, time: 5.98031, dt: 0.00552974, num: 1875
loop: 1152, time: 5.98581, dt: 0.00549799, num: 1875
loop: 1153, time: 5.99131, dt: 0.00550317, num: 1875
loop: 1154, time: 5.99682, dt: 0.00550867, num: 1875
loop: 1155, time: 6.00234, dt: 0.00551465, num: 1875
write results/00060.dat
loop: 1156, time: 6.00786, dt: 0.00552106, num: 1875
loop: 1157, time: 6.01339, dt: 0.00552782, num: 1875
loop: 1158, time: 6.01892, dt: 0.00553484, num: 1875
loop: 1159, time: 6.02446, dt: 0.00554226, num: 1875
loop: 1160, time: 6.03001, dt: 0.0055499, num: 1875
loop: 1161, time: 6.03554, dt: 0.00552656, num: 1875
loop: 1162, time: 6.04107, dt: 0.00553363, num: 1875
loop: 1163, time: 6.04661, dt: 0.00554083, num: 1875
loop: 1164, time: 6.05216, dt: 0.00554846, num: 1875
loop: 1165, time: 6.05772, dt: 0.00555624, num: 1875
loop: 1166, time: 6.06328, dt: 0.00556427, num: 1875
loop: 1167, time: 6.06886, dt: 0.0055727, num: 1875
loop: 1168, time: 6.07444, dt: 0.0055814, num: 1875
loop: 1169, time: 6.08002, dt: 0.00558553, num: 1875
loop: 1170, time: 6.08561, dt: 0.00558799, num: 1875
loop: 1171, time: 6.0912, dt: 0.00558555, num: 1875
loop: 1172, time: 6.09678, dt: 0.00558801, num: 1875
loop: 1173, time: 6.10238, dt: 0.00559062, num: 1875
write results/00061.dat
loop: 1174, time: 6.10797, dt: 0.00559333, num: 1875
loop: 1175, time: 6.11357, dt: 0.00559646, num: 1875
loop: 1176, time: 6.11917, dt: 0.00559974, num: 1875
loop: 1177, time: 6.12477, dt: 0.00560304, num: 1875
loop: 1178, time: 6.13037, dt: 0.00560634, num: 1875
loop: 1179, time: 6.1359, dt: 0.00552064, num: 1875
loop: 1180, time: 6.14142, dt: 0.00552913, num: 1875
loop: 1181, time: 6.14696, dt: 0.00553272, num: 1875
loop: 1182, time: 6.15249, dt: 0.00553587, num: 1875
loop: 1183, time: 6.15803, dt: 0.00553935, num: 1875
loop: 1184, time: 6.16354, dt: 0.00551064, num: 1875
loop: 1185, time: 6.16906, dt: 0.00551375, num: 1875
loop: 1186, time: 6.17457, dt: 0.00551706, num: 1875
loop: 1187, time: 6.18009, dt: 0.0055206, num: 1875
loop: 1188, time: 6.18561, dt: 0.00551765, num: 1875
loop: 1189, time: 6.19113, dt: 0.00552162, num: 1875
loop: 1190, time: 6.19666, dt: 0.00552561, num: 1875
loop: 1191, time: 6.20219, dt: 0.0055296, num: 1875
write results/00062.dat
loop: 1192, time: 6.20772, dt: 0.00553385, num: 1875
loop: 1193, time: 6.21326, dt: 0.00553822, num: 1875
loop: 1194, time: 6.2188, dt: 0.00554267, num: 1875
loop: 1195, time: 6.22435, dt: 0.00554718, num: 1875
loop: 1196, time: 6.2299, dt: 0.00555167, num: 1875
loop: 1197, time: 6.23546, dt: 0.00555619, num: 1875
loop: 1198, time: 6.24102, dt: 0.00556067, num: 1875
loop: 1199, time: 6.24658, dt: 0.00556515, num: 1875
loop: 1200, time: 6.25215, dt: 0.0055696, num: 1875
loop: 1201, time: 6.25773, dt: 0.00557402, num: 1875
loop: 1202, time: 6.26331, dt: 0.00557845, num: 1875
loop: 1203, time: 6.26889, dt: 0.00558292, num: 1875
loop: 1204, time: 6.27448, dt: 0.00558738, num: 1875
loop: 1205, time: 6.28007, dt: 0.00559187, num: 1875
loop: 1206, time: 6.28564, dt: 0.00556719, num: 1875
loop: 1207, time: 6.29121, dt: 0.00557032, num: 1875
loop: 1208, time: 6.29678, dt: 0.00557372, num: 1875
loop: 1209, time: 6.30236, dt: 0.00557751, num: 1875
write results/00063.dat
loop: 1210, time: 6.30794, dt: 0.00558185, num: 1875
loop: 1211, time: 6.31353, dt: 0.00558689, num: 1875
loop: 1212, time: 6.31905, dt: 0.00552595, num: 1875
loop: 1213, time: 6.32455, dt: 0.0055025, num: 1875
loop: 1214, time: 6.33006, dt: 0.00550455, num: 1875
loop: 1215, time: 6.33557, dt: 0.00550656, num: 1875
loop: 1216, time: 6.34107, dt: 0.00550857, num: 1875
loop: 1217, time: 6.34658, dt: 0.00551056, num: 1875
loop: 1218, time: 6.3521, dt: 0.00551249, num: 1875
loop: 1219, time: 6.35761, dt: 0.00551435, num: 1875
loop: 1220, time: 6.36313, dt: 0.00551613, num: 1875
loop: 1221, time: 6.36865, dt: 0.00551798, num: 1875
loop: 1222, time: 6.37417, dt: 0.00551993, num: 1875
loop: 1223, time: 6.37969, dt: 0.00552209, num: 1875
loop: 1224, time: 6.38521, dt: 0.00552445, num: 1875
loop: 1225, time: 6.39074, dt: 0.00552683, num: 1875
loop: 1226, time: 6.39627, dt: 0.00552965, num: 1875
loop: 1227, time: 6.4018, dt: 0.00553202, num: 1875
write results/00064.dat
loop: 1228, time: 6.40734, dt: 0.00553439, num: 1875
loop: 1229, time: 6.41287, dt: 0.00553674, num: 1875
loop: 1230, time: 6.41841, dt: 0.00553918, num: 1875
loop: 1231, time: 6.42395, dt: 0.00554191, num: 1875
loop: 1232, time: 6.4295, dt: 0.00554493, num: 1875
loop: 1233, time: 6.43501, dt: 0.00551025, num: 1875
loop: 1234, time: 6.44052, dt: 0.00551608, num: 1875
loop: 1235, time: 6.44603, dt: 0.00550111, num: 1875
loop: 1236, time: 6.45153, dt: 0.00550358, num: 1875
loop: 1237, time: 6.45704, dt: 0.00550676, num: 1875
loop: 1238, time: 6.46255, dt: 0.00551028, num: 1875
loop: 1239, time: 6.46806, dt: 0.0055143, num: 1875
loop: 1240, time: 6.47358, dt: 0.00551877, num: 1875
loop: 1241, time: 6.4791, dt: 0.00552368, num: 1875
loop: 1242, time: 6.48463, dt: 0.00552888, num: 1875
loop: 1243, time: 6.49016, dt: 0.00553162, num: 1875
loop: 1244, time: 6.4957, dt: 0.00553341, num: 1875
loop: 1245, time: 6.50123, dt: 0.00553567, num: 1875
write results/00065.dat
loop: 1246, time: 6.50677, dt: 0.00553856, num: 1875
loop: 1247, time: 6.51229, dt: 0.0055236, num: 1875
loop: 1248, time: 6.51782, dt: 0.00552582, num: 1875
loop: 1249, time: 6.52331, dt: 0.00548785, num: 1875
loop: 1250, time: 6.52881, dt: 0.0054994, num: 1875
loop: 1251, time: 6.53432, dt: 0.00551115, num: 1875
loop: 1252, time: 6.53984, dt: 0.00552305, num: 1875
loop: 1253, time: 6.54538, dt: 0.00553499, num: 1875
loop: 1254, time: 6.55092, dt: 0.00554688, num: 1875
loop: 1255, time: 6.55648, dt: 0.00555593, num: 1875
loop: 1256, time: 6.56203, dt: 0.00554846, num: 1875
loop: 1257, time: 6.56758, dt: 0.00555435, num: 1875
loop: 1258, time: 6.57314, dt: 0.00556027, num: 1875
loop: 1259, time: 6.57871, dt: 0.00556259, num: 1875
loop: 1260, time: 6.58427, dt: 0.00556536, num: 1875
loop: 1261, time: 6.58984, dt: 0.00556844, num: 1875
loop: 1262, time: 6.59541, dt: 0.00557179, num: 1875
loop: 1263, time: 6.60095, dt: 0.00553785, num: 1875
write results/00066.dat
loop: 1264, time: 6.60649, dt: 0.0055415, num: 1875
loop: 1265, time: 6.61204, dt: 0.0055452, num: 1875
loop: 1266, time: 6.61758, dt: 0.00554899, num: 1875
loop: 1267, time: 6.62314, dt: 0.00555292, num: 1875
loop: 1268, time: 6.62869, dt: 0.00555701, num: 1875
loop: 1269, time: 6.63416, dt: 0.00547049, num: 1875
loop: 1270, time: 6.63964, dt: 0.00547911, num: 1875
loop: 1271, time: 6.64513, dt: 0.00548754, num: 1875
loop: 1272, time: 6.65063, dt: 0.00549592, num: 1875
loop: 1273, time: 6.65613, dt: 0.00550415, num: 1875
loop: 1274, time: 6.66164, dt: 0.00551206, num: 1875
loop: 1275, time: 6.66716, dt: 0.00551971, num: 1875
loop: 1276, time: 6.67261, dt: 0.00545112, num: 1875
loop: 1277, time: 6.67807, dt: 0.00545551, num: 1875
loop: 1278, time: 6.68351, dt: 0.00543571, num: 1875
loop: 1279, time: 6.68895, dt: 0.00544265, num: 1875
loop: 1280, time: 6.6944, dt: 0.00545002, num: 1875
loop: 1281, time: 6.69986, dt: 0.00545759, num: 1875
loop: 1282, time: 6.70532, dt: 0.00546507, num: 1875
write results/00067.dat
loop: 1283, time: 6.71079, dt: 0.00547245, num: 1875
loop: 1284, time: 6.71627, dt: 0.00547972, num: 1875
loop: 1285, time: 6.72176, dt: 0.00548685, num: 1875
loop: 1286, time: 6.72725, dt: 0.00549392, num: 1875
loop: 1287, time: 6.73275, dt: 0.00550117, num: 1875
loop: 1288, time: 6.73826, dt: 0.00550637, num: 1875
loop: 1289, time: 6.74377, dt: 0.00551121, num: 1875
loop: 1290, time: 6.74929, dt: 0.00551705, num: 1875
loop: 1291, time: 6.75481, dt: 0.00552321, num: 1875
loop: 1292, time: 6.76034, dt: 0.00552963, num: 1875
loop: 1293, time: 6.76588, dt: 0.00553615, num: 1875
loop: 1294, time: 6.77142, dt: 0.00554284, num: 1875
loop: 1295, time: 6.77697, dt: 0.00554985, num: 1875
loop: 1296, time: 6.78252, dt: 0.00555052, num: 1875
loop: 1297, time: 6.78807, dt: 0.00554993, num: 1875
loop: 1298, time: 6.79362, dt: 0.00555023, num: 1875
loop: 1299, time: 6.79917, dt: 0.00555136, num: 1875
loop: 1300, time: 6.80473, dt: 0.00555346, num: 1875
write results/00068.dat
loop: 1301, time: 6.81017, dt: 0.00544626, num: 1875
loop: 1302, time: 6.81563, dt: 0.00545424, num: 1875
loop: 1303, time: 6.82109, dt: 0.00546257, num: 1875
loop: 1304, time: 6.82656, dt: 0.00547153, num: 1875
loop: 1305, time: 6.83204, dt: 0.00548105, num: 1875
loop: 1306, time: 6.83753, dt: 0.00549098, num: 1875
loop: 1307, time: 6.84303, dt: 0.00550126, num: 1875
loop: 1308, time: 6.84855, dt: 0.00551182, num: 1875
loop: 1309, time: 6.85407, dt: 0.00552271, num: 1875
loop: 1310, time: 6.8596, dt: 0.0055341, num: 1875
loop: 1311, time: 6.86515, dt: 0.00554635, num: 1875
loop: 1312, time: 6.87071, dt: 0.00555893, num: 1875
loop: 1313, time: 6.87628, dt: 0.00557166, num: 1875
loop: 1314, time: 6.88186, dt: 0.00558413, num: 1875
loop: 1315, time: 6.88746, dt: 0.00559616, num: 1875
loop: 1316, time: 6.89304, dt: 0.0055799, num: 1875
loop: 1317, time: 6.89862, dt: 0.00558312, num: 1875
loop: 1318, time: 6.90421, dt: 0.00558681, num: 1875
write results/00069.dat
loop: 1319, time: 6.9098, dt: 0.00559109, num: 1875
loop: 1320, time: 6.91539, dt: 0.00558774, num: 1875
loop: 1321, time: 6.92099, dt: 0.00559669, num: 1875
loop: 1322, time: 6.92659, dt: 0.00560564, num: 1875
loop: 1323, time: 6.93221, dt: 0.00561368, num: 1875
loop: 1324, time: 6.93781, dt: 0.00560186, num: 1875
loop: 1325, time: 6.94341, dt: 0.00560573, num: 1875
loop: 1326, time: 6.94895, dt: 0.00554111, num: 1875
loop: 1327, time: 6.9545, dt: 0.00554412, num: 1875
loop: 1328, time: 6.96005, dt: 0.00554727, num: 1875
loop: 1329, time: 6.9656, dt: 0.0055507, num: 1875
loop: 1330, time: 6.97115, dt: 0.00555441, num: 1875
loop: 1331, time: 6.97671, dt: 0.00555847, num: 1875
loop: 1332, time: 6.98227, dt: 0.00556289, num: 1875
loop: 1333, time: 6.98784, dt: 0.0055677, num: 1875
loop: 1334, time: 6.99341, dt: 0.00557293, num: 1875
loop: 1335, time: 6.99899, dt: 0.00557857, num: 1875
loop: 1336, time: 7.00458, dt: 0.00558463, num: 1875
write results/00070.dat
loop: 1337, time: 7.01017, dt: 0.00559112, num: 1875
loop: 1338, time: 7.01576, dt: 0.00559802, num: 1875
loop: 1339, time: 7.02135, dt: 0.00558252, num: 1875
loop: 1340, time: 7.02694, dt: 0.00558841, num: 1875
loop: 1341, time: 7.03253, dt: 0.00559413, num: 1875
loop: 1342, time: 7.03813, dt: 0.00559984, num: 1875
loop: 1343, time: 7.04374, dt: 0.00560555, num: 1875
loop: 1344, time: 7.04935, dt: 0.00561136, num: 1875
loop: 1345, time: 7.05496, dt: 0.00561718, num: 1875
loop: 1346, time: 7.06059, dt: 0.00562306, num: 1875
loop: 1347, time: 7.06622, dt: 0.00562905, num: 1875
loop: 1348, time: 7.07185, dt: 0.00563511, num: 1875
loop: 1349, time: 7.07749, dt: 0.0056413, num: 1875
loop: 1350, time: 7.08314, dt: 0.00564569, num: 1875
loop: 1351, time: 7.08879, dt: 0.00564981, num: 1875
loop: 1352, time: 7.0944, dt: 0.00561418, num: 1875
loop: 1353, time: 7.10002, dt: 0.00561801, num: 1875
write results/00071.dat
loop: 1354, time: 7.10564, dt: 0.00562198, num: 1875
loop: 1355, time: 7.11127, dt: 0.00562326, num: 1875
loop: 1356, time: 7.11689, dt: 0.00562411, num: 1875
loop: 1357, time: 7.12251, dt: 0.00562518, num: 1875
loop: 1358, time: 7.12814, dt: 0.00562652, num: 1875
loop: 1359, time: 7.1337, dt: 0.00555489, num: 1875
loop: 1360, time: 7.13926, dt: 0.00556043, num: 1875
loop: 1361, time: 7.14482, dt: 0.00556585, num: 1875
loop: 1362, time: 7.15039, dt: 0.00557141, num: 1875
loop: 1363, time: 7.15597, dt: 0.00557714, num: 1875
loop: 1364, time: 7.16155, dt: 0.00558277, num: 1875
loop: 1365, time: 7.16713, dt: 0.00558013, num: 1875
loop: 1366, time: 7.17272, dt: 0.00558274, num: 1875
loop: 1367, time: 7.1783, dt: 0.00558574, num: 1875
loop: 1368, time: 7.18389, dt: 0.00558922, num: 1875
loop: 1369, time: 7.18948, dt: 0.00559312, num: 1875
loop: 1370, time: 7.19508, dt: 0.00559734, num: 1875
loop: 1371, time: 7.20068, dt: 0.00560182, num: 1875
write results/00072.dat
loop: 1372, time: 7.20629, dt: 0.0056065, num: 1875
loop: 1373, time: 7.2119, dt: 0.00561141, num: 1875
loop: 1374, time: 7.21752, dt: 0.00561654, num: 1875
loop: 1375, time: 7.22307, dt: 0.00555383, num: 1875
loop: 1376, time: 7.22863, dt: 0.00555947, num: 1875
loop: 1377, time: 7.2342, dt: 0.00556564, num: 1875
loop: 1378, time: 7.23977, dt: 0.00557233, num: 1875
loop: 1379, time: 7.24535, dt: 0.00557956, num: 1875
loop: 1380, time: 7.25094, dt: 0.00558738, num: 1875
loop: 1381, time: 7.25652, dt: 0.00558707, num: 1875
loop: 1382, time: 7.26212, dt: 0.0055959, num: 1875
loop: 1383, time: 7.26772, dt: 0.00560524, num: 1875
loop: 1384, time: 7.27334, dt: 0.00561516, num: 1875
loop: 1385, time: 7.27896, dt: 0.00562121, num: 1875
loop: 1386, time: 7.28454, dt: 0.00557926, num: 1875
loop: 1387, time: 7.29012, dt: 0.00558444, num: 1875
loop: 1388, time: 7.29567, dt: 0.00554185, num: 1875
loop: 1389, time: 7.30121, dt: 0.00554408, num: 1875
write results/00073.dat
loop: 1390, time: 7.30676, dt: 0.00554685, num: 1875
loop: 1391, time: 7.31231, dt: 0.0055502, num: 1875
loop: 1392, time: 7.31786, dt: 0.00555407, num: 1875
loop: 1393, time: 7.32342, dt: 0.00555849, num: 1875
loop: 1394, time: 7.32898, dt: 0.00556356, num: 1875
loop: 1395, time: 7.33455, dt: 0.00556824, num: 1875
loop: 1396, time: 7.34012, dt: 0.0055731, num: 1875
loop: 1397, time: 7.3457, dt: 0.00557804, num: 1875
loop: 1398, time: 7.35129, dt: 0.00558307, num: 1875
loop: 1399, time: 7.35687, dt: 0.00558812, num: 1875
loop: 1400, time: 7.36245, dt: 0.00557519, num: 1875
loop: 1401, time: 7.36803, dt: 0.00558461, num: 1875
loop: 1402, time: 7.37363, dt: 0.00559457, num: 1875
loop: 1403, time: 7.37923, dt: 0.00560506, num: 1875
loop: 1404, time: 7.38485, dt: 0.00561591, num: 1875
loop: 1405, time: 7.39047, dt: 0.00562117, num: 1875
loop: 1406, time: 7.3961, dt: 0.00562602, num: 1875
loop: 1407, time: 7.40173, dt: 0.00563032, num: 1875
write results/00074.dat
loop: 1408, time: 7.40736, dt: 0.00563328, num: 1875
loop: 1409, time: 7.413, dt: 0.00563639, num: 1875
loop: 1410, time: 7.4186, dt: 0.00560615, num: 1875
loop: 1411, time: 7.42422, dt: 0.00561543, num: 1875
loop: 1412, time: 7.42984, dt: 0.00562503, num: 1875
loop: 1413, time: 7.43548, dt: 0.00563477, num: 1875
loop: 1414, time: 7.44112, dt: 0.00564449, num: 1875
loop: 1415, time: 7.44678, dt: 0.00565409, num: 1875
loop: 1416, time: 7.45244, dt: 0.00566293, num: 1875
loop: 1417, time: 7.45811, dt: 0.0056675, num: 1875
loop: 1418, time: 7.46378, dt: 0.00567225, num: 1875
loop: 1419, time: 7.46946, dt: 0.00567728, num: 1875
loop: 1420, time: 7.47514, dt: 0.00568242, num: 1875
loop: 1421, time: 7.48083, dt: 0.0056876, num: 1875
loop: 1422, time: 7.48646, dt: 0.0056301, num: 1875
loop: 1423, time: 7.49209, dt: 0.00563644, num: 1875
loop: 1424, time: 7.49774, dt: 0.00564258, num: 1875
loop: 1425, time: 7.50336, dt: 0.00562697, num: 1875
write results/00075.dat
loop: 1426, time: 7.50899, dt: 0.00563043, num: 1875
loop: 1427, time: 7.51463, dt: 0.00563388, num: 1875
loop: 1428, time: 7.52026, dt: 0.00563736, num: 1875
loop: 1429, time: 7.52591, dt: 0.00564086, num: 1875
loop: 1430, time: 7.53155, dt: 0.00564461, num: 1875
loop: 1431, time: 7.5372, dt: 0.00564845, num: 1875
loop: 1432, time: 7.54284, dt: 0.00564659, num: 1875
loop: 1433, time: 7.5485, dt: 0.00565317, num: 1875
loop: 1434, time: 7.55416, dt: 0.00565968, num: 1875
loop: 1435, time: 7.55982, dt: 0.00565837, num: 1875
loop: 1436, time: 7.56548, dt: 0.0056617, num: 1875
loop: 1437, time: 7.57114, dt: 0.00566513, num: 1875
loop: 1438, time: 7.57681, dt: 0.00566871, num: 1875
loop: 1439, time: 7.58248, dt: 0.00567248, num: 1875
loop: 1440, time: 7.58816, dt: 0.00567113, num: 1875
loop: 1441, time: 7.59383, dt: 0.00567517, num: 1875
loop: 1442, time: 7.59943, dt: 0.00559951, num: 1875
loop: 1443, time: 7.60503, dt: 0.00560407, num: 1875
write results/00076.dat
loop: 1444, time: 7.61064, dt: 0.00560868, num: 1875
loop: 1445, time: 7.61626, dt: 0.00561342, num: 1875
loop: 1446, time: 7.62187, dt: 0.00561825, num: 1875
loop: 1447, time: 7.6275, dt: 0.00562307, num: 1875
loop: 1448, time: 7.63313, dt: 0.00562801, num: 1875
loop: 1449, time: 7.63876, dt: 0.00563309, num: 1875
loop: 1450, time: 7.6444, dt: 0.00563824, num: 1875
loop: 1451, time: 7.65004, dt: 0.00564342, num: 1875
loop: 1452, time: 7.65569, dt: 0.00564861, num: 1875
loop: 1453, time: 7.66134, dt: 0.00565382, num: 1875
loop: 1454, time: 7.667, dt: 0.00565894, num: 1875
loop: 1455, time: 7.67267, dt: 0.00566396, num: 1875
loop: 1456, time: 7.67833, dt: 0.00566894, num: 1875
loop: 1457, time: 7.68401, dt: 0.00567392, num: 1875
loop: 1458, time: 7.68969, dt: 0.00567935, num: 1875
loop: 1459, time: 7.69537, dt: 0.00568489, num: 1875
loop: 1460, time: 7.70106, dt: 0.00569045, num: 1875
write results/00077.dat
loop: 1461, time: 7.70676, dt: 0.00569596, num: 1875
loop: 1462, time: 7.71246, dt: 0.00570136, num: 1875
loop: 1463, time: 7.71817, dt: 0.00570663, num: 1875
loop: 1464, time: 7.72388, dt: 0.0057118, num: 1875
loop: 1465, time: 7.7296, dt: 0.00571688, num: 1875
loop: 1466, time: 7.73532, dt: 0.00572188, num: 1875
loop: 1467, time: 7.74104, dt: 0.00572081, num: 1875
loop: 1468, time: 7.74674, dt: 0.00569923, num: 1875
loop: 1469, time: 7.75244, dt: 0.00570373, num: 1875
loop: 1470, time: 7.75815, dt: 0.00570823, num: 1875
loop: 1471, time: 7.76386, dt: 0.00571067, num: 1875
loop: 1472, time: 7.76957, dt: 0.00570924, num: 1875
loop: 1473, time: 7.77528, dt: 0.00570832, num: 1875
loop: 1474, time: 7.78094, dt: 0.00566645, num: 1875
loop: 1475, time: 7.78661, dt: 0.00567012, num: 1875
loop: 1476, time: 7.79229, dt: 0.0056738, num: 1875
loop: 1477, time: 7.79797, dt: 0.00567751, num: 1875
loop: 1478, time: 7.80365, dt: 0.0056812, num: 1875
write results/00078.dat
loop: 1479, time: 7.80933, dt: 0.00568489, num: 1875
loop: 1480, time: 7.81498, dt: 0.00565241, num: 1875
loop: 1481, time: 7.82064, dt: 0.00565504, num: 1875
loop: 1482, time: 7.8263, dt: 0.0056579, num: 1875
loop: 1483, time: 7.83196, dt: 0.00566112, num: 1875
loop: 1484, time: 7.83762, dt: 0.0056647, num: 1875
loop: 1485, time: 7.84327, dt: 0.005644, num: 1875
loop: 1486, time: 7.84892, dt: 0.00565173, num: 1875
loop: 1487, time: 7.85458, dt: 0.00566013, num: 1875
loop: 1488, time: 7.86025, dt: 0.00566917, num: 1875
loop: 1489, time: 7.86593, dt: 0.00567867, num: 1875
loop: 1490, time: 7.87159, dt: 0.0056604, num: 1875
loop: 1491, time: 7.87725, dt: 0.00566287, num: 1875
loop: 1492, time: 7.88292, dt: 0.00566555, num: 1875
loop: 1493, time: 7.88858, dt: 0.0056685, num: 1875
loop: 1494, time: 7.89426, dt: 0.0056717, num: 1875
loop: 1495, time: 7.89993, dt: 0.00567516, num: 1875
loop: 1496, time: 7.90561, dt: 0.00567619, num: 1875
write results/00079.dat
loop: 1497, time: 7.91128, dt: 0.00567663, num: 1875
loop: 1498, time: 7.91696, dt: 0.00567914, num: 1875
loop: 1499, time: 7.92264, dt: 0.00568122, num: 1875
loop: 1500, time: 7.92833, dt: 0.00568369, num: 1875
loop: 1501, time: 7.93401, dt: 0.00568645, num: 1875
loop: 1502, time: 7.9397, dt: 0.00568957, num: 1875
loop: 1503, time: 7.9454, dt: 0.00569306, num: 1875
loop: 1504, time: 7.95109, dt: 0.00569681, num: 1875
loop: 1505, time: 7.95674, dt: 0.00564919, num: 1875
loop: 1506, time: 7.9624, dt: 0.00565403, num: 1875
loop: 1507, time: 7.96806, dt: 0.00565899, num: 1875
loop: 1508, time: 7.97372, dt: 0.00566386, num: 1875
loop: 1509, time: 7.97938, dt: 0.00566498, num: 1875
loop: 1510, time: 7.98505, dt: 0.00566627, num: 1875
loop: 1511, time: 7.99072, dt: 0.00566771, num: 1875
loop: 1512, time: 7.99639, dt: 0.00566927, num: 1875
loop: 1513, time: 8.00206, dt: 0.00567098, num: 1875
write results/00080.dat
loop: 1514, time: 8.00773, dt: 0.00567287, num: 1875
loop: 1515, time: 8.01337, dt: 0.00564001, num: 1875
loop: 1516, time: 8.01901, dt: 0.00564296, num: 1875
loop: 1517, time: 8.02464, dt: 0.00562794, num: 1875
loop: 1518, time: 8.03027, dt: 0.00562592, num: 1875
loop: 1519, time: 8.03589, dt: 0.00562425, num: 1875
loop: 1520, time: 8.04152, dt: 0.00562299, num: 1875
loop: 1521, time: 8.04714, dt: 0.00562218, num: 1875
loop: 1522, time: 8.05276, dt: 0.00562139, num: 1875
loop: 1523, time: 8.05838, dt: 0.00562079, num: 1875
loop: 1524, time: 8.064, dt: 0.00562076, num: 1875
loop: 1525, time: 8.06962, dt: 0.00562142, num: 1875
loop: 1526, time: 8.07524, dt: 0.00562255, num: 1875
loop: 1527, time: 8.08087, dt: 0.00562412, num: 1875
loop: 1528, time: 8.0865, dt: 0.00562615, num: 1875
loop: 1529, time: 8.09212, dt: 0.00562862, num: 1875
loop: 1530, time: 8.09776, dt: 0.00563152, num: 1875
loop: 1531, time: 8.10339, dt: 0.00563489, num: 1875
write results/00081.dat
loop: 1532, time: 8.10903, dt: 0.00563876, num: 1875
loop: 1533, time: 8.11467, dt: 0.00564316, num: 1875
loop: 1534, time: 8.12032, dt: 0.00564812, num: 1875
loop: 1535, time: 8.12591, dt: 0.00559033, num: 1875
loop: 1536, time: 8.1315, dt: 0.00559346, num: 1875
loop: 1537, time: 8.1371, dt: 0.00559718, num: 1875
loop: 1538, time: 8.1427, dt: 0.00560135, num: 1875
loop: 1539, time: 8.14831, dt: 0.00560605, num: 1875
loop: 1540, time: 8.15392, dt: 0.00561148, num: 1875
loop: 1541, time: 8.15954, dt: 0.00561756, num: 1875
loop: 1542, time: 8.16516, dt: 0.00562431, num: 1875
loop: 1543, time: 8.17079, dt: 0.00563156, num: 1875
loop: 1544, time: 8.17643, dt: 0.00563951, num: 1875
loop: 1545, time: 8.182, dt: 0.0055684, num: 1875
loop: 1546, time: 8.18758, dt: 0.00557699, num: 1875
loop: 1547, time: 8.19316, dt: 0.00558589, num: 1875
loop: 1548, time: 8.19876, dt: 0.00559533, num: 1875
loop: 1549, time: 8.20436, dt: 0.00560523, num: 1875
write results/00082.dat
loop: 1550, time: 8.20996, dt: 0.00559676, num: 1875
loop: 1551, time: 8.21556, dt: 0.00560195, num: 1875
loop: 1552, time: 8.22117, dt: 0.00560742, num: 1875
loop: 1553, time: 8.22677, dt: 0.00560303, num: 1875
loop: 1554, time: 8.23238, dt: 0.00560775, num: 1875
loop: 1555, time: 8.23799, dt: 0.0056127, num: 1875
loop: 1556, time: 8.24361, dt: 0.00561802, num: 1875
loop: 1557, time: 8.24924, dt: 0.00562374, num: 1875
loop: 1558, time: 8.25487, dt: 0.00562985, num: 1875
loop: 1559, time: 8.2605, dt: 0.00563634, num: 1875
loop: 1560, time: 8.26615, dt: 0.00564326, num: 1875
loop: 1561, time: 8.2718, dt: 0.00565057, num: 1875
loop: 1562, time: 8.27745, dt: 0.00565828, num: 1875
loop: 1563, time: 8.28312, dt: 0.00566631, num: 1875
loop: 1564, time: 8.2888, dt: 0.00567462, num: 1875
loop: 1565, time: 8.29448, dt: 0.00568322, num: 1875
loop: 1566, time: 8.30017, dt: 0.00569191, num: 1875
write results/00083.dat
loop: 1567, time: 8.30587, dt: 0.00570044, num: 1875
loop: 1568, time: 8.31158, dt: 0.00570893, num: 1875
loop: 1569, time: 8.31729, dt: 0.00570853, num: 1875
loop: 1570, time: 8.323, dt: 0.00571306, num: 1875
loop: 1571, time: 8.32872, dt: 0.00571593, num: 1875
loop: 1572, time: 8.33444, dt: 0.00571771, num: 1875
loop: 1573, time: 8.34015, dt: 0.00571958, num: 1875
loop: 1574, time: 8.34588, dt: 0.0057216, num: 1875
loop: 1575, time: 8.3516, dt: 0.00572381, num: 1875
loop: 1576, time: 8.35733, dt: 0.00572626, num: 1875
loop: 1577, time: 8.36306, dt: 0.00572895, num: 1875
loop: 1578, time: 8.36879, dt: 0.0057319, num: 1875
loop: 1579, time: 8.37452, dt: 0.00573512, num: 1875
loop: 1580, time: 8.38023, dt: 0.00570309, num: 1875
loop: 1581, time: 8.38593, dt: 0.00570231, num: 1875
loop: 1582, time: 8.39163, dt: 0.0057018, num: 1875
loop: 1583, time: 8.39733, dt: 0.00570161, num: 1875
loop: 1584, time: 8.40303, dt: 0.0057017, num: 1875
write results/00084.dat
loop: 1585, time: 8.40873, dt: 0.00569969, num: 1875
loop: 1586, time: 8.41443, dt: 0.0057022, num: 1875
loop: 1587, time: 8.42014, dt: 0.00570317, num: 1875
loop: 1588, time: 8.42584, dt: 0.00570496, num: 1875
loop: 1589, time: 8.43155, dt: 0.00570726, num: 1875
loop: 1590, time: 8.43726, dt: 0.00571012, num: 1875
loop: 1591, time: 8.44297, dt: 0.00571336, num: 1875
loop: 1592, time: 8.44869, dt: 0.00571682, num: 1875
loop: 1593, time: 8.45441, dt: 0.00572062, num: 1875
loop: 1594, time: 8.46014, dt: 0.00572474, num: 1875
loop: 1595, time: 8.46586, dt: 0.00572919, num: 1875
loop: 1596, time: 8.4716, dt: 0.00573392, num: 1875
loop: 1597, time: 8.47734, dt: 0.00573893, num: 1875
loop: 1598, time: 8.48308, dt: 0.00574422, num: 1875
loop: 1599, time: 8.48883, dt: 0.00574942, num: 1875
loop: 1600, time: 8.49458, dt: 0.00575238, num: 1875
loop: 1601, time: 8.50034, dt: 0.00575537, num: 1875
write results/00085.dat
loop: 1602, time: 8.5061, dt: 0.00575838, num: 1875
loop: 1603, time: 8.51186, dt: 0.00576138, num: 1875
loop: 1604, time: 8.5176, dt: 0.00573845, num: 1875
loop: 1605, time: 8.52334, dt: 0.00574454, num: 1875
loop: 1606, time: 8.52907, dt: 0.0057307, num: 1875
loop: 1607, time: 8.53481, dt: 0.00573549, num: 1875
loop: 1608, time: 8.54055, dt: 0.00574072, num: 1875
loop: 1609, time: 8.5463, dt: 0.0057465, num: 1875
loop: 1610, time: 8.55205, dt: 0.00575284, num: 1875
loop: 1611, time: 8.55781, dt: 0.00575965, num: 1875
loop: 1612, time: 8.56357, dt: 0.00576691, num: 1875
loop: 1613, time: 8.56935, dt: 0.00577461, num: 1875
loop: 1614, time: 8.57513, dt: 0.00577579, num: 1875
loop: 1615, time: 8.5809, dt: 0.00577674, num: 1875
loop: 1616, time: 8.58668, dt: 0.00577767, num: 1875
loop: 1617, time: 8.59246, dt: 0.00577856, num: 1875
loop: 1618, time: 8.59824, dt: 0.0057794, num: 1875
loop: 1619, time: 8.60399, dt: 0.00575478, num: 1875
write results/00086.dat
loop: 1620, time: 8.60975, dt: 0.00575641, num: 1875
loop: 1621, time: 8.61551, dt: 0.00575823, num: 1875
loop: 1622, time: 8.62127, dt: 0.00576028, num: 1875
loop: 1623, time: 8.62703, dt: 0.00576252, num: 1875
loop: 1624, time: 8.63278, dt: 0.00575263, num: 1875
loop: 1625, time: 8.63853, dt: 0.00575203, num: 1875
loop: 1626, time: 8.64429, dt: 0.00575566, num: 1875
loop: 1627, time: 8.65003, dt: 0.00574294, num: 1875
loop: 1628, time: 8.65578, dt: 0.00574815, num: 1875
loop: 1629, time: 8.66153, dt: 0.00575337, num: 1875
loop: 1630, time: 8.66729, dt: 0.00575867, num: 1875
loop: 1631, time: 8.67306, dt: 0.00576406, num: 1875
loop: 1632, time: 8.67883, dt: 0.00576948, num: 1875
loop: 1633, time: 8.68458, dt: 0.00575183, num: 1875
loop: 1634, time: 8.69033, dt: 0.00575367, num: 1875
loop: 1635, time: 8.69609, dt: 0.00575539, num: 1875
loop: 1636, time: 8.70184, dt: 0.00575699, num: 1875
write results/00087.dat
loop: 1637, time: 8.7076, dt: 0.00575849, num: 1875
loop: 1638, time: 8.71336, dt: 0.00575968, num: 1875
loop: 1639, time: 8.71912, dt: 0.00576065, num: 1875
loop: 1640, time: 8.72488, dt: 0.00576149, num: 1875
loop: 1641, time: 8.73065, dt: 0.00576223, num: 1875
loop: 1642, time: 8.73641, dt: 0.00576304, num: 1875
loop: 1643, time: 8.74217, dt: 0.00576393, num: 1875
loop: 1644, time: 8.74793, dt: 0.00575821, num: 1875
loop: 1645, time: 8.75369, dt: 0.00576179, num: 1875
loop: 1646, time: 8.75946, dt: 0.00576553, num: 1875
loop: 1647, time: 8.76523, dt: 0.00576842, num: 1875
loop: 1648, time: 8.771, dt: 0.0057698, num: 1875
loop: 1649, time: 8.77677, dt: 0.00577127, num: 1875
loop: 1650, time: 8.78254, dt: 0.00577272, num: 1875
loop: 1651, time: 8.78832, dt: 0.00577431, num: 1875
loop: 1652, time: 8.79409, dt: 0.00577604, num: 1875
loop: 1653, time: 8.79987, dt: 0.00577399, num: 1875
loop: 1654, time: 8.80564, dt: 0.00577197, num: 1875
write results/00088.dat
loop: 1655, time: 8.81142, dt: 0.00577953, num: 1875
loop: 1656, time: 8.8172, dt: 0.00578302, num: 1875
loop: 1657, time: 8.82298, dt: 0.00577473, num: 1875
loop: 1658, time: 8.82875, dt: 0.00577582, num: 1875
loop: 1659, time: 8.83453, dt: 0.00577692, num: 1875
loop: 1660, time: 8.84031, dt: 0.00577809, num: 1875
loop: 1661, time: 8.84609, dt: 0.00577934, num: 1875
loop: 1662, time: 8.85182, dt: 0.00573232, num: 1875
loop: 1663, time: 8.85755, dt: 0.00573176, num: 1875
loop: 1664, time: 8.86328, dt: 0.00573153, num: 1875
loop: 1665, time: 8.86901, dt: 0.00573169, num: 1875
loop: 1666, time: 8.87475, dt: 0.00573224, num: 1875
loop: 1667, time: 8.88048, dt: 0.00573323, num: 1875
loop: 1668, time: 8.88621, dt: 0.00573471, num: 1875
loop: 1669, time: 8.89195, dt: 0.0057366, num: 1875
loop: 1670, time: 8.89767, dt: 0.00572379, num: 1875
loop: 1671, time: 8.9034, dt: 0.00572695, num: 1875
write results/00089.dat
loop: 1672, time: 8.90913, dt: 0.00573034, num: 1875
loop: 1673, time: 8.91486, dt: 0.00573399, num: 1875
loop: 1674, time: 8.9206, dt: 0.00573788, num: 1875
loop: 1675, time: 8.92634, dt: 0.00574205, num: 1875
loop: 1676, time: 8.93209, dt: 0.0057465, num: 1875
loop: 1677, time: 8.93783, dt: 0.00573659, num: 1875
loop: 1678, time: 8.94357, dt: 0.005739, num: 1875
loop: 1679, time: 8.94931, dt: 0.00574163, num: 1875
loop: 1680, time: 8.95505, dt: 0.00574452, num: 1875
loop: 1681, time: 8.9608, dt: 0.00574764, num: 1875
loop: 1682, time: 8.96655, dt: 0.00575099, num: 1875
loop: 1683, time: 8.97231, dt: 0.0057545, num: 1875
loop: 1684, time: 8.97806, dt: 0.00575814, num: 1875
loop: 1685, time: 8.98383, dt: 0.00576194, num: 1875
loop: 1686, time: 8.98959, dt: 0.0057653, num: 1875
loop: 1687, time: 8.99536, dt: 0.00576733, num: 1875
loop: 1688, time: 9.00111, dt: 0.0057506, num: 1875
write results/00090.dat
loop: 1689, time: 9.00686, dt: 0.0057541, num: 1875
loop: 1690, time: 9.01262, dt: 0.00575774, num: 1875
loop: 1691, time: 9.01838, dt: 0.00576155, num: 1875
loop: 1692, time: 9.02415, dt: 0.00576546, num: 1875
loop: 1693, time: 9.02992, dt: 0.00576947, num: 1875
loop: 1694, time: 9.03569, dt: 0.00577359, num: 1875
loop: 1695, time: 9.04147, dt: 0.00577784, num: 1875
loop: 1696, time: 9.04725, dt: 0.00577966, num: 1875
loop: 1697, time: 9.05303, dt: 0.00578114, num: 1875
loop: 1698, time: 9.05879, dt: 0.00576247, num: 1875
loop: 1699, time: 9.06456, dt: 0.00576705, num: 1875
loop: 1700, time: 9.07033, dt: 0.00577172, num: 1875
loop: 1701, time: 9.07611, dt: 0.00577652, num: 1875
loop: 1702, time: 9.08189, dt: 0.00578146, num: 1875
loop: 1703, time: 9.08768, dt: 0.00578655, num: 1875
loop: 1704, time: 9.09347, dt: 0.00579017, num: 1875
loop: 1705, time: 9.09926, dt: 0.00579081, num: 1875
loop: 1706, time: 9.10505, dt: 0.00579169, num: 1875
write results/00091.dat
loop: 1707, time: 9.11084, dt: 0.00579281, num: 1875
loop: 1708, time: 9.11664, dt: 0.00579419, num: 1875
loop: 1709, time: 9.12243, dt: 0.00579582, num: 1875
loop: 1710, time: 9.12823, dt: 0.00579456, num: 1875
loop: 1711, time: 9.13398, dt: 0.00575312, num: 1875
loop: 1712, time: 9.13973, dt: 0.00575371, num: 1875
loop: 1713, time: 9.14549, dt: 0.00575453, num: 1875
loop: 1714, time: 9.15124, dt: 0.00575562, num: 1875
loop: 1715, time: 9.157, dt: 0.00575691, num: 1875
loop: 1716, time: 9.16276, dt: 0.00575836, num: 1875
loop: 1717, time: 9.16852, dt: 0.00575999, num: 1875
loop: 1718, time: 9.17425, dt: 0.0057282, num: 1875
loop: 1719, time: 9.17998, dt: 0.00573252, num: 1875
loop: 1720, time: 9.1857, dt: 0.00571946, num: 1875
loop: 1721, time: 9.19142, dt: 0.00572299, num: 1875
loop: 1722, time: 9.19715, dt: 0.00572677, num: 1875
loop: 1723, time: 9.20288, dt: 0.0057308, num: 1875
write results/00092.dat
loop: 1724, time: 9.20861, dt: 0.0057351, num: 1875
loop: 1725, time: 9.21435, dt: 0.00573963, num: 1875
loop: 1726, time: 9.2201, dt: 0.00574442, num: 1875
loop: 1727, time: 9.22585, dt: 0.00574947, num: 1875
loop: 1728, time: 9.2316, dt: 0.00575474, num: 1875
loop: 1729, time: 9.23736, dt: 0.00576022, num: 1875
loop: 1730, time: 9.24313, dt: 0.00576587, num: 1875
loop: 1731, time: 9.2489, dt: 0.00577168, num: 1875
loop: 1732, time: 9.25468, dt: 0.00577763, num: 1875
loop: 1733, time: 9.26046, dt: 0.00578375, num: 1875
loop: 1734, time: 9.26625, dt: 0.00578993, num: 1875
loop: 1735, time: 9.27205, dt: 0.0057962, num: 1875
loop: 1736, time: 9.27785, dt: 0.00580254, num: 1875
loop: 1737, time: 9.28366, dt: 0.00580895, num: 1875
loop: 1738, time: 9.28946, dt: 0.00580279, num: 1875
loop: 1739, time: 9.29527, dt: 0.00580627, num: 1875
loop: 1740, time: 9.30108, dt: 0.00580983, num: 1875
write results/00093.dat
loop: 1741, time: 9.30689, dt: 0.00581327, num: 1875
loop: 1742, time: 9.31265, dt: 0.0057566, num: 1875
loop: 1743, time: 9.31841, dt: 0.00576084, num: 1875
loop: 1744, time: 9.32417, dt: 0.00576503, num: 1875
loop: 1745, time: 9.32994, dt: 0.00576924, num: 1875
loop: 1746, time: 9.33572, dt: 0.00577345, num: 1875
loop: 1747, time: 9.34149, dt: 0.00577767, num: 1875
loop: 1748, time: 9.34728, dt: 0.00578193, num: 1875
loop: 1749, time: 9.35306, dt: 0.00578621, num: 1875
loop: 1750, time: 9.35885, dt: 0.00579053, num: 1875
loop: 1751, time: 9.36465, dt: 0.00579487, num: 1875
loop: 1752, time: 9.37045, dt: 0.00579924, num: 1875
loop: 1753, time: 9.37625, dt: 0.00580362, num: 1875
loop: 1754, time: 9.38206, dt: 0.00580799, num: 1875
loop: 1755, time: 9.38787, dt: 0.00581234, num: 1875
loop: 1756, time: 9.39369, dt: 0.00581583, num: 1875
loop: 1757, time: 9.39951, dt: 0.00581934, num: 1875
loop: 1758, time: 9.40533, dt: 0.00582297, num: 1875
write results/00094.dat
loop: 1759, time: 9.41116, dt: 0.00582674, num: 1875
loop: 1760, time: 9.41699, dt: 0.00583063, num: 1875
loop: 1761, time: 9.42282, dt: 0.0058346, num: 1875
loop: 1762, time: 9.42866, dt: 0.00583672, num: 1875
loop: 1763, time: 9.4345, dt: 0.00584094, num: 1875
loop: 1764, time: 9.44034, dt: 0.00584529, num: 1875
loop: 1765, time: 9.44619, dt: 0.00584226, num: 1875
loop: 1766, time: 9.45203, dt: 0.00584455, num: 1875
loop: 1767, time: 9.45784, dt: 0.00580954, num: 1875
loop: 1768, time: 9.46365, dt: 0.00581391, num: 1875
loop: 1769, time: 9.46945, dt: 0.00579579, num: 1875
loop: 1770, time: 9.47525, dt: 0.00579863, num: 1875
loop: 1771, time: 9.48105, dt: 0.00580155, num: 1875
loop: 1772, time: 9.48685, dt: 0.00580456, num: 1875
loop: 1773, time: 9.49266, dt: 0.00580764, num: 1875
loop: 1774, time: 9.49847, dt: 0.00581076, num: 1875
loop: 1775, time: 9.50429, dt: 0.00581402, num: 1875
write results/00095.dat
loop: 1776, time: 9.5101, dt: 0.00581735, num: 1875
loop: 1777, time: 9.51592, dt: 0.00582072, num: 1875
loop: 1778, time: 9.52175, dt: 0.00582411, num: 1875
loop: 1779, time: 9.52755, dt: 0.00580211, num: 1875
loop: 1780, time: 9.53336, dt: 0.00580737, num: 1875
loop: 1781, time: 9.53914, dt: 0.00578331, num: 1875
loop: 1782, time: 9.54493, dt: 0.00578619, num: 1875
loop: 1783, time: 9.55072, dt: 0.00578907, num: 1875
loop: 1784, time: 9.55651, dt: 0.005792, num: 1875
loop: 1785, time: 9.5623, dt: 0.00579495, num: 1875
loop: 1786, time: 9.5681, dt: 0.00579793, num: 1875
loop: 1787, time: 9.5739, dt: 0.00580094, num: 1875
loop: 1788, time: 9.57971, dt: 0.00580401, num: 1875
loop: 1789, time: 9.58551, dt: 0.00579931, num: 1875
loop: 1790, time: 9.59131, dt: 0.0058032, num: 1875
loop: 1791, time: 9.59712, dt: 0.00580731, num: 1875
loop: 1792, time: 9.60292, dt: 0.00580285, num: 1875
write results/00096.dat
loop: 1793, time: 9.60873, dt: 0.0058064, num: 1875
loop: 1794, time: 9.61454, dt: 0.00581013, num: 1875
loop: 1795, time: 9.62035, dt: 0.00581252, num: 1875
loop: 1796, time: 9.62616, dt: 0.00581267, num: 1875
loop: 1797, time: 9.63197, dt: 0.00581298, num: 1875
loop: 1798, time: 9.63779, dt: 0.00581346, num: 1875
loop: 1799, time: 9.6436, dt: 0.00581408, num: 1875
loop: 1800, time: 9.64942, dt: 0.00581485, num: 1875
loop: 1801, time: 9.65523, dt: 0.00581577, num: 1875
loop: 1802, time: 9.66105, dt: 0.00581684, num: 1875
loop: 1803, time: 9.66683, dt: 0.00577583, num: 1875
loop: 1804, time: 9.6726, dt: 0.00577778, num: 1875
loop: 1805, time: 9.67838, dt: 0.00577978, num: 1875
loop: 1806, time: 9.68416, dt: 0.00578191, num: 1875
loop: 1807, time: 9.68995, dt: 0.00578413, num: 1875
loop: 1808, time: 9.69574, dt: 0.00578645, num: 1875
loop: 1809, time: 9.70152, dt: 0.00578886, num: 1875
write results/00097.dat
loop: 1810, time: 9.70732, dt: 0.00579134, num: 1875
loop: 1811, time: 9.71311, dt: 0.00579389, num: 1875
loop: 1812, time: 9.71891, dt: 0.00579652, num: 1875
loop: 1813, time: 9.7247, dt: 0.00579921, num: 1875
loop: 1814, time: 9.73051, dt: 0.00580198, num: 1875
loop: 1815, time: 9.73631, dt: 0.00580479, num: 1875
loop: 1816, time: 9.74212, dt: 0.00580761, num: 1875
loop: 1817, time: 9.74793, dt: 0.00581047, num: 1875
loop: 1818, time: 9.75374, dt: 0.00581336, num: 1875
loop: 1819, time: 9.75956, dt: 0.00581629, num: 1875
loop: 1820, time: 9.76538, dt: 0.00581928, num: 1875
loop: 1821, time: 9.77119, dt: 0.0058132, num: 1875
loop: 1822, time: 9.77701, dt: 0.00581564, num: 1875
loop: 1823, time: 9.78283, dt: 0.00581813, num: 1875
loop: 1824, time: 9.78865, dt: 0.00582074, num: 1875
loop: 1825, time: 9.79447, dt: 0.00582347, num: 1875
loop: 1826, time: 9.8003, dt: 0.00582633, num: 1875
write results/00098.dat
loop: 1827, time: 9.80613, dt: 0.00582931, num: 1875
loop: 1828, time: 9.81196, dt: 0.00583241, num: 1875
loop: 1829, time: 9.81779, dt: 0.00583559, num: 1875
loop: 1830, time: 9.82363, dt: 0.00583886, num: 1875
loop: 1831, time: 9.82947, dt: 0.00583272, num: 1875
loop: 1832, time: 9.8353, dt: 0.00583406, num: 1875
loop: 1833, time: 9.84113, dt: 0.00583554, num: 1875
loop: 1834, time: 9.84697, dt: 0.00583717, num: 1875
loop: 1835, time: 9.85281, dt: 0.00583895, num: 1875
loop: 1836, time: 9.85865, dt: 0.00584087, num: 1875
loop: 1837, time: 9.86449, dt: 0.00584291, num: 1875
loop: 1838, time: 9.87034, dt: 0.00584302, num: 1875
loop: 1839, time: 9.87618, dt: 0.00584314, num: 1875
loop: 1840, time: 9.88201, dt: 0.00583411, num: 1875
loop: 1841, time: 9.88784, dt: 0.00582276, num: 1875
loop: 1842, time: 9.89366, dt: 0.00582491, num: 1875
loop: 1843, time: 9.89949, dt: 0.0058272, num: 1875
loop: 1844, time: 9.90532, dt: 0.00582965, num: 1875
write results/00099.dat
loop: 1845, time: 9.91115, dt: 0.00583225, num: 1875
loop: 1846, time: 9.91699, dt: 0.00583501, num: 1875
loop: 1847, time: 9.92282, dt: 0.00583791, num: 1875
loop: 1848, time: 9.92866, dt: 0.00583656, num: 1875
loop: 1849, time: 9.9345, dt: 0.00583833, num: 1875
loop: 1850, time: 9.94034, dt: 0.00584012, num: 1875
loop: 1851, time: 9.94618, dt: 0.00584196, num: 1875
loop: 1852, time: 9.952, dt: 0.00582175, num: 1875
loop: 1853, time: 9.95783, dt: 0.0058243, num: 1875
loop: 1854, time: 9.96365, dt: 0.00582701, num: 1875
loop: 1855, time: 9.96948, dt: 0.00582992, num: 1875
loop: 1856, time: 9.97532, dt: 0.00583299, num: 1875
loop: 1857, time: 9.98115, dt: 0.00583622, num: 1875
loop: 1858, time: 9.98699, dt: 0.00583963, num: 1875
loop: 1859, time: 9.99284, dt: 0.00584321, num: 1875
loop: 1860, time: 9.99867, dt: 0.00582867, num: 1875
loop: 1861, time: 10.0045, dt: 0.0058142, num: 1875
write results/00100.dat

calculation is finished
calculation time: 90268 ms
