mkdir results
OpenMP is enabled.
Number of threads = 8
app_name: lane_emden
G = 0.00043
Using algorithm: GSPH
Initialization complete. Particle count=4224
write results/00000.dat
loop: 1, time: 0.00277329, dt: 0.00277329, num: 4224
loop: 2, time: 0.00548533, dt: 0.00271204, num: 4224
loop: 3, time: 0.00821809, dt: 0.00273277, num: 4224
loop: 4, time: 0.0110106, dt: 0.0027925, num: 4224
loop: 5, time: 0.0138201, dt: 0.00280948, num: 4224
loop: 6, time: 0.0166546, dt: 0.00283457, num: 4224
loop: 7, time: 0.0195238, dt: 0.00286916, num: 4224
loop: 8, time: 0.0224386, dt: 0.00291478, num: 4224
loop: 9, time: 0.0254107, dt: 0.00297214, num: 4224
loop: 10, time: 0.0284514, dt: 0.00304066, num: 4224
loop: 11, time: 0.0315702, dt: 0.00311878, num: 4224
loop: 12, time: 0.034775, dt: 0.00320486, num: 4224
loop: 13, time: 0.0380727, dt: 0.00329767, num: 4224
loop: 14, time: 0.0414692, dt: 0.00339653, num: 4224
loop: 15, time: 0.0449706, dt: 0.00350133, num: 4224
loop: 16, time: 0.0485831, dt: 0.00361258, num: 4224
loop: 17, time: 0.0523147, dt: 0.00373161, num: 4224
loop: 18, time: 0.0561203, dt: 0.00380555, num: 4224
loop: 19, time: 0.0599701, dt: 0.00384985, num: 4224
loop: 20, time: 0.0639882, dt: 0.00401802, num: 4224
loop: 21, time: 0.0682943, dt: 0.00430617, num: 4224
loop: 22, time: 0.0727799, dt: 0.00448555, num: 4224
loop: 23, time: 0.0774578, dt: 0.00467794, num: 4224
loop: 24, time: 0.0823398, dt: 0.00488199, num: 4224
loop: 25, time: 0.0874357, dt: 0.00509589, num: 4224
loop: 26, time: 0.0927531, dt: 0.00531737, num: 4224
loop: 27, time: 0.0982979, dt: 0.00554479, num: 4224
loop: 28, time: 0.104074, dt: 0.00577594, num: 4224
loop: 29, time: 0.110082, dt: 0.00600855, num: 4224
loop: 30, time: 0.116323, dt: 0.00624065, num: 4224
loop: 31, time: 0.122793, dt: 0.00647032, num: 4224
loop: 32, time: 0.129492, dt: 0.00669835, num: 4224
loop: 33, time: 0.136418, dt: 0.0069263, num: 4224
loop: 34, time: 0.143573, dt: 0.0071547, num: 4224
loop: 35, time: 0.150962, dt: 0.00738942, num: 4224
loop: 36, time: 0.158601, dt: 0.00763937, num: 4224
loop: 37, time: 0.166515, dt: 0.00791327, num: 4224
loop: 38, time: 0.174735, dt: 0.00822003, num: 4224
loop: 39, time: 0.183303, dt: 0.00856776, num: 4224
loop: 40, time: 0.192265, dt: 0.00896292, num: 4224
loop: 41, time: 0.201675, dt: 0.00940979, num: 4224
loop: 42, time: 0.211586, dt: 0.00991039, num: 4224
loop: 43, time: 0.222051, dt: 0.0104649, num: 4224
loop: 44, time: 0.233123, dt: 0.0110728, num: 4224
loop: 45, time: 0.244857, dt: 0.0117337, num: 4224
loop: 46, time: 0.257307, dt: 0.0124498, num: 4224
loop: 47, time: 0.270533, dt: 0.0132265, num: 4224
loop: 48, time: 0.284608, dt: 0.0140747, num: 4224
loop: 49, time: 0.299619, dt: 0.0150113, num: 4224
loop: 50, time: 0.315679, dt: 0.0160599, num: 4224
write results/00001.dat
loop: 51, time: 0.332931, dt: 0.017252, num: 4224
loop: 52, time: 0.351557, dt: 0.0186259, num: 4224
loop: 53, time: 0.371785, dt: 0.0202277, num: 4224
loop: 54, time: 0.393895, dt: 0.0221104, num: 4224
loop: 55, time: 0.418232, dt: 0.0243365, num: 4224
loop: 56, time: 0.445212, dt: 0.0269802, num: 4224
loop: 57, time: 0.475344, dt: 0.0301324, num: 4224
loop: 58, time: 0.509252, dt: 0.0339075, num: 4224
loop: 59, time: 0.547704, dt: 0.0384519, num: 4224
loop: 60, time: 0.591661, dt: 0.0439572, num: 4224
loop: 61, time: 0.642339, dt: 0.0506779, num: 4224
write results/00002.dat
loop: 62, time: 0.701297, dt: 0.0589575, num: 4224
loop: 63, time: 0.770564, dt: 0.0692675, num: 4224
loop: 64, time: 0.85283, dt: 0.0822663, num: 4224
loop: 65, time: 0.95172, dt: 0.0988899, num: 4224
write results/00003.dat
loop: 66, time: 1.07222, dt: 0.120495, num: 4224
loop: 67, time: 1.22131, dt: 0.149093, num: 4224
write results/00004.dat
loop: 68, time: 1.40904, dt: 0.187733, num: 4224
loop: 69, time: 1.65021, dt: 0.241169, num: 4224
write results/00005.dat
loop: 70, time: 1.96724, dt: 0.317028, num: 4224
write results/00006.dat
loop: 71, time: 2.3946, dt: 0.427361, num: 4224
write results/00007.dat
loop: 72, time: 2.9769, dt: 0.582304, num: 4224
write results/00008.dat
loop: 73, time: 3.79018, dt: 0.813276, num: 4224
write results/00009.dat
loop: 74, time: 4.95867, dt: 1.16849, num: 4224
write results/00010.dat
loop: 75, time: 6.68856, dt: 1.72989, num: 4224
write results/00011.dat
Particle id 1586 is not convergence
Particle id 1588 is not convergence
Particle id 1589 is not convergence
Particle id 3697 is not convergence
Particle id 1594 is not convergence
Particle id 1595 is not convergence
Particle id 1597 is not convergence
Particle id 1073 is not convergence
Particle id 2647 is not convergence
Particle id 1074 is not convergence
Particle id 2648 is not convergence
Particle id 1075 is not convergence
Particle id 2649 is not convergence
Particle id 2652 is not convergence
Particle id 1608 is not convergence
Particle id 2653 is not convergence
Particle id 2654 is not convergence
Particle id 1078 is not convergence
Particle id 1615 is not convergence
Particle id 1079 is not convergence
Particle id 3197 is not convergence
Particle id 569 is not convergence
Particle id 3198 is not convergence
Particle id 1080 is not convergence
Particle id 3199 is not convergence
Particle id 574 is not convergence
Particle id 3202 is not convergence
Particle id 3203 is not convergence
Particle id 3204 is not convergence
Particle id 3702 is not convergence
Particle id 1093 is not convergence
Particle id 586 is not convergence
Particle id 589 is not convergence
Particle id 1096 is not convergence
Particle id 3217 is not convergence
Particle id 599 is not convergence
Particle id 3220 is not convergence
Particle id 2683 is not convergence
Particle id 2688 is not convergence
Particle id 608 is not convergence
Particle id 1111 is not convergence
Particle id 614 is not convergence
Particle id 615 is not convergence
Particle id 1114 is not convergence
Particle id 1668 is not convergence
Particle id 3235 is not convergence
Particle id 622 is not convergence
Particle id 623 is not convergence
Particle id 1675 is not convergence
Particle id 3238 is not convergence
Particle id 1124 is not convergence
Particle id 626 is not convergence
Particle id 1125 is not convergence
Particle id 1686 is not convergence
Particle id 3248 is not convergence
Particle id 637 is not convergence
Particle id 1688 is not convergence
Particle id 3249 is not convergence
Particle id 1689 is not convergence
Particle id 1694 is not convergence
Particle id 1695 is not convergence
Particle id 1697 is not convergence
Particle id 3258 is not convergence
Particle id 3259 is not convergence
Particle id 3265 is not convergence
Particle id 1707 is not convergence
Particle id 1134 is not convergence
Particle id 1708 is not convergence
Particle id 1709 is not convergence
Particle id 1135 is not convergence
Particle id 1712 is not convergence
Particle id 3274 is not convergence
Particle id 1713 is not convergence
Particle id 3714 is not convergence
Particle id 1141 is not convergence
Particle id 2766 is not convergence
Particle id 3717 is not convergence
Particle id 1714 is not convergence
Particle id 2771 is not convergence
Particle id 1150 is not convergence
Particle id 3727 is not convergence
Particle id 2782 is not convergence
Particle id 3736 is not convergence
Particle id 2785 is not convergence
Particle id 3742 is not convergence
Particle id 3743 is not convergence
Particle id 3750 is not convergence
Particle id 3751 is not convergence
Particle id 3754 is not convergence
Particle id 1743 is not convergence
Particle id 686 is not convergence
Particle id 1748 is not convergence
Particle id 687 is not convergence
Particle id 3342 is not convergence
Particle id 3343 is not convergence
Particle id 3765 is not convergence
Particle id 2817 is not convergence
Particle id 3350 is not convergence
Particle id 2820 is not convergence
Particle id 3351 is not convergence
Particle id 3356 is not convergence
Particle id 3357 is not convergence
Particle id 3358 is not convergence
Particle id 2830 is not convergence
Particle id 694 is not convergence
Particle id 2834 is not convergence
Particle id 3365 is not convergence
Particle id 2835 is not convergence
Particle id 2838 is not convergence
Particle id 2839 is not convergence
Particle id 3366 is not convergence
Particle id 695 is not convergence
Particle id 2843 is not convergence
Particle id 3367 is not convergence
Particle id 3372 is not convergence
Particle id 3373 is not convergence
Particle id 2850 is not convergence
Particle id 2852 is not convergence
Particle id 2853 is not convergence
Particle id 700 is not convergence
Particle id 2858 is not convergence
Particle id 701 is not convergence
Particle id 2859 is not convergence
Particle id 702 is not convergence
Particle id 2861 is not convergence
Particle id 310 is not convergence
Particle id 709 is not convergence
Particle id 315 is not convergence
Particle id 710 is not convergence
Particle id 711 is not convergence
Particle id 716 is not convergence
Particle id 717 is not convergence
Particle id 3382 is not convergence
Particle id 3383 is not convergence
Particle id 726 is not convergence
Particle id 727 is not convergence
Particle id 2910 is not convergence
Particle id 2912 is not convergence
Particle id 2913 is not convergence
Particle id 2918 is not convergence
Particle id 2919 is not convergence
Particle id 2921 is not convergence
Particle id 1218 is not convergence
Particle id 2928 is not convergence
Particle id 2932 is not convergence
Particle id 2933 is not convergence
Particle id 2936 is not convergence
Particle id 2937 is not convergence
Particle id 1223 is not convergence
Particle id 2941 is not convergence
Particle id 384 is not convergence
Particle id 389 is not convergence
Particle id 2951 is not convergence
Particle id 2954 is not convergence
Particle id 1234 is not convergence
Particle id 1237 is not convergence
Particle id 2986 is not convergence
Particle id 2989 is not convergence
Particle id 3000 is not convergence
Particle id 3005 is not convergence
Particle id 2475 is not convergence
Particle id 1269 is not convergence
Particle id 2480 is not convergence
Particle id 1272 is not convergence
Particle id 840 is not convergence
Particle id 841 is not convergence
Particle id 458 is not convergence
Particle id 1282 is not convergence
Particle id 850 is not convergence
Particle id 1286 is not convergence
Particle id 1287 is not convergence
Particle id 851 is not convergence
Particle id 1290 is not convergence
Particle id 469 is not convergence
Particle id 1291 is not convergence
Particle id 472 is not convergence
Particle id 473 is not convergence
Particle id 1295 is not convergence
Particle id 2509 is not convergence
Particle id 2510 is not convergence
Particle id 1302 is not convergence
Particle id 2511 is not convergence
Particle id 1304 is not convergence
Particle id 856 is not convergence
Particle id 1305 is not convergence
Particle id 2514 is not convergence
Particle id 2515 is not convergence
Particle id 2516 is not convergence
Particle id 3073 is not convergence
Particle id 1310 is not convergence
Particle id 1311 is not convergence
Particle id 857 is not convergence
Particle id 1313 is not convergence
Particle id 858 is not convergence
Particle id 2526 is not convergence
Particle id 3082 is not convergence
Particle id 2528 is not convergence
Particle id 2529 is not convergence
Particle id 480 is not convergence
Particle id 3088 is not convergence
Particle id 2534 is not convergence
Particle id 3089 is not convergence
Particle id 2535 is not convergence
Particle id 2537 is not convergence
Particle id 481 is not convergence
Particle id 2548 is not convergence
Particle id 3098 is not convergence
Particle id 865 is not convergence
Particle id 3099 is not convergence
Particle id 487 is not convergence
Particle id 2555 is not convergence
Particle id 3109 is not convergence
Particle id 496 is not convergence
Particle id 3112 is not convergence
Particle id 3496 is not convergence
Particle id 866 is not convergence
Particle id 867 is not convergence
Particle id 3497 is not convergence
Particle id 3127 is not convergence
Particle id 872 is not convergence
Particle id 3130 is not convergence
Particle id 873 is not convergence
Particle id 880 is not convergence
Particle id 881 is not convergence
Particle id 3506 is not convergence
Particle id 3143 is not convergence
Particle id 3144 is not convergence
Particle id 3145 is not convergence
Particle id 3507 is not convergence
Particle id 3148 is not convergence
Particle id 3149 is not convergence
Particle id 3150 is not convergence
Particle id 3512 is not convergence
Particle id 3513 is not convergence
Particle id 506 is not convergence
Particle id 3514 is not convergence
Particle id 2608 is not convergence
Particle id 509 is not convergence
Particle id 2615 is not convergence
Particle id 3521 is not convergence
Particle id 3522 is not convergence
Particle id 3523 is not convergence
Particle id 3528 is not convergence
Particle id 521 is not convergence
Particle id 3529 is not convergence
Particle id 2626 is not convergence
Particle id 526 is not convergence
Particle id 3536 is not convergence
Particle id 3537 is not convergence
Particle id 2628 is not convergence
Particle id 2629 is not convergence
Particle id 949 is not convergence
Particle id 2634 is not convergence
Particle id 2635 is not convergence
Particle id 2637 is not convergence
Particle id 958 is not convergence
Particle id 1362 is not convergence
Particle id 964 is not convergence
Particle id 965 is not convergence
Particle id 1364 is not convergence
Particle id 1365 is not convergence
Particle id 1370 is not convergence
Particle id 1371 is not convergence
Particle id 1373 is not convergence
Particle id 974 is not convergence
Particle id 975 is not convergence
Particle id 3834 is not convergence
Particle id 3586 is not convergence
Particle id 1380 is not convergence
Particle id 3839 is not convergence
Particle id 985 is not convergence
Particle id 1384 is not convergence
Particle id 1385 is not convergence
Particle id 988 is not convergence
Particle id 1388 is not convergence
Particle id 1389 is not convergence
Particle id 3597 is not convergence
Particle id 3600 is not convergence
Particle id 1393 is not convergence
Particle id 3601 is not convergence
Particle id 1003 is not convergence
Particle id 3608 is not convergence
Particle id 3609 is not convergence
Particle id 1403 is not convergence
Particle id 1006 is not convergence
Particle id 1406 is not convergence
Particle id 3615 is not convergence
Particle id 3624 is not convergence
Particle id 1019 is not convergence
Particle id 1020 is not convergence
Particle id 1021 is not convergence
Particle id 1024 is not convergence
Particle id 1025 is not convergence
Particle id 1026 is not convergence
Particle id 3634 is not convergence
Particle id 3637 is not convergence
Particle id 1438 is not convergence
Particle id 1441 is not convergence
Particle id 3649 is not convergence
Particle id 3654 is not convergence
Particle id 1452 is not convergence
Particle id 1457 is not convergence
Particle id 3908 is not convergence
Particle id 3913 is not convergence
Particle id 1535 is not convergence
Particle id 1540 is not convergence
Particle id 1569 is not convergence
Particle id 1570 is not convergence
Particle id 1571 is not convergence
Particle id 1574 is not convergence
Particle id 1575 is not convergence
Particle id 1576 is not convergence
loop: 76, time: 9.33149, dt: 2.64293, num: 4224
write results/00012.dat
Particle id 3697 is not convergence
Particle id 1586 is not convergence
Particle id 3702 is not convergence
Particle id 1588 is not convergence
Particle id 1073 is not convergence
Particle id 1074 is not convergence
Particle id 3714 is not convergence
Particle id 1075 is not convergence
Particle id 1589 is not convergence
Particle id 3717 is not convergence
Particle id 1078 is not convergence
Particle id 1079 is not convergence
Particle id 1080 is not convergence
Particle id 2647 is not convergence
Particle id 3727 is not convergence
Particle id 2648 is not convergence
Particle id 3197 is not convergence
Particle id 2649 is not convergence
Particle id 3198 is not convergence
Particle id 1594 is not convergence
Particle id 1093 is not convergence
Particle id 3199 is not convergence
Particle id 1595 is not convergence
Particle id 1096 is not convergence
Particle id 3202 is not convergence
Particle id 3736 is not convergence
Particle id 569 is not convergence
Particle id 3203 is not convergence
Particle id 3204 is not convergence
Particle id 2652 is not convergence
Particle id 3742 is not convergence
Particle id 2653 is not convergence
Particle id 574 is not convergence
Particle id 1597 is not convergence
Particle id 3743 is not convergence
Particle id 2654 is not convergence
Particle id 1111 is not convergence
Particle id 1114 is not convergence
Particle id 3750 is not convergence
Particle id 586 is not convergence
Particle id 1608 is not convergence
Particle id 589 is not convergence
Particle id 3751 is not convergence
Particle id 1615 is not convergence
Particle id 1124 is not convergence
Particle id 1125 is not convergence
Particle id 599 is not convergence
Particle id 1134 is not convergence
Particle id 1135 is not convergence
Particle id 608 is not convergence
Particle id 1141 is not convergence
Particle id 3754 is not convergence
Particle id 2683 is not convergence
Particle id 614 is not convergence
Particle id 615 is not convergence
Particle id 2688 is not convergence
Particle id 1150 is not convergence
Particle id 622 is not convergence
Particle id 623 is not convergence
Particle id 626 is not convergence
Particle id 637 is not convergence
Particle id 3765 is not convergence
Particle id 1668 is not convergence
Particle id 3217 is not convergence
Particle id 3220 is not convergence
Particle id 1675 is not convergence
Particle id 686 is not convergence
Particle id 687 is not convergence
Particle id 3235 is not convergence
Particle id 3238 is not convergence
Particle id 694 is not convergence
Particle id 1686 is not convergence
Particle id 695 is not convergence
Particle id 1688 is not convergence
Particle id 1689 is not convergence
Particle id 700 is not convergence
Particle id 701 is not convergence
Particle id 702 is not convergence
Particle id 3248 is not convergence
Particle id 3249 is not convergence
Particle id 1694 is not convergence
Particle id 1695 is not convergence
Particle id 1697 is not convergence
Particle id 709 is not convergence
Particle id 710 is not convergence
Particle id 711 is not convergence
Particle id 3258 is not convergence
Particle id 3259 is not convergence
Particle id 716 is not convergence
Particle id 1707 is not convergence
Particle id 717 is not convergence
Particle id 1708 is not convergence
Particle id 3265 is not convergence
Particle id 2766 is not convergence
Particle id 1709 is not convergence
Particle id 1712 is not convergence
Particle id 1713 is not convergence
Particle id 1218 is not convergence
Particle id 2771 is not convergence
Particle id 1714 is not convergence
Particle id 3834 is not convergence
Particle id 3274 is not convergence
Particle id 3839 is not convergence
Particle id 2782 is not convergence
Particle id 2785 is not convergence
Particle id 1223 is not convergence
Particle id 726 is not convergence
Particle id 727 is not convergence
Particle id 1743 is not convergence
Particle id 1748 is not convergence
Particle id 1234 is not convergence
Particle id 2817 is not convergence
Particle id 1237 is not convergence
Particle id 2820 is not convergence
Particle id 2830 is not convergence
Particle id 2834 is not convergence
Particle id 2835 is not convergence
Particle id 2838 is not convergence
Particle id 2839 is not convergence
Particle id 3342 is not convergence
Particle id 1269 is not convergence
Particle id 3908 is not convergence
Particle id 3343 is not convergence
Particle id 1272 is not convergence
Particle id 3913 is not convergence
Particle id 3350 is not convergence
Particle id 3351 is not convergence
Particle id 2843 is not convergence
Particle id 3356 is not convergence
Particle id 3357 is not convergence
Particle id 3358 is not convergence
Particle id 2850 is not convergence
Particle id 2852 is not convergence
Particle id 3365 is not convergence
Particle id 2853 is not convergence
Particle id 3366 is not convergence
Particle id 3367 is not convergence
Particle id 2858 is not convergence
Particle id 3372 is not convergence
Particle id 2859 is not convergence
Particle id 3373 is not convergence
Particle id 2861 is not convergence
Particle id 3382 is not convergence
Particle id 3383 is not convergence
Particle id 310 is not convergence
Particle id 315 is not convergence
Particle id 1282 is not convergence
Particle id 2910 is not convergence
Particle id 2912 is not convergence
Particle id 2913 is not convergence
Particle id 2918 is not convergence
Particle id 840 is not convergence
Particle id 2919 is not convergence
Particle id 841 is not convergence
Particle id 2921 is not convergence
Particle id 1286 is not convergence
Particle id 1287 is not convergence
Particle id 2928 is not convergence
Particle id 850 is not convergence
Particle id 851 is not convergence
Particle id 2932 is not convergence
Particle id 2933 is not convergence
Particle id 856 is not convergence
Particle id 1290 is not convergence
Particle id 2475 is not convergence
Particle id 2936 is not convergence
Particle id 857 is not convergence
Particle id 2937 is not convergence
Particle id 858 is not convergence
Particle id 1291 is not convergence
Particle id 2941 is not convergence
Particle id 2480 is not convergence
Particle id 865 is not convergence
Particle id 866 is not convergence
Particle id 2951 is not convergence
Particle id 867 is not convergence
Particle id 1295 is not convergence
Particle id 2954 is not convergence
Particle id 872 is not convergence
Particle id 873 is not convergence
Particle id 384 is not convergence
Particle id 880 is not convergence
Particle id 881 is not convergence
Particle id 389 is not convergence
Particle id 2509 is not convergence
Particle id 2510 is not convergence
Particle id 1302 is not convergence
Particle id 2511 is not convergence
Particle id 2514 is not convergence
Particle id 2515 is not convergence
Particle id 2516 is not convergence
Particle id 1304 is not convergence
Particle id 1305 is not convergence
Particle id 3496 is not convergence
Particle id 3497 is not convergence
Particle id 2986 is not convergence
Particle id 2989 is not convergence
Particle id 2526 is not convergence
Particle id 2528 is not convergence
Particle id 2529 is not convergence
Particle id 3506 is not convergence
Particle id 3507 is not convergence
Particle id 1310 is not convergence
Particle id 3512 is not convergence
Particle id 1311 is not convergence
Particle id 3513 is not convergence
Particle id 3514 is not convergence
Particle id 1313 is not convergence
Particle id 3000 is not convergence
Particle id 3005 is not convergence
Particle id 2534 is not convergence
Particle id 2535 is not convergence
Particle id 2537 is not convergence
Particle id 949 is not convergence
Particle id 958 is not convergence
Particle id 458 is not convergence
Particle id 964 is not convergence
Particle id 965 is not convergence
Particle id 469 is not convergence
Particle id 974 is not convergence
Particle id 975 is not convergence
Particle id 472 is not convergence
Particle id 473 is not convergence
Particle id 2548 is not convergence
Particle id 480 is not convergence
Particle id 985 is not convergence
Particle id 481 is not convergence
Particle id 3073 is not convergence
Particle id 988 is not convergence
Particle id 487 is not convergence
Particle id 3082 is not convergence
Particle id 2555 is not convergence
Particle id 3088 is not convergence
Particle id 3089 is not convergence
Particle id 496 is not convergence
Particle id 3098 is not convergence
Particle id 3099 is not convergence
Particle id 506 is not convergence
Particle id 1003 is not convergence
Particle id 509 is not convergence
Particle id 3109 is not convergence
Particle id 3112 is not convergence
Particle id 521 is not convergence
Particle id 1006 is not convergence
Particle id 526 is not convergence
Particle id 3127 is not convergence
Particle id 3130 is not convergence
Particle id 1362 is not convergence
Particle id 1364 is not convergence
Particle id 1365 is not convergence
Particle id 1019 is not convergence
Particle id 1370 is not convergence
Particle id 1020 is not convergence
Particle id 1371 is not convergence
Particle id 1021 is not convergence
Particle id 1373 is not convergence
Particle id 3521 is not convergence
Particle id 3143 is not convergence
Particle id 1024 is not convergence
Particle id 2608 is not convergence
Particle id 1380 is not convergence
Particle id 3522 is not convergence
Particle id 3144 is not convergence
Particle id 1025 is not convergence
Particle id 3523 is not convergence
Particle id 3145 is not convergence
Particle id 1026 is not convergence
Particle id 3148 is not convergence
Particle id 3149 is not convergence
Particle id 3528 is not convergence
Particle id 2615 is not convergence
Particle id 3150 is not convergence
Particle id 3529 is not convergence
Particle id 1384 is not convergence
Particle id 1385 is not convergence
Particle id 3536 is not convergence
Particle id 3537 is not convergence
Particle id 1388 is not convergence
Particle id 1389 is not convergence
Particle id 2626 is not convergence
Particle id 2628 is not convergence
Particle id 2629 is not convergence
Particle id 1393 is not convergence
Particle id 2634 is not convergence
Particle id 2635 is not convergence
Particle id 2637 is not convergence
Particle id 1403 is not convergence
Particle id 1406 is not convergence
Particle id 3586 is not convergence
Particle id 1438 is not convergence
Particle id 1441 is not convergence
Particle id 3597 is not convergence
Particle id 3600 is not convergence
Particle id 3601 is not convergence
Particle id 1452 is not convergence
Particle id 3608 is not convergence
Particle id 3609 is not convergence
Particle id 1457 is not convergence
Particle id 3615 is not convergence
Particle id 3624 is not convergence
Particle id 3634 is not convergence
Particle id 3637 is not convergence
Particle id 3649 is not convergence
Particle id 3654 is not convergence
Particle id 1535 is not convergence
Particle id 1540 is not convergence
Particle id 1569 is not convergence
Particle id 1570 is not convergence
Particle id 1571 is not convergence
Particle id 1574 is not convergence
Particle id 1575 is not convergence
Particle id 1576 is not convergence
loop: 77, time: 13.0217, dt: 3.69025, num: 4224
write results/00013.dat
Particle id 1586 is not convergence
Particle id 1588 is not convergence
Particle id 1589 is not convergence
Particle id 1594 is not convergence
Particle id 1595 is not convergence
Particle id 1597 is not convergence
Particle id 1608 is not convergence
Particle id 3697 is not convergence
Particle id 3197 is not convergence
Particle id 3198 is not convergence
Particle id 3199 is not convergence
Particle id 1615 is not convergence
Particle id 3202 is not convergence
Particle id 3203 is not convergence
Particle id 3204 is not convergence
Particle id 569 is not convergence
Particle id 1073 is not convergence
Particle id 1074 is not convergence
Particle id 1075 is not convergence
Particle id 3702 is not convergence
Particle id 574 is not convergence
Particle id 1078 is not convergence
Particle id 1079 is not convergence
Particle id 3217 is not convergence
Particle id 1080 is not convergence
Particle id 2647 is not convergence
Particle id 3220 is not convergence
Particle id 2648 is not convergence
Particle id 586 is not convergence
Particle id 1093 is not convergence
Particle id 3714 is not convergence
Particle id 3235 is not convergence
Particle id 1668 is not convergence
Particle id 2649 is not convergence
Particle id 589 is not convergence
Particle id 1096 is not convergence
Particle id 3717 is not convergence
Particle id 3238 is not convergence
Particle id 1675 is not convergence
Particle id 599 is not convergence
Particle id 3727 is not convergence
Particle id 3248 is not convergence
Particle id 3249 is not convergence
Particle id 2652 is not convergence
Particle id 2653 is not convergence
Particle id 2654 is not convergence
Particle id 1111 is not convergence
Particle id 608 is not convergence
Particle id 1114 is not convergence
Particle id 3736 is not convergence
Particle id 614 is not convergence
Particle id 615 is not convergence
Particle id 3742 is not convergence
Particle id 3258 is not convergence
Particle id 1124 is not convergence
Particle id 3743 is not convergence
Particle id 3259 is not convergence
Particle id 1125 is not convergence
Particle id 622 is not convergence
Particle id 1686 is not convergence
Particle id 2683 is not convergence
Particle id 623 is not convergence
Particle id 3265 is not convergence
Particle id 626 is not convergence
Particle id 1134 is not convergence
Particle id 1135 is not convergence
Particle id 1688 is not convergence
Particle id 1689 is not convergence
Particle id 1141 is not convergence
Particle id 637 is not convergence
Particle id 3274 is not convergence
Particle id 1694 is not convergence
Particle id 1695 is not convergence
Particle id 2688 is not convergence
Particle id 1697 is not convergence
Particle id 1150 is not convergence
Particle id 1707 is not convergence
Particle id 1708 is not convergence
Particle id 1709 is not convergence
Particle id 1712 is not convergence
Particle id 1713 is not convergence
Particle id 1714 is not convergence
Particle id 686 is not convergence
Particle id 687 is not convergence
Particle id 3750 is not convergence
Particle id 1743 is not convergence
Particle id 3751 is not convergence
Particle id 694 is not convergence
Particle id 695 is not convergence
Particle id 1748 is not convergence
Particle id 700 is not convergence
Particle id 310 is not convergence
Particle id 701 is not convergence
Particle id 702 is not convergence
Particle id 3754 is not convergence
Particle id 315 is not convergence
Particle id 3342 is not convergence
Particle id 1218 is not convergence
Particle id 709 is not convergence
Particle id 384 is not convergence
Particle id 2766 is not convergence
Particle id 3765 is not convergence
Particle id 3343 is not convergence
Particle id 710 is not convergence
Particle id 1223 is not convergence
Particle id 2475 is not convergence
Particle id 2771 is not convergence
Particle id 389 is not convergence
Particle id 3350 is not convergence
Particle id 711 is not convergence
Particle id 3351 is not convergence
Particle id 2480 is not convergence
Particle id 1234 is not convergence
Particle id 1237 is not convergence
Particle id 3356 is not convergence
Particle id 3357 is not convergence
Particle id 3358 is not convergence
Particle id 3834 is not convergence
Particle id 3365 is not convergence
Particle id 3366 is not convergence
Particle id 3839 is not convergence
Particle id 3367 is not convergence
Particle id 716 is not convergence
Particle id 3372 is not convergence
Particle id 3373 is not convergence
Particle id 717 is not convergence
Particle id 3382 is not convergence
Particle id 2782 is not convergence
Particle id 3383 is not convergence
Particle id 2509 is not convergence
Particle id 2510 is not convergence
Particle id 1269 is not convergence
Particle id 2785 is not convergence
Particle id 726 is not convergence
Particle id 727 is not convergence
Particle id 458 is not convergence
Particle id 2511 is not convergence
Particle id 1272 is not convergence
Particle id 2514 is not convergence
Particle id 2515 is not convergence
Particle id 2516 is not convergence
Particle id 469 is not convergence
Particle id 472 is not convergence
Particle id 473 is not convergence
Particle id 2526 is not convergence
Particle id 2528 is not convergence
Particle id 480 is not convergence
Particle id 2529 is not convergence
Particle id 1282 is not convergence
Particle id 481 is not convergence
Particle id 1286 is not convergence
Particle id 1287 is not convergence
Particle id 487 is not convergence
Particle id 1290 is not convergence
Particle id 1291 is not convergence
Particle id 1295 is not convergence
Particle id 496 is not convergence
Particle id 1302 is not convergence
Particle id 1304 is not convergence
Particle id 1305 is not convergence
Particle id 2817 is not convergence
Particle id 506 is not convergence
Particle id 2820 is not convergence
Particle id 1310 is not convergence
Particle id 2534 is not convergence
Particle id 509 is not convergence
Particle id 1311 is not convergence
Particle id 2535 is not convergence
Particle id 1313 is not convergence
Particle id 2537 is not convergence
Particle id 2830 is not convergence
Particle id 3908 is not convergence
Particle id 521 is not convergence
Particle id 2834 is not convergence
Particle id 2835 is not convergence
Particle id 3913 is not convergence
Particle id 2548 is not convergence
Particle id 2838 is not convergence
Particle id 526 is not convergence
Particle id 2839 is not convergence
Particle id 2843 is not convergence
Particle id 2555 is not convergence
Particle id 2850 is not convergence
Particle id 2852 is not convergence
Particle id 2853 is not convergence
Particle id 2858 is not convergence
Particle id 2859 is not convergence
Particle id 2861 is not convergence
Particle id 1362 is not convergence
Particle id 1364 is not convergence
Particle id 1365 is not convergence
Particle id 3496 is not convergence
Particle id 1370 is not convergence
Particle id 3497 is not convergence
Particle id 1371 is not convergence
Particle id 1373 is not convergence
Particle id 1380 is not convergence
Particle id 3506 is not convergence
Particle id 3507 is not convergence
Particle id 1384 is not convergence
Particle id 1385 is not convergence
Particle id 3512 is not convergence
Particle id 3513 is not convergence
Particle id 1388 is not convergence
Particle id 3514 is not convergence
Particle id 1389 is not convergence
Particle id 1393 is not convergence
Particle id 3521 is not convergence
Particle id 3522 is not convergence
Particle id 3523 is not convergence
Particle id 3528 is not convergence
Particle id 1403 is not convergence
Particle id 3529 is not convergence
Particle id 1406 is not convergence
Particle id 3536 is not convergence
Particle id 2910 is not convergence
Particle id 3537 is not convergence
Particle id 2912 is not convergence
Particle id 2913 is not convergence
Particle id 2918 is not convergence
Particle id 2608 is not convergence
Particle id 2919 is not convergence
Particle id 2921 is not convergence
Particle id 840 is not convergence
Particle id 841 is not convergence
Particle id 2615 is not convergence
Particle id 2928 is not convergence
Particle id 1438 is not convergence
Particle id 850 is not convergence
Particle id 851 is not convergence
Particle id 2932 is not convergence
Particle id 1441 is not convergence
Particle id 2933 is not convergence
Particle id 2936 is not convergence
Particle id 856 is not convergence
Particle id 2937 is not convergence
Particle id 857 is not convergence
Particle id 858 is not convergence
Particle id 2626 is not convergence
Particle id 2941 is not convergence
Particle id 2628 is not convergence
Particle id 2629 is not convergence
Particle id 1452 is not convergence
Particle id 865 is not convergence
Particle id 866 is not convergence
Particle id 867 is not convergence
Particle id 1457 is not convergence
Particle id 2634 is not convergence
Particle id 2635 is not convergence
Particle id 2951 is not convergence
Particle id 2637 is not convergence
Particle id 3586 is not convergence
Particle id 872 is not convergence
Particle id 873 is not convergence
Particle id 2954 is not convergence
Particle id 880 is not convergence
Particle id 881 is not convergence
Particle id 3597 is not convergence
Particle id 3600 is not convergence
Particle id 3601 is not convergence
Particle id 3608 is not convergence
Particle id 3609 is not convergence
Particle id 3615 is not convergence
Particle id 2986 is not convergence
Particle id 3624 is not convergence
Particle id 2989 is not convergence
Particle id 3634 is not convergence
Particle id 3637 is not convergence
Particle id 3649 is not convergence
Particle id 3000 is not convergence
Particle id 3654 is not convergence
Particle id 3005 is not convergence
Particle id 949 is not convergence
Particle id 958 is not convergence
Particle id 1535 is not convergence
Particle id 964 is not convergence
Particle id 965 is not convergence
Particle id 1540 is not convergence
Particle id 974 is not convergence
Particle id 975 is not convergence
Particle id 985 is not convergence
Particle id 988 is not convergence
Particle id 1003 is not convergence
Particle id 1569 is not convergence
Particle id 1570 is not convergence
Particle id 1571 is not convergence
Particle id 1006 is not convergence
Particle id 3073 is not convergence
Particle id 1574 is not convergence
Particle id 1575 is not convergence
Particle id 1576 is not convergence
Particle id 3082 is not convergence
Particle id 1019 is not convergence
Particle id 1020 is not convergence
Particle id 1021 is not convergence
Particle id 3088 is not convergence
Particle id 1024 is not convergence
Particle id 3089 is not convergence
Particle id 1025 is not convergence
Particle id 1026 is not convergence
Particle id 3098 is not convergence
Particle id 3099 is not convergence
Particle id 3109 is not convergence
Particle id 3112 is not convergence
Particle id 3127 is not convergence
Particle id 3130 is not convergence
Particle id 3143 is not convergence
Particle id 3144 is not convergence
Particle id 3145 is not convergence
Particle id 3148 is not convergence
Particle id 3149 is not convergence
Particle id 3150 is not convergence
loop: 78, time: 16.8452, dt: 3.82341, num: 4224
write results/00014.dat
Particle id 3697 is not convergence
Particle id 1586 is not convergence
Particle id 1588 is not convergence
Particle id 1589 is not convergence
Particle id 3702 is not convergence
Particle id 1073 is not convergence
Particle id 1074 is not convergence
Particle id 1075 is not convergence
Particle id 3714 is not convergence
Particle id 3717 is not convergence
Particle id 1078 is not convergence
Particle id 1079 is not convergence
Particle id 1080 is not convergence
Particle id 2647 is not convergence
Particle id 1594 is not convergence
Particle id 2648 is not convergence
Particle id 2649 is not convergence
Particle id 1595 is not convergence
Particle id 3727 is not convergence
Particle id 1597 is not convergence
Particle id 1093 is not convergence
Particle id 1096 is not convergence
Particle id 2652 is not convergence
Particle id 3736 is not convergence
Particle id 2653 is not convergence
Particle id 569 is not convergence
Particle id 2654 is not convergence
Particle id 1608 is not convergence
Particle id 3742 is not convergence
Particle id 3743 is not convergence
Particle id 574 is not convergence
Particle id 1111 is not convergence
Particle id 1615 is not convergence
Particle id 3750 is not convergence
Particle id 3751 is not convergence
Particle id 1114 is not convergence
Particle id 3754 is not convergence
Particle id 586 is not convergence
Particle id 589 is not convergence
Particle id 1124 is not convergence
Particle id 1125 is not convergence
Particle id 3765 is not convergence
Particle id 599 is not convergence
Particle id 1134 is not convergence
Particle id 3197 is not convergence
Particle id 1135 is not convergence
Particle id 608 is not convergence
Particle id 3198 is not convergence
Particle id 1141 is not convergence
Particle id 614 is not convergence
Particle id 615 is not convergence
Particle id 3199 is not convergence
Particle id 622 is not convergence
Particle id 1150 is not convergence
Particle id 623 is not convergence
Particle id 626 is not convergence
Particle id 2683 is not convergence
Particle id 3202 is not convergence
Particle id 3203 is not convergence
Particle id 2688 is not convergence
Particle id 3204 is not convergence
Particle id 637 is not convergence
Particle id 3834 is not convergence
Particle id 3839 is not convergence
Particle id 686 is not convergence
Particle id 687 is not convergence
Particle id 1218 is not convergence
Particle id 3217 is not convergence
Particle id 694 is not convergence
Particle id 1223 is not convergence
Particle id 695 is not convergence
Particle id 700 is not convergence
Particle id 701 is not convergence
Particle id 702 is not convergence
Particle id 3220 is not convergence
Particle id 1234 is not convergence
Particle id 1237 is not convergence
Particle id 709 is not convergence
Particle id 2766 is not convergence
Particle id 3235 is not convergence
Particle id 3908 is not convergence
Particle id 1668 is not convergence
Particle id 710 is not convergence
Particle id 3238 is not convergence
Particle id 2771 is not convergence
Particle id 1675 is not convergence
Particle id 3913 is not convergence
Particle id 711 is not convergence
Particle id 310 is not convergence
Particle id 3248 is not convergence
Particle id 1269 is not convergence
Particle id 3249 is not convergence
Particle id 1272 is not convergence
Particle id 716 is not convergence
Particle id 315 is not convergence
Particle id 717 is not convergence
Particle id 3258 is not convergence
Particle id 1686 is not convergence
Particle id 3259 is not convergence
Particle id 2475 is not convergence
Particle id 1688 is not convergence
Particle id 1689 is not convergence
Particle id 1282 is not convergence
Particle id 726 is not convergence
Particle id 727 is not convergence
Particle id 3265 is not convergence
Particle id 2480 is not convergence
Particle id 1286 is not convergence
Particle id 1694 is not convergence
Particle id 1695 is not convergence
Particle id 1287 is not convergence
Particle id 1697 is not convergence
Particle id 3274 is not convergence
Particle id 1290 is not convergence
Particle id 1291 is not convergence
Particle id 1707 is not convergence
Particle id 1708 is not convergence
Particle id 1709 is not convergence
Particle id 2782 is not convergence
Particle id 1295 is not convergence
Particle id 2785 is not convergence
Particle id 1712 is not convergence
Particle id 1713 is not convergence
Particle id 1714 is not convergence
Particle id 1302 is not convergence
Particle id 1304 is not convergence
Particle id 1305 is not convergence
Particle id 1310 is not convergence
Particle id 1311 is not convergence
Particle id 1313 is not convergence
Particle id 2817 is not convergence
Particle id 1743 is not convergence
Particle id 2820 is not convergence
Particle id 1748 is not convergence
Particle id 384 is not convergence
Particle id 2830 is not convergence
Particle id 389 is not convergence
Particle id 3342 is not convergence
Particle id 2509 is not convergence
Particle id 1362 is not convergence
Particle id 2834 is not convergence
Particle id 458 is not convergence
Particle id 3343 is not convergence
Particle id 2510 is not convergence
Particle id 1364 is not convergence
Particle id 2835 is not convergence
Particle id 1365 is not convergence
Particle id 2511 is not convergence
Particle id 840 is not convergence
Particle id 3350 is not convergence
Particle id 1370 is not convergence
Particle id 841 is not convergence
Particle id 3351 is not convergence
Particle id 1371 is not convergence
Particle id 2838 is not convergence
Particle id 1373 is not convergence
Particle id 469 is not convergence
Particle id 2514 is not convergence
Particle id 2839 is not convergence
Particle id 2515 is not convergence
Particle id 472 is not convergence
Particle id 3356 is not convergence
Particle id 473 is not convergence
Particle id 2516 is not convergence
Particle id 3357 is not convergence
Particle id 1380 is not convergence
Particle id 850 is not convergence
Particle id 480 is not convergence
Particle id 2843 is not convergence
Particle id 2526 is not convergence
Particle id 3358 is not convergence
Particle id 851 is not convergence
Particle id 1384 is not convergence
Particle id 481 is not convergence
Particle id 1385 is not convergence
Particle id 2528 is not convergence
Particle id 1388 is not convergence
Particle id 856 is not convergence
Particle id 1389 is not convergence
Particle id 2529 is not convergence
Particle id 857 is not convergence
Particle id 487 is not convergence
Particle id 3365 is not convergence
Particle id 858 is not convergence
Particle id 3366 is not convergence
Particle id 1393 is not convergence
Particle id 3367 is not convergence
Particle id 2534 is not convergence
Particle id 3372 is not convergence
Particle id 2535 is not convergence
Particle id 3373 is not convergence
Particle id 865 is not convergence
Particle id 866 is not convergence
Particle id 496 is not convergence
Particle id 867 is not convergence
Particle id 2537 is not convergence
Particle id 1403 is not convergence
Particle id 872 is not convergence
Particle id 3382 is not convergence
Particle id 2850 is not convergence
Particle id 506 is not convergence
Particle id 873 is not convergence
Particle id 1406 is not convergence
Particle id 3383 is not convergence
Particle id 2852 is not convergence
Particle id 2853 is not convergence
Particle id 509 is not convergence
Particle id 880 is not convergence
Particle id 2858 is not convergence
Particle id 881 is not convergence
Particle id 2859 is not convergence
Particle id 2861 is not convergence
Particle id 521 is not convergence
Particle id 526 is not convergence
Particle id 2548 is not convergence
Particle id 1438 is not convergence
Particle id 1441 is not convergence
Particle id 2555 is not convergence
Particle id 1452 is not convergence
Particle id 2910 is not convergence
Particle id 2912 is not convergence
Particle id 1457 is not convergence
Particle id 2913 is not convergence
Particle id 2918 is not convergence
Particle id 2919 is not convergence
Particle id 2921 is not convergence
Particle id 949 is not convergence
Particle id 958 is not convergence
Particle id 964 is not convergence
Particle id 965 is not convergence
Particle id 2928 is not convergence
Particle id 974 is not convergence
Particle id 975 is not convergence
Particle id 2932 is not convergence
Particle id 2933 is not convergence
Particle id 985 is not convergence
Particle id 2936 is not convergence
Particle id 988 is not convergence
Particle id 2937 is not convergence
Particle id 2941 is not convergence
Particle id 2951 is not convergence
Particle id 1003 is not convergence
Particle id 2954 is not convergence
Particle id 1535 is not convergence
Particle id 1006 is not convergence
Particle id 1540 is not convergence
Particle id 2608 is not convergence
Particle id 2615 is not convergence
Particle id 1019 is not convergence
Particle id 1020 is not convergence
Particle id 1021 is not convergence
Particle id 3496 is not convergence
Particle id 3497 is not convergence
Particle id 1024 is not convergence
Particle id 1025 is not convergence
Particle id 1026 is not convergence
Particle id 3506 is not convergence
Particle id 3507 is not convergence
Particle id 2626 is not convergence
Particle id 2628 is not convergence
Particle id 2629 is not convergence
Particle id 2986 is not convergence
Particle id 3512 is not convergence
Particle id 3513 is not convergence
Particle id 3514 is not convergence
Particle id 2989 is not convergence
Particle id 1569 is not convergence
Particle id 1570 is not convergence
Particle id 2634 is not convergence
Particle id 1571 is not convergence
Particle id 2635 is not convergence
Particle id 3521 is not convergence
Particle id 3522 is not convergence
Particle id 3523 is not convergence
Particle id 1574 is not convergence
Particle id 2637 is not convergence
Particle id 1575 is not convergence
Particle id 1576 is not convergence
Particle id 3000 is not convergence
Particle id 3528 is not convergence
Particle id 3529 is not convergence
Particle id 3005 is not convergence
Particle id 3536 is not convergence
Particle id 3537 is not convergence
Particle id 3586 is not convergence
Particle id 3597 is not convergence
Particle id 3073 is not convergence
Particle id 3600 is not convergence
Particle id 3601 is not convergence
Particle id 3082 is not convergence
Particle id 3608 is not convergence
Particle id 3609 is not convergence
Particle id 3088 is not convergence
Particle id 3089 is not convergence
Particle id 3615 is not convergence
Particle id 3624 is not convergence
Particle id 3098 is not convergence
Particle id 3099 is not convergence
Particle id 3634 is not convergence
Particle id 3109 is not convergence
Particle id 3637 is not convergence
Particle id 3112 is not convergence
Particle id 3649 is not convergence
Particle id 3127 is not convergence
Particle id 3654 is not convergence
Particle id 3130 is not convergence
Particle id 3143 is not convergence
Particle id 3144 is not convergence
Particle id 3145 is not convergence
Particle id 3148 is not convergence
Particle id 3149 is not convergence
Particle id 3150 is not convergence
loop: 79, time: 21.2777, dt: 4.4326, num: 4224
write results/00015.dat
Particle id 1586 is not convergence
Particle id 3697 is not convergence
Particle id 1588 is not convergence
Particle id 1589 is not convergence
Particle id 3702 is not convergence
Particle id 1594 is not convergence
Particle id 2647 is not convergence
Particle id 1073 is not convergence
Particle id 3714 is not convergence
Particle id 569 is not convergence
Particle id 1595 is not convergence
Particle id 1074 is not convergence
Particle id 2648 is not convergence
Particle id 1597 is not convergence
Particle id 3717 is not convergence
Particle id 574 is not convergence
Particle id 1075 is not convergence
Particle id 2649 is not convergence
Particle id 2652 is not convergence
Particle id 1078 is not convergence
Particle id 2653 is not convergence
Particle id 1079 is not convergence
Particle id 2654 is not convergence
Particle id 1080 is not convergence
Particle id 3727 is not convergence
Particle id 586 is not convergence
Particle id 589 is not convergence
Particle id 1608 is not convergence
Particle id 3736 is not convergence
Particle id 1093 is not convergence
Particle id 1096 is not convergence
Particle id 1615 is not convergence
Particle id 3742 is not convergence
Particle id 3743 is not convergence
Particle id 599 is not convergence
Particle id 3750 is not convergence
Particle id 1111 is not convergence
Particle id 3751 is not convergence
Particle id 1114 is not convergence
Particle id 3754 is not convergence
Particle id 3197 is not convergence
Particle id 608 is not convergence
Particle id 1124 is not convergence
Particle id 3765 is not convergence
Particle id 3198 is not convergence
Particle id 1125 is not convergence
Particle id 614 is not convergence
Particle id 3199 is not convergence
Particle id 615 is not convergence
Particle id 3202 is not convergence
Particle id 3203 is not convergence
Particle id 3204 is not convergence
Particle id 1134 is not convergence
Particle id 622 is not convergence
Particle id 1135 is not convergence
Particle id 623 is not convergence
Particle id 626 is not convergence
Particle id 1141 is not convergence
Particle id 3217 is not convergence
Particle id 2683 is not convergence
Particle id 1668 is not convergence
Particle id 3220 is not convergence
Particle id 637 is not convergence
Particle id 1150 is not convergence
Particle id 1675 is not convergence
Particle id 2688 is not convergence
Particle id 1686 is not convergence
Particle id 1688 is not convergence
Particle id 1689 is not convergence
Particle id 1694 is not convergence
Particle id 1695 is not convergence
Particle id 1697 is not convergence
Particle id 3235 is not convergence
Particle id 3238 is not convergence
Particle id 1707 is not convergence
Particle id 1708 is not convergence
Particle id 1709 is not convergence
Particle id 1712 is not convergence
Particle id 1713 is not convergence
Particle id 1714 is not convergence
Particle id 3248 is not convergence
Particle id 3249 is not convergence
Particle id 686 is not convergence
Particle id 687 is not convergence
Particle id 1218 is not convergence
Particle id 694 is not convergence
Particle id 695 is not convergence
Particle id 1743 is not convergence
Particle id 1223 is not convergence
Particle id 700 is not convergence
Particle id 701 is not convergence
Particle id 702 is not convergence
Particle id 1748 is not convergence
Particle id 709 is not convergence
Particle id 710 is not convergence
Particle id 1234 is not convergence
Particle id 711 is not convergence
Particle id 1237 is not convergence
Particle id 716 is not convergence
Particle id 717 is not convergence
Particle id 726 is not convergence
Particle id 727 is not convergence
Particle id 2766 is not convergence
Particle id 3258 is not convergence
Particle id 3259 is not convergence
Particle id 2771 is not convergence
Particle id 3834 is not convergence
Particle id 2782 is not convergence
Particle id 1269 is not convergence
Particle id 3839 is not convergence
Particle id 2785 is not convergence
Particle id 3265 is not convergence
Particle id 1272 is not convergence
Particle id 1282 is not convergence
Particle id 1286 is not convergence
Particle id 1287 is not convergence
Particle id 1290 is not convergence
Particle id 1291 is not convergence
Particle id 1295 is not convergence
Particle id 2817 is not convergence
Particle id 2820 is not convergence
Particle id 1302 is not convergence
Particle id 3274 is not convergence
Particle id 1304 is not convergence
Particle id 1305 is not convergence
Particle id 2830 is not convergence
Particle id 1310 is not convergence
Particle id 1311 is not convergence
Particle id 1313 is not convergence
Particle id 2834 is not convergence
Particle id 2835 is not convergence
Particle id 2838 is not convergence
Particle id 2839 is not convergence
Particle id 2843 is not convergence
Particle id 2850 is not convergence
Particle id 2852 is not convergence
Particle id 2853 is not convergence
Particle id 3908 is not convergence
Particle id 2858 is not convergence
Particle id 2859 is not convergence
Particle id 2861 is not convergence
Particle id 3913 is not convergence
Particle id 1362 is not convergence
Particle id 1364 is not convergence
Particle id 1365 is not convergence
Particle id 1370 is not convergence
Particle id 1371 is not convergence
Particle id 1373 is not convergence
Particle id 1380 is not convergence
Particle id 3342 is not convergence
Particle id 3343 is not convergence
Particle id 1384 is not convergence
Particle id 1385 is not convergence
Particle id 3350 is not convergence
Particle id 3351 is not convergence
Particle id 3356 is not convergence
Particle id 3357 is not convergence
Particle id 3358 is not convergence
Particle id 1388 is not convergence
Particle id 1389 is not convergence
Particle id 3365 is not convergence
Particle id 3366 is not convergence
Particle id 3367 is not convergence
Particle id 2910 is not convergence
Particle id 840 is not convergence
Particle id 841 is not convergence
Particle id 2912 is not convergence
Particle id 2913 is not convergence
Particle id 3372 is not convergence
Particle id 3373 is not convergence
Particle id 1393 is not convergence
Particle id 2918 is not convergence
Particle id 850 is not convergence
Particle id 2919 is not convergence
Particle id 3382 is not convergence
Particle id 851 is not convergence
Particle id 3383 is not convergence
Particle id 2921 is not convergence
Particle id 856 is not convergence
Particle id 857 is not convergence
Particle id 858 is not convergence
Particle id 2928 is not convergence
Particle id 310 is not convergence
Particle id 2932 is not convergence
Particle id 2933 is not convergence
Particle id 865 is not convergence
Particle id 866 is not convergence
Particle id 2936 is not convergence
Particle id 867 is not convergence
Particle id 2937 is not convergence
Particle id 2941 is not convergence
Particle id 872 is not convergence
Particle id 873 is not convergence
Particle id 315 is not convergence
Particle id 880 is not convergence
Particle id 881 is not convergence
Particle id 2951 is not convergence
Particle id 2954 is not convergence
Particle id 2986 is not convergence
Particle id 2989 is not convergence
Particle id 1403 is not convergence
Particle id 1406 is not convergence
Particle id 3000 is not convergence
Particle id 3005 is not convergence
Particle id 949 is not convergence
Particle id 1438 is not convergence
Particle id 1441 is not convergence
Particle id 958 is not convergence
Particle id 1452 is not convergence
Particle id 1457 is not convergence
Particle id 964 is not convergence
Particle id 965 is not convergence
Particle id 974 is not convergence
Particle id 975 is not convergence
Particle id 3073 is not convergence
Particle id 985 is not convergence
Particle id 988 is not convergence
Particle id 3082 is not convergence
Particle id 3088 is not convergence
Particle id 3089 is not convergence
Particle id 3496 is not convergence
Particle id 3497 is not convergence
Particle id 3098 is not convergence
Particle id 3099 is not convergence
Particle id 3506 is not convergence
Particle id 3507 is not convergence
Particle id 384 is not convergence
Particle id 3512 is not convergence
Particle id 3513 is not convergence
Particle id 3514 is not convergence
Particle id 389 is not convergence
Particle id 3109 is not convergence
Particle id 1003 is not convergence
Particle id 3112 is not convergence
Particle id 3521 is not convergence
Particle id 1535 is not convergence
Particle id 3522 is not convergence
Particle id 3523 is not convergence
Particle id 1540 is not convergence
Particle id 3528 is not convergence
Particle id 3529 is not convergence
Particle id 1006 is not convergence
Particle id 3536 is not convergence
Particle id 3537 is not convergence
Particle id 3127 is not convergence
Particle id 3130 is not convergence
Particle id 1019 is not convergence
Particle id 1020 is not convergence
Particle id 1021 is not convergence
Particle id 1569 is not convergence
Particle id 1570 is not convergence
Particle id 1024 is not convergence
Particle id 1571 is not convergence
Particle id 1025 is not convergence
Particle id 1026 is not convergence
Particle id 1574 is not convergence
Particle id 1575 is not convergence
Particle id 1576 is not convergence
Particle id 458 is not convergence
Particle id 469 is not convergence
Particle id 472 is not convergence
Particle id 473 is not convergence
Particle id 3586 is not convergence
Particle id 2475 is not convergence
Particle id 480 is not convergence
Particle id 3143 is not convergence
Particle id 481 is not convergence
Particle id 3144 is not convergence
Particle id 2480 is not convergence
Particle id 3145 is not convergence
Particle id 3597 is not convergence
Particle id 3148 is not convergence
Particle id 3600 is not convergence
Particle id 3149 is not convergence
Particle id 487 is not convergence
Particle id 3601 is not convergence
Particle id 3150 is not convergence
Particle id 3608 is not convergence
Particle id 3609 is not convergence
Particle id 496 is not convergence
Particle id 3615 is not convergence
Particle id 506 is not convergence
Particle id 509 is not convergence
Particle id 3624 is not convergence
Particle id 2509 is not convergence
Particle id 2510 is not convergence
Particle id 2511 is not convergence
Particle id 2514 is not convergence
Particle id 3634 is not convergence
Particle id 2515 is not convergence
Particle id 521 is not convergence
Particle id 2516 is not convergence
Particle id 3637 is not convergence
Particle id 526 is not convergence
Particle id 2526 is not convergence
Particle id 2528 is not convergence
Particle id 3649 is not convergence
Particle id 2529 is not convergence
Particle id 3654 is not convergence
Particle id 2534 is not convergence
Particle id 2535 is not convergence
Particle id 2537 is not convergence
Particle id 2548 is not convergence
Particle id 2555 is not convergence
Particle id 2608 is not convergence
Particle id 2615 is not convergence
Particle id 2626 is not convergence
Particle id 2628 is not convergence
Particle id 2629 is not convergence
Particle id 2634 is not convergence
Particle id 2635 is not convergence
Particle id 2637 is not convergence
loop: 80, time: 26.407, dt: 5.12926, num: 4224
write results/00016.dat
Particle id 3697 is not convergence
Particle id 1586 is not convergence
Particle id 1588 is not convergence
Particle id 1589 is not convergence
Particle id 3702 is not convergence
Particle id 1594 is not convergence
Particle id 1595 is not convergence
Particle id 1597 is not convergence
Particle id 1073 is not convergence
Particle id 1074 is not convergence
Particle id 1075 is not convergence
Particle id 3714 is not convergence
Particle id 1078 is not convergence
Particle id 3717 is not convergence
Particle id 1079 is not convergence
Particle id 1080 is not convergence
Particle id 1608 is not convergence
Particle id 3727 is not convergence
Particle id 1615 is not convergence
Particle id 3197 is not convergence
Particle id 3198 is not convergence
Particle id 1093 is not convergence
Particle id 3199 is not convergence
Particle id 1096 is not convergence
Particle id 3202 is not convergence
Particle id 3203 is not convergence
Particle id 3204 is not convergence
Particle id 3736 is not convergence
Particle id 569 is not convergence
Particle id 3742 is not convergence
Particle id 574 is not convergence
Particle id 2647 is not convergence
Particle id 1111 is not convergence
Particle id 3217 is not convergence
Particle id 2648 is not convergence
Particle id 3743 is not convergence
Particle id 2649 is not convergence
Particle id 1114 is not convergence
Particle id 3220 is not convergence
Particle id 2652 is not convergence
Particle id 2653 is not convergence
Particle id 2654 is not convergence
Particle id 3750 is not convergence
Particle id 3751 is not convergence
Particle id 586 is not convergence
Particle id 1124 is not convergence
Particle id 3754 is not convergence
Particle id 1125 is not convergence
Particle id 589 is not convergence
Particle id 3235 is not convergence
Particle id 3238 is not convergence
Particle id 1134 is not convergence
Particle id 1135 is not convergence
Particle id 599 is not convergence
Particle id 3765 is not convergence
Particle id 1141 is not convergence
Particle id 3248 is not convergence
Particle id 3249 is not convergence
Particle id 608 is not convergence
Particle id 1150 is not convergence
Particle id 614 is not convergence
Particle id 615 is not convergence
Particle id 2683 is not convergence
Particle id 3258 is not convergence
Particle id 622 is not convergence
Particle id 3259 is not convergence
Particle id 623 is not convergence
Particle id 626 is not convergence
Particle id 3265 is not convergence
Particle id 637 is not convergence
Particle id 3274 is not convergence
Particle id 2688 is not convergence
Particle id 1668 is not convergence
Particle id 1675 is not convergence
Particle id 1686 is not convergence
Particle id 1688 is not convergence
Particle id 1689 is not convergence
Particle id 1694 is not convergence
Particle id 1695 is not convergence
Particle id 1697 is not convergence
Particle id 1218 is not convergence
Particle id 1707 is not convergence
Particle id 1708 is not convergence
Particle id 1709 is not convergence
Particle id 1223 is not convergence
Particle id 686 is not convergence
Particle id 687 is not convergence
Particle id 1712 is not convergence
Particle id 1713 is not convergence
Particle id 1714 is not convergence
Particle id 694 is not convergence
Particle id 1234 is not convergence
Particle id 3342 is not convergence
Particle id 3834 is not convergence
Particle id 1743 is not convergence
Particle id 2766 is not convergence
Particle id 695 is not convergence
Particle id 1237 is not convergence
Particle id 3343 is not convergence
Particle id 3839 is not convergence
Particle id 1748 is not convergence
Particle id 700 is not convergence
Particle id 701 is not convergence
Particle id 702 is not convergence
Particle id 709 is not convergence
Particle id 710 is not convergence
Particle id 2771 is not convergence
Particle id 711 is not convergence
Particle id 716 is not convergence
Particle id 717 is not convergence
Particle id 726 is not convergence
Particle id 727 is not convergence
Particle id 3350 is not convergence
Particle id 3351 is not convergence
Particle id 1269 is not convergence
Particle id 1272 is not convergence
Particle id 1282 is not convergence
Particle id 1286 is not convergence
Particle id 1287 is not convergence
Particle id 3356 is not convergence
Particle id 3357 is not convergence
Particle id 3358 is not convergence
Particle id 2782 is not convergence
Particle id 1290 is not convergence
Particle id 1291 is not convergence
Particle id 3365 is not convergence
Particle id 2785 is not convergence
Particle id 3366 is not convergence
Particle id 3367 is not convergence
Particle id 1295 is not convergence
Particle id 3372 is not convergence
Particle id 3373 is not convergence
Particle id 1302 is not convergence
Particle id 1304 is not convergence
Particle id 1305 is not convergence
Particle id 3382 is not convergence
Particle id 3383 is not convergence
Particle id 1310 is not convergence
Particle id 1311 is not convergence
Particle id 1313 is not convergence
Particle id 3908 is not convergence
Particle id 3913 is not convergence
Particle id 2817 is not convergence
Particle id 2820 is not convergence
Particle id 1362 is not convergence
Particle id 2830 is not convergence
Particle id 1364 is not convergence
Particle id 1365 is not convergence
Particle id 1370 is not convergence
Particle id 1371 is not convergence
Particle id 1373 is not convergence
Particle id 2834 is not convergence
Particle id 2835 is not convergence
Particle id 1380 is not convergence
Particle id 2838 is not convergence
Particle id 2839 is not convergence
Particle id 1384 is not convergence
Particle id 1385 is not convergence
Particle id 2843 is not convergence
Particle id 1388 is not convergence
Particle id 1389 is not convergence
Particle id 1393 is not convergence
Particle id 2850 is not convergence
Particle id 2852 is not convergence
Particle id 2853 is not convergence
Particle id 2858 is not convergence
Particle id 2859 is not convergence
Particle id 1403 is not convergence
Particle id 2861 is not convergence
Particle id 1406 is not convergence
Particle id 310 is not convergence
Particle id 2475 is not convergence
Particle id 2910 is not convergence
Particle id 3496 is not convergence
Particle id 3497 is not convergence
Particle id 2912 is not convergence
Particle id 2913 is not convergence
Particle id 315 is not convergence
Particle id 2480 is not convergence
Particle id 2918 is not convergence
Particle id 2919 is not convergence
Particle id 2921 is not convergence
Particle id 3506 is not convergence
Particle id 3507 is not convergence
Particle id 3512 is not convergence
Particle id 3513 is not convergence
Particle id 2928 is not convergence
Particle id 3514 is not convergence
Particle id 2932 is not convergence
Particle id 2933 is not convergence
Particle id 2936 is not convergence
Particle id 2937 is not convergence
Particle id 3521 is not convergence
Particle id 3522 is not convergence
Particle id 3523 is not convergence
Particle id 2941 is not convergence
Particle id 3528 is not convergence
Particle id 3529 is not convergence
Particle id 2509 is not convergence
Particle id 2510 is not convergence
Particle id 2511 is not convergence
Particle id 2951 is not convergence
Particle id 2514 is not convergence
Particle id 2515 is not convergence
Particle id 2516 is not convergence
Particle id 2954 is not convergence
Particle id 840 is not convergence
Particle id 841 is not convergence
Particle id 2526 is not convergence
Particle id 2528 is not convergence
Particle id 2529 is not convergence
Particle id 2534 is not convergence
Particle id 2535 is not convergence
Particle id 850 is not convergence
Particle id 2537 is not convergence
Particle id 851 is not convergence
Particle id 856 is not convergence
Particle id 857 is not convergence
Particle id 858 is not convergence
Particle id 3536 is not convergence
Particle id 3537 is not convergence
Particle id 1438 is not convergence
Particle id 2548 is not convergence
Particle id 865 is not convergence
Particle id 866 is not convergence
Particle id 867 is not convergence
Particle id 1441 is not convergence
Particle id 384 is not convergence
Particle id 2555 is not convergence
Particle id 3586 is not convergence
Particle id 2986 is not convergence
Particle id 389 is not convergence
Particle id 1452 is not convergence
Particle id 872 is not convergence
Particle id 873 is not convergence
Particle id 1457 is not convergence
Particle id 3597 is not convergence
Particle id 3600 is not convergence
Particle id 3601 is not convergence
Particle id 3608 is not convergence
Particle id 3609 is not convergence
Particle id 2989 is not convergence
Particle id 3615 is not convergence
Particle id 880 is not convergence
Particle id 881 is not convergence
Particle id 3624 is not convergence
Particle id 3000 is not convergence
Particle id 3005 is not convergence
Particle id 3634 is not convergence
Particle id 3637 is not convergence
Particle id 3649 is not convergence
Particle id 3654 is not convergence
Particle id 2608 is not convergence
Particle id 2615 is not convergence
Particle id 458 is not convergence
Particle id 1535 is not convergence
Particle id 2626 is not convergence
Particle id 2628 is not convergence
Particle id 2629 is not convergence
Particle id 1540 is not convergence
Particle id 469 is not convergence
Particle id 2634 is not convergence
Particle id 2635 is not convergence
Particle id 2637 is not convergence
Particle id 472 is not convergence
Particle id 473 is not convergence
Particle id 3073 is not convergence
Particle id 480 is not convergence
Particle id 481 is not convergence
Particle id 487 is not convergence
Particle id 3082 is not convergence
Particle id 949 is not convergence
Particle id 3088 is not convergence
Particle id 3089 is not convergence
Particle id 496 is not convergence
Particle id 1569 is not convergence
Particle id 1570 is not convergence
Particle id 1571 is not convergence
Particle id 1574 is not convergence
Particle id 1575 is not convergence
Particle id 1576 is not convergence
Particle id 958 is not convergence
Particle id 506 is not convergence
Particle id 3098 is not convergence
Particle id 3099 is not convergence
Particle id 509 is not convergence
Particle id 964 is not convergence
Particle id 965 is not convergence
Particle id 3109 is not convergence
Particle id 521 is not convergence
Particle id 3112 is not convergence
Particle id 974 is not convergence
Particle id 975 is not convergence
Particle id 526 is not convergence
Particle id 985 is not convergence
Particle id 3127 is not convergence
Particle id 988 is not convergence
Particle id 3130 is not convergence
Particle id 1003 is not convergence
Particle id 3143 is not convergence
Particle id 3144 is not convergence
Particle id 3145 is not convergence
Particle id 1006 is not convergence
Particle id 3148 is not convergence
Particle id 3149 is not convergence
Particle id 3150 is not convergence
Particle id 1019 is not convergence
Particle id 1020 is not convergence
Particle id 1021 is not convergence
Particle id 1024 is not convergence
Particle id 1025 is not convergence
Particle id 1026 is not convergence
loop: 81, time: 32.3431, dt: 5.93611, num: 4224
write results/00017.dat

calculation is finished
calculation time: 10392 ms
