OpenMP is enabled.
Number of threads = 8
app_name: lane_emden
G = 0.00043
Using algorithm: GSPH
Initialization complete. Particle count=4224
write results/00000.dat
loop: 1, time: 0.0945684, dt: 0.0945684, num: 4224
loop: 2, time: 0.186463, dt: 0.0918943, num: 4224
loop: 3, time: 0.278415, dt: 0.0919524, num: 4224
loop: 4, time: 0.371701, dt: 0.093286, num: 4224
write results/00001.dat
loop: 5, time: 0.465695, dt: 0.0939939, num: 4224
loop: 6, time: 0.560341, dt: 0.0946465, num: 4224
loop: 7, time: 0.655764, dt: 0.095422, num: 4224
write results/00002.dat
loop: 8, time: 0.751828, dt: 0.096064, num: 4224
loop: 9, time: 0.848773, dt: 0.0969455, num: 4224
loop: 10, time: 0.946812, dt: 0.0980391, num: 4224
write results/00003.dat
loop: 11, time: 1.04609, dt: 0.0992743, num: 4224
loop: 12, time: 1.14667, dt: 0.100583, num: 4224
loop: 13, time: 1.24858, dt: 0.101912, num: 4224
write results/00004.dat
loop: 14, time: 1.35181, dt: 0.103226, num: 4224
loop: 15, time: 1.45632, dt: 0.104507, num: 4224
loop: 16, time: 1.56207, dt: 0.105759, num: 4224
write results/00005.dat
loop: 17, time: 1.66908, dt: 0.107005, num: 4224
loop: 18, time: 1.77736, dt: 0.108282, num: 4224
loop: 19, time: 1.88698, dt: 0.109616, num: 4224
write results/00006.dat
loop: 20, time: 1.998, dt: 0.111025, num: 4224
loop: 21, time: 2.11051, dt: 0.112503, num: 4224
write results/00007.dat
loop: 22, time: 2.22452, dt: 0.114019, num: 4224
loop: 23, time: 2.33919, dt: 0.114666, num: 4224
loop: 24, time: 2.45344, dt: 0.114244, num: 4224
write results/00008.dat
loop: 25, time: 2.56759, dt: 0.114157, num: 4224
loop: 26, time: 2.68101, dt: 0.113414, num: 4224
loop: 27, time: 2.79352, dt: 0.11251, num: 4224
write results/00009.dat
loop: 28, time: 2.90544, dt: 0.111929, num: 4224
loop: 29, time: 3.01729, dt: 0.111841, num: 4224
write results/00010.dat
loop: 30, time: 3.12962, dt: 0.112333, num: 4224
loop: 31, time: 3.24303, dt: 0.113411, num: 4224
loop: 32, time: 3.35806, dt: 0.115032, num: 4224
write results/00011.dat
loop: 33, time: 3.47168, dt: 0.113617, num: 4224
loop: 34, time: 3.58299, dt: 0.111314, num: 4224
loop: 35, time: 3.69198, dt: 0.108986, num: 4224
write results/00012.dat
loop: 36, time: 3.79879, dt: 0.106815, num: 4224
loop: 37, time: 3.90381, dt: 0.105019, num: 4224
write results/00013.dat
loop: 38, time: 4.00754, dt: 0.103727, num: 4224
loop: 39, time: 4.11055, dt: 0.103011, num: 4224
loop: 40, time: 4.21343, dt: 0.102881, num: 4224
write results/00014.dat
loop: 41, time: 4.31676, dt: 0.103324, num: 4224
loop: 42, time: 4.42108, dt: 0.104323, num: 4224
loop: 43, time: 4.52687, dt: 0.105789, num: 4224
write results/00015.dat
loop: 44, time: 4.63448, dt: 0.107611, num: 4224
loop: 45, time: 4.74418, dt: 0.109698, num: 4224
loop: 46, time: 4.85527, dt: 0.111096, num: 4224
write results/00016.dat
loop: 47, time: 4.96746, dt: 0.112186, num: 4224
loop: 48, time: 5.08093, dt: 0.113476, num: 4224
loop: 49, time: 5.19584, dt: 0.114905, num: 4224
write results/00017.dat
loop: 50, time: 5.31225, dt: 0.116415, num: 4224
loop: 51, time: 5.43021, dt: 0.117955, num: 4224
write results/00018.dat
loop: 52, time: 5.5497, dt: 0.119488, num: 4224
loop: 53, time: 5.67063, dt: 0.120936, num: 4224
loop: 54, time: 5.79231, dt: 0.121679, num: 4224
write results/00019.dat
loop: 55, time: 5.91537, dt: 0.123055, num: 4224
loop: 56, time: 6.04019, dt: 0.124821, num: 4224
write results/00020.dat
loop: 57, time: 6.16719, dt: 0.127005, num: 4224
loop: 58, time: 6.2959, dt: 0.128712, num: 4224
loop: 59, time: 6.42648, dt: 0.130572, num: 4224
write results/00021.dat
loop: 60, time: 6.5591, dt: 0.132621, num: 4224
loop: 61, time: 6.69396, dt: 0.134861, num: 4224
write results/00022.dat
loop: 62, time: 6.83126, dt: 0.137297, num: 4224
loop: 63, time: 6.97119, dt: 0.139934, num: 4224
write results/00023.dat
loop: 64, time: 7.11397, dt: 0.142781, num: 4224
loop: 65, time: 7.25982, dt: 0.14585, num: 4224
write results/00024.dat
loop: 66, time: 7.40898, dt: 0.149162, num: 4224
loop: 67, time: 7.56172, dt: 0.152741, num: 4224
write results/00025.dat
loop: 68, time: 7.71834, dt: 0.156612, num: 4224
loop: 69, time: 7.87914, dt: 0.160799, num: 4224
write results/00026.dat
loop: 70, time: 8.04446, dt: 0.165325, num: 4224
loop: 71, time: 8.21467, dt: 0.170206, num: 4224
write results/00027.dat
loop: 72, time: 8.39012, dt: 0.175458, num: 4224
loop: 73, time: 8.57122, dt: 0.181091, num: 4224
write results/00028.dat
loop: 74, time: 8.75833, dt: 0.187113, num: 4224
write results/00029.dat
loop: 75, time: 8.95186, dt: 0.19353, num: 4224
loop: 76, time: 9.1522, dt: 0.200341, num: 4224
write results/00030.dat
loop: 77, time: 9.35974, dt: 0.20754, num: 4224
write results/00031.dat
loop: 78, time: 9.57486, dt: 0.215118, num: 4224
loop: 79, time: 9.79792, dt: 0.223065, num: 4224
write results/00032.dat
loop: 80, time: 10.0293, dt: 0.231365, num: 4224
write results/00033.dat
loop: 81, time: 10.2693, dt: 0.240006, num: 4224
write results/00034.dat
loop: 82, time: 10.5183, dt: 0.248983, num: 4224
write results/00035.dat
loop: 83, time: 10.7766, dt: 0.258299, num: 4224
loop: 84, time: 11.0445, dt: 0.267965, num: 4224
write results/00036.dat
loop: 85, time: 11.3225, dt: 0.277999, num: 4224
write results/00037.dat
loop: 86, time: 11.6109, dt: 0.288411, num: 4224
write results/00038.dat
loop: 87, time: 11.9102, dt: 0.299221, num: 4224
write results/00039.dat
loop: 88, time: 12.2206, dt: 0.310446, num: 4224
write results/00040.dat
loop: 89, time: 12.5427, dt: 0.322093, num: 4224
write results/00041.dat
loop: 90, time: 12.8769, dt: 0.334157, num: 4224
write results/00042.dat
loop: 91, time: 13.2235, dt: 0.346617, num: 4224
write results/00043.dat
loop: 92, time: 13.5829, dt: 0.359435, num: 4224
write results/00044.dat
loop: 93, time: 13.9555, dt: 0.372553, num: 4224
write results/00045.dat
loop: 94, time: 14.3414, dt: 0.3859, num: 4224
write results/00046.dat
loop: 95, time: 14.7408, dt: 0.399433, num: 4224
write results/00047.dat
loop: 96, time: 15.1529, dt: 0.412064, num: 4224
write results/00048.dat
loop: 97, time: 15.5774, dt: 0.424484, num: 4224
write results/00049.dat
loop: 98, time: 16.0143, dt: 0.436959, num: 4224
write results/00050.dat
loop: 99, time: 16.4638, dt: 0.449529, num: 4224
write results/00051.dat
loop: 100, time: 16.9261, dt: 0.462274, num: 4224
write results/00052.dat
loop: 101, time: 17.4014, dt: 0.475302, num: 4224
write results/00053.dat
loop: 102, time: 17.8902, dt: 0.488752, num: 4224
write results/00054.dat
loop: 103, time: 18.3929, dt: 0.502752, num: 4224
write results/00055.dat
loop: 104, time: 18.9104, dt: 0.517446, num: 4224
write results/00056.dat
loop: 105, time: 19.4434, dt: 0.532991, num: 4224
write results/00057.dat
loop: 106, time: 19.9929, dt: 0.549529, num: 4224
write results/00058.dat
loop: 107, time: 20.5601, dt: 0.567188, num: 4224
write results/00059.dat
loop: 108, time: 21.1462, dt: 0.586077, num: 4224
write results/00060.dat
loop: 109, time: 21.7524, dt: 0.606291, num: 4224
write results/00061.dat
loop: 110, time: 22.3803, dt: 0.627891, num: 4224
write results/00062.dat
loop: 111, time: 23.0299, dt: 0.649577, num: 4224
write results/00063.dat
loop: 112, time: 23.7024, dt: 0.6725, num: 4224
write results/00064.dat
loop: 113, time: 24.3994, dt: 0.696979, num: 4224
write results/00065.dat
loop: 114, time: 25.1225, dt: 0.723136, num: 4224
write results/00066.dat
loop: 115, time: 25.8736, dt: 0.751092, num: 4224
write results/00067.dat
loop: 116, time: 26.6546, dt: 0.780957, num: 4224
write results/00068.dat
loop: 117, time: 27.4674, dt: 0.812828, num: 4224
write results/00069.dat
loop: 118, time: 28.3142, dt: 0.846787, num: 4224
write results/00070.dat
loop: 119, time: 29.1971, dt: 0.882909, num: 4224
write results/00071.dat
loop: 120, time: 30.1184, dt: 0.921259, num: 4224
write results/00072.dat

calculation is finished
calculation time: 17484 ms
