OpenMP is enabled.
Number of threads = 8
app_name: khi
Using algorithm: SSPH
Initialization complete. Particle count=1875
write results/00000.dat
loop: 1, time: 0.00314815, dt: 0.00314815, num: 1875
loop: 2, time: 0.00647066, dt: 0.00332252, num: 1875
loop: 3, time: 0.00974154, dt: 0.00327088, num: 1875
loop: 4, time: 0.0130586, dt: 0.00331707, num: 1875
loop: 5, time: 0.016435, dt: 0.00337642, num: 1875
loop: 6, time: 0.0198838, dt: 0.00344874, num: 1875
loop: 7, time: 0.0234175, dt: 0.00353377, num: 1875
loop: 8, time: 0.0270503, dt: 0.0036328, num: 1875
loop: 9, time: 0.0305684, dt: 0.00351802, num: 1875
loop: 10, time: 0.0341518, dt: 0.00358341, num: 1875
loop: 11, time: 0.037802, dt: 0.00365022, num: 1875
loop: 12, time: 0.041519, dt: 0.00371699, num: 1875
loop: 13, time: 0.0453021, dt: 0.00378308, num: 1875
loop: 14, time: 0.0489338, dt: 0.00363169, num: 1875
loop: 15, time: 0.0525852, dt: 0.00365145, num: 1875
loop: 16, time: 0.0562511, dt: 0.00366593, num: 1875
loop: 17, time: 0.0599277, dt: 0.00367652, num: 1875
loop: 18, time: 0.0636132, dt: 0.00368552, num: 1875
loop: 19, time: 0.0673096, dt: 0.00369642, num: 1875
loop: 20, time: 0.0708665, dt: 0.00355687, num: 1875
loop: 21, time: 0.0744237, dt: 0.00355719, num: 1875
loop: 22, time: 0.0779856, dt: 0.00356192, num: 1875
loop: 23, time: 0.0815583, dt: 0.00357273, num: 1875
loop: 24, time: 0.0851494, dt: 0.00359107, num: 1875
loop: 25, time: 0.0887669, dt: 0.00361751, num: 1875
loop: 26, time: 0.0922465, dt: 0.00347965, num: 1875
loop: 27, time: 0.0957419, dt: 0.00349536, num: 1875
loop: 28, time: 0.0992575, dt: 0.0035156, num: 1875
loop: 29, time: 0.102798, dt: 0.00354094, num: 1875
write results/00001.dat
loop: 30, time: 0.10637, dt: 0.00357132, num: 1875
loop: 31, time: 0.109978, dt: 0.00360778, num: 1875
loop: 32, time: 0.113481, dt: 0.00350315, num: 1875
loop: 33, time: 0.117001, dt: 0.00352045, num: 1875
loop: 34, time: 0.12054, dt: 0.00353842, num: 1875
loop: 35, time: 0.124096, dt: 0.00355666, num: 1875
loop: 36, time: 0.127671, dt: 0.00357453, num: 1875
loop: 37, time: 0.131129, dt: 0.00345857, num: 1875
loop: 38, time: 0.134588, dt: 0.00345828, num: 1875
loop: 39, time: 0.138046, dt: 0.00345826, num: 1875
loop: 40, time: 0.141505, dt: 0.00345954, num: 1875
loop: 41, time: 0.144969, dt: 0.0034633, num: 1875
loop: 42, time: 0.14844, dt: 0.0034714, num: 1875
loop: 43, time: 0.151804, dt: 0.00336373, num: 1875
loop: 44, time: 0.155168, dt: 0.00336431, num: 1875
loop: 45, time: 0.158537, dt: 0.00336933, num: 1875
loop: 46, time: 0.161918, dt: 0.00338038, num: 1875
loop: 47, time: 0.165315, dt: 0.00339678, num: 1875
loop: 48, time: 0.168655, dt: 0.00334056, num: 1875
loop: 49, time: 0.171978, dt: 0.00332314, num: 1875
loop: 50, time: 0.175318, dt: 0.00333936, num: 1875
loop: 51, time: 0.178675, dt: 0.00335684, num: 1875
loop: 52, time: 0.182051, dt: 0.00337656, num: 1875
loop: 53, time: 0.185452, dt: 0.00340056, num: 1875
loop: 54, time: 0.18888, dt: 0.00342841, num: 1875
loop: 55, time: 0.192212, dt: 0.00333227, num: 1875
loop: 56, time: 0.195563, dt: 0.00335057, num: 1875
loop: 57, time: 0.198934, dt: 0.00337075, num: 1875
loop: 58, time: 0.202327, dt: 0.00339358, num: 1875
write results/00002.dat
loop: 59, time: 0.205748, dt: 0.00342069, num: 1875
loop: 60, time: 0.209199, dt: 0.00345127, num: 1875
loop: 61, time: 0.212583, dt: 0.00338398, num: 1875
loop: 62, time: 0.215985, dt: 0.00340169, num: 1875
loop: 63, time: 0.21941, dt: 0.00342495, num: 1875
loop: 64, time: 0.222862, dt: 0.00345204, num: 1875
loop: 65, time: 0.226343, dt: 0.00348113, num: 1875
loop: 66, time: 0.229857, dt: 0.00351385, num: 1875
loop: 67, time: 0.233297, dt: 0.00344044, num: 1875
loop: 68, time: 0.23676, dt: 0.00346237, num: 1875
loop: 69, time: 0.240248, dt: 0.00348816, num: 1875
loop: 70, time: 0.243765, dt: 0.00351676, num: 1875
loop: 71, time: 0.247312, dt: 0.00354765, num: 1875
loop: 72, time: 0.250804, dt: 0.00349162, num: 1875
loop: 73, time: 0.254298, dt: 0.00349377, num: 1875
loop: 74, time: 0.257807, dt: 0.00350955, num: 1875
loop: 75, time: 0.261339, dt: 0.00353166, num: 1875
loop: 76, time: 0.264892, dt: 0.00355346, num: 1875
loop: 77, time: 0.268404, dt: 0.00351166, num: 1875
loop: 78, time: 0.271899, dt: 0.00349513, num: 1875
loop: 79, time: 0.275402, dt: 0.00350295, num: 1875
loop: 80, time: 0.278919, dt: 0.00351683, num: 1875
loop: 81, time: 0.282451, dt: 0.00353263, num: 1875
loop: 82, time: 0.286003, dt: 0.00355133, num: 1875
loop: 83, time: 0.28945, dt: 0.0034474, num: 1875
loop: 84, time: 0.292905, dt: 0.00345512, num: 1875
loop: 85, time: 0.296372, dt: 0.00346648, num: 1875
loop: 86, time: 0.299854, dt: 0.00348256, num: 1875
loop: 87, time: 0.30336, dt: 0.00350542, num: 1875
write results/00003.dat
loop: 88, time: 0.306754, dt: 0.00339404, num: 1875
loop: 89, time: 0.31016, dt: 0.00340634, num: 1875
loop: 90, time: 0.313584, dt: 0.00342428, num: 1875
loop: 91, time: 0.317034, dt: 0.00344977, num: 1875
loop: 92, time: 0.320519, dt: 0.00348477, num: 1875
loop: 93, time: 0.3239, dt: 0.00338101, num: 1875
loop: 94, time: 0.3273, dt: 0.00339974, num: 1875
loop: 95, time: 0.330713, dt: 0.00341312, num: 1875
loop: 96, time: 0.334139, dt: 0.00342664, num: 1875
loop: 97, time: 0.337585, dt: 0.00344539, num: 1875
loop: 98, time: 0.341055, dt: 0.00347029, num: 1875
loop: 99, time: 0.344505, dt: 0.00345018, num: 1875
loop: 100, time: 0.347921, dt: 0.00341611, num: 1875
loop: 101, time: 0.351342, dt: 0.00342022, num: 1875
loop: 102, time: 0.354786, dt: 0.00344391, num: 1875
loop: 103, time: 0.358258, dt: 0.00347196, num: 1875
loop: 104, time: 0.361763, dt: 0.0035051, num: 1875
loop: 105, time: 0.365176, dt: 0.00341342, num: 1875
loop: 106, time: 0.368584, dt: 0.0034079, num: 1875
loop: 107, time: 0.372008, dt: 0.00342425, num: 1875
loop: 108, time: 0.375452, dt: 0.00344339, num: 1875
loop: 109, time: 0.378918, dt: 0.00346609, num: 1875
loop: 110, time: 0.382313, dt: 0.00339558, num: 1875
loop: 111, time: 0.385662, dt: 0.0033485, num: 1875
loop: 112, time: 0.389018, dt: 0.00335591, num: 1875
loop: 113, time: 0.392385, dt: 0.00336774, num: 1875
loop: 114, time: 0.395771, dt: 0.00338593, num: 1875
loop: 115, time: 0.39918, dt: 0.00340882, num: 1875
loop: 116, time: 0.402546, dt: 0.00336612, num: 1875
write results/00004.dat
loop: 117, time: 0.405831, dt: 0.00328421, num: 1875
loop: 118, time: 0.409126, dt: 0.00329587, num: 1875
loop: 119, time: 0.41244, dt: 0.00331323, num: 1875
loop: 120, time: 0.415778, dt: 0.00333814, num: 1875
loop: 121, time: 0.419088, dt: 0.0033098, num: 1875
loop: 122, time: 0.422446, dt: 0.00335855, num: 1875
loop: 123, time: 0.425745, dt: 0.00329844, num: 1875
loop: 124, time: 0.429074, dt: 0.00332982, num: 1875
loop: 125, time: 0.432445, dt: 0.00337033, num: 1875
loop: 126, time: 0.435858, dt: 0.00341287, num: 1875
loop: 127, time: 0.439245, dt: 0.00338738, num: 1875
loop: 128, time: 0.442691, dt: 0.00344637, num: 1875
loop: 129, time: 0.446171, dt: 0.00347993, num: 1875
loop: 130, time: 0.449576, dt: 0.0034043, num: 1875
loop: 131, time: 0.453023, dt: 0.00344788, num: 1875
loop: 132, time: 0.456519, dt: 0.0034954, num: 1875
loop: 133, time: 0.460044, dt: 0.0035247, num: 1875
loop: 134, time: 0.463575, dt: 0.00353137, num: 1875
loop: 135, time: 0.467115, dt: 0.00354056, num: 1875
loop: 136, time: 0.470632, dt: 0.00351669, num: 1875
loop: 137, time: 0.474151, dt: 0.00351866, num: 1875
loop: 138, time: 0.477656, dt: 0.00350558, num: 1875
loop: 139, time: 0.481176, dt: 0.00351942, num: 1875
loop: 140, time: 0.484689, dt: 0.00351337, num: 1875
loop: 141, time: 0.488218, dt: 0.00352888, num: 1875
loop: 142, time: 0.491741, dt: 0.00352283, num: 1875
loop: 143, time: 0.495267, dt: 0.00352644, num: 1875
loop: 144, time: 0.498823, dt: 0.00355533, num: 1875
loop: 145, time: 0.502393, dt: 0.00357027, num: 1875
write results/00005.dat
loop: 146, time: 0.505933, dt: 0.00354056, num: 1875
loop: 147, time: 0.5095, dt: 0.00356663, num: 1875
loop: 148, time: 0.513092, dt: 0.003592, num: 1875
loop: 149, time: 0.516669, dt: 0.00357682, num: 1875
loop: 150, time: 0.520273, dt: 0.00360446, num: 1875
loop: 151, time: 0.52391, dt: 0.00363653, num: 1875
loop: 152, time: 0.527533, dt: 0.00362276, num: 1875
loop: 153, time: 0.531166, dt: 0.00363372, num: 1875
loop: 154, time: 0.534813, dt: 0.00364704, num: 1875
loop: 155, time: 0.538442, dt: 0.00362894, num: 1875
loop: 156, time: 0.542088, dt: 0.00364583, num: 1875
loop: 157, time: 0.545755, dt: 0.00366665, num: 1875
loop: 158, time: 0.549438, dt: 0.00368283, num: 1875
loop: 159, time: 0.553138, dt: 0.00370024, num: 1875
loop: 160, time: 0.556798, dt: 0.00365993, num: 1875
loop: 161, time: 0.560412, dt: 0.00361454, num: 1875
loop: 162, time: 0.563977, dt: 0.00356444, num: 1875
loop: 163, time: 0.56749, dt: 0.00351349, num: 1875
loop: 164, time: 0.570956, dt: 0.00346518, num: 1875
loop: 165, time: 0.57438, dt: 0.00342451, num: 1875
loop: 166, time: 0.577776, dt: 0.00339599, num: 1875
loop: 167, time: 0.581119, dt: 0.00334262, num: 1875
loop: 168, time: 0.584494, dt: 0.00337566, num: 1875
loop: 169, time: 0.587871, dt: 0.00337681, num: 1875
loop: 170, time: 0.591113, dt: 0.00324203, num: 1875
loop: 171, time: 0.594424, dt: 0.00331112, num: 1875
loop: 172, time: 0.597829, dt: 0.00340517, num: 1875
loop: 173, time: 0.601213, dt: 0.00338404, num: 1875
write results/00006.dat
loop: 174, time: 0.604642, dt: 0.00342854, num: 1875
loop: 175, time: 0.608105, dt: 0.00346311, num: 1875
loop: 176, time: 0.611622, dt: 0.00351733, num: 1875
loop: 177, time: 0.614928, dt: 0.00330522, num: 1875
loop: 178, time: 0.618206, dt: 0.00327834, num: 1875
loop: 179, time: 0.621465, dt: 0.00325866, num: 1875
loop: 180, time: 0.624716, dt: 0.00325143, num: 1875
loop: 181, time: 0.627979, dt: 0.00326333, num: 1875
loop: 182, time: 0.631281, dt: 0.00330147, num: 1875
loop: 183, time: 0.634656, dt: 0.00337507, num: 1875
loop: 184, time: 0.638152, dt: 0.00349623, num: 1875
loop: 185, time: 0.641728, dt: 0.00357556, num: 1875
loop: 186, time: 0.644938, dt: 0.0032103, num: 1875
loop: 187, time: 0.64828, dt: 0.00334156, num: 1875
loop: 188, time: 0.651799, dt: 0.00351966, num: 1875
loop: 189, time: 0.655275, dt: 0.00347545, num: 1875
loop: 190, time: 0.658736, dt: 0.00346129, num: 1875
loop: 191, time: 0.66217, dt: 0.0034342, num: 1875
loop: 192, time: 0.665721, dt: 0.00355045, num: 1875
loop: 193, time: 0.669329, dt: 0.00360782, num: 1875
loop: 194, time: 0.673028, dt: 0.00369956, num: 1875
loop: 195, time: 0.676733, dt: 0.00370505, num: 1875
loop: 196, time: 0.680396, dt: 0.00366278, num: 1875
loop: 197, time: 0.684058, dt: 0.00366171, num: 1875
loop: 198, time: 0.68773, dt: 0.0036722, num: 1875
loop: 199, time: 0.691114, dt: 0.00338451, num: 1875
loop: 200, time: 0.694515, dt: 0.00340071, num: 1875
loop: 201, time: 0.697941, dt: 0.00342588, num: 1875
loop: 202, time: 0.701403, dt: 0.00346221, num: 1875
write results/00007.dat
loop: 203, time: 0.704862, dt: 0.00345881, num: 1875
loop: 204, time: 0.708342, dt: 0.00347977, num: 1875
loop: 205, time: 0.71185, dt: 0.00350873, num: 1875
loop: 206, time: 0.715401, dt: 0.00355082, num: 1875
loop: 207, time: 0.71901, dt: 0.0036092, num: 1875
loop: 208, time: 0.722697, dt: 0.00368704, num: 1875
loop: 209, time: 0.726487, dt: 0.00378926, num: 1875
loop: 210, time: 0.730317, dt: 0.00383029, num: 1875
loop: 211, time: 0.7342, dt: 0.0038829, num: 1875
loop: 212, time: 0.737937, dt: 0.00373735, num: 1875
loop: 213, time: 0.741751, dt: 0.00381344, num: 1875
loop: 214, time: 0.74563, dt: 0.0038791, num: 1875
loop: 215, time: 0.74955, dt: 0.00392037, num: 1875
loop: 216, time: 0.753391, dt: 0.0038405, num: 1875
loop: 217, time: 0.757198, dt: 0.00380766, num: 1875
loop: 218, time: 0.760994, dt: 0.00379551, num: 1875
loop: 219, time: 0.764753, dt: 0.00375961, num: 1875
loop: 220, time: 0.768558, dt: 0.00380406, num: 1875
loop: 221, time: 0.77238, dt: 0.00382284, num: 1875
loop: 222, time: 0.776094, dt: 0.00371374, num: 1875
loop: 223, time: 0.77967, dt: 0.0035763, num: 1875
loop: 224, time: 0.783297, dt: 0.00362621, num: 1875
loop: 225, time: 0.786988, dt: 0.00369129, num: 1875
loop: 226, time: 0.790718, dt: 0.00373015, num: 1875
loop: 227, time: 0.794365, dt: 0.00364654, num: 1875
loop: 228, time: 0.797946, dt: 0.0035815, num: 1875
loop: 229, time: 0.801487, dt: 0.0035407, num: 1875
write results/00008.dat
loop: 230, time: 0.805014, dt: 0.00352767, num: 1875
loop: 231, time: 0.808564, dt: 0.00354912, num: 1875
loop: 232, time: 0.812171, dt: 0.00360768, num: 1875
loop: 233, time: 0.815869, dt: 0.00369786, num: 1875
loop: 234, time: 0.819609, dt: 0.00374013, num: 1875
loop: 235, time: 0.823136, dt: 0.00352674, num: 1875
loop: 236, time: 0.826703, dt: 0.00356715, num: 1875
loop: 237, time: 0.830328, dt: 0.00362505, num: 1875
loop: 238, time: 0.83403, dt: 0.00370145, num: 1875
loop: 239, time: 0.837825, dt: 0.00379523, num: 1875
loop: 240, time: 0.841443, dt: 0.00361769, num: 1875
loop: 241, time: 0.845128, dt: 0.00368566, num: 1875
loop: 242, time: 0.848724, dt: 0.00359584, num: 1875
loop: 243, time: 0.852369, dt: 0.00364474, num: 1875
loop: 244, time: 0.856078, dt: 0.00370878, num: 1875
loop: 245, time: 0.85983, dt: 0.00375282, num: 1875
loop: 246, time: 0.863543, dt: 0.00371279, num: 1875
loop: 247, time: 0.867211, dt: 0.00366782, num: 1875
loop: 248, time: 0.870863, dt: 0.00365225, num: 1875
loop: 249, time: 0.874506, dt: 0.00364289, num: 1875
loop: 250, time: 0.878148, dt: 0.00364181, num: 1875
loop: 251, time: 0.881803, dt: 0.00365462, num: 1875
loop: 252, time: 0.885489, dt: 0.00368679, num: 1875
loop: 253, time: 0.889226, dt: 0.00373694, num: 1875
loop: 254, time: 0.892964, dt: 0.00373776, num: 1875
loop: 255, time: 0.896563, dt: 0.00359851, num: 1875
loop: 256, time: 0.90025, dt: 0.00368737, num: 1875
write results/00009.dat
loop: 257, time: 0.903893, dt: 0.00364336, num: 1875
loop: 258, time: 0.907507, dt: 0.00361411, num: 1875
loop: 259, time: 0.911128, dt: 0.003621, num: 1875
loop: 260, time: 0.914794, dt: 0.00366585, num: 1875
loop: 261, time: 0.918543, dt: 0.00374848, num: 1875
loop: 262, time: 0.922364, dt: 0.00382082, num: 1875
loop: 263, time: 0.926245, dt: 0.00388111, num: 1875
loop: 264, time: 0.930159, dt: 0.00391433, num: 1875
loop: 265, time: 0.933974, dt: 0.00381478, num: 1875
loop: 266, time: 0.937786, dt: 0.00381206, num: 1875
loop: 267, time: 0.941603, dt: 0.00381713, num: 1875
loop: 268, time: 0.9454, dt: 0.00379682, num: 1875
loop: 269, time: 0.949182, dt: 0.00378197, num: 1875
loop: 270, time: 0.952901, dt: 0.00371908, num: 1875
loop: 271, time: 0.956572, dt: 0.00367153, num: 1875
loop: 272, time: 0.960215, dt: 0.00364244, num: 1875
loop: 273, time: 0.96385, dt: 0.00363542, num: 1875
loop: 274, time: 0.967504, dt: 0.00365342, num: 1875
loop: 275, time: 0.971204, dt: 0.00370016, num: 1875
loop: 276, time: 0.974983, dt: 0.0037789, num: 1875
loop: 277, time: 0.978804, dt: 0.00382095, num: 1875
loop: 278, time: 0.982543, dt: 0.00373922, num: 1875
loop: 279, time: 0.986295, dt: 0.00375216, num: 1875
loop: 280, time: 0.990086, dt: 0.00379053, num: 1875
loop: 281, time: 0.9939, dt: 0.00381403, num: 1875
loop: 282, time: 0.99777, dt: 0.00387088, num: 1875
loop: 283, time: 1.00174, dt: 0.00397076, num: 1875
write results/00010.dat
loop: 284, time: 1.00569, dt: 0.00394991, num: 1875
loop: 285, time: 1.00965, dt: 0.00395515, num: 1875
loop: 286, time: 1.01346, dt: 0.00381764, num: 1875
loop: 287, time: 1.01733, dt: 0.00386994, num: 1875
loop: 288, time: 1.02127, dt: 0.00393665, num: 1875
loop: 289, time: 1.02522, dt: 0.00394756, num: 1875
loop: 290, time: 1.02912, dt: 0.00390682, num: 1875
loop: 291, time: 1.033, dt: 0.00387826, num: 1875
loop: 292, time: 1.03656, dt: 0.00355624, num: 1875
loop: 293, time: 1.04015, dt: 0.00358795, num: 1875
loop: 294, time: 1.04379, dt: 0.00364173, num: 1875
loop: 295, time: 1.04751, dt: 0.00372041, num: 1875
loop: 296, time: 1.05133, dt: 0.00382471, num: 1875
loop: 297, time: 1.05529, dt: 0.00395923, num: 1875
loop: 298, time: 1.05927, dt: 0.00397889, num: 1875
loop: 299, time: 1.06316, dt: 0.00389172, num: 1875
loop: 300, time: 1.06706, dt: 0.00389779, num: 1875
loop: 301, time: 1.07092, dt: 0.00385472, num: 1875
loop: 302, time: 1.07473, dt: 0.0038182, num: 1875
loop: 303, time: 1.07854, dt: 0.00380931, num: 1875
loop: 304, time: 1.08237, dt: 0.00382294, num: 1875
loop: 305, time: 1.08623, dt: 0.00385888, num: 1875
loop: 306, time: 1.09013, dt: 0.00390564, num: 1875
loop: 307, time: 1.09404, dt: 0.0039091, num: 1875
loop: 308, time: 1.09757, dt: 0.00352611, num: 1875
loop: 309, time: 1.10119, dt: 0.00361939, num: 1875
write results/00011.dat
loop: 310, time: 1.10492, dt: 0.00373591, num: 1875
loop: 311, time: 1.1088, dt: 0.00388076, num: 1875
loop: 312, time: 1.11273, dt: 0.003928, num: 1875
loop: 313, time: 1.11668, dt: 0.00395097, num: 1875
loop: 314, time: 1.12067, dt: 0.00399233, num: 1875
loop: 315, time: 1.12445, dt: 0.0037747, num: 1875
loop: 316, time: 1.12831, dt: 0.00385866, num: 1875
loop: 317, time: 1.1322, dt: 0.00389281, num: 1875
loop: 318, time: 1.13613, dt: 0.00392906, num: 1875
loop: 319, time: 1.14011, dt: 0.00397938, num: 1875
loop: 320, time: 1.14415, dt: 0.00404497, num: 1875
loop: 321, time: 1.14822, dt: 0.00406871, num: 1875
loop: 322, time: 1.15211, dt: 0.00388498, num: 1875
loop: 323, time: 1.15595, dt: 0.00384659, num: 1875
loop: 324, time: 1.15979, dt: 0.0038336, num: 1875
loop: 325, time: 1.16345, dt: 0.00366623, num: 1875
loop: 326, time: 1.16712, dt: 0.00366605, num: 1875
loop: 327, time: 1.17082, dt: 0.00369822, num: 1875
loop: 328, time: 1.17459, dt: 0.00376841, num: 1875
loop: 329, time: 1.17847, dt: 0.0038841, num: 1875
loop: 330, time: 1.18245, dt: 0.00397847, num: 1875
loop: 331, time: 1.18651, dt: 0.00406101, num: 1875
loop: 332, time: 1.19056, dt: 0.00404552, num: 1875
loop: 333, time: 1.19459, dt: 0.00403052, num: 1875
loop: 334, time: 1.19851, dt: 0.00392318, num: 1875
loop: 335, time: 1.20255, dt: 0.00404376, num: 1875
write results/00012.dat
loop: 336, time: 1.20659, dt: 0.00403486, num: 1875
loop: 337, time: 1.21063, dt: 0.00403967, num: 1875
loop: 338, time: 1.2147, dt: 0.00407406, num: 1875
loop: 339, time: 1.21884, dt: 0.0041367, num: 1875
loop: 340, time: 1.22302, dt: 0.00417803, num: 1875
loop: 341, time: 1.22703, dt: 0.00401751, num: 1875
loop: 342, time: 1.23109, dt: 0.0040597, num: 1875
loop: 343, time: 1.2352, dt: 0.00410578, num: 1875
loop: 344, time: 1.23935, dt: 0.00414678, num: 1875
loop: 345, time: 1.24353, dt: 0.00418567, num: 1875
loop: 346, time: 1.24771, dt: 0.00418118, num: 1875
loop: 347, time: 1.25173, dt: 0.00401562, num: 1875
loop: 348, time: 1.2557, dt: 0.00396949, num: 1875
loop: 349, time: 1.25966, dt: 0.00395876, num: 1875
loop: 350, time: 1.26364, dt: 0.00398391, num: 1875
loop: 351, time: 1.26768, dt: 0.00404374, num: 1875
loop: 352, time: 1.27161, dt: 0.00392261, num: 1875
loop: 353, time: 1.27559, dt: 0.00398711, num: 1875
loop: 354, time: 1.27962, dt: 0.00402232, num: 1875
loop: 355, time: 1.28364, dt: 0.00401919, num: 1875
loop: 356, time: 1.28759, dt: 0.00395517, num: 1875
loop: 357, time: 1.29149, dt: 0.00390317, num: 1875
loop: 358, time: 1.29538, dt: 0.00388303, num: 1875
loop: 359, time: 1.29927, dt: 0.00389252, num: 1875
loop: 360, time: 1.3032, dt: 0.00393039, num: 1875
write results/00013.dat
loop: 361, time: 1.3072, dt: 0.00399673, num: 1875
loop: 362, time: 1.31124, dt: 0.00404567, num: 1875
loop: 363, time: 1.31525, dt: 0.00400522, num: 1875
loop: 364, time: 1.31917, dt: 0.00392659, num: 1875
loop: 365, time: 1.32315, dt: 0.0039721, num: 1875
loop: 366, time: 1.32703, dt: 0.00388036, num: 1875
loop: 367, time: 1.331, dt: 0.00397712, num: 1875
loop: 368, time: 1.33494, dt: 0.00393976, num: 1875
loop: 369, time: 1.33888, dt: 0.00393298, num: 1875
loop: 370, time: 1.34283, dt: 0.00395076, num: 1875
loop: 371, time: 1.34682, dt: 0.00398904, num: 1875
loop: 372, time: 1.35086, dt: 0.00404465, num: 1875
loop: 373, time: 1.35487, dt: 0.0040099, num: 1875
loop: 374, time: 1.35891, dt: 0.00403838, num: 1875
loop: 375, time: 1.36292, dt: 0.0040107, num: 1875
loop: 376, time: 1.36699, dt: 0.00406846, num: 1875
loop: 377, time: 1.37113, dt: 0.00413918, num: 1875
loop: 378, time: 1.37515, dt: 0.00402723, num: 1875
loop: 379, time: 1.3791, dt: 0.00394483, num: 1875
loop: 380, time: 1.38291, dt: 0.00381521, num: 1875
loop: 381, time: 1.38674, dt: 0.00382212, num: 1875
loop: 382, time: 1.39061, dt: 0.00387549, num: 1875
loop: 383, time: 1.39432, dt: 0.00370736, num: 1875
loop: 384, time: 1.39802, dt: 0.00369759, num: 1875
loop: 385, time: 1.40172, dt: 0.00370705, num: 1875
write results/00014.dat
loop: 386, time: 1.40546, dt: 0.00373745, num: 1875
loop: 387, time: 1.40925, dt: 0.00379036, num: 1875
loop: 388, time: 1.41312, dt: 0.00386738, num: 1875
loop: 389, time: 1.41686, dt: 0.00373686, num: 1875
loop: 390, time: 1.42064, dt: 0.00378151, num: 1875
loop: 391, time: 1.42448, dt: 0.00384584, num: 1875
loop: 392, time: 1.42841, dt: 0.00392318, num: 1875
loop: 393, time: 1.43211, dt: 0.00370762, num: 1875
loop: 394, time: 1.43592, dt: 0.00380141, num: 1875
loop: 395, time: 1.43982, dt: 0.00390326, num: 1875
loop: 396, time: 1.44373, dt: 0.00391158, num: 1875
loop: 397, time: 1.44746, dt: 0.00373007, num: 1875
loop: 398, time: 1.45129, dt: 0.00383143, num: 1875
loop: 399, time: 1.45524, dt: 0.0039509, num: 1875
loop: 400, time: 1.45919, dt: 0.0039447, num: 1875
loop: 401, time: 1.46317, dt: 0.00398108, num: 1875
loop: 402, time: 1.46722, dt: 0.00404974, num: 1875
loop: 403, time: 1.4712, dt: 0.00397947, num: 1875
loop: 404, time: 1.47511, dt: 0.00390871, num: 1875
loop: 405, time: 1.47892, dt: 0.00381614, num: 1875
loop: 406, time: 1.48275, dt: 0.00382184, num: 1875
loop: 407, time: 1.48658, dt: 0.00383552, num: 1875
loop: 408, time: 1.49035, dt: 0.00377264, num: 1875
loop: 409, time: 1.49425, dt: 0.00389406, num: 1875
loop: 410, time: 1.49819, dt: 0.0039469, num: 1875
loop: 411, time: 1.50218, dt: 0.00398249, num: 1875
write results/00015.dat
loop: 412, time: 1.50609, dt: 0.00391771, num: 1875
loop: 413, time: 1.50998, dt: 0.00388561, num: 1875
loop: 414, time: 1.51387, dt: 0.00388939, num: 1875
loop: 415, time: 1.5178, dt: 0.00393285, num: 1875
loop: 416, time: 1.52177, dt: 0.00396585, num: 1875
loop: 417, time: 1.52573, dt: 0.00396568, num: 1875
loop: 418, time: 1.52974, dt: 0.00400638, num: 1875
loop: 419, time: 1.5338, dt: 0.00405617, num: 1875
loop: 420, time: 1.53787, dt: 0.00407562, num: 1875
loop: 421, time: 1.54189, dt: 0.00402104, num: 1875
loop: 422, time: 1.5459, dt: 0.00400733, num: 1875
loop: 423, time: 1.54993, dt: 0.0040319, num: 1875
loop: 424, time: 1.55403, dt: 0.00409713, num: 1875
loop: 425, time: 1.55813, dt: 0.00410063, num: 1875
loop: 426, time: 1.5622, dt: 0.00406635, num: 1875
loop: 427, time: 1.56626, dt: 0.00406148, num: 1875
loop: 428, time: 1.57021, dt: 0.00395254, num: 1875
loop: 429, time: 1.57424, dt: 0.00403377, num: 1875
loop: 430, time: 1.57819, dt: 0.00394121, num: 1875
loop: 431, time: 1.58213, dt: 0.00394561, num: 1875
loop: 432, time: 1.58613, dt: 0.00399645, num: 1875
loop: 433, time: 1.59005, dt: 0.00392314, num: 1875
loop: 434, time: 1.5939, dt: 0.00385279, num: 1875
loop: 435, time: 1.59772, dt: 0.00381483, num: 1875
loop: 436, time: 1.60153, dt: 0.00380922, num: 1875
write results/00016.dat
loop: 437, time: 1.60536, dt: 0.00383488, num: 1875
loop: 438, time: 1.60926, dt: 0.003893, num: 1875
loop: 439, time: 1.61324, dt: 0.00398531, num: 1875
loop: 440, time: 1.61729, dt: 0.00404683, num: 1875
loop: 441, time: 1.62125, dt: 0.00396692, num: 1875
loop: 442, time: 1.62528, dt: 0.00402894, num: 1875
loop: 443, time: 1.62941, dt: 0.00412221, num: 1875
loop: 444, time: 1.63358, dt: 0.0041793, num: 1875
loop: 445, time: 1.63775, dt: 0.00416416, num: 1875
loop: 446, time: 1.6419, dt: 0.00415048, num: 1875
loop: 447, time: 1.64598, dt: 0.0040844, num: 1875
loop: 448, time: 1.65003, dt: 0.00404286, num: 1875
loop: 449, time: 1.65401, dt: 0.00398381, num: 1875
loop: 450, time: 1.65794, dt: 0.00393268, num: 1875
loop: 451, time: 1.66186, dt: 0.00391316, num: 1875
loop: 452, time: 1.66578, dt: 0.00392397, num: 1875
loop: 453, time: 1.66975, dt: 0.00396536, num: 1875
loop: 454, time: 1.67378, dt: 0.00403735, num: 1875
loop: 455, time: 1.67792, dt: 0.00413998, num: 1875
loop: 456, time: 1.68207, dt: 0.00415105, num: 1875
loop: 457, time: 1.68626, dt: 0.00418417, num: 1875
loop: 458, time: 1.6903, dt: 0.0040454, num: 1875
loop: 459, time: 1.69438, dt: 0.0040794, num: 1875
loop: 460, time: 1.6985, dt: 0.00411575, num: 1875
loop: 461, time: 1.70269, dt: 0.00419137, num: 1875
write results/00017.dat
loop: 462, time: 1.7069, dt: 0.00421249, num: 1875
loop: 463, time: 1.71112, dt: 0.00422214, num: 1875
loop: 464, time: 1.7154, dt: 0.00427624, num: 1875
loop: 465, time: 1.71971, dt: 0.00430765, num: 1875
loop: 466, time: 1.72398, dt: 0.00427148, num: 1875
loop: 467, time: 1.72817, dt: 0.00419149, num: 1875
loop: 468, time: 1.73237, dt: 0.00419864, num: 1875
loop: 469, time: 1.7366, dt: 0.00422807, num: 1875
loop: 470, time: 1.7408, dt: 0.00420082, num: 1875
loop: 471, time: 1.74498, dt: 0.00418309, num: 1875
loop: 472, time: 1.74915, dt: 0.00416618, num: 1875
loop: 473, time: 1.75328, dt: 0.00413023, num: 1875
loop: 474, time: 1.75739, dt: 0.0041123, num: 1875
loop: 475, time: 1.76151, dt: 0.00411454, num: 1875
loop: 476, time: 1.76564, dt: 0.00413837, num: 1875
loop: 477, time: 1.76974, dt: 0.00409804, num: 1875
loop: 478, time: 1.77381, dt: 0.00407311, num: 1875
loop: 479, time: 1.77788, dt: 0.00406895, num: 1875
loop: 480, time: 1.78191, dt: 0.00402123, num: 1875
loop: 481, time: 1.78582, dt: 0.0039183, num: 1875
loop: 482, time: 1.78969, dt: 0.0038627, num: 1875
loop: 483, time: 1.79354, dt: 0.00385057, num: 1875
loop: 484, time: 1.79742, dt: 0.00387847, num: 1875
loop: 485, time: 1.80136, dt: 0.00394377, num: 1875
write results/00018.dat
loop: 486, time: 1.80537, dt: 0.00401031, num: 1875
loop: 487, time: 1.80944, dt: 0.00406877, num: 1875
loop: 488, time: 1.81356, dt: 0.0041217, num: 1875
loop: 489, time: 1.81767, dt: 0.0041088, num: 1875
loop: 490, time: 1.82173, dt: 0.00405791, num: 1875
loop: 491, time: 1.82576, dt: 0.00403429, num: 1875
loop: 492, time: 1.8298, dt: 0.00403857, num: 1875
loop: 493, time: 1.83387, dt: 0.00407154, num: 1875
loop: 494, time: 1.83801, dt: 0.00413701, num: 1875
loop: 495, time: 1.84212, dt: 0.00411141, num: 1875
loop: 496, time: 1.84617, dt: 0.00405129, num: 1875
loop: 497, time: 1.85018, dt: 0.00401171, num: 1875
loop: 498, time: 1.85415, dt: 0.00397119, num: 1875
loop: 499, time: 1.85809, dt: 0.00393362, num: 1875
loop: 500, time: 1.86203, dt: 0.00394248, num: 1875
loop: 501, time: 1.86596, dt: 0.00393106, num: 1875
loop: 502, time: 1.86984, dt: 0.00388164, num: 1875
loop: 503, time: 1.87372, dt: 0.00388007, num: 1875
loop: 504, time: 1.87765, dt: 0.00392486, num: 1875
loop: 505, time: 1.88166, dt: 0.00401737, num: 1875
loop: 506, time: 1.88581, dt: 0.00414123, num: 1875
loop: 507, time: 1.88999, dt: 0.0041803, num: 1875
loop: 508, time: 1.8941, dt: 0.0041111, num: 1875
loop: 509, time: 1.89829, dt: 0.00418978, num: 1875
loop: 510, time: 1.90243, dt: 0.00414604, num: 1875
write results/00019.dat
loop: 511, time: 1.90655, dt: 0.00411878, num: 1875
loop: 512, time: 1.91063, dt: 0.00408111, num: 1875
loop: 513, time: 1.91472, dt: 0.00408244, num: 1875
loop: 514, time: 1.91883, dt: 0.0041181, num: 1875
loop: 515, time: 1.92286, dt: 0.00402196, num: 1875
loop: 516, time: 1.92689, dt: 0.00403786, num: 1875
loop: 517, time: 1.93091, dt: 0.00401425, num: 1875
loop: 518, time: 1.9349, dt: 0.00399532, num: 1875
loop: 519, time: 1.93893, dt: 0.00402623, num: 1875
loop: 520, time: 1.94296, dt: 0.00403502, num: 1875
loop: 521, time: 1.94705, dt: 0.00408722, num: 1875
loop: 522, time: 1.95093, dt: 0.00388286, num: 1875
loop: 523, time: 1.95483, dt: 0.00389832, num: 1875
loop: 524, time: 1.95867, dt: 0.00383541, num: 1875
loop: 525, time: 1.96246, dt: 0.0037966, num: 1875
loop: 526, time: 1.96625, dt: 0.00378512, num: 1875
loop: 527, time: 1.97005, dt: 0.00380314, num: 1875
loop: 528, time: 1.9739, dt: 0.00385209, num: 1875
loop: 529, time: 1.97784, dt: 0.00393332, num: 1875
loop: 530, time: 1.98182, dt: 0.00398217, num: 1875
loop: 531, time: 1.98588, dt: 0.00406085, num: 1875
loop: 532, time: 1.99004, dt: 0.00416245, num: 1875
loop: 533, time: 1.99423, dt: 0.0041828, num: 1875
loop: 534, time: 1.99851, dt: 0.0042879, num: 1875
loop: 535, time: 2.0027, dt: 0.00418112, num: 1875
write results/00020.dat
loop: 536, time: 2.00699, dt: 0.00429884, num: 1875
loop: 537, time: 2.01121, dt: 0.00421568, num: 1875
loop: 538, time: 2.0154, dt: 0.00419429, num: 1875
loop: 539, time: 2.01961, dt: 0.00420126, num: 1875
loop: 540, time: 2.02378, dt: 0.00417226, num: 1875
loop: 541, time: 2.0279, dt: 0.00411892, num: 1875
loop: 542, time: 2.03199, dt: 0.00409078, num: 1875
loop: 543, time: 2.03608, dt: 0.00408918, num: 1875
loop: 544, time: 2.04019, dt: 0.0041182, num: 1875
loop: 545, time: 2.04437, dt: 0.00417058, num: 1875
loop: 546, time: 2.0485, dt: 0.00413436, num: 1875
loop: 547, time: 2.05267, dt: 0.00417218, num: 1875
loop: 548, time: 2.05678, dt: 0.00410902, num: 1875
loop: 549, time: 2.06102, dt: 0.00424206, num: 1875
loop: 550, time: 2.06522, dt: 0.00419277, num: 1875
loop: 551, time: 2.06934, dt: 0.00412801, num: 1875
loop: 552, time: 2.07347, dt: 0.00412587, num: 1875
loop: 553, time: 2.07759, dt: 0.00412211, num: 1875
loop: 554, time: 2.08173, dt: 0.00413842, num: 1875
loop: 555, time: 2.08587, dt: 0.00414205, num: 1875
loop: 556, time: 2.09004, dt: 0.00417063, num: 1875
loop: 557, time: 2.09423, dt: 0.00418537, num: 1875
loop: 558, time: 2.09841, dt: 0.0041809, num: 1875
loop: 559, time: 2.1026, dt: 0.00419031, num: 1875
write results/00021.dat
loop: 560, time: 2.10682, dt: 0.00422493, num: 1875
loop: 561, time: 2.11099, dt: 0.0041635, num: 1875
loop: 562, time: 2.11494, dt: 0.00395006, num: 1875
loop: 563, time: 2.11879, dt: 0.0038475, num: 1875
loop: 564, time: 2.12268, dt: 0.00389478, num: 1875
loop: 565, time: 2.12665, dt: 0.00397272, num: 1875
loop: 566, time: 2.13074, dt: 0.00408677, num: 1875
loop: 567, time: 2.13498, dt: 0.0042423, num: 1875
loop: 568, time: 2.13926, dt: 0.00427636, num: 1875
loop: 569, time: 2.14349, dt: 0.00422875, num: 1875
loop: 570, time: 2.14766, dt: 0.00417235, num: 1875
loop: 571, time: 2.15181, dt: 0.00415065, num: 1875
loop: 572, time: 2.15597, dt: 0.00415624, num: 1875
loop: 573, time: 2.16012, dt: 0.00415035, num: 1875
loop: 574, time: 2.16423, dt: 0.00410844, num: 1875
loop: 575, time: 2.1683, dt: 0.00407843, num: 1875
loop: 576, time: 2.17236, dt: 0.00406061, num: 1875
loop: 577, time: 2.17642, dt: 0.00405498, num: 1875
loop: 578, time: 2.18048, dt: 0.00406287, num: 1875
loop: 579, time: 2.18457, dt: 0.0040849, num: 1875
loop: 580, time: 2.18867, dt: 0.00410133, num: 1875
loop: 581, time: 2.19264, dt: 0.00397531, num: 1875
loop: 582, time: 2.19657, dt: 0.00392145, num: 1875
loop: 583, time: 2.20046, dt: 0.00389266, num: 1875
write results/00022.dat
loop: 584, time: 2.20437, dt: 0.00391001, num: 1875
loop: 585, time: 2.20834, dt: 0.00397094, num: 1875
loop: 586, time: 2.21237, dt: 0.00402825, num: 1875
loop: 587, time: 2.21648, dt: 0.00411462, num: 1875
loop: 588, time: 2.22068, dt: 0.00419462, num: 1875
loop: 589, time: 2.22488, dt: 0.00420758, num: 1875
loop: 590, time: 2.2291, dt: 0.00422067, num: 1875
loop: 591, time: 2.2332, dt: 0.00409924, num: 1875
loop: 592, time: 2.23725, dt: 0.00404987, num: 1875
loop: 593, time: 2.24126, dt: 0.00400556, num: 1875
loop: 594, time: 2.2452, dt: 0.0039382, num: 1875
loop: 595, time: 2.24912, dt: 0.00391996, num: 1875
loop: 596, time: 2.25307, dt: 0.00395005, num: 1875
loop: 597, time: 2.25696, dt: 0.00388788, num: 1875
loop: 598, time: 2.26083, dt: 0.00387166, num: 1875
loop: 599, time: 2.26472, dt: 0.00389535, num: 1875
loop: 600, time: 2.26868, dt: 0.00395998, num: 1875
loop: 601, time: 2.27272, dt: 0.00404176, num: 1875
loop: 602, time: 2.27681, dt: 0.00408304, num: 1875
loop: 603, time: 2.28081, dt: 0.00400462, num: 1875
loop: 604, time: 2.28477, dt: 0.00396114, num: 1875
loop: 605, time: 2.28874, dt: 0.0039666, num: 1875
loop: 606, time: 2.29275, dt: 0.00401012, num: 1875
loop: 607, time: 2.2968, dt: 0.00404831, num: 1875
loop: 608, time: 2.3008, dt: 0.00400377, num: 1875
write results/00023.dat
loop: 609, time: 2.30475, dt: 0.00395097, num: 1875
loop: 610, time: 2.3087, dt: 0.00394433, num: 1875
loop: 611, time: 2.31267, dt: 0.00396867, num: 1875
loop: 612, time: 2.31661, dt: 0.00394662, num: 1875
loop: 613, time: 2.32057, dt: 0.00395771, num: 1875
loop: 614, time: 2.32457, dt: 0.00400478, num: 1875
loop: 615, time: 2.32855, dt: 0.00397826, num: 1875
loop: 616, time: 2.33248, dt: 0.00393112, num: 1875
loop: 617, time: 2.33638, dt: 0.00389894, num: 1875
loop: 618, time: 2.34024, dt: 0.00385915, num: 1875
loop: 619, time: 2.34408, dt: 0.00383677, num: 1875
loop: 620, time: 2.34792, dt: 0.00383904, num: 1875
loop: 621, time: 2.35179, dt: 0.00386762, num: 1875
loop: 622, time: 2.35571, dt: 0.00392452, num: 1875
loop: 623, time: 2.35972, dt: 0.00401065, num: 1875
loop: 624, time: 2.36375, dt: 0.00402452, num: 1875
loop: 625, time: 2.36761, dt: 0.00386289, num: 1875
loop: 626, time: 2.37148, dt: 0.00387229, num: 1875
loop: 627, time: 2.37539, dt: 0.00390852, num: 1875
loop: 628, time: 2.37936, dt: 0.00397537, num: 1875
loop: 629, time: 2.38341, dt: 0.0040453, num: 1875
loop: 630, time: 2.38754, dt: 0.00412645, num: 1875
loop: 631, time: 2.39159, dt: 0.00405498, num: 1875
loop: 632, time: 2.39557, dt: 0.00397967, num: 1875
loop: 633, time: 2.3995, dt: 0.00393048, num: 1875
loop: 634, time: 2.40341, dt: 0.00390765, num: 1875
write results/00024.dat
loop: 635, time: 2.40732, dt: 0.00391332, num: 1875
loop: 636, time: 2.41127, dt: 0.00394572, num: 1875
loop: 637, time: 2.41527, dt: 0.00400383, num: 1875
loop: 638, time: 2.41925, dt: 0.00398104, num: 1875
loop: 639, time: 2.42329, dt: 0.00403732, num: 1875
loop: 640, time: 2.4274, dt: 0.00411095, num: 1875
loop: 641, time: 2.43156, dt: 0.00416025, num: 1875
loop: 642, time: 2.43578, dt: 0.00422252, num: 1875
loop: 643, time: 2.44004, dt: 0.00425279, num: 1875
loop: 644, time: 2.44426, dt: 0.00422318, num: 1875
loop: 645, time: 2.44841, dt: 0.00414552, num: 1875
loop: 646, time: 2.45248, dt: 0.00407331, num: 1875
loop: 647, time: 2.45651, dt: 0.00402915, num: 1875
loop: 648, time: 2.46053, dt: 0.00401937, num: 1875
loop: 649, time: 2.46436, dt: 0.00383541, num: 1875
loop: 650, time: 2.46815, dt: 0.00379032, num: 1875
loop: 651, time: 2.47193, dt: 0.00377542, num: 1875
loop: 652, time: 2.47572, dt: 0.00379183, num: 1875
loop: 653, time: 2.47956, dt: 0.00384351, num: 1875
loop: 654, time: 2.4835, dt: 0.00393495, num: 1875
loop: 655, time: 2.48745, dt: 0.0039507, num: 1875
loop: 656, time: 2.49142, dt: 0.00397025, num: 1875
loop: 657, time: 2.49544, dt: 0.00402187, num: 1875
loop: 658, time: 2.49948, dt: 0.0040362, num: 1875
loop: 659, time: 2.50347, dt: 0.00399609, num: 1875
write results/00025.dat
loop: 660, time: 2.50745, dt: 0.00397158, num: 1875
loop: 661, time: 2.51146, dt: 0.00401637, num: 1875
loop: 662, time: 2.51548, dt: 0.00402133, num: 1875
loop: 663, time: 2.51957, dt: 0.00408365, num: 1875
loop: 664, time: 2.52357, dt: 0.00399986, num: 1875
loop: 665, time: 2.52759, dt: 0.00402644, num: 1875
loop: 666, time: 2.53162, dt: 0.0040233, num: 1875
loop: 667, time: 2.5357, dt: 0.00408579, num: 1875
loop: 668, time: 2.53986, dt: 0.00415699, num: 1875
loop: 669, time: 2.54398, dt: 0.00412395, num: 1875
loop: 670, time: 2.54804, dt: 0.0040559, num: 1875
loop: 671, time: 2.55205, dt: 0.00401332, num: 1875
loop: 672, time: 2.55605, dt: 0.00399758, num: 1875
loop: 673, time: 2.56006, dt: 0.00401022, num: 1875
loop: 674, time: 2.56404, dt: 0.00397756, num: 1875
loop: 675, time: 2.56798, dt: 0.00394573, num: 1875
loop: 676, time: 2.57192, dt: 0.00393543, num: 1875
loop: 677, time: 2.57587, dt: 0.00394987, num: 1875
loop: 678, time: 2.57986, dt: 0.00398713, num: 1875
loop: 679, time: 2.58382, dt: 0.00396226, num: 1875
loop: 680, time: 2.58779, dt: 0.00397477, num: 1875
loop: 681, time: 2.59162, dt: 0.00382409, num: 1875
loop: 682, time: 2.59543, dt: 0.0038132, num: 1875
loop: 683, time: 2.59925, dt: 0.00382468, num: 1875
loop: 684, time: 2.60312, dt: 0.00386136, num: 1875
write results/00026.dat
loop: 685, time: 2.60703, dt: 0.00391664, num: 1875
loop: 686, time: 2.611, dt: 0.00397129, num: 1875
loop: 687, time: 2.61507, dt: 0.00407069, num: 1875
loop: 688, time: 2.61917, dt: 0.00409178, num: 1875
loop: 689, time: 2.62322, dt: 0.00405529, num: 1875
loop: 690, time: 2.62723, dt: 0.00400962, num: 1875
loop: 691, time: 2.63119, dt: 0.00396229, num: 1875
loop: 692, time: 2.63503, dt: 0.00383321, num: 1875
loop: 693, time: 2.63882, dt: 0.00378874, num: 1875
loop: 694, time: 2.64258, dt: 0.00376381, num: 1875
loop: 695, time: 2.64634, dt: 0.00375946, num: 1875
loop: 696, time: 2.65012, dt: 0.00377814, num: 1875
loop: 697, time: 2.65394, dt: 0.00382231, num: 1875
loop: 698, time: 2.65784, dt: 0.00389606, num: 1875
loop: 699, time: 2.66184, dt: 0.00400536, num: 1875
loop: 700, time: 2.66595, dt: 0.00410579, num: 1875
loop: 701, time: 2.67011, dt: 0.00416109, num: 1875
loop: 702, time: 2.67418, dt: 0.00406871, num: 1875
loop: 703, time: 2.67826, dt: 0.00407972, num: 1875
loop: 704, time: 2.68238, dt: 0.00412245, num: 1875
loop: 705, time: 2.68641, dt: 0.00403129, num: 1875
loop: 706, time: 2.69036, dt: 0.00394779, num: 1875
loop: 707, time: 2.6942, dt: 0.0038399, num: 1875
loop: 708, time: 2.69791, dt: 0.00371393, num: 1875
loop: 709, time: 2.70154, dt: 0.00362739, num: 1875
write results/00027.dat
loop: 710, time: 2.70512, dt: 0.00357832, num: 1875
loop: 711, time: 2.70868, dt: 0.00356715, num: 1875
loop: 712, time: 2.71228, dt: 0.00359741, num: 1875
loop: 713, time: 2.71596, dt: 0.00367498, num: 1875
loop: 714, time: 2.71977, dt: 0.00380875, num: 1875
loop: 715, time: 2.72376, dt: 0.00399919, num: 1875
loop: 716, time: 2.72782, dt: 0.00405752, num: 1875
loop: 717, time: 2.73197, dt: 0.0041473, num: 1875
loop: 718, time: 2.73621, dt: 0.00423957, num: 1875
loop: 719, time: 2.74046, dt: 0.00425011, num: 1875
loop: 720, time: 2.74453, dt: 0.00407095, num: 1875
loop: 721, time: 2.74846, dt: 0.00393127, num: 1875
loop: 722, time: 2.7523, dt: 0.00383515, num: 1875
loop: 723, time: 2.75608, dt: 0.00378047, num: 1875
loop: 724, time: 2.75984, dt: 0.00376624, num: 1875
loop: 725, time: 2.76364, dt: 0.00379541, num: 1875
loop: 726, time: 2.76751, dt: 0.00387446, num: 1875
loop: 727, time: 2.77152, dt: 0.00401071, num: 1875
loop: 728, time: 2.77562, dt: 0.00410115, num: 1875
loop: 729, time: 2.7798, dt: 0.00417152, num: 1875
loop: 730, time: 2.78392, dt: 0.00411906, num: 1875
loop: 731, time: 2.78805, dt: 0.00413758, num: 1875
loop: 732, time: 2.79221, dt: 0.00416084, num: 1875
loop: 733, time: 2.79621, dt: 0.00400116, num: 1875
loop: 734, time: 2.80021, dt: 0.00399932, num: 1875
write results/00028.dat
loop: 735, time: 2.80425, dt: 0.00403706, num: 1875
loop: 736, time: 2.8083, dt: 0.00404707, num: 1875
loop: 737, time: 2.81231, dt: 0.00401384, num: 1875
loop: 738, time: 2.81632, dt: 0.00401222, num: 1875
loop: 739, time: 2.82037, dt: 0.00404411, num: 1875
loop: 740, time: 2.82442, dt: 0.00405521, num: 1875
loop: 741, time: 2.8285, dt: 0.00407415, num: 1875
loop: 742, time: 2.83257, dt: 0.00407544, num: 1875
loop: 743, time: 2.83667, dt: 0.00409822, num: 1875
loop: 744, time: 2.84081, dt: 0.00414217, num: 1875
loop: 745, time: 2.84498, dt: 0.00416552, num: 1875
loop: 746, time: 2.84912, dt: 0.00414254, num: 1875
loop: 747, time: 2.85328, dt: 0.00415847, num: 1875
loop: 748, time: 2.85738, dt: 0.00409782, num: 1875
loop: 749, time: 2.86144, dt: 0.00406354, num: 1875
loop: 750, time: 2.86524, dt: 0.00380056, num: 1875
loop: 751, time: 2.86907, dt: 0.00382567, num: 1875
loop: 752, time: 2.87293, dt: 0.003865, num: 1875
loop: 753, time: 2.87685, dt: 0.00391886, num: 1875
loop: 754, time: 2.88084, dt: 0.00398867, num: 1875
loop: 755, time: 2.88491, dt: 0.00407345, num: 1875
loop: 756, time: 2.88909, dt: 0.0041738, num: 1875
loop: 757, time: 2.89325, dt: 0.00416383, num: 1875
loop: 758, time: 2.89735, dt: 0.00410063, num: 1875
loop: 759, time: 2.90138, dt: 0.00402407, num: 1875
write results/00029.dat
loop: 760, time: 2.90535, dt: 0.00397155, num: 1875
loop: 761, time: 2.90929, dt: 0.00394608, num: 1875
loop: 762, time: 2.91324, dt: 0.00394948, num: 1875
loop: 763, time: 2.91723, dt: 0.00398301, num: 1875
loop: 764, time: 2.92127, dt: 0.00404738, num: 1875
loop: 765, time: 2.9254, dt: 0.00412546, num: 1875
loop: 766, time: 2.9295, dt: 0.00410557, num: 1875
loop: 767, time: 2.93362, dt: 0.00411884, num: 1875
loop: 768, time: 2.93779, dt: 0.0041664, num: 1875
loop: 769, time: 2.94204, dt: 0.00424617, num: 1875
loop: 770, time: 2.94625, dt: 0.00421637, num: 1875
loop: 771, time: 2.95038, dt: 0.00413095, num: 1875
loop: 772, time: 2.95444, dt: 0.00405654, num: 1875
loop: 773, time: 2.95841, dt: 0.00397252, num: 1875
loop: 774, time: 2.96232, dt: 0.00390904, num: 1875
loop: 775, time: 2.96619, dt: 0.0038709, num: 1875
loop: 776, time: 2.97006, dt: 0.00386295, num: 1875
loop: 777, time: 2.97394, dt: 0.00388912, num: 1875
loop: 778, time: 2.97789, dt: 0.00394399, num: 1875
loop: 779, time: 2.98184, dt: 0.00395499, num: 1875
loop: 780, time: 2.98585, dt: 0.00400307, num: 1875
loop: 781, time: 2.98994, dt: 0.00409321, num: 1875
loop: 782, time: 2.99402, dt: 0.00407704, num: 1875
loop: 783, time: 2.99809, dt: 0.00407087, num: 1875
loop: 784, time: 3.00218, dt: 0.00408747, num: 1875
write results/00030.dat

calculation is finished
calculation time: 30578 ms
