OpenMP is enabled.
Number of threads = 8
app_name: lane_emden
G = 0.00043
Using algorithm: GSPH
Initialization complete. Particle count=4224
write results/00000.dat
loop: 1, time: 0.13374, dt: 0.13374, num: 4224
loop: 2, time: 0.263807, dt: 0.130067, num: 4224
loop: 3, time: 0.393159, dt: 0.129352, num: 4224
write results/00001.dat
loop: 4, time: 0.523098, dt: 0.129939, num: 4224
loop: 5, time: 0.653631, dt: 0.130534, num: 4224
write results/00002.dat
loop: 6, time: 0.783078, dt: 0.129447, num: 4224
loop: 7, time: 0.912071, dt: 0.128992, num: 4224
write results/00003.dat
loop: 8, time: 1.04181, dt: 0.129738, num: 4224
loop: 9, time: 1.17288, dt: 0.131067, num: 4224
loop: 10, time: 1.30491, dt: 0.132034, num: 4224
write results/00004.dat
loop: 11, time: 1.43637, dt: 0.131458, num: 4224
loop: 12, time: 1.56738, dt: 0.131017, num: 4224
write results/00005.dat
loop: 13, time: 1.69801, dt: 0.130629, num: 4224
loop: 14, time: 1.82751, dt: 0.129501, num: 4224
write results/00006.dat
loop: 15, time: 1.95516, dt: 0.127643, num: 4224
loop: 16, time: 2.08102, dt: 0.125859, num: 4224
loop: 17, time: 2.20525, dt: 0.124234, num: 4224
write results/00007.dat
loop: 18, time: 2.32801, dt: 0.122757, num: 4224
loop: 19, time: 2.44937, dt: 0.121362, num: 4224
write results/00008.dat
loop: 20, time: 2.56933, dt: 0.119965, num: 4224
loop: 21, time: 2.68782, dt: 0.118483, num: 4224
loop: 22, time: 2.80467, dt: 0.116848, num: 4224
write results/00009.dat
loop: 23, time: 2.91969, dt: 0.115026, num: 4224
loop: 24, time: 3.03261, dt: 0.112919, num: 4224
write results/00010.dat
loop: 25, time: 3.14271, dt: 0.110098, num: 4224
loop: 26, time: 3.25003, dt: 0.107322, num: 4224
loop: 27, time: 3.35467, dt: 0.104637, num: 4224
write results/00011.dat
loop: 28, time: 3.45675, dt: 0.102086, num: 4224
loop: 29, time: 3.55629, dt: 0.0995369, num: 4224
loop: 30, time: 3.6528, dt: 0.0965038, num: 4224
write results/00012.dat
loop: 31, time: 3.74629, dt: 0.0934896, num: 4224
loop: 32, time: 3.83682, dt: 0.0905373, num: 4224
loop: 33, time: 3.9245, dt: 0.0876791, num: 4224
write results/00013.dat
loop: 34, time: 4.00944, dt: 0.0849408, num: 4224
loop: 35, time: 4.09177, dt: 0.0823303, num: 4224
loop: 36, time: 4.17164, dt: 0.0798654, num: 4224
loop: 37, time: 4.24918, dt: 0.0775449, num: 4224
write results/00014.dat
loop: 38, time: 4.32455, dt: 0.0753687, num: 4224
loop: 39, time: 4.39789, dt: 0.0733357, num: 4224
loop: 40, time: 4.46933, dt: 0.0714423, num: 4224
loop: 41, time: 4.53901, dt: 0.0696824, num: 4224
write results/00015.dat
loop: 42, time: 4.60707, dt: 0.0680555, num: 4224
loop: 43, time: 4.67362, dt: 0.0665534, num: 4224
loop: 44, time: 4.73879, dt: 0.0651688, num: 4224
loop: 45, time: 4.80269, dt: 0.0638963, num: 4224
write results/00016.dat
loop: 46, time: 4.86541, dt: 0.0627278, num: 4224
loop: 47, time: 4.92707, dt: 0.0616588, num: 4224
loop: 48, time: 4.98776, dt: 0.0606921, num: 4224
loop: 49, time: 5.04758, dt: 0.0598138, num: 4224
loop: 50, time: 5.10661, dt: 0.0590314, num: 4224
write results/00017.dat
loop: 51, time: 5.16494, dt: 0.0583309, num: 4224
loop: 52, time: 5.22266, dt: 0.0577186, num: 4224
loop: 53, time: 5.27986, dt: 0.0572, num: 4224
loop: 54, time: 5.33662, dt: 0.0567652, num: 4224
loop: 55, time: 5.39306, dt: 0.0564363, num: 4224
loop: 56, time: 5.44924, dt: 0.0561774, num: 4224
write results/00018.dat
loop: 57, time: 5.50522, dt: 0.0559861, num: 4224
loop: 58, time: 5.56109, dt: 0.0558656, num: 4224
loop: 59, time: 5.61688, dt: 0.0557933, num: 4224
loop: 60, time: 5.67263, dt: 0.0557476, num: 4224
loop: 61, time: 5.72835, dt: 0.0557214, num: 4224
write results/00019.dat
loop: 62, time: 5.78405, dt: 0.0556948, num: 4224
loop: 63, time: 5.83969, dt: 0.0556472, num: 4224
loop: 64, time: 5.89514, dt: 0.0554426, num: 4224
loop: 65, time: 5.95018, dt: 0.0550386, num: 4224
loop: 66, time: 6.00457, dt: 0.0543905, num: 4224
write results/00020.dat
loop: 67, time: 6.05834, dt: 0.0537719, num: 4224
loop: 68, time: 6.11151, dt: 0.0531757, num: 4224
loop: 69, time: 6.16412, dt: 0.052604, num: 4224
loop: 70, time: 6.21616, dt: 0.052046, num: 4224
loop: 71, time: 6.26768, dt: 0.0515153, num: 4224
loop: 72, time: 6.31869, dt: 0.051008, num: 4224
write results/00021.dat
loop: 73, time: 6.36921, dt: 0.0505213, num: 4224
loop: 74, time: 6.41927, dt: 0.05006, num: 4224
loop: 75, time: 6.46889, dt: 0.0496196, num: 4224
loop: 76, time: 6.51809, dt: 0.0491981, num: 4224
loop: 77, time: 6.56688, dt: 0.0487971, num: 4224
loop: 78, time: 6.6153, dt: 0.0484135, num: 4224
write results/00022.dat
loop: 79, time: 6.66334, dt: 0.0480472, num: 4224
loop: 80, time: 6.71104, dt: 0.0476953, num: 4224
loop: 81, time: 6.7584, dt: 0.0473574, num: 4224
loop: 82, time: 6.80543, dt: 0.0470315, num: 4224
loop: 83, time: 6.85214, dt: 0.046714, num: 4224
loop: 84, time: 6.89855, dt: 0.0464066, num: 4224
loop: 85, time: 6.94464, dt: 0.0460964, num: 4224
write results/00023.dat
loop: 86, time: 6.99043, dt: 0.0457889, num: 4224
loop: 87, time: 7.03592, dt: 0.0454848, num: 4224
loop: 88, time: 7.08108, dt: 0.0451637, num: 4224
loop: 89, time: 7.12591, dt: 0.0448262, num: 4224
loop: 90, time: 7.17043, dt: 0.0445165, num: 4224
loop: 91, time: 7.21464, dt: 0.0442149, num: 4224
write results/00024.dat
loop: 92, time: 7.25853, dt: 0.0438851, num: 4224
loop: 93, time: 7.30208, dt: 0.0435564, num: 4224
loop: 94, time: 7.34531, dt: 0.0432304, num: 4224
loop: 95, time: 7.38822, dt: 0.0429099, num: 4224
loop: 96, time: 7.4306, dt: 0.0423732, num: 4224
loop: 97, time: 7.4729, dt: 0.0423018, num: 4224
loop: 98, time: 7.51492, dt: 0.0420195, num: 4224
write results/00025.dat
loop: 99, time: 7.55667, dt: 0.0417555, num: 4224
loop: 100, time: 7.59818, dt: 0.0415116, num: 4224
loop: 101, time: 7.63947, dt: 0.0412869, num: 4224
loop: 102, time: 7.68055, dt: 0.0410772, num: 4224
loop: 103, time: 7.72144, dt: 0.0408877, num: 4224
loop: 104, time: 7.76216, dt: 0.0407201, num: 4224
loop: 105, time: 7.80272, dt: 0.0405694, num: 4224
write results/00026.dat
loop: 106, time: 7.84316, dt: 0.0404356, num: 4224
loop: 107, time: 7.88348, dt: 0.0403173, num: 4224
loop: 108, time: 7.92369, dt: 0.040211, num: 4224
loop: 109, time: 7.96381, dt: 0.0401184, num: 4224
loop: 110, time: 8.00384, dt: 0.040036, num: 4224
loop: 111, time: 8.0438, dt: 0.039962, num: 4224
loop: 112, time: 8.0837, dt: 0.0398973, num: 4224
loop: 113, time: 8.12353, dt: 0.039829, num: 4224
write results/00027.dat
loop: 114, time: 8.16329, dt: 0.0397596, num: 4224
loop: 115, time: 8.20298, dt: 0.0396866, num: 4224
loop: 116, time: 8.24259, dt: 0.0396125, num: 4224
loop: 117, time: 8.28379, dt: 0.0412051, num: 4224
loop: 118, time: 8.32489, dt: 0.0410961, num: 4224
loop: 119, time: 8.36588, dt: 0.0409914, num: 4224
loop: 120, time: 8.40677, dt: 0.0408905, num: 4224
write results/00028.dat
loop: 121, time: 8.44756, dt: 0.0407898, num: 4224
loop: 122, time: 8.48825, dt: 0.0406906, num: 4224
loop: 123, time: 8.52884, dt: 0.040584, num: 4224
loop: 124, time: 8.56932, dt: 0.0404802, num: 4224
loop: 125, time: 8.60969, dt: 0.0403747, num: 4224
loop: 126, time: 8.64996, dt: 0.0402658, num: 4224
loop: 127, time: 8.69013, dt: 0.0401749, num: 4224
loop: 128, time: 8.73021, dt: 0.040073, num: 4224
write results/00029.dat
loop: 129, time: 8.77017, dt: 0.0399655, num: 4224
loop: 130, time: 8.81002, dt: 0.0398521, num: 4224
loop: 131, time: 8.84976, dt: 0.0397346, num: 4224
loop: 132, time: 8.88934, dt: 0.0395808, num: 4224
loop: 133, time: 8.92877, dt: 0.0394281, num: 4224
loop: 134, time: 8.96803, dt: 0.0392667, num: 4224
loop: 135, time: 9.00713, dt: 0.0390992, num: 4224
write results/00030.dat
loop: 136, time: 9.04606, dt: 0.0389257, num: 4224
loop: 137, time: 9.0848, dt: 0.0387459, num: 4224
loop: 138, time: 9.12337, dt: 0.0385634, num: 4224
loop: 139, time: 9.16174, dt: 0.0383737, num: 4224
loop: 140, time: 9.19992, dt: 0.03818, num: 4224
loop: 141, time: 9.23791, dt: 0.0379867, num: 4224
loop: 142, time: 9.27571, dt: 0.0377966, num: 4224
loop: 143, time: 9.31331, dt: 0.0376022, num: 4224
write results/00031.dat
loop: 144, time: 9.35072, dt: 0.0374125, num: 4224
loop: 145, time: 9.38794, dt: 0.0372223, num: 4224
loop: 146, time: 9.42497, dt: 0.0370326, num: 4224
loop: 147, time: 9.46182, dt: 0.0368446, num: 4224
loop: 148, time: 9.49848, dt: 0.0366573, num: 4224
loop: 149, time: 9.53495, dt: 0.0364716, num: 4224
loop: 150, time: 9.57124, dt: 0.0362898, num: 4224
loop: 151, time: 9.60735, dt: 0.0361112, num: 4224
write results/00032.dat
loop: 152, time: 9.64329, dt: 0.0359383, num: 4224
loop: 153, time: 9.67906, dt: 0.0357697, num: 4224
loop: 154, time: 9.71467, dt: 0.035611, num: 4224
loop: 155, time: 9.75012, dt: 0.0354565, num: 4224
loop: 156, time: 9.78543, dt: 0.0353065, num: 4224
loop: 157, time: 9.8206, dt: 0.0351648, num: 4224
loop: 158, time: 9.85562, dt: 0.0350287, num: 4224
loop: 159, time: 9.89052, dt: 0.034896, num: 4224
loop: 160, time: 9.92529, dt: 0.0347692, num: 4224
write results/00033.dat
loop: 161, time: 9.95993, dt: 0.0346435, num: 4224
loop: 162, time: 9.99446, dt: 0.0345302, num: 4224
loop: 163, time: 10.0289, dt: 0.0344205, num: 4224
loop: 164, time: 10.0632, dt: 0.0343159, num: 4224
loop: 165, time: 10.0974, dt: 0.0342166, num: 4224
loop: 166, time: 10.1315, dt: 0.0341191, num: 4224
loop: 167, time: 10.1656, dt: 0.0340293, num: 4224
loop: 168, time: 10.1995, dt: 0.0339518, num: 4224
loop: 169, time: 10.2334, dt: 0.0338791, num: 4224
write results/00034.dat
loop: 170, time: 10.2672, dt: 0.0338114, num: 4224
loop: 171, time: 10.301, dt: 0.0337469, num: 4224
loop: 172, time: 10.3346, dt: 0.0336849, num: 4224
loop: 173, time: 10.3683, dt: 0.0336248, num: 4224
loop: 174, time: 10.4018, dt: 0.0335653, num: 4224
loop: 175, time: 10.4353, dt: 0.0335029, num: 4224
loop: 176, time: 10.4688, dt: 0.0334424, num: 4224
loop: 177, time: 10.5022, dt: 0.0333816, num: 4224
write results/00035.dat
loop: 178, time: 10.5355, dt: 0.0333204, num: 4224
loop: 179, time: 10.5687, dt: 0.0332591, num: 4224
loop: 180, time: 10.6019, dt: 0.0331929, num: 4224
loop: 181, time: 10.6351, dt: 0.0331276, num: 4224
loop: 182, time: 10.6681, dt: 0.0330574, num: 4224
loop: 183, time: 10.7011, dt: 0.032998, num: 4224
loop: 184, time: 10.734, dt: 0.0329246, num: 4224
loop: 185, time: 10.7669, dt: 0.0328554, num: 4224
loop: 186, time: 10.7997, dt: 0.0327777, num: 4224
loop: 187, time: 10.8324, dt: 0.0326897, num: 4224
write results/00036.dat
loop: 188, time: 10.865, dt: 0.0326045, num: 4224
loop: 189, time: 10.898, dt: 0.0329975, num: 4224
loop: 190, time: 10.9309, dt: 0.0329044, num: 4224
loop: 191, time: 10.9637, dt: 0.0328065, num: 4224
loop: 192, time: 10.9963, dt: 0.0326757, num: 4224
loop: 193, time: 11.0289, dt: 0.0325454, num: 4224
loop: 194, time: 11.0613, dt: 0.0324091, num: 4224
loop: 195, time: 11.0936, dt: 0.0322676, num: 4224
loop: 196, time: 11.1257, dt: 0.0321213, num: 4224
write results/00037.dat
loop: 197, time: 11.1577, dt: 0.0319702, num: 4224
loop: 198, time: 11.1895, dt: 0.0318142, num: 4224
loop: 199, time: 11.2211, dt: 0.031653, num: 4224
loop: 200, time: 11.2526, dt: 0.031486, num: 4224
loop: 201, time: 11.2839, dt: 0.0313125, num: 4224
loop: 202, time: 11.3151, dt: 0.0311315, num: 4224
loop: 203, time: 11.346, dt: 0.0309422, num: 4224
loop: 204, time: 11.3767, dt: 0.0307439, num: 4224
loop: 205, time: 11.4073, dt: 0.0305358, num: 4224
write results/00038.dat
loop: 206, time: 11.4376, dt: 0.0303176, num: 4224
loop: 207, time: 11.4677, dt: 0.0300879, num: 4224
loop: 208, time: 11.4975, dt: 0.0298391, num: 4224
loop: 209, time: 11.5271, dt: 0.0295809, num: 4224
loop: 210, time: 11.5564, dt: 0.0293087, num: 4224
loop: 211, time: 11.5854, dt: 0.0290215, num: 4224
loop: 212, time: 11.6142, dt: 0.0287173, num: 4224
loop: 213, time: 11.6425, dt: 0.028395, num: 4224
loop: 214, time: 11.6706, dt: 0.0280554, num: 4224
loop: 215, time: 11.6983, dt: 0.0276951, num: 4224
loop: 216, time: 11.7256, dt: 0.0273076, num: 4224
write results/00039.dat
loop: 217, time: 11.7525, dt: 0.0268923, num: 4224
loop: 218, time: 11.7807, dt: 0.0281955, num: 4224
loop: 219, time: 11.8081, dt: 0.0273628, num: 4224
loop: 220, time: 11.8343, dt: 0.0262623, num: 4224
loop: 221, time: 11.8594, dt: 0.0250866, num: 4224
loop: 222, time: 11.8833, dt: 0.0238579, num: 4224
loop: 223, time: 11.9059, dt: 0.0225984, num: 4224
loop: 224, time: 11.9272, dt: 0.0213271, num: 4224
loop: 225, time: 11.9472, dt: 0.0200561, num: 4224
loop: 226, time: 11.966, dt: 0.018791, num: 4224
loop: 227, time: 11.9836, dt: 0.0175397, num: 4224
loop: 228, time: 11.9999, dt: 0.0163087, num: 4224
loop: 229, time: 12.015, dt: 0.0151045, num: 4224
write results/00040.dat
loop: 230, time: 12.0289, dt: 0.0139338, num: 4224
loop: 231, time: 12.0417, dt: 0.0128034, num: 4224
loop: 232, time: 12.0534, dt: 0.0117199, num: 4224
loop: 233, time: 12.0641, dt: 0.0106895, num: 4224
loop: 234, time: 12.0739, dt: 0.0097177, num: 4224
loop: 235, time: 12.0827, dt: 0.00880879, num: 4224
loop: 236, time: 12.0906, dt: 0.0079658, num: 4224
loop: 237, time: 12.0978, dt: 0.00719019, num: 4224
loop: 238, time: 12.1043, dt: 0.00648162, num: 4224
loop: 239, time: 12.1101, dt: 0.00583905, num: 4224
loop: 240, time: 12.1154, dt: 0.00525968, num: 4224
loop: 241, time: 12.1201, dt: 0.00473983, num: 4224
loop: 242, time: 12.1244, dt: 0.00427525, num: 4224
loop: 243, time: 12.1283, dt: 0.00386133, num: 4224
loop: 244, time: 12.1318, dt: 0.00349338, num: 4224
loop: 245, time: 12.1349, dt: 0.00316679, num: 4224
loop: 246, time: 12.1378, dt: 0.00287715, num: 4224
loop: 247, time: 12.1404, dt: 0.00262038, num: 4224
loop: 248, time: 12.1428, dt: 0.00239284, num: 4224
loop: 249, time: 12.145, dt: 0.00219113, num: 4224
loop: 250, time: 12.147, dt: 0.00201211, num: 4224
loop: 251, time: 12.1489, dt: 0.00185311, num: 4224
loop: 252, time: 12.1506, dt: 0.00171181, num: 4224
loop: 253, time: 12.1522, dt: 0.00158594, num: 4224
loop: 254, time: 12.1537, dt: 0.00147362, num: 4224
loop: 255, time: 12.155, dt: 0.0013732, num: 4224
loop: 256, time: 12.1563, dt: 0.00128319, num: 4224
loop: 257, time: 12.1575, dt: 0.00120227, num: 4224
loop: 258, time: 12.1586, dt: 0.00112923, num: 4224
loop: 259, time: 12.1597, dt: 0.00106299, num: 4224
loop: 260, time: 12.1607, dt: 0.00100258, num: 4224
loop: 261, time: 12.1617, dt: 0.00094712, num: 4224
loop: 262, time: 12.1625, dt: 0.000895863, num: 4224
loop: 263, time: 12.1634, dt: 0.00084817, num: 4224
loop: 264, time: 12.1642, dt: 0.000803502, num: 4224
loop: 265, time: 12.165, dt: 0.000756557, num: 4224
loop: 266, time: 12.1657, dt: 0.000704355, num: 4224
loop: 267, time: 12.1663, dt: 0.00065736, num: 4224
loop: 268, time: 12.1669, dt: 0.000615198, num: 4224
loop: 269, time: 12.1675, dt: 0.000577411, num: 4224
loop: 270, time: 12.1681, dt: 0.00054356, num: 4224
loop: 271, time: 12.1686, dt: 0.000513242, num: 4224
loop: 272, time: 12.1691, dt: 0.000486094, num: 4224
loop: 273, time: 12.1695, dt: 0.000461807, num: 4224
loop: 274, time: 12.17, dt: 0.000440116, num: 4224
loop: 275, time: 12.1704, dt: 0.0004208, num: 4224
loop: 276, time: 12.1708, dt: 0.000403659, num: 4224
loop: 277, time: 12.1712, dt: 0.000388508, num: 4224
loop: 278, time: 12.1715, dt: 0.000375153, num: 4224
loop: 279, time: 12.1719, dt: 0.00036338, num: 4224
loop: 280, time: 12.1723, dt: 0.000352938, num: 4224
loop: 281, time: 12.1726, dt: 0.000343541, num: 4224
loop: 282, time: 12.1729, dt: 0.00033487, num: 4224
loop: 283, time: 12.1733, dt: 0.000320912, num: 4224
loop: 284, time: 12.1736, dt: 0.000307451, num: 4224
loop: 285, time: 12.1739, dt: 0.000294749, num: 4224
loop: 286, time: 12.1741, dt: 0.000282737, num: 4224
loop: 287, time: 12.1744, dt: 0.000271337, num: 4224
loop: 288, time: 12.1747, dt: 0.000260505, num: 4224
loop: 289, time: 12.1749, dt: 0.000250216, num: 4224
loop: 290, time: 12.1752, dt: 0.000240452, num: 4224
loop: 291, time: 12.1754, dt: 0.000231196, num: 4224
loop: 292, time: 12.1756, dt: 0.000222436, num: 4224
loop: 293, time: 12.1758, dt: 0.000214158, num: 4224
loop: 294, time: 12.176, dt: 0.000206342, num: 4224
loop: 295, time: 12.1762, dt: 0.000198969, num: 4224
loop: 296, time: 12.1764, dt: 0.000192018, num: 4224
loop: 297, time: 12.1766, dt: 0.000185467, num: 4224
loop: 298, time: 12.1768, dt: 0.000179291, num: 4224
loop: 299, time: 12.177, dt: 0.000173466, num: 4224
loop: 300, time: 12.1771, dt: 0.000167967, num: 4224
loop: 301, time: 12.1773, dt: 0.000162767, num: 4224
loop: 302, time: 12.1775, dt: 0.000157839, num: 4224
loop: 303, time: 12.1776, dt: 0.000153154, num: 4224
loop: 304, time: 12.1778, dt: 0.000148683, num: 4224
loop: 305, time: 12.1779, dt: 0.000144396, num: 4224
loop: 306, time: 12.178, dt: 0.00014026, num: 4224
loop: 307, time: 12.1782, dt: 0.000136247, num: 4224
loop: 308, time: 12.1783, dt: 0.000132326, num: 4224
loop: 309, time: 12.1784, dt: 0.00012847, num: 4224
loop: 310, time: 12.1786, dt: 0.000124654, num: 4224
loop: 311, time: 12.1787, dt: 0.000120857, num: 4224
loop: 312, time: 12.1788, dt: 0.00011706, num: 4224
loop: 313, time: 12.1789, dt: 0.000113252, num: 4224
loop: 314, time: 12.179, dt: 0.000109424, num: 4224
loop: 315, time: 12.1791, dt: 0.000105568, num: 4224
loop: 316, time: 12.1792, dt: 0.000101685, num: 4224
loop: 317, time: 12.1793, dt: 9.77742e-05, num: 4224
loop: 318, time: 12.1794, dt: 9.38385e-05, num: 4224
loop: 319, time: 12.1795, dt: 8.98805e-05, num: 4224
loop: 320, time: 12.1796, dt: 8.59017e-05, num: 4224
loop: 321, time: 12.1797, dt: 8.19015e-05, num: 4224
loop: 322, time: 12.1798, dt: 7.78747e-05, num: 4224
loop: 323, time: 12.1798, dt: 7.38099e-05, num: 4224
loop: 324, time: 12.1799, dt: 6.96862e-05, num: 4224
loop: 325, time: 12.18, dt: 6.96095e-05, num: 4224
loop: 326, time: 12.18, dt: 6.34019e-05, num: 4224
loop: 327, time: 12.1801, dt: 5.66911e-05, num: 4224
loop: 328, time: 12.1801, dt: 4.96445e-05, num: 4224
loop: 329, time: 12.1802, dt: 4.256e-05, num: 4224
loop: 330, time: 12.1802, dt: 3.58261e-05, num: 4224
loop: 331, time: 12.1803, dt: 2.97543e-05, num: 4224
loop: 332, time: 12.1803, dt: 2.4505e-05, num: 4224
loop: 333, time: 12.1803, dt: 2.01116e-05, num: 4224
loop: 334, time: 12.1803, dt: 1.65157e-05, num: 4224
loop: 335, time: 12.1803, dt: 1.36096e-05, num: 4224
loop: 336, time: 12.1803, dt: 1.12722e-05, num: 4224
loop: 337, time: 12.1803, dt: 9.39041e-06, num: 4224
loop: 338, time: 12.1804, dt: 7.86848e-06, num: 4224
loop: 339, time: 12.1804, dt: 6.57457e-06, num: 4224
loop: 340, time: 12.1804, dt: 5.52932e-06, num: 4224
loop: 341, time: 12.1804, dt: 4.67913e-06, num: 4224
loop: 342, time: 12.1804, dt: 3.98195e-06, num: 4224
loop: 343, time: 12.1804, dt: 3.40646e-06, num: 4224
loop: 344, time: 12.1804, dt: 2.92845e-06, num: 4224
loop: 345, time: 12.1804, dt: 2.52037e-06, num: 4224
loop: 346, time: 12.1804, dt: 2.15976e-06, num: 4224
loop: 347, time: 12.1804, dt: 1.86173e-06, num: 4224
loop: 348, time: 12.1804, dt: 1.61408e-06, num: 4224
loop: 349, time: 12.1804, dt: 1.40678e-06, num: 4224
loop: 350, time: 12.1804, dt: 1.23212e-06, num: 4224
loop: 351, time: 12.1804, dt: 1.08407e-06, num: 4224
loop: 352, time: 12.1804, dt: 9.57786e-07, num: 4224
loop: 353, time: 12.1804, dt: 8.49323e-07, num: 4224
loop: 354, time: 12.1804, dt: 7.55465e-07, num: 4224
loop: 355, time: 12.1804, dt: 6.736e-07, num: 4224
loop: 356, time: 12.1804, dt: 6.01613e-07, num: 4224
loop: 357, time: 12.1804, dt: 5.37819e-07, num: 4224
loop: 358, time: 12.1804, dt: 4.75715e-07, num: 4224
loop: 359, time: 12.1804, dt: 4.21183e-07, num: 4224
loop: 360, time: 12.1804, dt: 3.74041e-07, num: 4224
loop: 361, time: 12.1804, dt: 3.33141e-07, num: 4224
loop: 362, time: 12.1804, dt: 2.97507e-07, num: 4224
loop: 363, time: 12.1804, dt: 2.66305e-07, num: 4224
loop: 364, time: 12.1804, dt: 2.38833e-07, num: 4224
loop: 365, time: 12.1804, dt: 2.14451e-07, num: 4224
loop: 366, time: 12.1804, dt: 1.92171e-07, num: 4224
loop: 367, time: 12.1804, dt: 1.72444e-07, num: 4224
loop: 368, time: 12.1804, dt: 1.54937e-07, num: 4224
loop: 369, time: 12.1804, dt: 1.39358e-07, num: 4224
loop: 370, time: 12.1804, dt: 1.25458e-07, num: 4224
loop: 371, time: 12.1804, dt: 1.12805e-07, num: 4224
loop: 372, time: 12.1804, dt: 1.01157e-07, num: 4224
loop: 373, time: 12.1804, dt: 9.08788e-08, num: 4224
loop: 374, time: 12.1804, dt: 8.17957e-08, num: 4224
loop: 375, time: 12.1804, dt: 7.37457e-08, num: 4224
loop: 376, time: 12.1804, dt: 6.65896e-08, num: 4224
loop: 377, time: 12.1804, dt: 6.02069e-08, num: 4224
loop: 378, time: 12.1804, dt: 5.44934e-08, num: 4224
loop: 379, time: 12.1804, dt: 4.93605e-08, num: 4224
loop: 380, time: 12.1804, dt: 4.47334e-08, num: 4224
loop: 381, time: 12.1804, dt: 4.05493e-08, num: 4224
loop: 382, time: 12.1804, dt: 3.6623e-08, num: 4224
loop: 383, time: 12.1804, dt: 3.3094e-08, num: 4224
loop: 384, time: 12.1804, dt: 2.99323e-08, num: 4224
loop: 385, time: 12.1804, dt: 2.70954e-08, num: 4224
loop: 386, time: 12.1804, dt: 2.45458e-08, num: 4224
loop: 387, time: 12.1804, dt: 2.22505e-08, num: 4224
loop: 388, time: 12.1804, dt: 2.01802e-08, num: 4224
loop: 389, time: 12.1804, dt: 1.82965e-08, num: 4224
loop: 390, time: 12.1804, dt: 1.65908e-08, num: 4224
loop: 391, time: 12.1804, dt: 1.5051e-08, num: 4224
loop: 392, time: 12.1804, dt: 1.36592e-08, num: 4224
loop: 393, time: 12.1804, dt: 1.23998e-08, num: 4224
loop: 394, time: 12.1804, dt: 1.12579e-08, num: 4224
loop: 395, time: 12.1804, dt: 1.02058e-08, num: 4224
loop: 396, time: 12.1804, dt: 9.25739e-09, num: 4224
loop: 397, time: 12.1804, dt: 8.40212e-09, num: 4224
loop: 398, time: 12.1804, dt: 7.63009e-09, num: 4224
loop: 399, time: 12.1804, dt: 6.93246e-09, num: 4224
loop: 400, time: 12.1804, dt: 6.30129e-09, num: 4224
loop: 401, time: 12.1804, dt: 5.72953e-09, num: 4224
loop: 402, time: 12.1804, dt: 5.21095e-09, num: 4224
loop: 403, time: 12.1804, dt: 4.74006e-09, num: 4224
loop: 404, time: 12.1804, dt: 4.31197e-09, num: 4224
loop: 405, time: 12.1804, dt: 3.9181e-09, num: 4224
loop: 406, time: 12.1804, dt: 3.56117e-09, num: 4224
loop: 407, time: 12.1804, dt: 3.23765e-09, num: 4224
loop: 408, time: 12.1804, dt: 2.94428e-09, num: 4224
loop: 409, time: 12.1804, dt: 2.6781e-09, num: 4224
loop: 410, time: 12.1804, dt: 2.43646e-09, num: 4224
loop: 411, time: 12.1804, dt: 2.21697e-09, num: 4224
loop: 412, time: 12.1804, dt: 2.01693e-09, num: 4224
loop: 413, time: 12.1804, dt: 1.83518e-09, num: 4224
loop: 414, time: 12.1804, dt: 1.67005e-09, num: 4224
loop: 415, time: 12.1804, dt: 1.51995e-09, num: 4224
loop: 416, time: 12.1804, dt: 1.38347e-09, num: 4224
loop: 417, time: 12.1804, dt: 1.2591e-09, num: 4224
loop: 418, time: 12.1804, dt: 1.14561e-09, num: 4224
loop: 419, time: 12.1804, dt: 1.04254e-09, num: 4224
loop: 420, time: 12.1804, dt: 9.48909e-10, num: 4224
loop: 421, time: 12.1804, dt: 8.63835e-10, num: 4224
loop: 422, time: 12.1804, dt: 7.86505e-10, num: 4224
loop: 423, time: 12.1804, dt: 7.16187e-10, num: 4224
loop: 424, time: 12.1804, dt: 6.52219e-10, num: 4224
loop: 425, time: 12.1804, dt: 5.94006e-10, num: 4224
loop: 426, time: 12.1804, dt: 5.41012e-10, num: 4224
loop: 427, time: 12.1804, dt: 4.92686e-10, num: 4224
loop: 428, time: 12.1804, dt: 4.48602e-10, num: 4224
loop: 429, time: 12.1804, dt: 4.08497e-10, num: 4224
loop: 430, time: 12.1804, dt: 3.72009e-10, num: 4224
loop: 431, time: 12.1804, dt: 3.38805e-10, num: 4224
loop: 432, time: 12.1804, dt: 3.08586e-10, num: 4224
loop: 433, time: 12.1804, dt: 2.81078e-10, num: 4224
loop: 434, time: 12.1804, dt: 2.56027e-10, num: 4224
loop: 435, time: 12.1804, dt: 2.33203e-10, num: 4224
loop: 436, time: 12.1804, dt: 2.12424e-10, num: 4224
loop: 437, time: 12.1804, dt: 1.93505e-10, num: 4224
loop: 438, time: 12.1804, dt: 1.76277e-10, num: 4224
loop: 439, time: 12.1804, dt: 1.60586e-10, num: 4224
loop: 440, time: 12.1804, dt: 1.46278e-10, num: 4224
loop: 441, time: 12.1804, dt: 1.33245e-10, num: 4224
loop: 442, time: 12.1804, dt: 1.2138e-10, num: 4224
loop: 443, time: 12.1804, dt: 1.10578e-10, num: 4224
loop: 444, time: 12.1804, dt: 1.00742e-10, num: 4224
loop: 445, time: 12.1804, dt: 9.17842e-11, num: 4224
loop: 446, time: 12.1804, dt: 8.36262e-11, num: 4224
loop: 447, time: 12.1804, dt: 7.61953e-11, num: 4224
loop: 448, time: 12.1804, dt: 6.94259e-11, num: 4224
loop: 449, time: 12.1804, dt: 6.32586e-11, num: 4224
loop: 450, time: 12.1804, dt: 5.7634e-11, num: 4224
loop: 451, time: 12.1804, dt: 5.25103e-11, num: 4224
loop: 452, time: 12.1804, dt: 4.78434e-11, num: 4224
loop: 453, time: 12.1804, dt: 4.35923e-11, num: 4224
loop: 454, time: 12.1804, dt: 3.97198e-11, num: 4224
loop: 455, time: 12.1804, dt: 3.6192e-11, num: 4224
loop: 456, time: 12.1804, dt: 3.29781e-11, num: 4224
loop: 457, time: 12.1804, dt: 3.00496e-11, num: 4224
loop: 458, time: 12.1804, dt: 2.73811e-11, num: 4224
loop: 459, time: 12.1804, dt: 2.49499e-11, num: 4224
loop: 460, time: 12.1804, dt: 2.27349e-11, num: 4224
loop: 461, time: 12.1804, dt: 2.07167e-11, num: 4224
loop: 462, time: 12.1804, dt: 1.88777e-11, num: 4224
loop: 463, time: 12.1804, dt: 1.72013e-11, num: 4224
loop: 464, time: 12.1804, dt: 1.56741e-11, num: 4224
loop: 465, time: 12.1804, dt: 1.42827e-11, num: 4224
loop: 466, time: 12.1804, dt: 1.3015e-11, num: 4224
loop: 467, time: 12.1804, dt: 1.186e-11, num: 4224
loop: 468, time: 12.1804, dt: 1.08077e-11, num: 4224
loop: 469, time: 12.1804, dt: 9.84876e-12, num: 4224
loop: 470, time: 12.1804, dt: 8.97499e-12, num: 4224
loop: 471, time: 12.1804, dt: 8.17877e-12, num: 4224
loop: 472, time: 12.1804, dt: 7.45298e-12, num: 4224
loop: 473, time: 12.1804, dt: 6.79164e-12, num: 4224
loop: 474, time: 12.1804, dt: 6.18904e-12, num: 4224
loop: 475, time: 12.1804, dt: 5.63994e-12, num: 4224
loop: 476, time: 12.1804, dt: 5.1396e-12, num: 4224
loop: 477, time: 12.1804, dt: 4.68368e-12, num: 4224
loop: 478, time: 12.1804, dt: 4.26822e-12, num: 4224
loop: 479, time: 12.1804, dt: 3.88964e-12, num: 4224
loop: 480, time: 12.1804, dt: 3.54464e-12, num: 4224
loop: 481, time: 12.1804, dt: 3.23025e-12, num: 4224
loop: 482, time: 12.1804, dt: 2.94375e-12, num: 4224
loop: 483, time: 12.1804, dt: 2.68266e-12, num: 4224
loop: 484, time: 12.1804, dt: 2.44474e-12, num: 4224
loop: 485, time: 12.1804, dt: 2.22792e-12, num: 4224
loop: 486, time: 12.1804, dt: 2.03033e-12, num: 4224
loop: 487, time: 12.1804, dt: 1.85026e-12, num: 4224
loop: 488, time: 12.1804, dt: 1.68617e-12, num: 4224
loop: 489, time: 12.1804, dt: 1.53663e-12, num: 4224
loop: 490, time: 12.1804, dt: 1.40035e-12, num: 4224
loop: 491, time: 12.1804, dt: 1.27616e-12, num: 4224
loop: 492, time: 12.1804, dt: 1.16299e-12, num: 4224
loop: 493, time: 12.1804, dt: 1.05985e-12, num: 4224
loop: 494, time: 12.1804, dt: 9.6587e-13, num: 4224
loop: 495, time: 12.1804, dt: 8.80222e-13, num: 4224
loop: 496, time: 12.1804, dt: 8.02172e-13, num: 4224
loop: 497, time: 12.1804, dt: 7.31044e-13, num: 4224
loop: 498, time: 12.1804, dt: 6.66226e-13, num: 4224
loop: 499, time: 12.1804, dt: 6.07156e-13, num: 4224
loop: 500, time: 12.1804, dt: 5.53325e-13, num: 4224
loop: 501, time: 12.1804, dt: 5.04269e-13, num: 4224
loop: 502, time: 12.1804, dt: 4.59562e-13, num: 4224
loop: 503, time: 12.1804, dt: 4.1882e-13, num: 4224
loop: 504, time: 12.1804, dt: 3.81691e-13, num: 4224
loop: 505, time: 12.1804, dt: 3.47853e-13, num: 4224
loop: 506, time: 12.1804, dt: 3.17017e-13, num: 4224
loop: 507, time: 12.1804, dt: 2.88914e-13, num: 4224
loop: 508, time: 12.1804, dt: 2.63303e-13, num: 4224
loop: 509, time: 12.1804, dt: 2.39963e-13, num: 4224
loop: 510, time: 12.1804, dt: 2.18692e-13, num: 4224
loop: 511, time: 12.1804, dt: 1.99307e-13, num: 4224
loop: 512, time: 12.1804, dt: 1.81641e-13, num: 4224
loop: 513, time: 12.1804, dt: 1.65541e-13, num: 4224
loop: 514, time: 12.1804, dt: 1.50869e-13, num: 4224
loop: 515, time: 12.1804, dt: 1.37498e-13, num: 4224
loop: 516, time: 12.1804, dt: 1.25312e-13, num: 4224
loop: 517, time: 12.1804, dt: 1.14206e-13, num: 4224
loop: 518, time: 12.1804, dt: 1.04085e-13, num: 4224
loop: 519, time: 12.1804, dt: 9.4862e-14, num: 4224
loop: 520, time: 12.1804, dt: 8.64562e-14, num: 4224
loop: 521, time: 12.1804, dt: 7.87956e-14, num: 4224
loop: 522, time: 12.1804, dt: 7.18142e-14, num: 4224
loop: 523, time: 12.1804, dt: 6.54516e-14, num: 4224
loop: 524, time: 12.1804, dt: 5.96531e-14, num: 4224
loop: 525, time: 12.1804, dt: 5.43686e-14, num: 4224
loop: 526, time: 12.1804, dt: 4.95525e-14, num: 4224
loop: 527, time: 12.1804, dt: 4.51633e-14, num: 4224
loop: 528, time: 12.1804, dt: 4.11632e-14, num: 4224
loop: 529, time: 12.1804, dt: 3.75176e-14, num: 4224
loop: 530, time: 12.1804, dt: 3.41951e-14, num: 4224
loop: 531, time: 12.1804, dt: 3.11671e-14, num: 4224
loop: 532, time: 12.1804, dt: 2.84074e-14, num: 4224
loop: 533, time: 12.1804, dt: 2.58924e-14, num: 4224
loop: 534, time: 12.1804, dt: 2.36002e-14, num: 4224
loop: 535, time: 12.1804, dt: 2.15111e-14, num: 4224
loop: 536, time: 12.1804, dt: 1.96072e-14, num: 4224
loop: 537, time: 12.1804, dt: 1.7872e-14, num: 4224
loop: 538, time: 12.1804, dt: 1.62905e-14, num: 4224
loop: 539, time: 12.1804, dt: 1.48492e-14, num: 4224
loop: 540, time: 12.1804, dt: 1.35356e-14, num: 4224
loop: 541, time: 12.1804, dt: 1.23383e-14, num: 4224
loop: 542, time: 12.1804, dt: 1.12471e-14, num: 4224
loop: 543, time: 12.1804, dt: 1.02526e-14, num: 4224
loop: 544, time: 12.1804, dt: 9.34621e-15, num: 4224
loop: 545, time: 12.1804, dt: 8.52008e-15, num: 4224
loop: 546, time: 12.1804, dt: 7.76712e-15, num: 4224
loop: 547, time: 12.1804, dt: 7.08085e-15, num: 4224
loop: 548, time: 12.1804, dt: 6.45534e-15, num: 4224
loop: 549, time: 12.1804, dt: 5.88523e-15, num: 4224
loop: 550, time: 12.1804, dt: 5.36559e-15, num: 4224
loop: 551, time: 12.1804, dt: 4.89196e-15, num: 4224
loop: 552, time: 12.1804, dt: 4.46025e-15, num: 4224
loop: 553, time: 12.1804, dt: 4.06676e-15, num: 4224
loop: 554, time: 12.1804, dt: 3.70809e-15, num: 4224
loop: 555, time: 12.1804, dt: 3.38116e-15, num: 4224
loop: 556, time: 12.1804, dt: 3.08316e-15, num: 4224
loop: 557, time: 12.1804, dt: 2.81152e-15, num: 4224
loop: 558, time: 12.1804, dt: 2.56391e-15, num: 4224
loop: 559, time: 12.1804, dt: 2.3382e-15, num: 4224
loop: 560, time: 12.1804, dt: 2.13245e-15, num: 4224
loop: 561, time: 12.1804, dt: 1.94489e-15, num: 4224
loop: 562, time: 12.1804, dt: 1.77391e-15, num: 4224
loop: 563, time: 12.1804, dt: 1.61804e-15, num: 4224
loop: 564, time: 12.1804, dt: 1.47594e-15, num: 4224
loop: 565, time: 12.1804, dt: 1.3464e-15, num: 4224
loop: 566, time: 12.1804, dt: 1.22829e-15, num: 4224
loop: 567, time: 12.1804, dt: 1.12061e-15, num: 4224
loop: 568, time: 12.1804, dt: 1.02242e-15, num: 4224
loop: 569, time: 12.1804, dt: 9.32903e-16, num: 4224
loop: 570, time: 12.1804, dt: 8.51281e-16, num: 4224
loop: 571, time: 12.1804, dt: 7.76858e-16, num: 4224
loop: 572, time: 12.1804, dt: 7.08995e-16, num: 4224
loop: 573, time: 12.1804, dt: 6.47113e-16, num: 4224
loop: 574, time: 12.1804, dt: 5.90681e-16, num: 4224
loop: 575, time: 12.1804, dt: 5.39218e-16, num: 4224
loop: 576, time: 12.1804, dt: 4.92284e-16, num: 4224
loop: 577, time: 12.1804, dt: 4.49477e-16, num: 4224
loop: 578, time: 12.1804, dt: 4.10434e-16, num: 4224
loop: 579, time: 12.1804, dt: 3.7482e-16, num: 4224
loop: 580, time: 12.1804, dt: 3.42333e-16, num: 4224
loop: 581, time: 12.1804, dt: 3.12695e-16, num: 4224
loop: 582, time: 12.1804, dt: 2.85656e-16, num: 4224
loop: 583, time: 12.1804, dt: 2.60985e-16, num: 4224
loop: 584, time: 12.1804, dt: 2.38473e-16, num: 4224
loop: 585, time: 12.1804, dt: 2.17929e-16, num: 4224
loop: 586, time: 12.1804, dt: 1.99179e-16, num: 4224
loop: 587, time: 12.1804, dt: 1.82065e-16, num: 4224
loop: 588, time: 12.1804, dt: 1.66443e-16, num: 4224
loop: 589, time: 12.1804, dt: 1.5218e-16, num: 4224
loop: 590, time: 12.1804, dt: 1.39157e-16, num: 4224
loop: 591, time: 12.1804, dt: 1.27264e-16, num: 4224
loop: 592, time: 12.1804, dt: 1.16401e-16, num: 4224
loop: 593, time: 12.1804, dt: 1.06478e-16, num: 4224
loop: 594, time: 12.1804, dt: 9.74125e-17, num: 4224
loop: 595, time: 12.1804, dt: 8.9128e-17, num: 4224
loop: 596, time: 12.1804, dt: 8.15562e-17, num: 4224
loop: 597, time: 12.1804, dt: 7.46342e-17, num: 4224
loop: 598, time: 12.1804, dt: 6.83049e-17, num: 4224
loop: 599, time: 12.1804, dt: 6.25163e-17, num: 4224
loop: 600, time: 12.1804, dt: 5.72208e-17, num: 4224
loop: 601, time: 12.1804, dt: 5.23752e-17, num: 4224
loop: 602, time: 12.1804, dt: 4.79401e-17, num: 4224
loop: 603, time: 12.1804, dt: 4.38795e-17, num: 4224
loop: 604, time: 12.1804, dt: 4.01606e-17, num: 4224
loop: 605, time: 12.1804, dt: 3.67537e-17, num: 4224
loop: 606, time: 12.1804, dt: 3.36315e-17, num: 4224
loop: 607, time: 12.1804, dt: 3.07692e-17, num: 4224
loop: 608, time: 12.1804, dt: 2.81444e-17, num: 4224
loop: 609, time: 12.1804, dt: 2.57364e-17, num: 4224
loop: 610, time: 12.1804, dt: 2.35265e-17, num: 4224
loop: 611, time: 12.1804, dt: 2.14977e-17, num: 4224
loop: 612, time: 12.1804, dt: 1.96345e-17, num: 4224
loop: 613, time: 12.1804, dt: 1.79227e-17, num: 4224
loop: 614, time: 12.1804, dt: 1.63495e-17, num: 4224
loop: 615, time: 12.1804, dt: 1.49032e-17, num: 4224
loop: 616, time: 12.1804, dt: 1.35731e-17, num: 4224
loop: 617, time: 12.1804, dt: 1.23497e-17, num: 4224
loop: 618, time: 12.1804, dt: 1.1224e-17, num: 4224
loop: 619, time: 12.1804, dt: 1.01839e-17, num: 4224
loop: 620, time: 12.1804, dt: 9.22486e-18, num: 4224
loop: 621, time: 12.1804, dt: 8.34188e-18, num: 4224
loop: 622, time: 12.1804, dt: 7.52926e-18, num: 4224
loop: 623, time: 12.1804, dt: 6.78155e-18, num: 4224
loop: 624, time: 12.1804, dt: 6.09359e-18, num: 4224
loop: 625, time: 12.1804, dt: 5.46061e-18, num: 4224
loop: 626, time: 12.1804, dt: 4.8782e-18, num: 4224
loop: 627, time: 12.1804, dt: 4.34231e-18, num: 4224
loop: 628, time: 12.1804, dt: 3.84933e-18, num: 4224
loop: 629, time: 12.1804, dt: 3.39608e-18, num: 4224
loop: 630, time: 12.1804, dt: 2.97986e-18, num: 4224
loop: 631, time: 12.1804, dt: 2.59868e-18, num: 4224
loop: 632, time: 12.1804, dt: 2.25142e-18, num: 4224
loop: 633, time: 12.1804, dt: 1.93781e-18, num: 4224
loop: 634, time: 12.1804, dt: 1.65784e-18, num: 4224
loop: 635, time: 12.1804, dt: 1.41098e-18, num: 4224
loop: 636, time: 12.1804, dt: 1.18e-18, num: 4224
loop: 637, time: 12.1804, dt: 9.59414e-19, num: 4224
loop: 638, time: 12.1804, dt: 7.81736e-19, num: 4224
loop: 639, time: 12.1804, dt: 6.4278e-19, num: 4224
loop: 640, time: 12.1804, dt: 5.35432e-19, num: 4224
loop: 641, time: 12.1804, dt: 4.53007e-19, num: 4224
loop: 642, time: 12.1804, dt: 3.8992e-19, num: 4224
loop: 643, time: 12.1804, dt: 3.41885e-19, num: 4224
loop: 644, time: 12.1804, dt: 3.0585e-19, num: 4224
loop: 645, time: 12.1804, dt: 2.79846e-19, num: 4224
loop: 646, time: 12.1804, dt: 2.62821e-19, num: 4224
loop: 647, time: 12.1804, dt: 2.54513e-19, num: 4224
loop: 648, time: 12.1804, dt: 2.38945e-19, num: 4224
loop: 649, time: 12.1804, dt: 1.87674e-19, num: 4224
loop: 650, time: 12.1804, dt: 1.56312e-19, num: 4224
loop: 651, time: 12.1804, dt: 1.34438e-19, num: 4224
loop: 652, time: 12.1804, dt: 1.16391e-19, num: 4224
loop: 653, time: 12.1804, dt: 1.04188e-19, num: 4224
loop: 654, time: 12.1804, dt: 9.67585e-20, num: 4224
loop: 655, time: 12.1804, dt: 9.20539e-20, num: 4224
loop: 656, time: 12.1804, dt: 8.83386e-20, num: 4224
loop: 657, time: 12.1804, dt: 8.43742e-20, num: 4224
loop: 658, time: 12.1804, dt: 7.97405e-20, num: 4224
loop: 659, time: 12.1804, dt: 7.46098e-20, num: 4224
loop: 660, time: 12.1804, dt: 6.93364e-20, num: 4224
loop: 661, time: 12.1804, dt: 6.42542e-20, num: 4224
loop: 662, time: 12.1804, dt: 5.99536e-20, num: 4224
loop: 663, time: 12.1804, dt: 5.68776e-20, num: 4224
loop: 664, time: 12.1804, dt: 5.51423e-20, num: 4224
loop: 665, time: 12.1804, dt: 5.46713e-20, num: 4224
loop: 666, time: 12.1804, dt: 5.39343e-20, num: 4224
loop: 667, time: 12.1804, dt: 5.12851e-20, num: 4224
loop: 668, time: 12.1804, dt: 4.88483e-20, num: 4224
loop: 669, time: 12.1804, dt: 4.64174e-20, num: 4224
loop: 670, time: 12.1804, dt: 4.4098e-20, num: 4224
loop: 671, time: 12.1804, dt: 4.21598e-20, num: 4224
loop: 672, time: 12.1804, dt: 4.08994e-20, num: 4224
loop: 673, time: 12.1804, dt: 4.04724e-20, num: 4224
loop: 674, time: 12.1804, dt: 4.08468e-20, num: 4224
loop: 675, time: 12.1804, dt: 4.1801e-20, num: 4224
loop: 676, time: 12.1804, dt: 4.29801e-20, num: 4224
loop: 677, time: 12.1804, dt: 4.39566e-20, num: 4224
loop: 678, time: 12.1804, dt: 4.43675e-20, num: 4224
loop: 679, time: 12.1804, dt: 4.40533e-20, num: 4224
loop: 680, time: 12.1804, dt: 4.30805e-20, num: 4224
loop: 681, time: 12.1804, dt: 4.16502e-20, num: 4224
loop: 682, time: 12.1804, dt: 4.00123e-20, num: 4224
loop: 683, time: 12.1804, dt: 3.83947e-20, num: 4224
loop: 684, time: 12.1804, dt: 3.69526e-20, num: 4224
loop: 685, time: 12.1804, dt: 3.56935e-20, num: 4224
loop: 686, time: 12.1804, dt: 3.44487e-20, num: 4224
loop: 687, time: 12.1804, dt: 3.29435e-20, num: 4224
loop: 688, time: 12.1804, dt: 2.92832e-20, num: 4224
loop: 689, time: 12.1804, dt: 2.5816e-20, num: 4224
loop: 690, time: 12.1804, dt: 2.27706e-20, num: 4224
loop: 691, time: 12.1804, dt: 2.02908e-20, num: 4224
loop: 692, time: 12.1804, dt: 1.84852e-20, num: 4224
loop: 693, time: 12.1804, dt: 1.73684e-20, num: 4224
loop: 694, time: 12.1804, dt: 1.68816e-20, num: 4224
loop: 695, time: 12.1804, dt: 1.69214e-20, num: 4224
loop: 696, time: 12.1804, dt: 1.73679e-20, num: 4224
loop: 697, time: 12.1804, dt: 1.80956e-20, num: 4224
loop: 698, time: 12.1804, dt: 1.89598e-20, num: 4224
loop: 699, time: 12.1804, dt: 1.95047e-20, num: 4224
loop: 700, time: 12.1804, dt: 1.97909e-20, num: 4224
loop: 701, time: 12.1804, dt: 1.98596e-20, num: 4224
loop: 702, time: 12.1804, dt: 1.96747e-20, num: 4224
loop: 703, time: 12.1804, dt: 1.92559e-20, num: 4224
loop: 704, time: 12.1804, dt: 1.86637e-20, num: 4224
loop: 705, time: 12.1804, dt: 1.79833e-20, num: 4224
loop: 706, time: 12.1804, dt: 1.73024e-20, num: 4224
loop: 707, time: 12.1804, dt: 1.66981e-20, num: 4224
loop: 708, time: 12.1804, dt: 1.62246e-20, num: 4224
loop: 709, time: 12.1804, dt: 1.59109e-20, num: 4224
loop: 710, time: 12.1804, dt: 1.57618e-20, num: 4224
loop: 711, time: 12.1804, dt: 1.57596e-20, num: 4224
loop: 712, time: 12.1804, dt: 1.58677e-20, num: 4224
loop: 713, time: 12.1804, dt: 1.58726e-20, num: 4224
loop: 714, time: 12.1804, dt: 1.57701e-20, num: 4224
loop: 715, time: 12.1804, dt: 1.56397e-20, num: 4224
loop: 716, time: 12.1804, dt: 1.54659e-20, num: 4224
loop: 717, time: 12.1804, dt: 1.52558e-20, num: 4224
loop: 718, time: 12.1804, dt: 1.50358e-20, num: 4224
loop: 719, time: 12.1804, dt: 1.48418e-20, num: 4224
loop: 720, time: 12.1804, dt: 1.47026e-20, num: 4224
loop: 721, time: 12.1804, dt: 1.46233e-20, num: 4224
loop: 722, time: 12.1804, dt: 1.45762e-20, num: 4224
loop: 723, time: 12.1804, dt: 1.45065e-20, num: 4224
loop: 724, time: 12.1804, dt: 1.40977e-20, num: 4224
loop: 725, time: 12.1804, dt: 1.36254e-20, num: 4224
loop: 726, time: 12.1804, dt: 1.31051e-20, num: 4224
loop: 727, time: 12.1804, dt: 1.2563e-20, num: 4224
loop: 728, time: 12.1804, dt: 1.20504e-20, num: 4224
loop: 729, time: 12.1804, dt: 1.16255e-20, num: 4224
loop: 730, time: 12.1804, dt: 1.13286e-20, num: 4224
loop: 731, time: 12.1804, dt: 1.11649e-20, num: 4224
loop: 732, time: 12.1804, dt: 1.11033e-20, num: 4224
loop: 733, time: 12.1804, dt: 1.10392e-20, num: 4224
loop: 734, time: 12.1804, dt: 1.08817e-20, num: 4224
loop: 735, time: 12.1804, dt: 1.07167e-20, num: 4224
loop: 736, time: 12.1804, dt: 1.05178e-20, num: 4224
loop: 737, time: 12.1804, dt: 1.02888e-20, num: 4224
loop: 738, time: 12.1804, dt: 1.00558e-20, num: 4224
loop: 739, time: 12.1804, dt: 9.8517e-21, num: 4224
loop: 740, time: 12.1804, dt: 9.69626e-21, num: 4224
loop: 741, time: 12.1804, dt: 9.58484e-21, num: 4224
loop: 742, time: 12.1804, dt: 9.49205e-21, num: 4224
loop: 743, time: 12.1804, dt: 9.30619e-21, num: 4224
loop: 744, time: 12.1804, dt: 9.09732e-21, num: 4224
loop: 745, time: 12.1804, dt: 8.86817e-21, num: 4224
loop: 746, time: 12.1804, dt: 8.62175e-21, num: 4224
loop: 747, time: 12.1804, dt: 8.37968e-21, num: 4224
loop: 748, time: 12.1804, dt: 8.17082e-21, num: 4224
loop: 749, time: 12.1804, dt: 8.017e-21, num: 4224
loop: 750, time: 12.1804, dt: 7.92263e-21, num: 4224
loop: 751, time: 12.1804, dt: 7.87409e-21, num: 4224
loop: 752, time: 12.1804, dt: 7.8157e-21, num: 4224
loop: 753, time: 12.1804, dt: 7.74209e-21, num: 4224
loop: 754, time: 12.1804, dt: 7.66222e-21, num: 4224
loop: 755, time: 12.1804, dt: 7.5659e-21, num: 4224
loop: 756, time: 12.1804, dt: 7.45676e-21, num: 4224
loop: 757, time: 12.1804, dt: 7.34781e-21, num: 4224
loop: 758, time: 12.1804, dt: 7.25329e-21, num: 4224
loop: 759, time: 12.1804, dt: 7.17999e-21, num: 4224
loop: 760, time: 12.1804, dt: 7.12384e-21, num: 4224
loop: 761, time: 12.1804, dt: 7.06282e-21, num: 4224
loop: 762, time: 12.1804, dt: 6.97097e-21, num: 4224
loop: 763, time: 12.1804, dt: 6.87211e-21, num: 4224
loop: 764, time: 12.1804, dt: 6.76197e-21, num: 4224
loop: 765, time: 12.1804, dt: 6.64545e-21, num: 4224
loop: 766, time: 12.1804, dt: 6.53438e-21, num: 4224
loop: 767, time: 12.1804, dt: 6.44193e-21, num: 4224
loop: 768, time: 12.1804, dt: 6.37626e-21, num: 4224
loop: 769, time: 12.1804, dt: 6.33695e-21, num: 4224
loop: 770, time: 12.1804, dt: 6.31569e-21, num: 4224
loop: 771, time: 12.1804, dt: 6.27826e-21, num: 4224
loop: 772, time: 12.1804, dt: 6.24286e-21, num: 4224
loop: 773, time: 12.1804, dt: 6.20153e-21, num: 4224
loop: 774, time: 12.1804, dt: 6.15223e-21, num: 4224
loop: 775, time: 12.1804, dt: 6.09861e-21, num: 4224
loop: 776, time: 12.1804, dt: 6.04739e-21, num: 4224
loop: 777, time: 12.1804, dt: 6.00419e-21, num: 4224
loop: 778, time: 12.1804, dt: 5.97029e-21, num: 4224
loop: 779, time: 12.1804, dt: 5.94223e-21, num: 4224
loop: 780, time: 12.1804, dt: 5.90099e-21, num: 4224
loop: 781, time: 12.1804, dt: 5.8524e-21, num: 4224
loop: 782, time: 12.1804, dt: 5.79838e-21, num: 4224
loop: 783, time: 12.1804, dt: 5.73912e-21, num: 4224
loop: 784, time: 12.1804, dt: 5.67893e-21, num: 4224
loop: 785, time: 12.1804, dt: 5.62447e-21, num: 4224
loop: 786, time: 12.1804, dt: 5.58171e-21, num: 4224
loop: 787, time: 12.1804, dt: 5.55325e-21, num: 4224
loop: 788, time: 12.1804, dt: 5.53735e-21, num: 4224
loop: 789, time: 12.1804, dt: 5.52321e-21, num: 4224
loop: 790, time: 12.1804, dt: 5.50532e-21, num: 4224
loop: 791, time: 12.1804, dt: 5.48647e-21, num: 4224
loop: 792, time: 12.1804, dt: 5.46377e-21, num: 4224
loop: 793, time: 12.1804, dt: 5.43724e-21, num: 4224
loop: 794, time: 12.1804, dt: 5.40952e-21, num: 4224
loop: 795, time: 12.1804, dt: 5.38392e-21, num: 4224
loop: 796, time: 12.1804, dt: 5.36256e-21, num: 4224
loop: 797, time: 12.1804, dt: 5.34522e-21, num: 4224
loop: 798, time: 12.1804, dt: 5.32818e-21, num: 4224
loop: 799, time: 12.1804, dt: 5.30155e-21, num: 4224
loop: 800, time: 12.1804, dt: 5.2727e-21, num: 4224
loop: 801, time: 12.1804, dt: 5.24071e-21, num: 4224
loop: 802, time: 12.1804, dt: 5.20676e-21, num: 4224
loop: 803, time: 12.1804, dt: 5.17383e-21, num: 4224
loop: 804, time: 12.1804, dt: 5.1456e-21, num: 4224
loop: 805, time: 12.1804, dt: 5.12479e-21, num: 4224
loop: 806, time: 12.1804, dt: 5.11201e-21, num: 4224
loop: 807, time: 12.1804, dt: 5.10577e-21, num: 4224
loop: 808, time: 12.1804, dt: 5.09693e-21, num: 4224
loop: 809, time: 12.1804, dt: 5.0876e-21, num: 4224
loop: 810, time: 12.1804, dt: 5.07698e-21, num: 4224
loop: 811, time: 12.1804, dt: 5.0639e-21, num: 4224
loop: 812, time: 12.1804, dt: 5.04884e-21, num: 4224
loop: 813, time: 12.1804, dt: 5.03333e-21, num: 4224
loop: 814, time: 12.1804, dt: 5.01911e-21, num: 4224
loop: 815, time: 12.1804, dt: 5.00703e-21, num: 4224
loop: 816, time: 12.1804, dt: 4.99676e-21, num: 4224
loop: 817, time: 12.1804, dt: 4.9844e-21, num: 4224
loop: 818, time: 12.1804, dt: 4.96745e-21, num: 4224
loop: 819, time: 12.1804, dt: 4.94905e-21, num: 4224
loop: 820, time: 12.1804, dt: 4.92904e-21, num: 4224
loop: 821, time: 12.1804, dt: 4.90847e-21, num: 4224
loop: 822, time: 12.1804, dt: 4.88929e-21, num: 4224
loop: 823, time: 12.1804, dt: 4.87354e-21, num: 4224
loop: 824, time: 12.1804, dt: 4.86257e-21, num: 4224
loop: 825, time: 12.1804, dt: 4.85652e-21, num: 4224
loop: 826, time: 12.1804, dt: 4.85415e-21, num: 4224
loop: 827, time: 12.1804, dt: 4.84869e-21, num: 4224
loop: 828, time: 12.1804, dt: 4.8433e-21, num: 4224
loop: 829, time: 12.1804, dt: 4.83672e-21, num: 4224
loop: 830, time: 12.1804, dt: 4.82836e-21, num: 4224
loop: 831, time: 12.1804, dt: 4.81859e-21, num: 4224
loop: 832, time: 12.1804, dt: 4.80844e-21, num: 4224
loop: 833, time: 12.1804, dt: 4.79897e-21, num: 4224
loop: 834, time: 12.1804, dt: 4.79075e-21, num: 4224
loop: 835, time: 12.1804, dt: 4.78354e-21, num: 4224
loop: 836, time: 12.1804, dt: 4.77444e-21, num: 4224
loop: 837, time: 12.1804, dt: 4.76261e-21, num: 4224
loop: 838, time: 12.1804, dt: 4.74991e-21, num: 4224
loop: 839, time: 12.1804, dt: 4.73636e-21, num: 4224
loop: 840, time: 12.1804, dt: 4.72273e-21, num: 4224
loop: 841, time: 12.1804, dt: 4.71024e-21, num: 4224
loop: 842, time: 12.1804, dt: 4.70022e-21, num: 4224
loop: 843, time: 12.1804, dt: 4.69354e-21, num: 4224
loop: 844, time: 12.1804, dt: 4.69015e-21, num: 4224
loop: 845, time: 12.1804, dt: 4.68917e-21, num: 4224
loop: 846, time: 12.1804, dt: 4.68545e-21, num: 4224
loop: 847, time: 12.1804, dt: 4.68154e-21, num: 4224
loop: 848, time: 12.1804, dt: 4.67645e-21, num: 4224
loop: 849, time: 12.1804, dt: 4.6698e-21, num: 4224
loop: 850, time: 12.1804, dt: 4.66192e-21, num: 4224
loop: 851, time: 12.1804, dt: 4.65365e-21, num: 4224
loop: 852, time: 12.1804, dt: 4.64588e-21, num: 4224
loop: 853, time: 12.1804, dt: 4.63912e-21, num: 4224
loop: 854, time: 12.1804, dt: 4.63327e-21, num: 4224
loop: 855, time: 12.1804, dt: 4.62607e-21, num: 4224
loop: 856, time: 12.1804, dt: 4.61688e-21, num: 4224
loop: 857, time: 12.1804, dt: 4.6071e-21, num: 4224
loop: 858, time: 12.1804, dt: 4.59669e-21, num: 4224
loop: 859, time: 12.1804, dt: 4.58622e-21, num: 4224
loop: 860, time: 12.1804, dt: 4.57665e-21, num: 4224
loop: 861, time: 12.1804, dt: 4.56901e-21, num: 4224
loop: 862, time: 12.1804, dt: 4.56397e-21, num: 4224
loop: 863, time: 12.1804, dt: 4.56145e-21, num: 4224
loop: 864, time: 12.1804, dt: 4.56062e-21, num: 4224
loop: 865, time: 12.1804, dt: 4.55721e-21, num: 4224
loop: 866, time: 12.1804, dt: 4.55333e-21, num: 4224
loop: 867, time: 12.1804, dt: 4.54815e-21, num: 4224
loop: 868, time: 12.1804, dt: 4.54144e-21, num: 4224
loop: 869, time: 12.1804, dt: 4.53364e-21, num: 4224
loop: 870, time: 12.1804, dt: 4.52561e-21, num: 4224
loop: 871, time: 12.1804, dt: 4.51823e-21, num: 4224
loop: 872, time: 12.1804, dt: 4.51199e-21, num: 4224
loop: 873, time: 12.1804, dt: 4.50676e-21, num: 4224
loop: 874, time: 12.1804, dt: 4.5002e-21, num: 4224
loop: 875, time: 12.1804, dt: 4.49217e-21, num: 4224
loop: 876, time: 12.1804, dt: 4.48353e-21, num: 4224
loop: 877, time: 12.1804, dt: 4.47425e-21, num: 4224
loop: 878, time: 12.1804, dt: 4.46485e-21, num: 4224
loop: 879, time: 12.1804, dt: 4.45625e-21, num: 4224
loop: 880, time: 12.1804, dt: 4.44941e-21, num: 4224
loop: 881, time: 12.1804, dt: 4.44488e-21, num: 4224
loop: 882, time: 12.1804, dt: 4.44249e-21, num: 4224
loop: 883, time: 12.1804, dt: 4.44081e-21, num: 4224
loop: 884, time: 12.1804, dt: 4.43692e-21, num: 4224
loop: 885, time: 12.1804, dt: 4.4322e-21, num: 4224
loop: 886, time: 12.1804, dt: 4.42599e-21, num: 4224
loop: 887, time: 12.1804, dt: 4.41829e-21, num: 4224
loop: 888, time: 12.1804, dt: 4.40975e-21, num: 4224
loop: 889, time: 12.1804, dt: 4.40138e-21, num: 4224
loop: 890, time: 12.1804, dt: 4.39403e-21, num: 4224
loop: 891, time: 12.1804, dt: 4.38807e-21, num: 4224
loop: 892, time: 12.1804, dt: 4.38317e-21, num: 4224
loop: 893, time: 12.1804, dt: 4.37614e-21, num: 4224
loop: 894, time: 12.1804, dt: 4.36835e-21, num: 4224
loop: 895, time: 12.1804, dt: 4.35976e-21, num: 4224
loop: 896, time: 12.1804, dt: 4.35042e-21, num: 4224
loop: 897, time: 12.1804, dt: 4.34101e-21, num: 4224
loop: 898, time: 12.1804, dt: 4.33256e-21, num: 4224
loop: 899, time: 12.1804, dt: 4.32599e-21, num: 4224
loop: 900, time: 12.1804, dt: 4.32167e-21, num: 4224
loop: 901, time: 12.1804, dt: 4.31917e-21, num: 4224
loop: 902, time: 12.1804, dt: 4.31586e-21, num: 4224
loop: 903, time: 12.1804, dt: 4.31102e-21, num: 4224
loop: 904, time: 12.1804, dt: 4.30493e-21, num: 4224
loop: 905, time: 12.1804, dt: 4.29719e-21, num: 4224
loop: 906, time: 12.1804, dt: 4.28815e-21, num: 4224
loop: 907, time: 12.1804, dt: 4.27878e-21, num: 4224
loop: 908, time: 12.1804, dt: 4.27016e-21, num: 4224
loop: 909, time: 12.1804, dt: 4.26304e-21, num: 4224
loop: 910, time: 12.1804, dt: 4.25743e-21, num: 4224
loop: 911, time: 12.1804, dt: 4.25178e-21, num: 4224
loop: 912, time: 12.1804, dt: 4.24431e-21, num: 4224
loop: 913, time: 12.1804, dt: 4.2361e-21, num: 4224
loop: 914, time: 12.1804, dt: 4.22683e-21, num: 4224
loop: 915, time: 12.1804, dt: 4.21685e-21, num: 4224
loop: 916, time: 12.1804, dt: 4.20712e-21, num: 4224
loop: 917, time: 12.1804, dt: 4.19878e-21, num: 4224
loop: 918, time: 12.1804, dt: 4.19258e-21, num: 4224
loop: 919, time: 12.1804, dt: 4.18853e-21, num: 4224
loop: 920, time: 12.1804, dt: 4.18548e-21, num: 4224
loop: 921, time: 12.1804, dt: 4.18027e-21, num: 4224
loop: 922, time: 12.1804, dt: 4.17413e-21, num: 4224
loop: 923, time: 12.1804, dt: 4.16634e-21, num: 4224
loop: 924, time: 12.1804, dt: 4.15695e-21, num: 4224
loop: 925, time: 12.1804, dt: 4.14677e-21, num: 4224
loop: 926, time: 12.1804, dt: 4.137e-21, num: 4224
loop: 927, time: 12.1804, dt: 4.12867e-21, num: 4224
loop: 928, time: 12.1804, dt: 4.12212e-21, num: 4224
loop: 929, time: 12.1804, dt: 4.11686e-21, num: 4224
loop: 930, time: 12.1804, dt: 4.1096e-21, num: 4224
loop: 931, time: 12.1804, dt: 4.10163e-21, num: 4224
loop: 932, time: 12.1804, dt: 4.09248e-21, num: 4224
loop: 933, time: 12.1804, dt: 4.0822e-21, num: 4224
loop: 934, time: 12.1804, dt: 4.07161e-21, num: 4224
loop: 935, time: 12.1804, dt: 4.06185e-21, num: 4224
loop: 936, time: 12.1804, dt: 4.05406e-21, num: 4224
loop: 937, time: 12.1804, dt: 4.04854e-21, num: 4224
loop: 938, time: 12.1804, dt: 4.04474e-21, num: 4224
loop: 939, time: 12.1804, dt: 4.03962e-21, num: 4224
loop: 940, time: 12.1804, dt: 4.03338e-21, num: 4224
loop: 941, time: 12.1804, dt: 4.02559e-21, num: 4224
loop: 942, time: 12.1804, dt: 4.01603e-21, num: 4224
loop: 943, time: 12.1804, dt: 4.00535e-21, num: 4224
loop: 944, time: 12.1804, dt: 3.99471e-21, num: 4224
loop: 945, time: 12.1804, dt: 3.98532e-21, num: 4224
loop: 946, time: 12.1804, dt: 3.97786e-21, num: 4224
loop: 947, time: 12.1804, dt: 3.97202e-21, num: 4224
loop: 948, time: 12.1804, dt: 3.96539e-21, num: 4224
loop: 949, time: 12.1804, dt: 3.95761e-21, num: 4224
loop: 950, time: 12.1804, dt: 3.94866e-21, num: 4224
loop: 951, time: 12.1804, dt: 3.93831e-21, num: 4224
loop: 952, time: 12.1804, dt: 3.92721e-21, num: 4224
loop: 953, time: 12.1804, dt: 3.9165e-21, num: 4224
loop: 954, time: 12.1804, dt: 3.90743e-21, num: 4224
loop: 955, time: 12.1804, dt: 3.90068e-21, num: 4224
loop: 956, time: 12.1804, dt: 3.89592e-21, num: 4224
loop: 957, time: 12.1804, dt: 3.89093e-21, num: 4224
loop: 958, time: 12.1804, dt: 3.88461e-21, num: 4224
loop: 959, time: 12.1804, dt: 3.87692e-21, num: 4224
loop: 960, time: 12.1804, dt: 3.86738e-21, num: 4224
loop: 961, time: 12.1804, dt: 3.85646e-21, num: 4224
loop: 962, time: 12.1804, dt: 3.84526e-21, num: 4224
loop: 963, time: 12.1804, dt: 3.83514e-21, num: 4224
loop: 964, time: 12.1804, dt: 3.8269e-21, num: 4224
loop: 965, time: 12.1804, dt: 3.82053e-21, num: 4224
loop: 966, time: 12.1804, dt: 3.81424e-21, num: 4224
loop: 967, time: 12.1804, dt: 3.80667e-21, num: 4224
loop: 968, time: 12.1804, dt: 3.79801e-21, num: 4224
loop: 969, time: 12.1804, dt: 3.7878e-21, num: 4224
loop: 970, time: 12.1804, dt: 3.77651e-21, num: 4224
loop: 971, time: 12.1804, dt: 3.76523e-21, num: 4224
loop: 972, time: 12.1804, dt: 3.75532e-21, num: 4224
loop: 973, time: 12.1804, dt: 3.7476e-21, num: 4224
loop: 974, time: 12.1804, dt: 3.74205e-21, num: 4224
loop: 975, time: 12.1804, dt: 3.73705e-21, num: 4224
loop: 976, time: 12.1804, dt: 3.73072e-21, num: 4224
loop: 977, time: 12.1804, dt: 3.72321e-21, num: 4224
loop: 978, time: 12.1804, dt: 3.71386e-21, num: 4224
loop: 979, time: 12.1804, dt: 3.70295e-21, num: 4224
loop: 980, time: 12.1804, dt: 3.69151e-21, num: 4224
loop: 981, time: 12.1804, dt: 3.68091e-21, num: 4224
loop: 982, time: 12.1804, dt: 3.67214e-21, num: 4224
loop: 983, time: 12.1804, dt: 3.66535e-21, num: 4224
loop: 984, time: 12.1804, dt: 3.65926e-21, num: 4224
loop: 985, time: 12.1804, dt: 3.65192e-21, num: 4224
loop: 986, time: 12.1804, dt: 3.64361e-21, num: 4224
loop: 987, time: 12.1804, dt: 3.63372e-21, num: 4224
loop: 988, time: 12.1804, dt: 3.62251e-21, num: 4224
loop: 989, time: 12.1804, dt: 3.61101e-21, num: 4224
loop: 990, time: 12.1804, dt: 3.60058e-21, num: 4224
loop: 991, time: 12.1804, dt: 3.59222e-21, num: 4224
loop: 992, time: 12.1804, dt: 3.58609e-21, num: 4224
loop: 993, time: 12.1804, dt: 3.58103e-21, num: 4224
loop: 994, time: 12.1804, dt: 3.57477e-21, num: 4224
loop: 995, time: 12.1804, dt: 3.56752e-21, num: 4224
loop: 996, time: 12.1804, dt: 3.55848e-21, num: 4224
loop: 997, time: 12.1804, dt: 3.54778e-21, num: 4224
loop: 998, time: 12.1804, dt: 3.53635e-21, num: 4224
loop: 999, time: 12.1804, dt: 3.52556e-21, num: 4224
loop: 1000, time: 12.1804, dt: 3.51647e-21, num: 4224
loop: 1001, time: 12.1804, dt: 3.5094e-21, num: 4224
loop: 1002, time: 12.1804, dt: 3.50346e-21, num: 4224
loop: 1003, time: 12.1804, dt: 3.4964e-21, num: 4224
loop: 1004, time: 12.1804, dt: 3.48849e-21, num: 4224
loop: 1005, time: 12.1804, dt: 3.47902e-21, num: 4224
loop: 1006, time: 12.1804, dt: 3.4681e-21, num: 4224
loop: 1007, time: 12.1804, dt: 3.45663e-21, num: 4224
loop: 1008, time: 12.1804, dt: 3.446e-21, num: 4224
loop: 1009, time: 12.1804, dt: 3.43727e-21, num: 4224
loop: 1010, time: 12.1804, dt: 3.43076e-21, num: 4224
loop: 1011, time: 12.1804, dt: 3.42564e-21, num: 4224
loop: 1012, time: 12.1804, dt: 3.41952e-21, num: 4224
loop: 1013, time: 12.1804, dt: 3.41258e-21, num: 4224
loop: 1014, time: 12.1804, dt: 3.40394e-21, num: 4224
loop: 1015, time: 12.1804, dt: 3.3936e-21, num: 4224
loop: 1016, time: 12.1804, dt: 3.38239e-21, num: 4224
loop: 1017, time: 12.1804, dt: 3.37163e-21, num: 4224
loop: 1018, time: 12.1804, dt: 3.36245e-21, num: 4224
loop: 1019, time: 12.1804, dt: 3.35524e-21, num: 4224
loop: 1020, time: 12.1804, dt: 3.34943e-21, num: 4224
loop: 1021, time: 12.1804, dt: 3.34268e-21, num: 4224
loop: 1022, time: 12.1804, dt: 3.33522e-21, num: 4224
loop: 1023, time: 12.1804, dt: 3.32624e-21, num: 4224
loop: 1024, time: 12.1804, dt: 3.31573e-21, num: 4224
loop: 1025, time: 12.1804, dt: 3.30452e-21, num: 4224
loop: 1026, time: 12.1804, dt: 3.29391e-21, num: 4224
loop: 1027, time: 12.1804, dt: 3.28505e-21, num: 4224
loop: 1028, time: 12.1804, dt: 3.27831e-21, num: 4224
loop: 1029, time: 12.1804, dt: 3.27315e-21, num: 4224
loop: 1030, time: 12.1804, dt: 3.26725e-21, num: 4224
loop: 1031, time: 12.1804, dt: 3.26066e-21, num: 4224
loop: 1032, time: 12.1804, dt: 3.25248e-21, num: 4224
loop: 1033, time: 12.1804, dt: 3.2426e-21, num: 4224
loop: 1034, time: 12.1804, dt: 3.23174e-21, num: 4224
loop: 1035, time: 12.1804, dt: 3.22119e-21, num: 4224
loop: 1036, time: 12.1804, dt: 3.21208e-21, num: 4224
loop: 1037, time: 12.1804, dt: 3.20487e-21, num: 4224
loop: 1038, time: 12.1804, dt: 3.19913e-21, num: 4224
loop: 1039, time: 12.1804, dt: 3.19279e-21, num: 4224
loop: 1040, time: 12.1804, dt: 3.18578e-21, num: 4224
loop: 1041, time: 12.1804, dt: 3.17732e-21, num: 4224
loop: 1042, time: 12.1804, dt: 3.16733e-21, num: 4224
loop: 1043, time: 12.1804, dt: 3.1565e-21, num: 4224
loop: 1044, time: 12.1804, dt: 3.14611e-21, num: 4224
loop: 1045, time: 12.1804, dt: 3.13728e-21, num: 4224
loop: 1046, time: 12.1804, dt: 3.13048e-21, num: 4224
loop: 1047, time: 12.1804, dt: 3.12528e-21, num: 4224
loop: 1048, time: 12.1804, dt: 3.11969e-21, num: 4224
loop: 1049, time: 12.1804, dt: 3.11347e-21, num: 4224
loop: 1050, time: 12.1804, dt: 3.10577e-21, num: 4224
loop: 1051, time: 12.1804, dt: 3.09641e-21, num: 4224
loop: 1052, time: 12.1804, dt: 3.08602e-21, num: 4224
loop: 1053, time: 12.1804, dt: 3.0758e-21, num: 4224
loop: 1054, time: 12.1804, dt: 3.06689e-21, num: 4224
loop: 1055, time: 12.1804, dt: 3.05978e-21, num: 4224
loop: 1056, time: 12.1804, dt: 3.05415e-21, num: 4224
loop: 1057, time: 12.1804, dt: 3.04821e-21, num: 4224
loop: 1058, time: 12.1804, dt: 3.04166e-21, num: 4224
loop: 1059, time: 12.1804, dt: 3.03375e-21, num: 4224
loop: 1060, time: 12.1804, dt: 3.02431e-21, num: 4224
loop: 1061, time: 12.1804, dt: 3.01396e-21, num: 4224
loop: 1062, time: 12.1804, dt: 3.0039e-21, num: 4224
loop: 1063, time: 12.1804, dt: 2.99525e-21, num: 4224
loop: 1064, time: 12.1804, dt: 2.98851e-21, num: 4224
loop: 1065, time: 12.1804, dt: 2.98335e-21, num: 4224
loop: 1066, time: 12.1804, dt: 2.97806e-21, num: 4224
loop: 1067, time: 12.1804, dt: 2.97221e-21, num: 4224
loop: 1068, time: 12.1804, dt: 2.965e-21, num: 4224
loop: 1069, time: 12.1804, dt: 2.95619e-21, num: 4224
loop: 1070, time: 12.1804, dt: 2.94633e-21, num: 4224
loop: 1071, time: 12.1804, dt: 2.93653e-21, num: 4224
loop: 1072, time: 12.1804, dt: 2.9279e-21, num: 4224
loop: 1073, time: 12.1804, dt: 2.92098e-21, num: 4224
loop: 1074, time: 12.1804, dt: 2.91551e-21, num: 4224
loop: 1075, time: 12.1804, dt: 2.90994e-21, num: 4224
loop: 1076, time: 12.1804, dt: 2.90385e-21, num: 4224
loop: 1077, time: 12.1804, dt: 2.89647e-21, num: 4224
loop: 1078, time: 12.1804, dt: 2.88761e-21, num: 4224
loop: 1079, time: 12.1804, dt: 2.8778e-21, num: 4224
loop: 1080, time: 12.1804, dt: 2.86816e-21, num: 4224
loop: 1081, time: 12.1804, dt: 2.85977e-21, num: 4224
loop: 1082, time: 12.1804, dt: 2.85317e-21, num: 4224
loop: 1083, time: 12.1804, dt: 2.84811e-21, num: 4224
loop: 1084, time: 12.1804, dt: 2.84311e-21, num: 4224
loop: 1085, time: 12.1804, dt: 2.83764e-21, num: 4224
loop: 1086, time: 12.1804, dt: 2.83092e-21, num: 4224
loop: 1087, time: 12.1804, dt: 2.82266e-21, num: 4224
loop: 1088, time: 12.1804, dt: 2.81335e-21, num: 4224
loop: 1089, time: 12.1804, dt: 2.80402e-21, num: 4224
loop: 1090, time: 12.1804, dt: 2.79574e-21, num: 4224
loop: 1091, time: 12.1804, dt: 2.78907e-21, num: 4224
loop: 1092, time: 12.1804, dt: 2.7838e-21, num: 4224
loop: 1093, time: 12.1804, dt: 2.77859e-21, num: 4224
loop: 1094, time: 12.1804, dt: 2.77292e-21, num: 4224
loop: 1095, time: 12.1804, dt: 2.76606e-21, num: 4224
loop: 1096, time: 12.1804, dt: 2.75778e-21, num: 4224
loop: 1097, time: 12.1804, dt: 2.74853e-21, num: 4224
loop: 1098, time: 12.1804, dt: 2.73935e-21, num: 4224
loop: 1099, time: 12.1804, dt: 2.7313e-21, num: 4224
loop: 1100, time: 12.1804, dt: 2.7249e-21, num: 4224
loop: 1101, time: 12.1804, dt: 2.71999e-21, num: 4224
loop: 1102, time: 12.1804, dt: 2.71527e-21, num: 4224
loop: 1103, time: 12.1804, dt: 2.71017e-21, num: 4224
loop: 1104, time: 12.1804, dt: 2.70391e-21, num: 4224
loop: 1105, time: 12.1804, dt: 2.6962e-21, num: 4224
loop: 1106, time: 12.1804, dt: 2.68745e-21, num: 4224
loop: 1107, time: 12.1804, dt: 2.67862e-21, num: 4224
loop: 1108, time: 12.1804, dt: 2.67073e-21, num: 4224
loop: 1109, time: 12.1804, dt: 2.66433e-21, num: 4224
loop: 1110, time: 12.1804, dt: 2.65929e-21, num: 4224
loop: 1111, time: 12.1804, dt: 2.65441e-21, num: 4224
loop: 1112, time: 12.1804, dt: 2.64916e-21, num: 4224
loop: 1113, time: 12.1804, dt: 2.6428e-21, num: 4224
loop: 1114, time: 12.1804, dt: 2.63507e-21, num: 4224
loop: 1115, time: 12.1804, dt: 2.62639e-21, num: 4224
loop: 1116, time: 12.1804, dt: 2.6177e-21, num: 4224
loop: 1117, time: 12.1804, dt: 2.61001e-21, num: 4224
loop: 1118, time: 12.1804, dt: 2.60386e-21, num: 4224
loop: 1119, time: 12.1804, dt: 2.59913e-21, num: 4224
loop: 1120, time: 12.1804, dt: 2.59468e-21, num: 4224
loop: 1121, time: 12.1804, dt: 2.58993e-21, num: 4224
loop: 1122, time: 12.1804, dt: 2.58411e-21, num: 4224
loop: 1123, time: 12.1804, dt: 2.57693e-21, num: 4224
loop: 1124, time: 12.1804, dt: 2.56873e-21, num: 4224
loop: 1125, time: 12.1804, dt: 2.56041e-21, num: 4224
loop: 1126, time: 12.1804, dt: 2.55293e-21, num: 4224
loop: 1127, time: 12.1804, dt: 2.54683e-21, num: 4224
loop: 1128, time: 12.1804, dt: 2.54203e-21, num: 4224
loop: 1129, time: 12.1804, dt: 2.53747e-21, num: 4224
loop: 1130, time: 12.1804, dt: 2.5326e-21, num: 4224
loop: 1131, time: 12.1804, dt: 2.52671e-21, num: 4224
loop: 1132, time: 12.1804, dt: 2.51952e-21, num: 4224
loop: 1133, time: 12.1804, dt: 2.51138e-21, num: 4224
loop: 1134, time: 12.1804, dt: 2.50319e-21, num: 4224
loop: 1135, time: 12.1804, dt: 2.49589e-21, num: 4224
loop: 1136, time: 12.1804, dt: 2.49002e-21, num: 4224
loop: 1137, time: 12.1804, dt: 2.48548e-21, num: 4224
loop: 1138, time: 12.1804, dt: 2.48129e-21, num: 4224
loop: 1139, time: 12.1804, dt: 2.47686e-21, num: 4224
loop: 1140, time: 12.1804, dt: 2.47147e-21, num: 4224
loop: 1141, time: 12.1804, dt: 2.46476e-21, num: 4224
loop: 1142, time: 12.1804, dt: 2.45711e-21, num: 4224
loop: 1143, time: 12.1804, dt: 2.44929e-21, num: 4224
loop: 1144, time: 12.1804, dt: 2.44222e-21, num: 4224
loop: 1145, time: 12.1804, dt: 2.43644e-21, num: 4224
loop: 1146, time: 12.1804, dt: 2.43187e-21, num: 4224
loop: 1147, time: 12.1804, dt: 2.42761e-21, num: 4224
loop: 1148, time: 12.1804, dt: 2.42311e-21, num: 4224
loop: 1149, time: 12.1804, dt: 2.41765e-21, num: 4224
loop: 1150, time: 12.1804, dt: 2.41097e-21, num: 4224
loop: 1151, time: 12.1804, dt: 2.40338e-21, num: 4224
loop: 1152, time: 12.1804, dt: 2.39568e-21, num: 4224
loop: 1153, time: 12.1804, dt: 2.38877e-21, num: 4224
loop: 1154, time: 12.1804, dt: 2.38318e-21, num: 4224
loop: 1155, time: 12.1804, dt: 2.37885e-21, num: 4224
loop: 1156, time: 12.1804, dt: 2.37491e-21, num: 4224
loop: 1157, time: 12.1804, dt: 2.37079e-21, num: 4224
loop: 1158, time: 12.1804, dt: 2.36578e-21, num: 4224
loop: 1159, time: 12.1804, dt: 2.35954e-21, num: 4224
loop: 1160, time: 12.1804, dt: 2.35239e-21, num: 4224
loop: 1161, time: 12.1804, dt: 2.34505e-21, num: 4224
loop: 1162, time: 12.1804, dt: 2.33839e-21, num: 4224
loop: 1163, time: 12.1804, dt: 2.33292e-21, num: 4224
loop: 1164, time: 12.1804, dt: 2.3286e-21, num: 4224
loop: 1165, time: 12.1804, dt: 2.32462e-21, num: 4224
loop: 1166, time: 12.1804, dt: 2.32045e-21, num: 4224
loop: 1167, time: 12.1804, dt: 2.3154e-21, num: 4224
loop: 1168, time: 12.1804, dt: 2.30918e-21, num: 4224
loop: 1169, time: 12.1804, dt: 2.3021e-21, num: 4224
loop: 1170, time: 12.1804, dt: 2.29487e-21, num: 4224
loop: 1171, time: 12.1804, dt: 2.28836e-21, num: 4224
loop: 1172, time: 12.1804, dt: 2.28305e-21, num: 4224
loop: 1173, time: 12.1804, dt: 2.27894e-21, num: 4224
loop: 1174, time: 12.1804, dt: 2.27523e-21, num: 4224
loop: 1175, time: 12.1804, dt: 2.2714e-21, num: 4224
loop: 1176, time: 12.1804, dt: 2.26675e-21, num: 4224
loop: 1177, time: 12.1804, dt: 2.26095e-21, num: 4224
loop: 1178, time: 12.1804, dt: 2.25428e-21, num: 4224
loop: 1179, time: 12.1804, dt: 2.2474e-21, num: 4224
loop: 1180, time: 12.1804, dt: 2.24114e-21, num: 4224
loop: 1181, time: 12.1804, dt: 2.23597e-21, num: 4224
loop: 1182, time: 12.1804, dt: 2.23189e-21, num: 4224
loop: 1183, time: 12.1804, dt: 2.22817e-21, num: 4224
loop: 1184, time: 12.1804, dt: 2.22431e-21, num: 4224
loop: 1185, time: 12.1804, dt: 2.21963e-21, num: 4224
loop: 1186, time: 12.1804, dt: 2.21385e-21, num: 4224
loop: 1187, time: 12.1804, dt: 2.20725e-21, num: 4224
loop: 1188, time: 12.1804, dt: 2.20047e-21, num: 4224
loop: 1189, time: 12.1804, dt: 2.19433e-21, num: 4224
loop: 1190, time: 12.1804, dt: 2.18931e-21, num: 4224
loop: 1191, time: 12.1804, dt: 2.18541e-21, num: 4224
loop: 1192, time: 12.1804, dt: 2.18193e-21, num: 4224
loop: 1193, time: 12.1804, dt: 2.17836e-21, num: 4224
loop: 1194, time: 12.1804, dt: 2.17404e-21, num: 4224
loop: 1195, time: 12.1804, dt: 2.16865e-21, num: 4224
loop: 1196, time: 12.1804, dt: 2.16242e-21, num: 4224
loop: 1197, time: 12.1804, dt: 2.15599e-21, num: 4224
loop: 1198, time: 12.1804, dt: 2.1501e-21, num: 4224
loop: 1199, time: 12.1804, dt: 2.14524e-21, num: 4224
loop: 1200, time: 12.1804, dt: 2.14139e-21, num: 4224
loop: 1201, time: 12.1804, dt: 2.13791e-21, num: 4224
loop: 1202, time: 12.1804, dt: 2.13433e-21, num: 4224
loop: 1203, time: 12.1804, dt: 2.12999e-21, num: 4224
loop: 1204, time: 12.1804, dt: 2.12462e-21, num: 4224
loop: 1205, time: 12.1804, dt: 2.11845e-21, num: 4224
loop: 1206, time: 12.1804, dt: 2.11211e-21, num: 4224
loop: 1207, time: 12.1804, dt: 2.10633e-21, num: 4224
loop: 1208, time: 12.1804, dt: 2.10159e-21, num: 4224
loop: 1209, time: 12.1804, dt: 2.09789e-21, num: 4224
loop: 1210, time: 12.1804, dt: 2.09462e-21, num: 4224
loop: 1211, time: 12.1804, dt: 2.0913e-21, num: 4224
loop: 1212, time: 12.1804, dt: 2.08728e-21, num: 4224
loop: 1213, time: 12.1804, dt: 2.08226e-21, num: 4224
loop: 1214, time: 12.1804, dt: 2.07646e-21, num: 4224
loop: 1215, time: 12.1804, dt: 2.07043e-21, num: 4224
loop: 1216, time: 12.1804, dt: 2.06491e-21, num: 4224
loop: 1217, time: 12.1804, dt: 2.06033e-21, num: 4224
loop: 1218, time: 12.1804, dt: 2.05669e-21, num: 4224
loop: 1219, time: 12.1804, dt: 2.05345e-21, num: 4224
loop: 1220, time: 12.1804, dt: 2.05012e-21, num: 4224
loop: 1221, time: 12.1804, dt: 2.0461e-21, num: 4224
loop: 1222, time: 12.1804, dt: 2.0411e-21, num: 4224
loop: 1223, time: 12.1804, dt: 2.03535e-21, num: 4224
loop: 1224, time: 12.1804, dt: 2.02941e-21, num: 4224
loop: 1225, time: 12.1804, dt: 2.02397e-21, num: 4224
loop: 1226, time: 12.1804, dt: 2.0195e-21, num: 4224
loop: 1227, time: 12.1804, dt: 2.01598e-21, num: 4224
loop: 1228, time: 12.1804, dt: 2.01293e-21, num: 4224
loop: 1229, time: 12.1804, dt: 2.00983e-21, num: 4224
loop: 1230, time: 12.1804, dt: 2.00609e-21, num: 4224
loop: 1231, time: 12.1804, dt: 2.00142e-21, num: 4224
loop: 1232, time: 12.1804, dt: 1.996e-21, num: 4224
loop: 1233, time: 12.1804, dt: 1.99036e-21, num: 4224
loop: 1234, time: 12.1804, dt: 1.98517e-21, num: 4224
loop: 1235, time: 12.1804, dt: 1.98087e-21, num: 4224
loop: 1236, time: 12.1804, dt: 1.97742e-21, num: 4224
loop: 1237, time: 12.1804, dt: 1.97441e-21, num: 4224
loop: 1238, time: 12.1804, dt: 1.97132e-21, num: 4224
loop: 1239, time: 12.1804, dt: 1.96758e-21, num: 4224
loop: 1240, time: 12.1804, dt: 1.96293e-21, num: 4224
loop: 1241, time: 12.1804, dt: 1.95756e-21, num: 4224
loop: 1242, time: 12.1804, dt: 1.95199e-21, num: 4224
loop: 1243, time: 12.1804, dt: 1.94688e-21, num: 4224
loop: 1244, time: 12.1804, dt: 1.94266e-21, num: 4224
loop: 1245, time: 12.1804, dt: 1.93932e-21, num: 4224
loop: 1246, time: 12.1804, dt: 1.93646e-21, num: 4224
loop: 1247, time: 12.1804, dt: 1.93357e-21, num: 4224
loop: 1248, time: 12.1804, dt: 1.93009e-21, num: 4224
loop: 1249, time: 12.1804, dt: 1.92573e-21, num: 4224
loop: 1250, time: 12.1804, dt: 1.92067e-21, num: 4224
loop: 1251, time: 12.1804, dt: 1.91539e-21, num: 4224
loop: 1252, time: 12.1804, dt: 1.91052e-21, num: 4224
loop: 1253, time: 12.1804, dt: 1.90647e-21, num: 4224
loop: 1254, time: 12.1804, dt: 1.90322e-21, num: 4224
loop: 1255, time: 12.1804, dt: 1.9004e-21, num: 4224
loop: 1256, time: 12.1804, dt: 1.89753e-21, num: 4224
loop: 1257, time: 12.1804, dt: 1.89406e-21, num: 4224
loop: 1258, time: 12.1804, dt: 1.88972e-21, num: 4224
loop: 1259, time: 12.1804, dt: 1.8847e-21, num: 4224
loop: 1260, time: 12.1804, dt: 1.87949e-21, num: 4224
loop: 1261, time: 12.1804, dt: 1.87469e-21, num: 4224
loop: 1262, time: 12.1804, dt: 1.87071e-21, num: 4224
loop: 1263, time: 12.1804, dt: 1.86754e-21, num: 4224
loop: 1264, time: 12.1804, dt: 1.86486e-21, num: 4224
loop: 1265, time: 12.1804, dt: 1.86216e-21, num: 4224
loop: 1266, time: 12.1804, dt: 1.85891e-21, num: 4224
loop: 1267, time: 12.1804, dt: 1.85482e-21, num: 4224
loop: 1268, time: 12.1804, dt: 1.85011e-21, num: 4224
loop: 1269, time: 12.1804, dt: 1.84517e-21, num: 4224
loop: 1270, time: 12.1804, dt: 1.84058e-21, num: 4224
loop: 1271, time: 12.1804, dt: 1.83678e-21, num: 4224
loop: 1272, time: 12.1804, dt: 1.8337e-21, num: 4224
loop: 1273, time: 12.1804, dt: 1.83107e-21, num: 4224
loop: 1274, time: 12.1804, dt: 1.8284e-21, num: 4224
loop: 1275, time: 12.1804, dt: 1.82514e-21, num: 4224
loop: 1276, time: 12.1804, dt: 1.82107e-21, num: 4224
loop: 1277, time: 12.1804, dt: 1.81641e-21, num: 4224
loop: 1278, time: 12.1804, dt: 1.81154e-21, num: 4224
loop: 1279, time: 12.1804, dt: 1.80702e-21, num: 4224
loop: 1280, time: 12.1804, dt: 1.80328e-21, num: 4224
loop: 1281, time: 12.1804, dt: 1.80027e-21, num: 4224
loop: 1282, time: 12.1804, dt: 1.79776e-21, num: 4224
loop: 1283, time: 12.1804, dt: 1.79524e-21, num: 4224
loop: 1284, time: 12.1804, dt: 1.79217e-21, num: 4224
loop: 1285, time: 12.1804, dt: 1.78834e-21, num: 4224
loop: 1286, time: 12.1804, dt: 1.78393e-21, num: 4224
loop: 1287, time: 12.1804, dt: 1.77934e-21, num: 4224
loop: 1288, time: 12.1804, dt: 1.77503e-21, num: 4224
loop: 1289, time: 12.1804, dt: 1.77143e-21, num: 4224
loop: 1290, time: 12.1804, dt: 1.76854e-21, num: 4224
loop: 1291, time: 12.1804, dt: 1.76609e-21, num: 4224
loop: 1292, time: 12.1804, dt: 1.76359e-21, num: 4224
loop: 1293, time: 12.1804, dt: 1.76053e-21, num: 4224
loop: 1294, time: 12.1804, dt: 1.75672e-21, num: 4224
loop: 1295, time: 12.1804, dt: 1.75235e-21, num: 4224
loop: 1296, time: 12.1804, dt: 1.7478e-21, num: 4224
loop: 1297, time: 12.1804, dt: 1.74356e-21, num: 4224
loop: 1298, time: 12.1804, dt: 1.74001e-21, num: 4224
loop: 1299, time: 12.1804, dt: 1.73719e-21, num: 4224
loop: 1300, time: 12.1804, dt: 1.73484e-21, num: 4224
loop: 1301, time: 12.1804, dt: 1.73247e-21, num: 4224
loop: 1302, time: 12.1804, dt: 1.72957e-21, num: 4224
loop: 1303, time: 12.1804, dt: 1.72598e-21, num: 4224
loop: 1304, time: 12.1804, dt: 1.72183e-21, num: 4224
loop: 1305, time: 12.1804, dt: 1.71753e-21, num: 4224
loop: 1306, time: 12.1804, dt: 1.7135e-21, num: 4224
loop: 1307, time: 12.1804, dt: 1.71011e-21, num: 4224
loop: 1308, time: 12.1804, dt: 1.70739e-21, num: 4224
loop: 1309, time: 12.1804, dt: 1.7051e-21, num: 4224
loop: 1310, time: 12.1804, dt: 1.70277e-21, num: 4224
loop: 1311, time: 12.1804, dt: 1.69989e-21, num: 4224
loop: 1312, time: 12.1804, dt: 1.69633e-21, num: 4224
loop: 1313, time: 12.1804, dt: 1.69222e-21, num: 4224
loop: 1314, time: 12.1804, dt: 1.68796e-21, num: 4224
loop: 1315, time: 12.1804, dt: 1.68398e-21, num: 4224
loop: 1316, time: 12.1804, dt: 1.68063e-21, num: 4224
loop: 1317, time: 12.1804, dt: 1.67798e-21, num: 4224
loop: 1318, time: 12.1804, dt: 1.67577e-21, num: 4224
loop: 1319, time: 12.1804, dt: 1.67355e-21, num: 4224
loop: 1320, time: 12.1804, dt: 1.67081e-21, num: 4224
loop: 1321, time: 12.1804, dt: 1.66744e-21, num: 4224
loop: 1322, time: 12.1804, dt: 1.66355e-21, num: 4224
loop: 1323, time: 12.1804, dt: 1.65951e-21, num: 4224
loop: 1324, time: 12.1804, dt: 1.65572e-21, num: 4224
loop: 1325, time: 12.1804, dt: 1.65253e-21, num: 4224
loop: 1326, time: 12.1804, dt: 1.64998e-21, num: 4224
loop: 1327, time: 12.1804, dt: 1.64784e-21, num: 4224
loop: 1328, time: 12.1804, dt: 1.64565e-21, num: 4224
loop: 1329, time: 12.1804, dt: 1.64294e-21, num: 4224
loop: 1330, time: 12.1804, dt: 1.6396e-21, num: 4224
loop: 1331, time: 12.1804, dt: 1.63574e-21, num: 4224
loop: 1332, time: 12.1804, dt: 1.63174e-21, num: 4224
loop: 1333, time: 12.1804, dt: 1.62799e-21, num: 4224
loop: 1334, time: 12.1804, dt: 1.62485e-21, num: 4224
loop: 1335, time: 12.1804, dt: 1.62235e-21, num: 4224
loop: 1336, time: 12.1804, dt: 1.62027e-21, num: 4224
loop: 1337, time: 12.1804, dt: 1.61817e-21, num: 4224
loop: 1338, time: 12.1804, dt: 1.6156e-21, num: 4224
loop: 1339, time: 12.1804, dt: 1.61243e-21, num: 4224
loop: 1340, time: 12.1804, dt: 1.60877e-21, num: 4224
loop: 1341, time: 12.1804, dt: 1.60496e-21, num: 4224
loop: 1342, time: 12.1804, dt: 1.6014e-21, num: 4224
loop: 1343, time: 12.1804, dt: 1.5984e-21, num: 4224
loop: 1344, time: 12.1804, dt: 1.59601e-21, num: 4224
loop: 1345, time: 12.1804, dt: 1.59399e-21, num: 4224
loop: 1346, time: 12.1804, dt: 1.59193e-21, num: 4224
loop: 1347, time: 12.1804, dt: 1.58939e-21, num: 4224
loop: 1348, time: 12.1804, dt: 1.58626e-21, num: 4224
