mkdir results
OpenMP is enabled.
Number of threads = 4
app_name: shock_tube
Using algorithm: DISPH
Warning: cannot read unitConfig "./units.json", using defaults.
write results/00000.dat
Initialization complete. Particle count=500
loop: 1, time: 0.000465346, dt: 0.000465346, num: 500
loop: 2, time: 0.000953445, dt: 0.000488099, num: 500
write results/00001.dat
loop: 3, time: 0.00152297, dt: 0.000569526, num: 500
write results/00002.dat
loop: 4, time: 0.00209359, dt: 0.000570621, num: 500
write results/00003.dat
loop: 5, time: 0.00265965, dt: 0.000566055, num: 500
write results/00004.dat
loop: 6, time: 0.00323328, dt: 0.000573633, num: 500
write results/00005.dat
loop: 7, time: 0.00380188, dt: 0.000568604, num: 500
write results/00006.dat
loop: 8, time: 0.0043559, dt: 0.000554014, num: 500
write results/00007.dat
loop: 9, time: 0.00492698, dt: 0.000571079, num: 500
write results/00008.dat
loop: 10, time: 0.00549501, dt: 0.000568029, num: 500
write results/00009.dat
loop: 11, time: 0.00606203, dt: 0.000567022, num: 500
write results/00010.dat
loop: 12, time: 0.00662233, dt: 0.000560301, num: 500
write results/00011.dat
loop: 13, time: 0.00719, dt: 0.00056767, num: 500
write results/00012.dat
loop: 14, time: 0.0077582, dt: 0.000568204, num: 500
write results/00013.dat
loop: 15, time: 0.00832722, dt: 0.000569021, num: 500
write results/00014.dat
loop: 16, time: 0.00889541, dt: 0.00056819, num: 500
write results/00015.dat
loop: 17, time: 0.00946456, dt: 0.000569148, num: 500
write results/00016.dat
loop: 18, time: 0.0100335, dt: 0.000568895, num: 500
write results/00017.dat
loop: 19, time: 0.0105973, dt: 0.000563842, num: 500
write results/00018.dat
loop: 20, time: 0.0111659, dt: 0.000568565, num: 500
write results/00019.dat
loop: 21, time: 0.0117356, dt: 0.000569769, num: 500
write results/00020.dat
loop: 22, time: 0.0123071, dt: 0.000571504, num: 500
write results/00021.dat
loop: 23, time: 0.0128762, dt: 0.000569096, num: 500
write results/00022.dat
loop: 24, time: 0.0134474, dt: 0.000571207, num: 500
write results/00023.dat
loop: 25, time: 0.0140191, dt: 0.00057168, num: 500
write results/00024.dat
loop: 26, time: 0.0145874, dt: 0.000568243, num: 500
write results/00025.dat
loop: 27, time: 0.0151582, dt: 0.00057082, num: 500
write results/00026.dat
loop: 28, time: 0.0157304, dt: 0.000572175, num: 500
write results/00027.dat
loop: 29, time: 0.0163024, dt: 0.000572062, num: 500
write results/00028.dat
loop: 30, time: 0.0168735, dt: 0.000571119, num: 500
write results/00029.dat
loop: 31, time: 0.0174469, dt: 0.000573336, num: 500
write results/00030.dat
loop: 32, time: 0.0180209, dt: 0.000574019, num: 500
write results/00031.dat
loop: 33, time: 0.018593, dt: 0.000572116, num: 500
write results/00032.dat
loop: 34, time: 0.0191665, dt: 0.000573489, num: 500
write results/00033.dat
loop: 35, time: 0.0197413, dt: 0.000574798, num: 500
write results/00034.dat
loop: 36, time: 0.0203097, dt: 0.000568395, num: 500
write results/00035.dat
loop: 37, time: 0.0208832, dt: 0.000573553, num: 500
write results/00036.dat
loop: 38, time: 0.0214588, dt: 0.000575579, num: 500
write results/00037.dat
loop: 39, time: 0.022034, dt: 0.000575155, num: 500
write results/00038.dat
loop: 40, time: 0.0226082, dt: 0.000574227, num: 500
write results/00039.dat
loop: 41, time: 0.0231845, dt: 0.000576294, num: 500
write results/00040.dat
loop: 42, time: 0.0237614, dt: 0.000576945, num: 500
write results/00041.dat
loop: 43, time: 0.0243349, dt: 0.000573463, num: 500
write results/00042.dat
loop: 44, time: 0.024911, dt: 0.000576129, num: 500
write results/00043.dat
loop: 45, time: 0.0254889, dt: 0.000577903, num: 500
write results/00044.dat
loop: 46, time: 0.0260656, dt: 0.000576672, num: 500
write results/00045.dat
loop: 47, time: 0.0266421, dt: 0.00057651, num: 500
write results/00046.dat
loop: 48, time: 0.0272209, dt: 0.00057878, num: 500
write results/00047.dat
loop: 49, time: 0.0277991, dt: 0.000578198, num: 500
write results/00048.dat
loop: 50, time: 0.0283764, dt: 0.000577307, num: 500
write results/00049.dat
loop: 51, time: 0.0289552, dt: 0.000578765, num: 500
write results/00050.dat
loop: 52, time: 0.0295349, dt: 0.000579721, num: 500
write results/00051.dat
loop: 53, time: 0.0301102, dt: 0.000575284, num: 500
write results/00052.dat
loop: 54, time: 0.030689, dt: 0.000578866, num: 500
write results/00053.dat
loop: 55, time: 0.0312698, dt: 0.000580795, num: 500
write results/00054.dat
loop: 56, time: 0.0318495, dt: 0.000579614, num: 500
write results/00055.dat
loop: 57, time: 0.0324288, dt: 0.000579365, num: 500
write results/00056.dat
loop: 58, time: 0.0330101, dt: 0.000581326, num: 500
write results/00057.dat
loop: 59, time: 0.0335911, dt: 0.000581006, num: 500
write results/00058.dat
loop: 60, time: 0.0341713, dt: 0.00058015, num: 500
write results/00059.dat
loop: 61, time: 0.0347526, dt: 0.000581269, num: 500
write results/00060.dat
loop: 62, time: 0.0353349, dt: 0.00058232, num: 500
write results/00061.dat
loop: 63, time: 0.0359125, dt: 0.000577611, num: 500
write results/00062.dat
loop: 64, time: 0.036494, dt: 0.000581491, num: 500
write results/00063.dat
loop: 65, time: 0.0370774, dt: 0.000583431, num: 500
write results/00064.dat
loop: 66, time: 0.0376597, dt: 0.000582295, num: 500
write results/00065.dat
loop: 67, time: 0.0382417, dt: 0.000582019, num: 500
write results/00066.dat
loop: 68, time: 0.0388254, dt: 0.000583694, num: 500
write results/00067.dat
loop: 69, time: 0.039409, dt: 0.000583552, num: 500
write results/00068.dat
loop: 70, time: 0.0399911, dt: 0.000582114, num: 500
write results/00069.dat
loop: 71, time: 0.0405748, dt: 0.000583671, num: 500
write results/00070.dat
loop: 72, time: 0.0411595, dt: 0.000584704, num: 500
write results/00071.dat
loop: 73, time: 0.0417432, dt: 0.000583696, num: 500
write results/00072.dat
loop: 74, time: 0.0423271, dt: 0.000583942, num: 500
write results/00073.dat
loop: 75, time: 0.0429129, dt: 0.000585821, num: 500
write results/00074.dat
loop: 76, time: 0.0434976, dt: 0.000584719, num: 500
write results/00075.dat
loop: 77, time: 0.0440821, dt: 0.00058446, num: 500
write results/00076.dat
loop: 78, time: 0.044668, dt: 0.000585905, num: 500
write results/00077.dat
loop: 79, time: 0.0452538, dt: 0.00058583, num: 500
write results/00078.dat
loop: 80, time: 0.0458382, dt: 0.000584338, num: 500
write results/00079.dat
loop: 81, time: 0.0464241, dt: 0.00058594, num: 500
write results/00080.dat
loop: 82, time: 0.047011, dt: 0.000586866, num: 500
write results/00081.dat
loop: 83, time: 0.047597, dt: 0.000585993, num: 500
write results/00082.dat
loop: 84, time: 0.0481832, dt: 0.000586218, num: 500
write results/00083.dat
loop: 85, time: 0.0487711, dt: 0.000587906, num: 500
write results/00084.dat
loop: 86, time: 0.049358, dt: 0.000586918, num: 500
write results/00085.dat
loop: 87, time: 0.0499447, dt: 0.000586704, num: 500
write results/00086.dat
loop: 88, time: 0.0505327, dt: 0.000588011, num: 500
write results/00087.dat
loop: 89, time: 0.0511207, dt: 0.000587916, num: 500
write results/00088.dat
loop: 90, time: 0.0517073, dt: 0.000586607, num: 500
write results/00089.dat
loop: 91, time: 0.0522953, dt: 0.000588069, num: 500
write results/00090.dat
loop: 92, time: 0.0528842, dt: 0.000588851, num: 500
write results/00091.dat
loop: 93, time: 0.0534723, dt: 0.000588096, num: 500
write results/00092.dat
loop: 94, time: 0.0540606, dt: 0.000588333, num: 500
write results/00093.dat
loop: 95, time: 0.0546504, dt: 0.000589821, num: 500
write results/00094.dat
loop: 96, time: 0.0552394, dt: 0.000588929, num: 500
write results/00095.dat
loop: 97, time: 0.0558281, dt: 0.000588776, num: 500
write results/00096.dat
loop: 98, time: 0.0564181, dt: 0.000590009, num: 500
write results/00097.dat
loop: 99, time: 0.057008, dt: 0.000589837, num: 500
write results/00098.dat
loop: 100, time: 0.0575968, dt: 0.000588861, num: 500
write results/00099.dat
loop: 101, time: 0.0581869, dt: 0.000590068, num: 500
write results/00100.dat
loop: 102, time: 0.0587776, dt: 0.000590683, num: 500
write results/00101.dat
loop: 103, time: 0.0593676, dt: 0.000590034, num: 500
write results/00102.dat
loop: 104, time: 0.0599579, dt: 0.000590306, num: 500
write results/00103.dat
loop: 105, time: 0.0605495, dt: 0.00059156, num: 500
write results/00104.dat
loop: 106, time: 0.0611403, dt: 0.000590785, num: 500
write results/00105.dat
loop: 107, time: 0.061731, dt: 0.000590703, num: 500
write results/00106.dat
loop: 108, time: 0.0623229, dt: 0.000591886, num: 500
write results/00107.dat
loop: 109, time: 0.0629145, dt: 0.00059161, num: 500
write results/00108.dat
loop: 110, time: 0.0635056, dt: 0.000591082, num: 500
write results/00109.dat
loop: 111, time: 0.0640975, dt: 0.000591953, num: 500
write results/00110.dat
loop: 112, time: 0.0646899, dt: 0.000592383, num: 500
write results/00111.dat
loop: 113, time: 0.0652797, dt: 0.000589839, num: 500
write results/00112.dat
loop: 114, time: 0.0658719, dt: 0.000592157, num: 500
write results/00113.dat
loop: 115, time: 0.0664651, dt: 0.000593181, num: 500
write results/00114.dat
loop: 116, time: 0.0670576, dt: 0.00059251, num: 500
write results/00115.dat
loop: 117, time: 0.0676501, dt: 0.000592505, num: 500
write results/00116.dat
loop: 118, time: 0.0682437, dt: 0.000593639, num: 500
write results/00117.dat
loop: 119, time: 0.068837, dt: 0.000593253, num: 500
write results/00118.dat
loop: 120, time: 0.06943, dt: 0.000592972, num: 500
write results/00119.dat
loop: 121, time: 0.0700237, dt: 0.000593732, num: 500
write results/00120.dat
loop: 122, time: 0.0706177, dt: 0.000593972, num: 500
write results/00121.dat
loop: 123, time: 0.0712097, dt: 0.000592065, num: 500
write results/00122.dat
loop: 124, time: 0.0718036, dt: 0.000593904, num: 500
write results/00123.dat
loop: 125, time: 0.0723983, dt: 0.000594697, num: 500
write results/00124.dat
loop: 126, time: 0.0729924, dt: 0.000594123, num: 500
write results/00125.dat
loop: 127, time: 0.0735866, dt: 0.000594204, num: 500
write results/00126.dat
loop: 128, time: 0.074182, dt: 0.000595307, num: 500
write results/00127.dat
loop: 129, time: 0.0747767, dt: 0.000594791, num: 500
write results/00128.dat
loop: 130, time: 0.0753714, dt: 0.000594614, num: 500
write results/00129.dat
loop: 131, time: 0.0759668, dt: 0.00059543, num: 500
write results/00130.dat
loop: 132, time: 0.0765623, dt: 0.000595468, num: 500
write results/00131.dat
loop: 133, time: 0.0771565, dt: 0.000594223, num: 500
write results/00132.dat
loop: 134, time: 0.077752, dt: 0.000595567, num: 500
write results/00133.dat
loop: 135, time: 0.0783482, dt: 0.000596128, num: 500
write results/00134.dat
loop: 136, time: 0.0789438, dt: 0.000595647, num: 500
write results/00135.dat
loop: 137, time: 0.0795396, dt: 0.000595819, num: 500
write results/00136.dat
loop: 138, time: 0.0801365, dt: 0.000596813, num: 500
write results/00137.dat
loop: 139, time: 0.0807327, dt: 0.000596245, num: 500
write results/00138.dat
loop: 140, time: 0.0813289, dt: 0.000596173, num: 500
write results/00139.dat
loop: 141, time: 0.0819259, dt: 0.000597059, num: 500
write results/00140.dat
loop: 142, time: 0.0825228, dt: 0.000596888, num: 500
write results/00141.dat
loop: 143, time: 0.0831191, dt: 0.000596317, num: 500
write results/00142.dat
loop: 144, time: 0.0837163, dt: 0.00059716, num: 500
write results/00143.dat
loop: 145, time: 0.0843138, dt: 0.00059749, num: 500
write results/00144.dat
loop: 146, time: 0.0849109, dt: 0.000597097, num: 500
write results/00145.dat
loop: 147, time: 0.0855082, dt: 0.000597365, num: 500
write results/00146.dat
loop: 148, time: 0.0861064, dt: 0.000598112, num: 500
write results/00147.dat
loop: 149, time: 0.086704, dt: 0.000597633, num: 500
write results/00148.dat
loop: 150, time: 0.0873017, dt: 0.000597665, num: 500
write results/00149.dat
loop: 151, time: 0.0879002, dt: 0.000598569, num: 500
write results/00150.dat
loop: 152, time: 0.0884984, dt: 0.000598216, num: 500
write results/00151.dat
loop: 153, time: 0.0890965, dt: 0.000598047, num: 500
write results/00152.dat
loop: 154, time: 0.0896952, dt: 0.000598691, num: 500
write results/00153.dat
loop: 155, time: 0.090294, dt: 0.000598787, num: 500
write results/00154.dat
loop: 156, time: 0.0908915, dt: 0.000597537, num: 500
write results/00155.dat
loop: 157, time: 0.0914904, dt: 0.000598852, num: 500
write results/00156.dat
loop: 158, time: 0.0920897, dt: 0.000599356, num: 500
write results/00157.dat
loop: 159, time: 0.0926887, dt: 0.000598962, num: 500
write results/00158.dat
loop: 160, time: 0.0932878, dt: 0.000599102, num: 500
write results/00159.dat
loop: 161, time: 0.0938877, dt: 0.000599947, num: 500
write results/00160.dat
loop: 162, time: 0.0944872, dt: 0.000599485, num: 500
write results/00161.dat
loop: 163, time: 0.0950866, dt: 0.000599429, num: 500
write results/00162.dat
loop: 164, time: 0.0956868, dt: 0.000600175, num: 500
write results/00163.dat
loop: 165, time: 0.0962868, dt: 0.000600037, num: 500
write results/00164.dat
loop: 166, time: 0.0968864, dt: 0.000599525, num: 500
write results/00165.dat
loop: 167, time: 0.0974867, dt: 0.000600298, num: 500
write results/00166.dat
loop: 168, time: 0.0980872, dt: 0.000600559, num: 500
write results/00167.dat
loop: 169, time: 0.0986875, dt: 0.000600251, num: 500
write results/00168.dat
loop: 170, time: 0.099288, dt: 0.000600501, num: 500
write results/00169.dat
loop: 171, time: 0.0998891, dt: 0.000601098, num: 500
write results/00170.dat
loop: 172, time: 0.10049, dt: 0.000600719, num: 500
write results/00171.dat
loop: 173, time: 0.101091, dt: 0.00060078, num: 500
write results/00172.dat
loop: 174, time: 0.101692, dt: 0.000601569, num: 500
write results/00173.dat
loop: 175, time: 0.102293, dt: 0.000601226, num: 500
write results/00174.dat
loop: 176, time: 0.102894, dt: 0.000601123, num: 500
write results/00175.dat
loop: 177, time: 0.103496, dt: 0.000601715, num: 500
write results/00176.dat
loop: 178, time: 0.104098, dt: 0.00060173, num: 500
write results/00177.dat
loop: 179, time: 0.104699, dt: 0.000600837, num: 500
write results/00178.dat
loop: 180, time: 0.105301, dt: 0.000601878, num: 500
write results/00179.dat
loop: 181, time: 0.105903, dt: 0.000602227, num: 500
write results/00180.dat
loop: 182, time: 0.106505, dt: 0.000601934, num: 500
write results/00181.dat
loop: 183, time: 0.107107, dt: 0.000602111, num: 500
write results/00182.dat
loop: 184, time: 0.10771, dt: 0.000602741, num: 500
write results/00183.dat
loop: 185, time: 0.108312, dt: 0.00060239, num: 500
write results/00184.dat
loop: 186, time: 0.108914, dt: 0.000602406, num: 500
write results/00185.dat
loop: 187, time: 0.109518, dt: 0.000603099, num: 500
write results/00186.dat
loop: 188, time: 0.11012, dt: 0.000602879, num: 500
write results/00187.dat
loop: 189, time: 0.110723, dt: 0.000602731, num: 500
write results/00188.dat
loop: 190, time: 0.111326, dt: 0.000603239, num: 500
write results/00189.dat
loop: 191, time: 0.11193, dt: 0.000603345, num: 500
write results/00190.dat
loop: 192, time: 0.112532, dt: 0.000602222, num: 500
write results/00191.dat
loop: 193, time: 0.113135, dt: 0.000603429, num: 500
write results/00192.dat
loop: 194, time: 0.113739, dt: 0.000603818, num: 500
write results/00193.dat
loop: 195, time: 0.114343, dt: 0.00060355, num: 500
write results/00194.dat
loop: 196, time: 0.114946, dt: 0.000603679, num: 500
write results/00195.dat
loop: 197, time: 0.115551, dt: 0.000604307, num: 500
write results/00196.dat
loop: 198, time: 0.116155, dt: 0.000603991, num: 500
write results/00197.dat
loop: 199, time: 0.116759, dt: 0.000603982, num: 500
write results/00198.dat
loop: 200, time: 0.117363, dt: 0.000604571, num: 500
write results/00199.dat
loop: 201, time: 0.117968, dt: 0.00060445, num: 500
write results/00200.dat
loop: 202, time: 0.118572, dt: 0.00060401, num: 500
write results/00201.dat
loop: 203, time: 0.119176, dt: 0.000604726, num: 500
write results/00202.dat
loop: 204, time: 0.119781, dt: 0.000604888, num: 500
write results/00203.dat
loop: 205, time: 0.120386, dt: 0.000604702, num: 500
write results/00204.dat
loop: 206, time: 0.120991, dt: 0.000604935, num: 500
write results/00205.dat
loop: 207, time: 0.121596, dt: 0.000605338, num: 500
write results/00206.dat
loop: 208, time: 0.122201, dt: 0.0006051, num: 500
write results/00207.dat
loop: 209, time: 0.122807, dt: 0.000605195, num: 500
write results/00208.dat
loop: 210, time: 0.123412, dt: 0.000605802, num: 500
write results/00209.dat
loop: 211, time: 0.124018, dt: 0.000605524, num: 500
write results/00210.dat
loop: 212, time: 0.124623, dt: 0.0006055, num: 500
write results/00211.dat
loop: 213, time: 0.125229, dt: 0.000605988, num: 500
write results/00212.dat
loop: 214, time: 0.125835, dt: 0.000605947, num: 500
write results/00213.dat
loop: 215, time: 0.126441, dt: 0.000605287, num: 500
write results/00214.dat
loop: 216, time: 0.127047, dt: 0.000606162, num: 500
write results/00215.dat
loop: 217, time: 0.127653, dt: 0.000606363, num: 500
write results/00216.dat
loop: 218, time: 0.128259, dt: 0.000606198, num: 500
write results/00217.dat
loop: 219, time: 0.128866, dt: 0.000606384, num: 500
write results/00218.dat
loop: 220, time: 0.129473, dt: 0.00060679, num: 500
write results/00219.dat
loop: 221, time: 0.130079, dt: 0.000606582, num: 500
write results/00220.dat
loop: 222, time: 0.130686, dt: 0.00060665, num: 500
write results/00221.dat
loop: 223, time: 0.131293, dt: 0.000607194, num: 500
write results/00222.dat
loop: 224, time: 0.1319, dt: 0.000606989, num: 500
write results/00223.dat
loop: 225, time: 0.132507, dt: 0.000606834, num: 500
write results/00224.dat
loop: 226, time: 0.133114, dt: 0.000607349, num: 500
write results/00225.dat
loop: 227, time: 0.133722, dt: 0.000607378, num: 500
write results/00226.dat
loop: 228, time: 0.134329, dt: 0.00060728, num: 500
write results/00227.dat
loop: 229, time: 0.134936, dt: 0.000607537, num: 500
write results/00228.dat
loop: 230, time: 0.135544, dt: 0.000607771, num: 500
write results/00229.dat
loop: 231, time: 0.136152, dt: 0.000607627, num: 500
write results/00230.dat
loop: 232, time: 0.13676, dt: 0.000607768, num: 500
write results/00231.dat
loop: 233, time: 0.137368, dt: 0.000608176, num: 500
write results/00232.dat
loop: 234, time: 0.137976, dt: 0.000607996, num: 500
write results/00233.dat
loop: 235, time: 0.138584, dt: 0.000608037, num: 500
write results/00234.dat
loop: 236, time: 0.139192, dt: 0.000608481, num: 500
write results/00235.dat
loop: 237, time: 0.139801, dt: 0.000608373, num: 500
write results/00236.dat
loop: 238, time: 0.140409, dt: 0.000607907, num: 500
write results/00237.dat
loop: 239, time: 0.141017, dt: 0.000608642, num: 500
write results/00238.dat
loop: 240, time: 0.141626, dt: 0.000608737, num: 500
write results/00239.dat
loop: 241, time: 0.142235, dt: 0.00060865, num: 500
write results/00240.dat
loop: 242, time: 0.142843, dt: 0.000608843, num: 500
write results/00241.dat
loop: 243, time: 0.143453, dt: 0.00060911, num: 500
write results/00242.dat
loop: 244, time: 0.144061, dt: 0.000608985, num: 500
write results/00243.dat
loop: 245, time: 0.144671, dt: 0.000609081, num: 500
write results/00244.dat
loop: 246, time: 0.14528, dt: 0.000609493, num: 500
write results/00245.dat
loop: 247, time: 0.145889, dt: 0.000609339, num: 500
write results/00246.dat
loop: 248, time: 0.146499, dt: 0.000609143, num: 500
write results/00247.dat
loop: 249, time: 0.147108, dt: 0.000609685, num: 500
write results/00248.dat
loop: 250, time: 0.147718, dt: 0.00060968, num: 500
write results/00249.dat
loop: 251, time: 0.148328, dt: 0.00060964, num: 500
write results/00250.dat
loop: 252, time: 0.148937, dt: 0.000609863, num: 500
write results/00251.dat
loop: 253, time: 0.149547, dt: 0.000610025, num: 500
write results/00252.dat
loop: 254, time: 0.150157, dt: 0.000609946, num: 500
write results/00253.dat
loop: 255, time: 0.150767, dt: 0.000610075, num: 500
write results/00254.dat
loop: 256, time: 0.151378, dt: 0.000610378, num: 500
write results/00255.dat
loop: 257, time: 0.151988, dt: 0.000610269, num: 500
write results/00256.dat
loop: 258, time: 0.152598, dt: 0.000610204, num: 500
write results/00257.dat
loop: 259, time: 0.153209, dt: 0.000610651, num: 500
write results/00258.dat
loop: 260, time: 0.15382, dt: 0.000610591, num: 500
write results/00259.dat
loop: 261, time: 0.15443, dt: 0.000610585, num: 500
write results/00260.dat
loop: 262, time: 0.155041, dt: 0.000610814, num: 500
write results/00261.dat
loop: 263, time: 0.155652, dt: 0.00061091, num: 500
write results/00262.dat
loop: 264, time: 0.156263, dt: 0.000610867, num: 500
write results/00263.dat
loop: 265, time: 0.156874, dt: 0.000611008, num: 500
write results/00264.dat
loop: 266, time: 0.157485, dt: 0.000611238, num: 500
write results/00265.dat
loop: 267, time: 0.158096, dt: 0.000611165, num: 500
write results/00266.dat
loop: 268, time: 0.158707, dt: 0.000611233, num: 500
write results/00267.dat
loop: 269, time: 0.159319, dt: 0.000611533, num: 500
write results/00268.dat
loop: 270, time: 0.15993, dt: 0.000611462, num: 500
write results/00269.dat
loop: 271, time: 0.160542, dt: 0.000611477, num: 500
write results/00270.dat
loop: 272, time: 0.161154, dt: 0.000611684, num: 500
write results/00271.dat
loop: 273, time: 0.161765, dt: 0.000611758, num: 500
write results/00272.dat
loop: 274, time: 0.162377, dt: 0.000611738, num: 500
write results/00273.dat
loop: 275, time: 0.162989, dt: 0.000611867, num: 500
write results/00274.dat
loop: 276, time: 0.163601, dt: 0.000612062, num: 500
write results/00275.dat
loop: 277, time: 0.164213, dt: 0.000612016, num: 500
write results/00276.dat
loop: 278, time: 0.164825, dt: 0.000612078, num: 500
write results/00277.dat
loop: 279, time: 0.165437, dt: 0.00061232, num: 500
write results/00278.dat
loop: 280, time: 0.16605, dt: 0.000612285, num: 500
write results/00279.dat
loop: 281, time: 0.166662, dt: 0.000612306, num: 500
write results/00280.dat
loop: 282, time: 0.167274, dt: 0.000612466, num: 500
write results/00281.dat
loop: 283, time: 0.167887, dt: 0.000612559, num: 500
write results/00282.dat
loop: 284, time: 0.1685, dt: 0.00061255, num: 500
write results/00283.dat
loop: 285, time: 0.169112, dt: 0.000612643, num: 500
write results/00284.dat
loop: 286, time: 0.169725, dt: 0.000612841, num: 500
write results/00285.dat
loop: 287, time: 0.170338, dt: 0.000612797, num: 500
write results/00286.dat
loop: 288, time: 0.170951, dt: 0.000612842, num: 500
write results/00287.dat
loop: 289, time: 0.171564, dt: 0.000613002, num: 500
write results/00288.dat
loop: 290, time: 0.172177, dt: 0.000613043, num: 500
write results/00289.dat
loop: 291, time: 0.17279, dt: 0.000613058, num: 500
write results/00290.dat
loop: 292, time: 0.173403, dt: 0.000613151, num: 500
write results/00291.dat
loop: 293, time: 0.174016, dt: 0.000613297, num: 500
write results/00292.dat
loop: 294, time: 0.174629, dt: 0.000613274, num: 500
write results/00293.dat
loop: 295, time: 0.175243, dt: 0.000613324, num: 500
write results/00294.dat
loop: 296, time: 0.175856, dt: 0.000613445, num: 500
write results/00295.dat
loop: 297, time: 0.17647, dt: 0.000613493, num: 500
write results/00296.dat
loop: 298, time: 0.177083, dt: 0.000613509, num: 500
write results/00297.dat
loop: 299, time: 0.177697, dt: 0.000613576, num: 500
write results/00298.dat
loop: 300, time: 0.178311, dt: 0.000613686, num: 500
write results/00299.dat
loop: 301, time: 0.178924, dt: 0.000613691, num: 500
write results/00300.dat
loop: 302, time: 0.179538, dt: 0.000613716, num: 500
write results/00301.dat
loop: 303, time: 0.180152, dt: 0.000613772, num: 500
write results/00302.dat
loop: 304, time: 0.180766, dt: 0.000613829, num: 500
write results/00303.dat
loop: 305, time: 0.181379, dt: 0.000613853, num: 500
write results/00304.dat
loop: 306, time: 0.181993, dt: 0.000613823, num: 500
write results/00305.dat
loop: 307, time: 0.182607, dt: 0.000613536, num: 500
write results/00306.dat
loop: 308, time: 0.18322, dt: 0.000613629, num: 500
write results/00307.dat
loop: 309, time: 0.183834, dt: 0.000613585, num: 500
write results/00308.dat
loop: 310, time: 0.184448, dt: 0.000613569, num: 500
write results/00309.dat
loop: 311, time: 0.185061, dt: 0.000613425, num: 500
write results/00310.dat
loop: 312, time: 0.185674, dt: 0.000613344, num: 500
write results/00311.dat
loop: 313, time: 0.186288, dt: 0.000613413, num: 500
write results/00312.dat
loop: 314, time: 0.186901, dt: 0.000612993, num: 500
write results/00313.dat
loop: 315, time: 0.187514, dt: 0.000613158, num: 500
write results/00314.dat
loop: 316, time: 0.188127, dt: 0.00061323, num: 500
write results/00315.dat
loop: 317, time: 0.18874, dt: 0.000612588, num: 500
write results/00316.dat
loop: 318, time: 0.189353, dt: 0.000613019, num: 500
write results/00317.dat
loop: 319, time: 0.189966, dt: 0.00061304, num: 500
write results/00318.dat
loop: 320, time: 0.190579, dt: 0.000613084, num: 500
write results/00319.dat
loop: 321, time: 0.191192, dt: 0.000612916, num: 500
write results/00320.dat
loop: 322, time: 0.191805, dt: 0.000612882, num: 500
write results/00321.dat
loop: 323, time: 0.192418, dt: 0.000612988, num: 500
write results/00322.dat
loop: 324, time: 0.19303, dt: 0.000612537, num: 500
write results/00323.dat
loop: 325, time: 0.193643, dt: 0.000612763, num: 500
write results/00324.dat
loop: 326, time: 0.194256, dt: 0.000612923, num: 500
write results/00325.dat
loop: 327, time: 0.194868, dt: 0.000612186, num: 500
write results/00326.dat
loop: 328, time: 0.195481, dt: 0.000612678, num: 500
write results/00327.dat
loop: 329, time: 0.196093, dt: 0.000612799, num: 500
write results/00328.dat
loop: 330, time: 0.196706, dt: 0.00061279, num: 500
write results/00329.dat
loop: 331, time: 0.197319, dt: 0.000612624, num: 500
write results/00330.dat
loop: 332, time: 0.197932, dt: 0.000612674, num: 500
write results/00331.dat
loop: 333, time: 0.198544, dt: 0.000612782, num: 500
write results/00332.dat
loop: 334, time: 0.199157, dt: 0.00061246, num: 500
write results/00333.dat
loop: 335, time: 0.199769, dt: 0.000612579, num: 500
write results/00334.dat
loop: 336, time: 0.200382, dt: 0.000612747, num: 500
write results/00335.dat
loop: 337, time: 0.200994, dt: 0.000612117, num: 500
write results/00336.dat
loop: 338, time: 0.201607, dt: 0.000612517, num: 500
write results/00337.dat
loop: 339, time: 0.20222, dt: 0.000612722, num: 500
write results/00338.dat
loop: 340, time: 0.202832, dt: 0.000612605, num: 500
write results/00339.dat
loop: 341, time: 0.203445, dt: 0.000612484, num: 500
write results/00340.dat
loop: 342, time: 0.204057, dt: 0.00061264, num: 500
write results/00341.dat
loop: 343, time: 0.20467, dt: 0.000612638, num: 500
write results/00342.dat
loop: 344, time: 0.205282, dt: 0.000612477, num: 500
write results/00343.dat
loop: 345, time: 0.205895, dt: 0.000612554, num: 500
write results/00344.dat
loop: 346, time: 0.206508, dt: 0.000612674, num: 500
write results/00345.dat
loop: 347, time: 0.20712, dt: 0.00061229, num: 500
write results/00346.dat
loop: 348, time: 0.207732, dt: 0.000612496, num: 500
write results/00347.dat
loop: 349, time: 0.208345, dt: 0.000612704, num: 500
write results/00348.dat
loop: 350, time: 0.208957, dt: 0.000611983, num: 500
write results/00349.dat
loop: 351, time: 0.20957, dt: 0.000612468, num: 500
write results/00350.dat
loop: 352, time: 0.210182, dt: 0.000612706, num: 500
write results/00351.dat
loop: 353, time: 0.210795, dt: 0.000612573, num: 500
write results/00352.dat
loop: 354, time: 0.211407, dt: 0.000612467, num: 500
write results/00353.dat
loop: 355, time: 0.21202, dt: 0.000612654, num: 500
write results/00354.dat
loop: 356, time: 0.212633, dt: 0.000612641, num: 500
write results/00355.dat
loop: 357, time: 0.213245, dt: 0.00061249, num: 500
write results/00356.dat
loop: 358, time: 0.213858, dt: 0.000612594, num: 500
write results/00357.dat
loop: 359, time: 0.21447, dt: 0.000612705, num: 500
write results/00358.dat
loop: 360, time: 0.215083, dt: 0.000612323, num: 500
write results/00359.dat
loop: 361, time: 0.215695, dt: 0.000612561, num: 500
write results/00360.dat
loop: 362, time: 0.216308, dt: 0.000612782, num: 500
write results/00361.dat
loop: 363, time: 0.21692, dt: 0.000612041, num: 500
write results/00362.dat
loop: 364, time: 0.217533, dt: 0.000612556, num: 500
write results/00363.dat
loop: 365, time: 0.218145, dt: 0.000612818, num: 500
write results/00364.dat
loop: 366, time: 0.218758, dt: 0.000612662, num: 500
write results/00365.dat
loop: 367, time: 0.219371, dt: 0.000612576, num: 500
write results/00366.dat
loop: 368, time: 0.219983, dt: 0.000612793, num: 500
write results/00367.dat
loop: 369, time: 0.220596, dt: 0.000612754, num: 500
write results/00368.dat
loop: 370, time: 0.221209, dt: 0.000612619, num: 500
write results/00369.dat
loop: 371, time: 0.221822, dt: 0.000612751, num: 500
write results/00370.dat
loop: 372, time: 0.222434, dt: 0.000612839, num: 500
write results/00371.dat
loop: 373, time: 0.223047, dt: 0.000612502, num: 500
write results/00372.dat
loop: 374, time: 0.22366, dt: 0.000612735, num: 500
write results/00373.dat
loop: 375, time: 0.224273, dt: 0.000612934, num: 500
write results/00374.dat
loop: 376, time: 0.224885, dt: 0.00061224, num: 500
write results/00375.dat
loop: 377, time: 0.225498, dt: 0.000612745, num: 500
write results/00376.dat
loop: 378, time: 0.226111, dt: 0.000613027, num: 500
write results/00377.dat
loop: 379, time: 0.226723, dt: 0.000612842, num: 500
write results/00378.dat
loop: 380, time: 0.227336, dt: 0.000612779, num: 500
write results/00379.dat
loop: 381, time: 0.227949, dt: 0.000613019, num: 500
write results/00380.dat
loop: 382, time: 0.228562, dt: 0.000612949, num: 500
write results/00381.dat
loop: 383, time: 0.229175, dt: 0.000612837, num: 500
write results/00382.dat
loop: 384, time: 0.229788, dt: 0.000612999, num: 500
write results/00383.dat
loop: 385, time: 0.230401, dt: 0.000613052, num: 500
write results/00384.dat
loop: 386, time: 0.231014, dt: 0.000612801, num: 500
write results/00385.dat
loop: 387, time: 0.231627, dt: 0.000612997, num: 500
write results/00386.dat
loop: 388, time: 0.23224, dt: 0.000613161, num: 500
write results/00387.dat
loop: 389, time: 0.232853, dt: 0.000612555, num: 500
write results/00388.dat
loop: 390, time: 0.233466, dt: 0.000613019, num: 500
write results/00389.dat
loop: 391, time: 0.234079, dt: 0.00061328, num: 500
write results/00390.dat
loop: 392, time: 0.234692, dt: 0.000613098, num: 500
write results/00391.dat
loop: 393, time: 0.235305, dt: 0.000613064, num: 500
write results/00392.dat
loop: 394, time: 0.235918, dt: 0.000613322, num: 500
write results/00393.dat
loop: 395, time: 0.236532, dt: 0.000613215, num: 500
write results/00394.dat
loop: 396, time: 0.237145, dt: 0.000613131, num: 500
write results/00395.dat
loop: 397, time: 0.237758, dt: 0.000613328, num: 500
write results/00396.dat
loop: 398, time: 0.238371, dt: 0.000613335, num: 500
write results/00397.dat
loop: 399, time: 0.238985, dt: 0.000613198, num: 500
write results/00398.dat
loop: 400, time: 0.239598, dt: 0.000613335, num: 500
write results/00399.dat
loop: 401, time: 0.240211, dt: 0.000613454, num: 500
write results/00400.dat
loop: 402, time: 0.240824, dt: 0.000612966, num: 500
write results/00401.dat
loop: 403, time: 0.241438, dt: 0.000613367, num: 500
write results/00402.dat
loop: 404, time: 0.242051, dt: 0.000613583, num: 500
write results/00403.dat
loop: 405, time: 0.242665, dt: 0.000613422, num: 500
write results/00404.dat
loop: 406, time: 0.243278, dt: 0.00061342, num: 500
write results/00405.dat
loop: 407, time: 0.243892, dt: 0.000613693, num: 500
write results/00406.dat
loop: 408, time: 0.244505, dt: 0.000613546, num: 500
write results/00407.dat
loop: 409, time: 0.245119, dt: 0.000613494, num: 500
write results/00408.dat
loop: 410, time: 0.245733, dt: 0.000613722, num: 500
write results/00409.dat
loop: 411, time: 0.246346, dt: 0.00061368, num: 500
write results/00410.dat
loop: 412, time: 0.24696, dt: 0.000613586, num: 500
write results/00411.dat
loop: 413, time: 0.247574, dt: 0.000613737, num: 500
write results/00412.dat
loop: 414, time: 0.248187, dt: 0.000613807, num: 500
write results/00413.dat
loop: 415, time: 0.248801, dt: 0.00061344, num: 500
write results/00414.dat
loop: 416, time: 0.249415, dt: 0.000613774, num: 500
write results/00415.dat
loop: 417, time: 0.250029, dt: 0.000613942, num: 500
write results/00416.dat
loop: 418, time: 0.250642, dt: 0.000613804, num: 500
write results/00417.dat
loop: 419, time: 0.251256, dt: 0.000613833, num: 500
write results/00418.dat
loop: 420, time: 0.25187, dt: 0.000614085, num: 500
write results/00419.dat
loop: 421, time: 0.252484, dt: 0.000613932, num: 500
write results/00420.dat
loop: 422, time: 0.253098, dt: 0.000613911, num: 500
write results/00421.dat
loop: 423, time: 0.253712, dt: 0.000614155, num: 500
write results/00422.dat
loop: 424, time: 0.254326, dt: 0.000614072, num: 500
write results/00423.dat
loop: 425, time: 0.25494, dt: 0.000614007, num: 500
write results/00424.dat
loop: 426, time: 0.255555, dt: 0.000614185, num: 500
write results/00425.dat
loop: 427, time: 0.256169, dt: 0.000614209, num: 500
write results/00426.dat
loop: 428, time: 0.256783, dt: 0.000613951, num: 500
write results/00427.dat
loop: 429, time: 0.257397, dt: 0.000614226, num: 500
write results/00428.dat
loop: 430, time: 0.258011, dt: 0.000614347, num: 500
write results/00429.dat
loop: 431, time: 0.258625, dt: 0.000613786, num: 500
write results/00430.dat
loop: 432, time: 0.259239, dt: 0.000614288, num: 500
write results/00431.dat
loop: 433, time: 0.259854, dt: 0.000614493, num: 500
write results/00432.dat
loop: 434, time: 0.260468, dt: 0.000614363, num: 500
write results/00433.dat
loop: 435, time: 0.261083, dt: 0.000614368, num: 500
write results/00434.dat
loop: 436, time: 0.261697, dt: 0.000614616, num: 500
write results/00435.dat
loop: 437, time: 0.262312, dt: 0.000614505, num: 500
write results/00436.dat
loop: 438, time: 0.262926, dt: 0.000614467, num: 500
write results/00437.dat
loop: 439, time: 0.263541, dt: 0.000614662, num: 500
write results/00438.dat
loop: 440, time: 0.264155, dt: 0.000614648, num: 500
write results/00439.dat
loop: 441, time: 0.26477, dt: 0.000614475, num: 500
write results/00440.dat
loop: 442, time: 0.265385, dt: 0.000614708, num: 500
write results/00441.dat
loop: 443, time: 0.265999, dt: 0.000614789, num: 500
write results/00442.dat
loop: 444, time: 0.266614, dt: 0.000614321, num: 500
write results/00443.dat
loop: 445, time: 0.267229, dt: 0.000614772, num: 500
write results/00444.dat
loop: 446, time: 0.267843, dt: 0.000614936, num: 500
write results/00445.dat
loop: 447, time: 0.268458, dt: 0.000614829, num: 500
write results/00446.dat
loop: 448, time: 0.269073, dt: 0.000614854, num: 500
write results/00447.dat
loop: 449, time: 0.269688, dt: 0.00061509, num: 500
write results/00448.dat
loop: 450, time: 0.270303, dt: 0.00061497, num: 500
write results/00449.dat
loop: 451, time: 0.270918, dt: 0.000614954, num: 500
write results/00450.dat
loop: 452, time: 0.271533, dt: 0.000615155, num: 500
write results/00451.dat
loop: 453, time: 0.272148, dt: 0.000615116, num: 500
write results/00452.dat
loop: 454, time: 0.272763, dt: 0.00061499, num: 500
write results/00453.dat
loop: 455, time: 0.273379, dt: 0.000615205, num: 500
write results/00454.dat
loop: 456, time: 0.273994, dt: 0.000615258, num: 500
write results/00455.dat
loop: 457, time: 0.274609, dt: 0.00061485, num: 500
write results/00456.dat
loop: 458, time: 0.275224, dt: 0.000615273, num: 500
write results/00457.dat
loop: 459, time: 0.275839, dt: 0.000615405, num: 500
write results/00458.dat
loop: 460, time: 0.276455, dt: 0.000615318, num: 500
write results/00459.dat
loop: 461, time: 0.27707, dt: 0.000615357, num: 500
write results/00460.dat
loop: 462, time: 0.277686, dt: 0.000615559, num: 500
write results/00461.dat
loop: 463, time: 0.278301, dt: 0.000615459, num: 500
write results/00462.dat
loop: 464, time: 0.278917, dt: 0.000615457, num: 500
write results/00463.dat
loop: 465, time: 0.279532, dt: 0.000615654, num: 500
write results/00464.dat
loop: 466, time: 0.280148, dt: 0.000615605, num: 500
write results/00465.dat
loop: 467, time: 0.280763, dt: 0.000615481, num: 500
write results/00466.dat
loop: 468, time: 0.281379, dt: 0.000615708, num: 500
write results/00467.dat
loop: 469, time: 0.281995, dt: 0.000615746, num: 500
write results/00468.dat
loop: 470, time: 0.28261, dt: 0.000615692, num: 500
write results/00469.dat
loop: 471, time: 0.283226, dt: 0.000615779, num: 500
write results/00470.dat
loop: 472, time: 0.283842, dt: 0.000615891, num: 500
write results/00471.dat
loop: 473, time: 0.284458, dt: 0.000615822, num: 500
write results/00472.dat
loop: 474, time: 0.285074, dt: 0.000615866, num: 500
write results/00473.dat
loop: 475, time: 0.28569, dt: 0.000616043, num: 500
write results/00474.dat
loop: 476, time: 0.286306, dt: 0.000615961, num: 500
write results/00475.dat
loop: 477, time: 0.286922, dt: 0.000615968, num: 500
write results/00476.dat
loop: 478, time: 0.287538, dt: 0.000616148, num: 500
write results/00477.dat
loop: 479, time: 0.288154, dt: 0.000616104, num: 500
write results/00478.dat
loop: 480, time: 0.28877, dt: 0.00061594, num: 500
write results/00479.dat
loop: 481, time: 0.289386, dt: 0.000616208, num: 500
write results/00480.dat
loop: 482, time: 0.290002, dt: 0.000616244, num: 500
write results/00481.dat
loop: 483, time: 0.290619, dt: 0.000616202, num: 500
write results/00482.dat
loop: 484, time: 0.291235, dt: 0.000616283, num: 500
write results/00483.dat
loop: 485, time: 0.291851, dt: 0.000616387, num: 500
write results/00484.dat
loop: 486, time: 0.292468, dt: 0.000616332, num: 500
write results/00485.dat
loop: 487, time: 0.293084, dt: 0.000616374, num: 500
write results/00486.dat
loop: 488, time: 0.293701, dt: 0.000616537, num: 500
write results/00487.dat
loop: 489, time: 0.294317, dt: 0.00061647, num: 500
write results/00488.dat
loop: 490, time: 0.294933, dt: 0.000616475, num: 500
write results/00489.dat
loop: 491, time: 0.29555, dt: 0.000616631, num: 500
write results/00490.dat
loop: 492, time: 0.296167, dt: 0.000616607, num: 500
write results/00491.dat
loop: 493, time: 0.296783, dt: 0.000616591, num: 500
write results/00492.dat
loop: 494, time: 0.2974, dt: 0.000616697, num: 500
write results/00493.dat
loop: 495, time: 0.298017, dt: 0.000616744, num: 500
write results/00494.dat
loop: 496, time: 0.298633, dt: 0.000616712, num: 500
write results/00495.dat
loop: 497, time: 0.29925, dt: 0.000616778, num: 500
write results/00496.dat
loop: 498, time: 0.299867, dt: 0.000616886, num: 500
write results/00497.dat
loop: 499, time: 0.300484, dt: 0.000616841, num: 500
write results/00498.dat
loop: 500, time: 0.301101, dt: 0.000616873, num: 500
write results/00499.dat
loop: 501, time: 0.301718, dt: 0.000617033, num: 500
write results/00500.dat
loop: 502, time: 0.302335, dt: 0.000616976, num: 500
write results/00501.dat
loop: 503, time: 0.302952, dt: 0.000616979, num: 500
write results/00502.dat
loop: 504, time: 0.303569, dt: 0.000617096, num: 500
write results/00503.dat
loop: 505, time: 0.304186, dt: 0.000617107, num: 500
write results/00504.dat
loop: 506, time: 0.304803, dt: 0.000617093, num: 500
write results/00505.dat
loop: 507, time: 0.30542, dt: 0.00061717, num: 500
write results/00506.dat
loop: 508, time: 0.306038, dt: 0.000617241, num: 500
write results/00507.dat
loop: 509, time: 0.306655, dt: 0.000617214, num: 500
write results/00508.dat
loop: 510, time: 0.307272, dt: 0.000617258, num: 500
write results/00509.dat
loop: 511, time: 0.307889, dt: 0.000617381, num: 500
write results/00510.dat
loop: 512, time: 0.308507, dt: 0.000617343, num: 500
write results/00511.dat
loop: 513, time: 0.309124, dt: 0.000617358, num: 500
write results/00512.dat
loop: 514, time: 0.309742, dt: 0.000617469, num: 500
write results/00513.dat
loop: 515, time: 0.310359, dt: 0.000617467, num: 500
write results/00514.dat
loop: 516, time: 0.310977, dt: 0.000617465, num: 500
write results/00515.dat
loop: 517, time: 0.311594, dt: 0.000617539, num: 500
write results/00516.dat
loop: 518, time: 0.312212, dt: 0.000617595, num: 500
write results/00517.dat
loop: 519, time: 0.312829, dt: 0.00061758, num: 500
write results/00518.dat
loop: 520, time: 0.313447, dt: 0.000617622, num: 500
write results/00519.dat
loop: 521, time: 0.314065, dt: 0.000617727, num: 500
write results/00520.dat
loop: 522, time: 0.314682, dt: 0.000617699, num: 500
write results/00521.dat
loop: 523, time: 0.3153, dt: 0.000617717, num: 500
write results/00522.dat
loop: 524, time: 0.315918, dt: 0.000617807, num: 500
write results/00523.dat
loop: 525, time: 0.316536, dt: 0.000617816, num: 500
write results/00524.dat
loop: 526, time: 0.317153, dt: 0.000617819, num: 500
write results/00525.dat
loop: 527, time: 0.317771, dt: 0.000617876, num: 500
write results/00526.dat
loop: 528, time: 0.318389, dt: 0.000617938, num: 500
write results/00527.dat
loop: 529, time: 0.319007, dt: 0.000617929, num: 500
write results/00528.dat
loop: 530, time: 0.319625, dt: 0.000617958, num: 500
write results/00529.dat
loop: 531, time: 0.320243, dt: 0.000618047, num: 500
write results/00530.dat
loop: 532, time: 0.320861, dt: 0.000618036, num: 500
write results/00531.dat
loop: 533, time: 0.321479, dt: 0.000618049, num: 500
write results/00532.dat
loop: 534, time: 0.322097, dt: 0.000618104, num: 500
write results/00533.dat
loop: 535, time: 0.322716, dt: 0.000618146, num: 500
write results/00534.dat
loop: 536, time: 0.323334, dt: 0.000618145, num: 500
write results/00535.dat
loop: 537, time: 0.323952, dt: 0.000618175, num: 500
write results/00536.dat
loop: 538, time: 0.32457, dt: 0.000618241, num: 500
write results/00537.dat
loop: 539, time: 0.325188, dt: 0.00061824, num: 500
write results/00538.dat
loop: 540, time: 0.325807, dt: 0.000618255, num: 500
write results/00539.dat
loop: 541, time: 0.326425, dt: 0.000618289, num: 500
write results/00540.dat
loop: 542, time: 0.327043, dt: 0.00061834, num: 500
write results/00541.dat
loop: 543, time: 0.327662, dt: 0.000618332, num: 500
write results/00542.dat
loop: 544, time: 0.32828, dt: 0.000618346, num: 500
write results/00543.dat
loop: 545, time: 0.328898, dt: 0.000618371, num: 500
write results/00544.dat
loop: 546, time: 0.329517, dt: 0.000618395, num: 500
write results/00545.dat
loop: 547, time: 0.330135, dt: 0.000618402, num: 500
write results/00546.dat
loop: 548, time: 0.330753, dt: 0.000618362, num: 500
write results/00547.dat
loop: 549, time: 0.331372, dt: 0.00061837, num: 500
write results/00548.dat
loop: 550, time: 0.33199, dt: 0.000618361, num: 500
write results/00549.dat
loop: 551, time: 0.332608, dt: 0.000618322, num: 500
write results/00550.dat
loop: 552, time: 0.333227, dt: 0.000618269, num: 500
write results/00551.dat
loop: 553, time: 0.333845, dt: 0.000618238, num: 500
write results/00552.dat
loop: 554, time: 0.334463, dt: 0.000618264, num: 500
write results/00553.dat
loop: 555, time: 0.335081, dt: 0.000618039, num: 500
write results/00554.dat
loop: 556, time: 0.335699, dt: 0.000618141, num: 500
write results/00555.dat
loop: 557, time: 0.336318, dt: 0.000618166, num: 500
write results/00556.dat
loop: 558, time: 0.336936, dt: 0.000618144, num: 500
write results/00557.dat
loop: 559, time: 0.337554, dt: 0.000618069, num: 500
write results/00558.dat
loop: 560, time: 0.338172, dt: 0.000618067, num: 500
write results/00559.dat
loop: 561, time: 0.33879, dt: 0.000618102, num: 500
write results/00560.dat
loop: 562, time: 0.339408, dt: 0.000617966, num: 500
write results/00561.dat
loop: 563, time: 0.340026, dt: 0.000617988, num: 500
write results/00562.dat
loop: 564, time: 0.340644, dt: 0.000618054, num: 500
write results/00563.dat
loop: 565, time: 0.341262, dt: 0.000617769, num: 500
write results/00564.dat
loop: 566, time: 0.34188, dt: 0.000617929, num: 500
write results/00565.dat
loop: 567, time: 0.342498, dt: 0.000617999, num: 500
write results/00566.dat
loop: 568, time: 0.343116, dt: 0.000617961, num: 500
write results/00567.dat
loop: 569, time: 0.343734, dt: 0.000617888, num: 500
write results/00568.dat
loop: 570, time: 0.344351, dt: 0.000617931, num: 500
write results/00569.dat
loop: 571, time: 0.344969, dt: 0.000617948, num: 500
write results/00570.dat
loop: 572, time: 0.345587, dt: 0.000617861, num: 500
write results/00571.dat
loop: 573, time: 0.346205, dt: 0.000617872, num: 500
write results/00572.dat
loop: 574, time: 0.346823, dt: 0.00061794, num: 500
write results/00573.dat
loop: 575, time: 0.347441, dt: 0.000617725, num: 500
write results/00574.dat
loop: 576, time: 0.348059, dt: 0.000617828, num: 500
write results/00575.dat
loop: 577, time: 0.348677, dt: 0.000617924, num: 500
write results/00576.dat
loop: 578, time: 0.349294, dt: 0.000617563, num: 500
write results/00577.dat
loop: 579, time: 0.349912, dt: 0.0006178, num: 500
write results/00578.dat
loop: 580, time: 0.35053, dt: 0.0006179, num: 500
write results/00579.dat
loop: 581, time: 0.351148, dt: 0.000617853, num: 500
write results/00580.dat
loop: 582, time: 0.351765, dt: 0.000617786, num: 500
write results/00581.dat
loop: 583, time: 0.352383, dt: 0.000617857, num: 500
write results/00582.dat
loop: 584, time: 0.353001, dt: 0.000617868, num: 500
write results/00583.dat
loop: 585, time: 0.353619, dt: 0.000617784, num: 500
write results/00584.dat
loop: 586, time: 0.354237, dt: 0.000617819, num: 500
write results/00585.dat
loop: 587, time: 0.354855, dt: 0.000617886, num: 500
write results/00586.dat
loop: 588, time: 0.355472, dt: 0.000617679, num: 500
write results/00587.dat
loop: 589, time: 0.35609, dt: 0.000617794, num: 500
write results/00588.dat
loop: 590, time: 0.356708, dt: 0.000617906, num: 500
write results/00589.dat
loop: 591, time: 0.357326, dt: 0.000617534, num: 500
write results/00590.dat
loop: 592, time: 0.357943, dt: 0.000617783, num: 500
write results/00591.dat
loop: 593, time: 0.358561, dt: 0.000617909, num: 500
write results/00592.dat
loop: 594, time: 0.359179, dt: 0.000617836, num: 500
write results/00593.dat
loop: 595, time: 0.359797, dt: 0.000617785, num: 500
write results/00594.dat
loop: 596, time: 0.360415, dt: 0.00061789, num: 500
write results/00595.dat
loop: 597, time: 0.361033, dt: 0.000617872, num: 500
write results/00596.dat
loop: 598, time: 0.36165, dt: 0.000617799, num: 500
write results/00597.dat
loop: 599, time: 0.362268, dt: 0.000617864, num: 500
write results/00598.dat
loop: 600, time: 0.362886, dt: 0.000617907, num: 500
write results/00599.dat
loop: 601, time: 0.363504, dt: 0.000617766, num: 500
write results/00600.dat
loop: 602, time: 0.364122, dt: 0.000617851, num: 500
write results/00601.dat
loop: 603, time: 0.36474, dt: 0.000617947, num: 500
write results/00602.dat
loop: 604, time: 0.365357, dt: 0.000617629, num: 500
write results/00603.dat
loop: 605, time: 0.365975, dt: 0.000617851, num: 500
write results/00604.dat
loop: 606, time: 0.366593, dt: 0.000617994, num: 500
write results/00605.dat
loop: 607, time: 0.367211, dt: 0.000617891, num: 500
write results/00606.dat
loop: 608, time: 0.367829, dt: 0.000617863, num: 500
write results/00607.dat
loop: 609, time: 0.368447, dt: 0.000617992, num: 500
write results/00608.dat
loop: 610, time: 0.369065, dt: 0.000617938, num: 500
write results/00609.dat
loop: 611, time: 0.369683, dt: 0.000617886, num: 500
write results/00610.dat
loop: 612, time: 0.370301, dt: 0.000617985, num: 500
write results/00611.dat
loop: 613, time: 0.370919, dt: 0.000617987, num: 500
write results/00612.dat
loop: 614, time: 0.371537, dt: 0.000617917, num: 500
write results/00613.dat
loop: 615, time: 0.372155, dt: 0.000617977, num: 500
write results/00614.dat
loop: 616, time: 0.372773, dt: 0.000618033, num: 500
write results/00615.dat
loop: 617, time: 0.373391, dt: 0.000617807, num: 500
write results/00616.dat
loop: 618, time: 0.374008, dt: 0.000617976, num: 500
write results/00617.dat
loop: 619, time: 0.374627, dt: 0.000618075, num: 500
write results/00618.dat
loop: 620, time: 0.375244, dt: 0.00061768, num: 500
write results/00619.dat
loop: 621, time: 0.375862, dt: 0.000617975, num: 500
write results/00620.dat
loop: 622, time: 0.37648, dt: 0.000618088, num: 500
write results/00621.dat
loop: 623, time: 0.377098, dt: 0.000617998, num: 500
write results/00622.dat
loop: 624, time: 0.377716, dt: 0.000617961, num: 500
write results/00623.dat
loop: 625, time: 0.378334, dt: 0.00061803, num: 500
write results/00624.dat
loop: 626, time: 0.378952, dt: 0.000617979, num: 500
write results/00625.dat
loop: 627, time: 0.37957, dt: 0.00061791, num: 500
write results/00626.dat
loop: 628, time: 0.380188, dt: 0.000617855, num: 500
write results/00627.dat
loop: 629, time: 0.380806, dt: 0.000617844, num: 500
write results/00628.dat
loop: 630, time: 0.381424, dt: 0.000617652, num: 500
write results/00629.dat
loop: 631, time: 0.382041, dt: 0.00061752, num: 500
write results/00630.dat
loop: 632, time: 0.382658, dt: 0.000617385, num: 500
write results/00631.dat
loop: 633, time: 0.383276, dt: 0.000617139, num: 500
write results/00632.dat
loop: 634, time: 0.383893, dt: 0.000616946, num: 500
write results/00633.dat
loop: 635, time: 0.384509, dt: 0.000616608, num: 500
write results/00634.dat
loop: 636, time: 0.385125, dt: 0.000616224, num: 500
write results/00635.dat
loop: 637, time: 0.385741, dt: 0.000615539, num: 500
write results/00636.dat
loop: 638, time: 0.386356, dt: 0.000614858, num: 500
write results/00637.dat
loop: 639, time: 0.38697, dt: 0.000614182, num: 500
write results/00638.dat
loop: 640, time: 0.387583, dt: 0.000613514, num: 500
write results/00639.dat
loop: 641, time: 0.388196, dt: 0.000612853, num: 500
write results/00640.dat
loop: 642, time: 0.388809, dt: 0.000612201, num: 500
write results/00641.dat
loop: 643, time: 0.38942, dt: 0.000611559, num: 500
write results/00642.dat
loop: 644, time: 0.390031, dt: 0.000610928, num: 500
write results/00643.dat
loop: 645, time: 0.390641, dt: 0.000610206, num: 500
write results/00644.dat
loop: 646, time: 0.391251, dt: 0.000609614, num: 500
write results/00645.dat
loop: 647, time: 0.39186, dt: 0.000609034, num: 500
write results/00646.dat
loop: 648, time: 0.392468, dt: 0.000608466, num: 500
write results/00647.dat
loop: 649, time: 0.393076, dt: 0.000607911, num: 500
write results/00648.dat
loop: 650, time: 0.393684, dt: 0.000607372, num: 500
write results/00649.dat
loop: 651, time: 0.39429, dt: 0.000606852, num: 500
write results/00650.dat
loop: 652, time: 0.394897, dt: 0.000606355, num: 500
write results/00651.dat
loop: 653, time: 0.395503, dt: 0.00060589, num: 500
write results/00652.dat
loop: 654, time: 0.396108, dt: 0.000605467, num: 500
write results/00653.dat
loop: 655, time: 0.396713, dt: 0.000605099, num: 500
write results/00654.dat
loop: 656, time: 0.397318, dt: 0.000604806, num: 500
write results/00655.dat
loop: 657, time: 0.397923, dt: 0.000604606, num: 500
write results/00656.dat
loop: 658, time: 0.398527, dt: 0.000604523, num: 500
write results/00657.dat
loop: 659, time: 0.399132, dt: 0.000604578, num: 500
write results/00658.dat
loop: 660, time: 0.399737, dt: 0.000604788, num: 500
write results/00659.dat
loop: 661, time: 0.400342, dt: 0.000605171, num: 500
write results/00660.dat
loop: 662, time: 0.400947, dt: 0.00060567, num: 500
write results/00661.dat
loop: 663, time: 0.401553, dt: 0.000605909, num: 500
write results/00662.dat
loop: 664, time: 0.40216, dt: 0.000606292, num: 500
write results/00663.dat
loop: 665, time: 0.402766, dt: 0.000606452, num: 500
write results/00664.dat
loop: 666, time: 0.403373, dt: 0.000606599, num: 500
write results/00665.dat
loop: 667, time: 0.40398, dt: 0.000606864, num: 500
write results/00666.dat
loop: 668, time: 0.404587, dt: 0.000607251, num: 500
write results/00667.dat
loop: 669, time: 0.405195, dt: 0.000607754, num: 500
write results/00668.dat
loop: 670, time: 0.405803, dt: 0.000608353, num: 500
write results/00669.dat
loop: 671, time: 0.406412, dt: 0.000609016, num: 500
write results/00670.dat
loop: 672, time: 0.407022, dt: 0.000609703, num: 500
write results/00671.dat
loop: 673, time: 0.407632, dt: 0.000610303, num: 500
write results/00672.dat
loop: 674, time: 0.408243, dt: 0.000610977, num: 500
write results/00673.dat
loop: 675, time: 0.408854, dt: 0.000611605, num: 500
write results/00674.dat
loop: 676, time: 0.409467, dt: 0.000612195, num: 500
write results/00675.dat
loop: 677, time: 0.41008, dt: 0.000612839, num: 500
write results/00676.dat
loop: 678, time: 0.410693, dt: 0.000613618, num: 500
write results/00677.dat
loop: 679, time: 0.411308, dt: 0.000614615, num: 500
write results/00678.dat
loop: 680, time: 0.411924, dt: 0.000615889, num: 500
write results/00679.dat
loop: 681, time: 0.412541, dt: 0.000617461, num: 500
write results/00680.dat
loop: 682, time: 0.41316, dt: 0.000619298, num: 500
write results/00681.dat
loop: 683, time: 0.413782, dt: 0.000621311, num: 500
write results/00682.dat
loop: 684, time: 0.414404, dt: 0.00062267, num: 500
write results/00683.dat
loop: 685, time: 0.415028, dt: 0.000623714, num: 500
write results/00684.dat
loop: 686, time: 0.415653, dt: 0.000624965, num: 500
write results/00685.dat
loop: 687, time: 0.41628, dt: 0.000626495, num: 500
write results/00686.dat
loop: 688, time: 0.416908, dt: 0.00062831, num: 500
write results/00687.dat
loop: 689, time: 0.417538, dt: 0.000630343, num: 500
write results/00688.dat
loop: 690, time: 0.41817, dt: 0.000631834, num: 500
write results/00689.dat
loop: 691, time: 0.418803, dt: 0.000632864, num: 500
write results/00690.dat
loop: 692, time: 0.419437, dt: 0.000634101, num: 500
write results/00691.dat
loop: 693, time: 0.420073, dt: 0.000635634, num: 500
write results/00692.dat
loop: 694, time: 0.42071, dt: 0.000637482, num: 500
write results/00693.dat
loop: 695, time: 0.42135, dt: 0.000639597, num: 500
write results/00694.dat
loop: 696, time: 0.421992, dt: 0.000641875, num: 500
write results/00695.dat
loop: 697, time: 0.422635, dt: 0.000643419, num: 500
write results/00696.dat
loop: 698, time: 0.42328, dt: 0.000644898, num: 500
write results/00697.dat
loop: 699, time: 0.423927, dt: 0.000646595, num: 500
write results/00698.dat
loop: 700, time: 0.424575, dt: 0.000648206, num: 500
write results/00699.dat
loop: 701, time: 0.425225, dt: 0.000650101, num: 500
write results/00700.dat
loop: 702, time: 0.425877, dt: 0.000652245, num: 500
write results/00701.dat
loop: 703, time: 0.426531, dt: 0.00065444, num: 500
write results/00702.dat
loop: 704, time: 0.427188, dt: 0.000656137, num: 500
write results/00703.dat
loop: 705, time: 0.427845, dt: 0.000657739, num: 500
write results/00704.dat
loop: 706, time: 0.428505, dt: 0.000659486, num: 500
write results/00705.dat
loop: 707, time: 0.429166, dt: 0.000661401, num: 500
write results/00706.dat
loop: 708, time: 0.42983, dt: 0.000663453, num: 500
write results/00707.dat
loop: 709, time: 0.430495, dt: 0.000665591, num: 500
write results/00708.dat
loop: 710, time: 0.431163, dt: 0.000667556, num: 500
write results/00709.dat
loop: 711, time: 0.431832, dt: 0.0006694, num: 500
write results/00710.dat
loop: 712, time: 0.432504, dt: 0.000671353, num: 500
write results/00711.dat
loop: 713, time: 0.433177, dt: 0.000673337, num: 500
write results/00712.dat
loop: 714, time: 0.433852, dt: 0.00067535, num: 500
write results/00713.dat
loop: 715, time: 0.43453, dt: 0.000677461, num: 500
write results/00714.dat
loop: 716, time: 0.435209, dt: 0.000679376, num: 500
write results/00715.dat
loop: 717, time: 0.43589, dt: 0.000681283, num: 500
write results/00716.dat
loop: 718, time: 0.436574, dt: 0.000683328, num: 500
write results/00717.dat
loop: 719, time: 0.437259, dt: 0.000685486, num: 500
write results/00718.dat
loop: 720, time: 0.437947, dt: 0.000687638, num: 500
write results/00719.dat
loop: 721, time: 0.438637, dt: 0.000689756, num: 500
write results/00720.dat
loop: 722, time: 0.439328, dt: 0.000691748, num: 500
write results/00721.dat
loop: 723, time: 0.440022, dt: 0.000693713, num: 500
write results/00722.dat
loop: 724, time: 0.440718, dt: 0.000695744, num: 500
write results/00723.dat
loop: 725, time: 0.441416, dt: 0.000697854, num: 500
write results/00724.dat
loop: 726, time: 0.442116, dt: 0.000700037, num: 500
write results/00725.dat
loop: 727, time: 0.442818, dt: 0.000702159, num: 500
write results/00726.dat
loop: 728, time: 0.443522, dt: 0.000704176, num: 500
write results/00727.dat
loop: 729, time: 0.444228, dt: 0.000706241, num: 500
write results/00728.dat
loop: 730, time: 0.444937, dt: 0.000708376, num: 500
write results/00729.dat
loop: 731, time: 0.445647, dt: 0.00071059, num: 500
write results/00730.dat
loop: 732, time: 0.44636, dt: 0.000712877, num: 500
write results/00731.dat
loop: 733, time: 0.447075, dt: 0.000715214, num: 500
write results/00732.dat
loop: 734, time: 0.447793, dt: 0.000717363, num: 500
write results/00733.dat
loop: 735, time: 0.448512, dt: 0.000719483, num: 500
write results/00734.dat
loop: 736, time: 0.449234, dt: 0.000721605, num: 500
write results/00735.dat
loop: 737, time: 0.449958, dt: 0.000723792, num: 500
write results/00736.dat
loop: 738, time: 0.450684, dt: 0.000726049, num: 500
write results/00737.dat
loop: 739, time: 0.451412, dt: 0.000728367, num: 500
write results/00738.dat
loop: 740, time: 0.452143, dt: 0.000730646, num: 500
write results/00739.dat
loop: 741, time: 0.452876, dt: 0.000732895, num: 500
write results/00740.dat
loop: 742, time: 0.453611, dt: 0.000735188, num: 500
write results/00741.dat
loop: 743, time: 0.454348, dt: 0.000737417, num: 500
write results/00742.dat
loop: 744, time: 0.455088, dt: 0.000739699, num: 500
write results/00743.dat
loop: 745, time: 0.45583, dt: 0.000742024, num: 500
write results/00744.dat
loop: 746, time: 0.456572, dt: 0.00074261, num: 500
write results/00745.dat
loop: 747, time: 0.457315, dt: 0.00074261, num: 500
write results/00746.dat
loop: 748, time: 0.458058, dt: 0.000742612, num: 500
write results/00747.dat
loop: 749, time: 0.4588, dt: 0.000742615, num: 500
write results/00748.dat
loop: 750, time: 0.459543, dt: 0.000742619, num: 500
write results/00749.dat
loop: 751, time: 0.460286, dt: 0.000742624, num: 500
write results/00750.dat
loop: 752, time: 0.461028, dt: 0.000742627, num: 500
write results/00751.dat
loop: 753, time: 0.461771, dt: 0.000742629, num: 500
write results/00752.dat
loop: 754, time: 0.462513, dt: 0.00074263, num: 500
write results/00753.dat
loop: 755, time: 0.463256, dt: 0.00074263, num: 500
write results/00754.dat
loop: 756, time: 0.463999, dt: 0.000742631, num: 500
write results/00755.dat
loop: 757, time: 0.464741, dt: 0.000742633, num: 500
write results/00756.dat
loop: 758, time: 0.465484, dt: 0.000742636, num: 500
write results/00757.dat
loop: 759, time: 0.466227, dt: 0.00074264, num: 500
write results/00758.dat
loop: 760, time: 0.466969, dt: 0.000742644, num: 500
write results/00759.dat
loop: 761, time: 0.467712, dt: 0.000742646, num: 500
write results/00760.dat
loop: 762, time: 0.468455, dt: 0.000742648, num: 500
write results/00761.dat
loop: 763, time: 0.469197, dt: 0.000742648, num: 500
write results/00762.dat
loop: 764, time: 0.46994, dt: 0.000742648, num: 500
write results/00763.dat
loop: 765, time: 0.470683, dt: 0.000742649, num: 500
write results/00764.dat
loop: 766, time: 0.471425, dt: 0.000742652, num: 500
write results/00765.dat
loop: 767, time: 0.472168, dt: 0.000742655, num: 500
write results/00766.dat
loop: 768, time: 0.47291, dt: 0.000742659, num: 500
write results/00767.dat
loop: 769, time: 0.473653, dt: 0.000742663, num: 500
write results/00768.dat
loop: 770, time: 0.474396, dt: 0.000742665, num: 500
write results/00769.dat
loop: 771, time: 0.475138, dt: 0.000742665, num: 500
write results/00770.dat
loop: 772, time: 0.475881, dt: 0.000742665, num: 500
write results/00771.dat
loop: 773, time: 0.476624, dt: 0.000742665, num: 500
write results/00772.dat
loop: 774, time: 0.477366, dt: 0.000742665, num: 500
write results/00773.dat
loop: 775, time: 0.478109, dt: 0.000742668, num: 500
write results/00774.dat
loop: 776, time: 0.478852, dt: 0.000742671, num: 500
write results/00775.dat
loop: 777, time: 0.479594, dt: 0.000742675, num: 500
write results/00776.dat
loop: 778, time: 0.480337, dt: 0.000742678, num: 500
write results/00777.dat
loop: 779, time: 0.48108, dt: 0.000742679, num: 500
write results/00778.dat
loop: 780, time: 0.481823, dt: 0.00074268, num: 500
write results/00779.dat
loop: 781, time: 0.482565, dt: 0.00074268, num: 500
write results/00780.dat
loop: 782, time: 0.483308, dt: 0.00074268, num: 500
write results/00781.dat
loop: 783, time: 0.484051, dt: 0.000742683, num: 500
write results/00782.dat
loop: 784, time: 0.484793, dt: 0.000742686, num: 500
write results/00783.dat
loop: 785, time: 0.485536, dt: 0.00074269, num: 500
write results/00784.dat
loop: 786, time: 0.486279, dt: 0.000742694, num: 500
write results/00785.dat
loop: 787, time: 0.487021, dt: 0.000742696, num: 500
write results/00786.dat
loop: 788, time: 0.487764, dt: 0.000742698, num: 500
write results/00787.dat
loop: 789, time: 0.488507, dt: 0.000742698, num: 500
write results/00788.dat
loop: 790, time: 0.489249, dt: 0.000742698, num: 500
write results/00789.dat
loop: 791, time: 0.489992, dt: 0.000742699, num: 500
write results/00790.dat
loop: 792, time: 0.490735, dt: 0.000742701, num: 500
write results/00791.dat
loop: 793, time: 0.491478, dt: 0.000742705, num: 500
write results/00792.dat
loop: 794, time: 0.49222, dt: 0.000742708, num: 500
write results/00793.dat
loop: 795, time: 0.492963, dt: 0.000742711, num: 500
write results/00794.dat
loop: 796, time: 0.493706, dt: 0.000742713, num: 500
write results/00795.dat
loop: 797, time: 0.494448, dt: 0.000742714, num: 500
write results/00796.dat
loop: 798, time: 0.495191, dt: 0.000742714, num: 500
write results/00797.dat
loop: 799, time: 0.495934, dt: 0.000742715, num: 500
write results/00798.dat
loop: 800, time: 0.496677, dt: 0.000742716, num: 500
write results/00799.dat
loop: 801, time: 0.497419, dt: 0.000742719, num: 500
write results/00800.dat
loop: 802, time: 0.498162, dt: 0.000742723, num: 500
write results/00801.dat
loop: 803, time: 0.498905, dt: 0.000742727, num: 500
write results/00802.dat
loop: 804, time: 0.499647, dt: 0.000742729, num: 500
write results/00803.dat
loop: 805, time: 0.50039, dt: 0.00074273, num: 500
write results/00804.dat

calculation is finished
calculation time: 3326 ms
